[2024-04-27T14:06:47.020+0000] {local_task_job_runner.py:120} INFO - ::group::Pre task execution logs
[2024-04-27T14:06:47.230+0000] {taskinstance.py:2073} INFO - Dependencies all met for dep_context=non-requeueable deps ti=<TaskInstance: example_bash_operator.also_run_this scheduled__2024-04-26T00:00:00+00:00 [queued]>
[2024-04-27T14:06:47.304+0000] {taskinstance.py:2073} INFO - Dependencies all met for dep_context=requeueable deps ti=<TaskInstance: example_bash_operator.also_run_this scheduled__2024-04-26T00:00:00+00:00 [queued]>
[2024-04-27T14:06:47.309+0000] {taskinstance.py:2303} INFO - Starting attempt 1 of 1
[2024-04-27T14:06:47.445+0000] {taskinstance.py:2327} INFO - Executing <Task(BashOperator): also_run_this> on 2024-04-26 00:00:00+00:00
[2024-04-27T14:06:47.547+0000] {warnings.py:110} WARNING - /home/***/.local/lib/python3.12/site-packages/***/task/task_runner/standard_task_runner.py:61: DeprecationWarning: This process (pid=48) is multi-threaded, use of fork() may lead to deadlocks in the child.
  pid = os.fork()

[2024-04-27T14:06:47.585+0000] {standard_task_runner.py:63} INFO - Started process 52 to run task
[2024-04-27T14:06:47.612+0000] {standard_task_runner.py:90} INFO - Running: ['***', 'tasks', 'run', 'example_bash_operator', 'also_run_this', 'scheduled__2024-04-26T00:00:00+00:00', '--job-id', '14', '--raw', '--subdir', '/home/***/.local/lib/python3.12/site-packages/***/example_dags/example_bash_operator.py', '--cfg-path', '/tmp/tmpjqmfx683']
[2024-04-27T14:06:47.619+0000] {standard_task_runner.py:91} INFO - Job 14: Subtask also_run_this
[2024-04-27T14:06:47.719+0000] {warnings.py:110} WARNING - /home/***/.local/lib/python3.12/site-packages/***/settings.py:195: DeprecationWarning: The sql_alchemy_conn option in [core] has been moved to the sql_alchemy_conn option in [database] - the old setting has been used, but please update your config.
  SQL_ALCHEMY_CONN = conf.get("database", "SQL_ALCHEMY_CONN")

[2024-04-27T14:06:48.069+0000] {task_command.py:426} INFO - Running <TaskInstance: example_bash_operator.also_run_this scheduled__2024-04-26T00:00:00+00:00 [running]> on host dba1f0ba8dd1
[2024-04-27T14:06:49.521+0000] {taskinstance.py:2644} INFO - Exporting env vars: AIRFLOW_CTX_DAG_OWNER='***' AIRFLOW_CTX_DAG_ID='example_bash_operator' AIRFLOW_CTX_TASK_ID='also_run_this' AIRFLOW_CTX_EXECUTION_DATE='2024-04-26T00:00:00+00:00' AIRFLOW_CTX_TRY_NUMBER='1' AIRFLOW_CTX_DAG_RUN_ID='scheduled__2024-04-26T00:00:00+00:00'
[2024-04-27T14:06:49.543+0000] {taskinstance.py:430} INFO - ::endgroup::
[2024-04-27T14:06:49.546+0000] {subprocess.py:63} INFO - Tmp dir root location: /tmp
[2024-04-27T14:06:49.556+0000] {subprocess.py:75} INFO - Running command: ['/usr/bin/bash', '-c', 'echo "ti_key=example_bash_operator__also_run_this__20240426"']
[2024-04-27T14:06:49.595+0000] {subprocess.py:86} INFO - Output:
[2024-04-27T14:06:49.681+0000] {subprocess.py:93} INFO - ti_key=example_bash_operator__also_run_this__20240426
[2024-04-27T14:06:49.688+0000] {subprocess.py:97} INFO - Command exited with return code 0
[2024-04-27T14:06:49.691+0000] {taskinstance.py:441} INFO - ::group::Post task execution logs
[2024-04-27T14:06:50.196+0000] {taskinstance.py:1205} INFO - Marking task as SUCCESS. dag_id=example_bash_operator, task_id=also_run_this, execution_date=20240426T000000, start_date=20240427T140647, end_date=20240427T140650
[2024-04-27T14:06:50.309+0000] {local_task_job_runner.py:240} INFO - Task exited with return code 0
[2024-04-27T14:06:50.395+0000] {taskinstance.py:3482} INFO - 0 downstream tasks scheduled from follow-on schedule check
[2024-04-27T14:06:50.415+0000] {local_task_job_runner.py:222} INFO - ::endgroup::
