[2024-04-22T15:23:43.287+0000] {local_task_job_runner.py:120} INFO - ::group::Pre task execution logs
[2024-04-22T15:23:43.370+0000] {taskinstance.py:2073} INFO - Dependencies all met for dep_context=non-requeueable deps ti=<TaskInstance: example_bash_operator.runme_0 scheduled__2024-04-21T00:00:00+00:00 [queued]>
[2024-04-22T15:23:43.394+0000] {taskinstance.py:2073} INFO - Dependencies all met for dep_context=requeueable deps ti=<TaskInstance: example_bash_operator.runme_0 scheduled__2024-04-21T00:00:00+00:00 [queued]>
[2024-04-22T15:23:43.396+0000] {taskinstance.py:2303} INFO - Starting attempt 1 of 1
[2024-04-22T15:23:43.434+0000] {taskinstance.py:2327} INFO - Executing <Task(BashOperator): runme_0> on 2024-04-21 00:00:00+00:00
[2024-04-22T15:23:43.449+0000] {warnings.py:110} WARNING - /home/***/.local/lib/python3.12/site-packages/***/task/task_runner/standard_task_runner.py:61: DeprecationWarning: This process (pid=55) is multi-threaded, use of fork() may lead to deadlocks in the child.
  pid = os.fork()

[2024-04-22T15:23:43.454+0000] {standard_task_runner.py:63} INFO - Started process 65 to run task
[2024-04-22T15:23:43.453+0000] {standard_task_runner.py:90} INFO - Running: ['***', 'tasks', 'run', 'example_bash_operator', 'runme_0', 'scheduled__2024-04-21T00:00:00+00:00', '--job-id', '4', '--raw', '--subdir', '/home/***/.local/lib/python3.12/site-packages/***/example_dags/example_bash_operator.py', '--cfg-path', '/tmp/tmpr1rn93jf']
[2024-04-22T15:23:43.459+0000] {standard_task_runner.py:91} INFO - Job 4: Subtask runme_0
[2024-04-22T15:23:43.488+0000] {warnings.py:110} WARNING - /home/***/.local/lib/python3.12/site-packages/***/settings.py:195: DeprecationWarning: The sql_alchemy_conn option in [core] has been moved to the sql_alchemy_conn option in [database] - the old setting has been used, but please update your config.
  SQL_ALCHEMY_CONN = conf.get("database", "SQL_ALCHEMY_CONN")

[2024-04-22T15:23:43.566+0000] {task_command.py:426} INFO - Running <TaskInstance: example_bash_operator.runme_0 scheduled__2024-04-21T00:00:00+00:00 [running]> on host f479b9e1ab7c
[2024-04-22T15:23:43.843+0000] {taskinstance.py:2644} INFO - Exporting env vars: AIRFLOW_CTX_DAG_OWNER='***' AIRFLOW_CTX_DAG_ID='example_bash_operator' AIRFLOW_CTX_TASK_ID='runme_0' AIRFLOW_CTX_EXECUTION_DATE='2024-04-21T00:00:00+00:00' AIRFLOW_CTX_TRY_NUMBER='1' AIRFLOW_CTX_DAG_RUN_ID='scheduled__2024-04-21T00:00:00+00:00'
[2024-04-22T15:23:43.857+0000] {taskinstance.py:430} INFO - ::endgroup::
[2024-04-22T15:23:43.862+0000] {subprocess.py:63} INFO - Tmp dir root location: /tmp
[2024-04-22T15:23:43.865+0000] {subprocess.py:75} INFO - Running command: ['/usr/bin/bash', '-c', 'echo "example_bash_operator__runme_0__20240421" && sleep 1']
[2024-04-22T15:23:43.895+0000] {subprocess.py:86} INFO - Output:
[2024-04-22T15:23:43.899+0000] {subprocess.py:93} INFO - example_bash_operator__runme_0__20240421
[2024-04-22T15:23:44.907+0000] {subprocess.py:97} INFO - Command exited with return code 0
[2024-04-22T15:23:44.913+0000] {taskinstance.py:441} INFO - ::group::Post task execution logs
[2024-04-22T15:23:45.037+0000] {taskinstance.py:1205} INFO - Marking task as SUCCESS. dag_id=example_bash_operator, task_id=runme_0, execution_date=20240421T000000, start_date=20240422T152343, end_date=20240422T152345
[2024-04-22T15:23:45.135+0000] {local_task_job_runner.py:240} INFO - Task exited with return code 0
[2024-04-22T15:23:45.194+0000] {taskinstance.py:3482} INFO - 0 downstream tasks scheduled from follow-on schedule check
[2024-04-22T15:23:45.207+0000] {local_task_job_runner.py:222} INFO - ::endgroup::
