[2024-04-22T15:23:41.622+0000] {local_task_job_runner.py:120} INFO - ::group::Pre task execution logs
[2024-04-22T15:23:41.689+0000] {taskinstance.py:2073} INFO - Dependencies all met for dep_context=non-requeueable deps ti=<TaskInstance: example_bash_operator.this_will_skip scheduled__2024-04-21T00:00:00+00:00 [queued]>
[2024-04-22T15:23:41.713+0000] {taskinstance.py:2073} INFO - Dependencies all met for dep_context=requeueable deps ti=<TaskInstance: example_bash_operator.this_will_skip scheduled__2024-04-21T00:00:00+00:00 [queued]>
[2024-04-22T15:23:41.715+0000] {taskinstance.py:2303} INFO - Starting attempt 1 of 1
[2024-04-22T15:23:41.768+0000] {taskinstance.py:2327} INFO - Executing <Task(BashOperator): this_will_skip> on 2024-04-21 00:00:00+00:00
[2024-04-22T15:23:41.784+0000] {warnings.py:110} WARNING - /home/***/.local/lib/python3.12/site-packages/***/task/task_runner/standard_task_runner.py:61: DeprecationWarning: This process (pid=54) is multi-threaded, use of fork() may lead to deadlocks in the child.
  pid = os.fork()

[2024-04-22T15:23:41.789+0000] {standard_task_runner.py:63} INFO - Started process 63 to run task
[2024-04-22T15:23:41.787+0000] {standard_task_runner.py:90} INFO - Running: ['***', 'tasks', 'run', 'example_bash_operator', 'this_will_skip', 'scheduled__2024-04-21T00:00:00+00:00', '--job-id', '3', '--raw', '--subdir', '/home/***/.local/lib/python3.12/site-packages/***/example_dags/example_bash_operator.py', '--cfg-path', '/tmp/tmprun_ceq9']
[2024-04-22T15:23:41.795+0000] {standard_task_runner.py:91} INFO - Job 3: Subtask this_will_skip
[2024-04-22T15:23:41.834+0000] {warnings.py:110} WARNING - /home/***/.local/lib/python3.12/site-packages/***/settings.py:195: DeprecationWarning: The sql_alchemy_conn option in [core] has been moved to the sql_alchemy_conn option in [database] - the old setting has been used, but please update your config.
  SQL_ALCHEMY_CONN = conf.get("database", "SQL_ALCHEMY_CONN")

[2024-04-22T15:23:41.975+0000] {task_command.py:426} INFO - Running <TaskInstance: example_bash_operator.this_will_skip scheduled__2024-04-21T00:00:00+00:00 [running]> on host f479b9e1ab7c
[2024-04-22T15:23:42.369+0000] {taskinstance.py:2644} INFO - Exporting env vars: AIRFLOW_CTX_DAG_OWNER='***' AIRFLOW_CTX_DAG_ID='example_bash_operator' AIRFLOW_CTX_TASK_ID='this_will_skip' AIRFLOW_CTX_EXECUTION_DATE='2024-04-21T00:00:00+00:00' AIRFLOW_CTX_TRY_NUMBER='1' AIRFLOW_CTX_DAG_RUN_ID='scheduled__2024-04-21T00:00:00+00:00'
[2024-04-22T15:23:42.384+0000] {taskinstance.py:430} INFO - ::endgroup::
[2024-04-22T15:23:42.438+0000] {subprocess.py:63} INFO - Tmp dir root location: /tmp
[2024-04-22T15:23:42.442+0000] {subprocess.py:75} INFO - Running command: ['/usr/bin/bash', '-c', 'echo "hello world"; exit 99;']
[2024-04-22T15:23:42.514+0000] {subprocess.py:86} INFO - Output:
[2024-04-22T15:23:42.614+0000] {subprocess.py:93} INFO - hello world
[2024-04-22T15:23:42.623+0000] {subprocess.py:97} INFO - Command exited with return code 99
[2024-04-22T15:23:42.626+0000] {taskinstance.py:441} INFO - ::group::Post task execution logs
[2024-04-22T15:23:42.628+0000] {taskinstance.py:2502} INFO - Bash command returned exit code 99. Skipping.
[2024-04-22T15:23:42.659+0000] {taskinstance.py:1205} INFO - Marking task as SKIPPED. dag_id=example_bash_operator, task_id=this_will_skip, execution_date=20240421T000000, start_date=20240422T152341, end_date=20240422T152342
[2024-04-22T15:23:42.784+0000] {local_task_job_runner.py:240} INFO - Task exited with return code 0
[2024-04-22T15:23:42.901+0000] {taskinstance.py:3482} INFO - 0 downstream tasks scheduled from follow-on schedule check
[2024-04-22T15:23:42.918+0000] {local_task_job_runner.py:222} INFO - ::endgroup::
