[2024-04-27T14:06:47.064+0000] {local_task_job_runner.py:120} INFO - ::group::Pre task execution logs
[2024-04-27T14:06:47.228+0000] {taskinstance.py:2073} INFO - Dependencies all met for dep_context=non-requeueable deps ti=<TaskInstance: example_bash_operator.runme_2 scheduled__2024-04-26T00:00:00+00:00 [queued]>
[2024-04-27T14:06:47.272+0000] {taskinstance.py:2073} INFO - Dependencies all met for dep_context=requeueable deps ti=<TaskInstance: example_bash_operator.runme_2 scheduled__2024-04-26T00:00:00+00:00 [queued]>
[2024-04-27T14:06:47.275+0000] {taskinstance.py:2303} INFO - Starting attempt 1 of 1
[2024-04-27T14:06:47.500+0000] {taskinstance.py:2327} INFO - Executing <Task(BashOperator): runme_2> on 2024-04-26 00:00:00+00:00
[2024-04-27T14:06:47.637+0000] {warnings.py:110} WARNING - /home/***/.local/lib/python3.12/site-packages/***/task/task_runner/standard_task_runner.py:61: DeprecationWarning: This process (pid=47) is multi-threaded, use of fork() may lead to deadlocks in the child.
  pid = os.fork()

[2024-04-27T14:06:47.652+0000] {standard_task_runner.py:63} INFO - Started process 53 to run task
[2024-04-27T14:06:47.647+0000] {standard_task_runner.py:90} INFO - Running: ['***', 'tasks', 'run', 'example_bash_operator', 'runme_2', 'scheduled__2024-04-26T00:00:00+00:00', '--job-id', '13', '--raw', '--subdir', '/home/***/.local/lib/python3.12/site-packages/***/example_dags/example_bash_operator.py', '--cfg-path', '/tmp/tmphj6v8ks5']
[2024-04-27T14:06:47.669+0000] {standard_task_runner.py:91} INFO - Job 13: Subtask runme_2
[2024-04-27T14:06:47.804+0000] {warnings.py:110} WARNING - /home/***/.local/lib/python3.12/site-packages/***/settings.py:195: DeprecationWarning: The sql_alchemy_conn option in [core] has been moved to the sql_alchemy_conn option in [database] - the old setting has been used, but please update your config.
  SQL_ALCHEMY_CONN = conf.get("database", "SQL_ALCHEMY_CONN")

[2024-04-27T14:06:48.303+0000] {task_command.py:426} INFO - Running <TaskInstance: example_bash_operator.runme_2 scheduled__2024-04-26T00:00:00+00:00 [running]> on host dba1f0ba8dd1
[2024-04-27T14:06:49.674+0000] {taskinstance.py:2644} INFO - Exporting env vars: AIRFLOW_CTX_DAG_OWNER='***' AIRFLOW_CTX_DAG_ID='example_bash_operator' AIRFLOW_CTX_TASK_ID='runme_2' AIRFLOW_CTX_EXECUTION_DATE='2024-04-26T00:00:00+00:00' AIRFLOW_CTX_TRY_NUMBER='1' AIRFLOW_CTX_DAG_RUN_ID='scheduled__2024-04-26T00:00:00+00:00'
[2024-04-27T14:06:49.685+0000] {taskinstance.py:430} INFO - ::endgroup::
[2024-04-27T14:06:49.696+0000] {subprocess.py:63} INFO - Tmp dir root location: /tmp
[2024-04-27T14:06:49.701+0000] {subprocess.py:75} INFO - Running command: ['/usr/bin/bash', '-c', 'echo "example_bash_operator__runme_2__20240426" && sleep 1']
[2024-04-27T14:06:49.746+0000] {subprocess.py:86} INFO - Output:
[2024-04-27T14:06:49.752+0000] {subprocess.py:93} INFO - example_bash_operator__runme_2__20240426
[2024-04-27T14:06:51.212+0000] {subprocess.py:97} INFO - Command exited with return code 0
[2024-04-27T14:06:51.214+0000] {taskinstance.py:441} INFO - ::group::Post task execution logs
[2024-04-27T14:06:51.324+0000] {taskinstance.py:1205} INFO - Marking task as SUCCESS. dag_id=example_bash_operator, task_id=runme_2, execution_date=20240426T000000, start_date=20240427T140647, end_date=20240427T140651
[2024-04-27T14:06:51.408+0000] {local_task_job_runner.py:240} INFO - Task exited with return code 0
[2024-04-27T14:06:51.481+0000] {taskinstance.py:3482} INFO - 0 downstream tasks scheduled from follow-on schedule check
[2024-04-27T14:06:51.491+0000] {local_task_job_runner.py:222} INFO - ::endgroup::
