[2024-04-23T07:59:39.566+0000] {local_task_job_runner.py:120} INFO - ::group::Pre task execution logs
[2024-04-23T07:59:39.680+0000] {taskinstance.py:2073} INFO - Dependencies all met for dep_context=non-requeueable deps ti=<TaskInstance: example_bash_operator.run_after_loop scheduled__2024-04-22T00:00:00+00:00 [queued]>
[2024-04-23T07:59:39.714+0000] {taskinstance.py:2073} INFO - Dependencies all met for dep_context=requeueable deps ti=<TaskInstance: example_bash_operator.run_after_loop scheduled__2024-04-22T00:00:00+00:00 [queued]>
[2024-04-23T07:59:39.716+0000] {taskinstance.py:2303} INFO - Starting attempt 1 of 1
[2024-04-23T07:59:39.782+0000] {taskinstance.py:2327} INFO - Executing <Task(BashOperator): run_after_loop> on 2024-04-22 00:00:00+00:00
[2024-04-23T07:59:39.809+0000] {warnings.py:110} WARNING - /home/***/.local/lib/python3.12/site-packages/***/task/task_runner/standard_task_runner.py:61: DeprecationWarning: This process (pid=70) is multi-threaded, use of fork() may lead to deadlocks in the child.
  pid = os.fork()

[2024-04-23T07:59:39.815+0000] {standard_task_runner.py:63} INFO - Started process 72 to run task
[2024-04-23T07:59:39.810+0000] {standard_task_runner.py:90} INFO - Running: ['***', 'tasks', 'run', 'example_bash_operator', 'run_after_loop', 'scheduled__2024-04-22T00:00:00+00:00', '--job-id', '11', '--raw', '--subdir', '/home/***/.local/lib/python3.12/site-packages/***/example_dags/example_bash_operator.py', '--cfg-path', '/tmp/tmpr5g9yqwm']
[2024-04-23T07:59:39.824+0000] {standard_task_runner.py:91} INFO - Job 11: Subtask run_after_loop
[2024-04-23T07:59:39.863+0000] {warnings.py:110} WARNING - /home/***/.local/lib/python3.12/site-packages/***/settings.py:195: DeprecationWarning: The sql_alchemy_conn option in [core] has been moved to the sql_alchemy_conn option in [database] - the old setting has been used, but please update your config.
  SQL_ALCHEMY_CONN = conf.get("database", "SQL_ALCHEMY_CONN")

[2024-04-23T07:59:40.011+0000] {task_command.py:426} INFO - Running <TaskInstance: example_bash_operator.run_after_loop scheduled__2024-04-22T00:00:00+00:00 [running]> on host f479b9e1ab7c
[2024-04-23T07:59:40.490+0000] {taskinstance.py:2644} INFO - Exporting env vars: AIRFLOW_CTX_DAG_OWNER='***' AIRFLOW_CTX_DAG_ID='example_bash_operator' AIRFLOW_CTX_TASK_ID='run_after_loop' AIRFLOW_CTX_EXECUTION_DATE='2024-04-22T00:00:00+00:00' AIRFLOW_CTX_TRY_NUMBER='1' AIRFLOW_CTX_DAG_RUN_ID='scheduled__2024-04-22T00:00:00+00:00'
[2024-04-23T07:59:40.563+0000] {taskinstance.py:430} INFO - ::endgroup::
[2024-04-23T07:59:40.602+0000] {subprocess.py:63} INFO - Tmp dir root location: /tmp
[2024-04-23T07:59:40.643+0000] {subprocess.py:75} INFO - Running command: ['/usr/bin/bash', '-c', "ls -alh --color=always / && echo https://***.apache.org/  && echo 'some <code>html</code>'"]
[2024-04-23T07:59:40.764+0000] {subprocess.py:86} INFO - Output:
[2024-04-23T07:59:40.901+0000] {subprocess.py:93} INFO - total 160K
[2024-04-23T07:59:40.908+0000] {subprocess.py:93} INFO - drwxr-xr-x   1 root    root 4.0K Apr 21 14:57 .
[2024-04-23T07:59:40.910+0000] {subprocess.py:93} INFO - drwxr-xr-x   1 root    root 4.0K Apr 21 14:57 ..
[2024-04-23T07:59:40.911+0000] {subprocess.py:93} INFO - -rwxr-xr-x   1 root    root    0 Apr 21 14:57 .dockerenv
[2024-04-23T07:59:40.914+0000] {subprocess.py:93} INFO - -rw-r--r--   1 *** root  72K Apr  8 10:19 Dockerfile
[2024-04-23T07:59:40.915+0000] {subprocess.py:93} INFO - -rw-rw-r--   1 root    root  282 Apr  8 10:21 ***-scheduler-autorestart
[2024-04-23T07:59:40.917+0000] {subprocess.py:93} INFO - lrwxrwxrwx   1 root    root    7 Mar 11 00:00 bin -> usr/bin
[2024-04-23T07:59:40.923+0000] {subprocess.py:93} INFO - drwxr-xr-x   2 root    root 4.0K Jan 28 21:20 boot
[2024-04-23T07:59:40.924+0000] {subprocess.py:93} INFO - -rwxrwxr-x   1 root    root  643 Apr  8 10:21 clean-logs
[2024-04-23T07:59:40.925+0000] {subprocess.py:93} INFO - drwxr-xr-x   5 root    root  340 Apr 22 15:31 dev
[2024-04-23T07:59:40.926+0000] {subprocess.py:93} INFO - -rwxrwxr-x   1 root    root  12K Apr  8 10:21 entrypoint
[2024-04-23T07:59:40.927+0000] {subprocess.py:93} INFO - drwxr-xr-x   1 root    root 4.0K Apr 21 14:57 etc
[2024-04-23T07:59:40.929+0000] {subprocess.py:93} INFO - drwxr-xr-x   1 root    root 4.0K Apr  8 10:22 home
[2024-04-23T07:59:40.935+0000] {subprocess.py:93} INFO - lrwxrwxrwx   1 root    root    7 Mar 11 00:00 lib -> usr/lib
[2024-04-23T07:59:40.951+0000] {subprocess.py:93} INFO - lrwxrwxrwx   1 root    root    9 Mar 11 00:00 lib64 -> usr/lib64
[2024-04-23T07:59:40.957+0000] {subprocess.py:93} INFO - drwxr-xr-x   2 root    root 4.0K Mar 11 00:00 media
[2024-04-23T07:59:40.958+0000] {subprocess.py:93} INFO - drwxr-xr-x   2 root    root 4.0K Mar 11 00:00 mnt
[2024-04-23T07:59:40.966+0000] {subprocess.py:93} INFO - drwxr-xr-x   1 root    root 4.0K Apr  8 10:22 opt
[2024-04-23T07:59:40.974+0000] {subprocess.py:93} INFO - dr-xr-xr-x 278 root    root    0 Apr 22 15:31 proc
[2024-04-23T07:59:40.977+0000] {subprocess.py:93} INFO - drwx------   1 root    root 4.0K Apr  8 10:25 root
[2024-04-23T07:59:40.978+0000] {subprocess.py:93} INFO - drwxr-xr-x   1 root    root 4.0K Apr  8 10:21 run
[2024-04-23T07:59:40.979+0000] {subprocess.py:93} INFO - lrwxrwxrwx   1 root    root    8 Mar 11 00:00 sbin -> usr/sbin
[2024-04-23T07:59:40.983+0000] {subprocess.py:93} INFO - drwxr-xr-x   1 root    root 4.0K Apr  8 10:21 scripts
[2024-04-23T07:59:40.999+0000] {subprocess.py:93} INFO - drwxr-xr-x   2 root    root 4.0K Mar 11 00:00 srv
[2024-04-23T07:59:41.015+0000] {subprocess.py:93} INFO - dr-xr-xr-x  11 root    root    0 Apr 22 15:31 sys
[2024-04-23T07:59:41.031+0000] {subprocess.py:93} INFO - drwxrwxrwt   1 root    root 4.0K Apr 23 07:59 tmp
[2024-04-23T07:59:41.047+0000] {subprocess.py:93} INFO - drwxr-xr-x   1 root    root 4.0K Mar 11 00:00 usr
[2024-04-23T07:59:41.059+0000] {subprocess.py:93} INFO - drwxr-xr-x   1 root    root 4.0K Mar 11 00:00 var
[2024-04-23T07:59:41.074+0000] {subprocess.py:93} INFO - https://***.apache.org/
[2024-04-23T07:59:41.096+0000] {subprocess.py:93} INFO - some <code>html</code>
[2024-04-23T07:59:41.129+0000] {subprocess.py:97} INFO - Command exited with return code 0
[2024-04-23T07:59:41.145+0000] {taskinstance.py:441} INFO - ::group::Post task execution logs
[2024-04-23T07:59:41.312+0000] {taskinstance.py:1205} INFO - Marking task as SUCCESS. dag_id=example_bash_operator, task_id=run_after_loop, execution_date=20240422T000000, start_date=20240423T075939, end_date=20240423T075941
[2024-04-23T07:59:41.503+0000] {local_task_job_runner.py:240} INFO - Task exited with return code 0
[2024-04-23T07:59:41.565+0000] {taskinstance.py:3482} INFO - 0 downstream tasks scheduled from follow-on schedule check
[2024-04-23T07:59:41.579+0000] {local_task_job_runner.py:222} INFO - ::endgroup::
