[2024-04-27T14:06:28.565+0000] {processor.py:161} INFO - Started process (PID=65) to work on /home/airflow/.local/lib/python3.12/site-packages/airflow/example_dags/example_python_decorator.py
[2024-04-27T14:06:28.568+0000] {processor.py:830} INFO - Processing file /home/airflow/.local/lib/python3.12/site-packages/airflow/example_dags/example_python_decorator.py for tasks to queue
[2024-04-27T14:06:28.574+0000] {logging_mixin.py:188} INFO - [2024-04-27T14:06:28.573+0000] {dagbag.py:540} INFO - Filling up the DagBag from /home/airflow/.local/lib/python3.12/site-packages/airflow/example_dags/example_python_decorator.py
[2024-04-27T14:06:28.639+0000] {processor.py:840} INFO - DAG(s) 'example_python_decorator' retrieved from /home/airflow/.local/lib/python3.12/site-packages/airflow/example_dags/example_python_decorator.py
[2024-04-27T14:06:29.368+0000] {logging_mixin.py:188} INFO - [2024-04-27T14:06:29.367+0000] {dag.py:3096} INFO - Sync 1 DAGs
[2024-04-27T14:06:29.446+0000] {logging_mixin.py:188} INFO - [2024-04-27T14:06:29.445+0000] {dag.py:3954} INFO - Setting next_dagrun for example_python_decorator to None, run_after=None
[2024-04-27T14:06:29.567+0000] {processor.py:183} INFO - Processing /home/airflow/.local/lib/python3.12/site-packages/airflow/example_dags/example_python_decorator.py took 1.030 seconds
[2024-04-27T14:07:06.038+0000] {processor.py:161} INFO - Started process (PID=119) to work on /home/airflow/.local/lib/python3.12/site-packages/airflow/example_dags/example_python_decorator.py
[2024-04-27T14:07:06.051+0000] {processor.py:830} INFO - Processing file /home/airflow/.local/lib/python3.12/site-packages/airflow/example_dags/example_python_decorator.py for tasks to queue
[2024-04-27T14:07:06.056+0000] {logging_mixin.py:188} INFO - [2024-04-27T14:07:06.055+0000] {dagbag.py:540} INFO - Filling up the DagBag from /home/airflow/.local/lib/python3.12/site-packages/airflow/example_dags/example_python_decorator.py
[2024-04-27T14:07:06.131+0000] {processor.py:840} INFO - DAG(s) 'example_python_decorator' retrieved from /home/airflow/.local/lib/python3.12/site-packages/airflow/example_dags/example_python_decorator.py
[2024-04-27T14:07:06.518+0000] {logging_mixin.py:188} INFO - [2024-04-27T14:07:06.517+0000] {dag.py:3096} INFO - Sync 1 DAGs
[2024-04-27T14:07:06.568+0000] {logging_mixin.py:188} INFO - [2024-04-27T14:07:06.568+0000] {dag.py:3954} INFO - Setting next_dagrun for example_python_decorator to None, run_after=None
[2024-04-27T14:07:06.609+0000] {processor.py:183} INFO - Processing /home/airflow/.local/lib/python3.12/site-packages/airflow/example_dags/example_python_decorator.py took 0.591 seconds
[2024-04-27T14:07:41.239+0000] {processor.py:161} INFO - Started process (PID=171) to work on /home/airflow/.local/lib/python3.12/site-packages/airflow/example_dags/example_python_decorator.py
[2024-04-27T14:07:41.241+0000] {processor.py:830} INFO - Processing file /home/airflow/.local/lib/python3.12/site-packages/airflow/example_dags/example_python_decorator.py for tasks to queue
[2024-04-27T14:07:41.247+0000] {logging_mixin.py:188} INFO - [2024-04-27T14:07:41.246+0000] {dagbag.py:540} INFO - Filling up the DagBag from /home/airflow/.local/lib/python3.12/site-packages/airflow/example_dags/example_python_decorator.py
[2024-04-27T14:07:41.291+0000] {processor.py:840} INFO - DAG(s) 'example_python_decorator' retrieved from /home/airflow/.local/lib/python3.12/site-packages/airflow/example_dags/example_python_decorator.py
[2024-04-27T14:07:41.394+0000] {logging_mixin.py:188} INFO - [2024-04-27T14:07:41.393+0000] {dag.py:3096} INFO - Sync 1 DAGs
[2024-04-27T14:07:41.437+0000] {logging_mixin.py:188} INFO - [2024-04-27T14:07:41.436+0000] {dag.py:3954} INFO - Setting next_dagrun for example_python_decorator to None, run_after=None
[2024-04-27T14:07:41.538+0000] {processor.py:183} INFO - Processing /home/airflow/.local/lib/python3.12/site-packages/airflow/example_dags/example_python_decorator.py took 0.315 seconds
[2024-04-27T14:08:12.242+0000] {processor.py:161} INFO - Started process (PID=225) to work on /home/airflow/.local/lib/python3.12/site-packages/airflow/example_dags/example_python_decorator.py
[2024-04-27T14:08:12.245+0000] {processor.py:830} INFO - Processing file /home/airflow/.local/lib/python3.12/site-packages/airflow/example_dags/example_python_decorator.py for tasks to queue
[2024-04-27T14:08:12.250+0000] {logging_mixin.py:188} INFO - [2024-04-27T14:08:12.249+0000] {dagbag.py:540} INFO - Filling up the DagBag from /home/airflow/.local/lib/python3.12/site-packages/airflow/example_dags/example_python_decorator.py
[2024-04-27T14:08:12.281+0000] {processor.py:840} INFO - DAG(s) 'example_python_decorator' retrieved from /home/airflow/.local/lib/python3.12/site-packages/airflow/example_dags/example_python_decorator.py
[2024-04-27T14:08:12.416+0000] {logging_mixin.py:188} INFO - [2024-04-27T14:08:12.415+0000] {dag.py:3096} INFO - Sync 1 DAGs
[2024-04-27T14:08:12.461+0000] {logging_mixin.py:188} INFO - [2024-04-27T14:08:12.460+0000] {dag.py:3954} INFO - Setting next_dagrun for example_python_decorator to None, run_after=None
[2024-04-27T14:08:12.513+0000] {processor.py:183} INFO - Processing /home/airflow/.local/lib/python3.12/site-packages/airflow/example_dags/example_python_decorator.py took 0.290 seconds
[2024-04-27T14:08:43.524+0000] {processor.py:161} INFO - Started process (PID=279) to work on /home/airflow/.local/lib/python3.12/site-packages/airflow/example_dags/example_python_decorator.py
[2024-04-27T14:08:43.526+0000] {processor.py:830} INFO - Processing file /home/airflow/.local/lib/python3.12/site-packages/airflow/example_dags/example_python_decorator.py for tasks to queue
[2024-04-27T14:08:43.536+0000] {logging_mixin.py:188} INFO - [2024-04-27T14:08:43.532+0000] {dagbag.py:540} INFO - Filling up the DagBag from /home/airflow/.local/lib/python3.12/site-packages/airflow/example_dags/example_python_decorator.py
[2024-04-27T14:08:43.588+0000] {processor.py:840} INFO - DAG(s) 'example_python_decorator' retrieved from /home/airflow/.local/lib/python3.12/site-packages/airflow/example_dags/example_python_decorator.py
[2024-04-27T14:08:43.702+0000] {logging_mixin.py:188} INFO - [2024-04-27T14:08:43.701+0000] {dag.py:3096} INFO - Sync 1 DAGs
[2024-04-27T14:08:43.747+0000] {logging_mixin.py:188} INFO - [2024-04-27T14:08:43.747+0000] {dag.py:3954} INFO - Setting next_dagrun for example_python_decorator to None, run_after=None
[2024-04-27T14:08:43.811+0000] {processor.py:183} INFO - Processing /home/airflow/.local/lib/python3.12/site-packages/airflow/example_dags/example_python_decorator.py took 0.313 seconds
[2024-04-27T14:09:16.933+0000] {processor.py:161} INFO - Started process (PID=333) to work on /home/airflow/.local/lib/python3.12/site-packages/airflow/example_dags/example_python_decorator.py
[2024-04-27T14:09:16.935+0000] {processor.py:830} INFO - Processing file /home/airflow/.local/lib/python3.12/site-packages/airflow/example_dags/example_python_decorator.py for tasks to queue
[2024-04-27T14:09:16.939+0000] {logging_mixin.py:188} INFO - [2024-04-27T14:09:16.938+0000] {dagbag.py:540} INFO - Filling up the DagBag from /home/airflow/.local/lib/python3.12/site-packages/airflow/example_dags/example_python_decorator.py
[2024-04-27T14:09:17.055+0000] {processor.py:840} INFO - DAG(s) 'example_python_decorator' retrieved from /home/airflow/.local/lib/python3.12/site-packages/airflow/example_dags/example_python_decorator.py
[2024-04-27T14:09:17.158+0000] {logging_mixin.py:188} INFO - [2024-04-27T14:09:17.157+0000] {dag.py:3096} INFO - Sync 1 DAGs
[2024-04-27T14:09:17.226+0000] {logging_mixin.py:188} INFO - [2024-04-27T14:09:17.225+0000] {dag.py:3954} INFO - Setting next_dagrun for example_python_decorator to None, run_after=None
[2024-04-27T14:09:17.289+0000] {processor.py:183} INFO - Processing /home/airflow/.local/lib/python3.12/site-packages/airflow/example_dags/example_python_decorator.py took 0.377 seconds
[2024-04-27T14:09:47.490+0000] {processor.py:161} INFO - Started process (PID=387) to work on /home/airflow/.local/lib/python3.12/site-packages/airflow/example_dags/example_python_decorator.py
[2024-04-27T14:09:47.492+0000] {processor.py:830} INFO - Processing file /home/airflow/.local/lib/python3.12/site-packages/airflow/example_dags/example_python_decorator.py for tasks to queue
[2024-04-27T14:09:47.496+0000] {logging_mixin.py:188} INFO - [2024-04-27T14:09:47.495+0000] {dagbag.py:540} INFO - Filling up the DagBag from /home/airflow/.local/lib/python3.12/site-packages/airflow/example_dags/example_python_decorator.py
[2024-04-27T14:09:47.526+0000] {processor.py:840} INFO - DAG(s) 'example_python_decorator' retrieved from /home/airflow/.local/lib/python3.12/site-packages/airflow/example_dags/example_python_decorator.py
[2024-04-27T14:09:47.648+0000] {logging_mixin.py:188} INFO - [2024-04-27T14:09:47.647+0000] {dag.py:3096} INFO - Sync 1 DAGs
[2024-04-27T14:09:47.673+0000] {logging_mixin.py:188} INFO - [2024-04-27T14:09:47.672+0000] {dag.py:3954} INFO - Setting next_dagrun for example_python_decorator to None, run_after=None
[2024-04-27T14:09:47.756+0000] {processor.py:183} INFO - Processing /home/airflow/.local/lib/python3.12/site-packages/airflow/example_dags/example_python_decorator.py took 0.279 seconds
[2024-04-27T14:10:21.705+0000] {processor.py:161} INFO - Started process (PID=441) to work on /home/airflow/.local/lib/python3.12/site-packages/airflow/example_dags/example_python_decorator.py
[2024-04-27T14:10:21.709+0000] {processor.py:830} INFO - Processing file /home/airflow/.local/lib/python3.12/site-packages/airflow/example_dags/example_python_decorator.py for tasks to queue
[2024-04-27T14:10:21.716+0000] {logging_mixin.py:188} INFO - [2024-04-27T14:10:21.714+0000] {dagbag.py:540} INFO - Filling up the DagBag from /home/airflow/.local/lib/python3.12/site-packages/airflow/example_dags/example_python_decorator.py
[2024-04-27T14:10:21.799+0000] {processor.py:840} INFO - DAG(s) 'example_python_decorator' retrieved from /home/airflow/.local/lib/python3.12/site-packages/airflow/example_dags/example_python_decorator.py
[2024-04-27T14:10:21.880+0000] {logging_mixin.py:188} INFO - [2024-04-27T14:10:21.879+0000] {dag.py:3096} INFO - Sync 1 DAGs
[2024-04-27T14:10:21.955+0000] {logging_mixin.py:188} INFO - [2024-04-27T14:10:21.955+0000] {dag.py:3954} INFO - Setting next_dagrun for example_python_decorator to None, run_after=None
[2024-04-27T14:10:22.015+0000] {processor.py:183} INFO - Processing /home/airflow/.local/lib/python3.12/site-packages/airflow/example_dags/example_python_decorator.py took 0.343 seconds
[2024-04-27T14:10:53.071+0000] {processor.py:161} INFO - Started process (PID=493) to work on /home/airflow/.local/lib/python3.12/site-packages/airflow/example_dags/example_python_decorator.py
[2024-04-27T14:10:53.082+0000] {processor.py:830} INFO - Processing file /home/airflow/.local/lib/python3.12/site-packages/airflow/example_dags/example_python_decorator.py for tasks to queue
[2024-04-27T14:10:53.088+0000] {logging_mixin.py:188} INFO - [2024-04-27T14:10:53.087+0000] {dagbag.py:540} INFO - Filling up the DagBag from /home/airflow/.local/lib/python3.12/site-packages/airflow/example_dags/example_python_decorator.py
[2024-04-27T14:10:53.156+0000] {processor.py:840} INFO - DAG(s) 'example_python_decorator' retrieved from /home/airflow/.local/lib/python3.12/site-packages/airflow/example_dags/example_python_decorator.py
[2024-04-27T14:10:53.215+0000] {logging_mixin.py:188} INFO - [2024-04-27T14:10:53.215+0000] {dag.py:3096} INFO - Sync 1 DAGs
[2024-04-27T14:10:53.252+0000] {logging_mixin.py:188} INFO - [2024-04-27T14:10:53.251+0000] {dag.py:3954} INFO - Setting next_dagrun for example_python_decorator to None, run_after=None
[2024-04-27T14:10:53.303+0000] {processor.py:183} INFO - Processing /home/airflow/.local/lib/python3.12/site-packages/airflow/example_dags/example_python_decorator.py took 0.286 seconds
[2024-04-27T14:11:26.168+0000] {processor.py:161} INFO - Started process (PID=546) to work on /home/airflow/.local/lib/python3.12/site-packages/airflow/example_dags/example_python_decorator.py
[2024-04-27T14:11:26.170+0000] {processor.py:830} INFO - Processing file /home/airflow/.local/lib/python3.12/site-packages/airflow/example_dags/example_python_decorator.py for tasks to queue
[2024-04-27T14:11:26.175+0000] {logging_mixin.py:188} INFO - [2024-04-27T14:11:26.174+0000] {dagbag.py:540} INFO - Filling up the DagBag from /home/airflow/.local/lib/python3.12/site-packages/airflow/example_dags/example_python_decorator.py
[2024-04-27T14:11:26.210+0000] {processor.py:840} INFO - DAG(s) 'example_python_decorator' retrieved from /home/airflow/.local/lib/python3.12/site-packages/airflow/example_dags/example_python_decorator.py
[2024-04-27T14:11:26.267+0000] {logging_mixin.py:188} INFO - [2024-04-27T14:11:26.266+0000] {dag.py:3096} INFO - Sync 1 DAGs
[2024-04-27T14:11:26.304+0000] {logging_mixin.py:188} INFO - [2024-04-27T14:11:26.304+0000] {dag.py:3954} INFO - Setting next_dagrun for example_python_decorator to None, run_after=None
[2024-04-27T14:11:26.369+0000] {processor.py:183} INFO - Processing /home/airflow/.local/lib/python3.12/site-packages/airflow/example_dags/example_python_decorator.py took 0.220 seconds
[2024-04-27T14:12:00.885+0000] {processor.py:161} INFO - Started process (PID=600) to work on /home/airflow/.local/lib/python3.12/site-packages/airflow/example_dags/example_python_decorator.py
[2024-04-27T14:12:00.889+0000] {processor.py:830} INFO - Processing file /home/airflow/.local/lib/python3.12/site-packages/airflow/example_dags/example_python_decorator.py for tasks to queue
[2024-04-27T14:12:00.901+0000] {logging_mixin.py:188} INFO - [2024-04-27T14:12:00.901+0000] {dagbag.py:540} INFO - Filling up the DagBag from /home/airflow/.local/lib/python3.12/site-packages/airflow/example_dags/example_python_decorator.py
[2024-04-27T14:12:00.975+0000] {processor.py:840} INFO - DAG(s) 'example_python_decorator' retrieved from /home/airflow/.local/lib/python3.12/site-packages/airflow/example_dags/example_python_decorator.py
[2024-04-27T14:12:01.124+0000] {logging_mixin.py:188} INFO - [2024-04-27T14:12:01.123+0000] {dag.py:3096} INFO - Sync 1 DAGs
[2024-04-27T14:12:01.205+0000] {logging_mixin.py:188} INFO - [2024-04-27T14:12:01.205+0000] {dag.py:3954} INFO - Setting next_dagrun for example_python_decorator to None, run_after=None
[2024-04-27T14:12:01.279+0000] {processor.py:183} INFO - Processing /home/airflow/.local/lib/python3.12/site-packages/airflow/example_dags/example_python_decorator.py took 0.419 seconds
