[2024-04-27T14:06:23.001+0000] {processor.py:161} INFO - Started process (PID=61) to work on /home/airflow/.local/lib/python3.12/site-packages/airflow/example_dags/example_xcomargs.py
[2024-04-27T14:06:23.042+0000] {processor.py:830} INFO - Processing file /home/airflow/.local/lib/python3.12/site-packages/airflow/example_dags/example_xcomargs.py for tasks to queue
[2024-04-27T14:06:23.089+0000] {logging_mixin.py:188} INFO - [2024-04-27T14:06:23.088+0000] {dagbag.py:540} INFO - Filling up the DagBag from /home/airflow/.local/lib/python3.12/site-packages/airflow/example_dags/example_xcomargs.py
[2024-04-27T14:06:23.457+0000] {processor.py:840} INFO - DAG(s) 'example_xcom_args', 'example_xcom_args_with_operators' retrieved from /home/airflow/.local/lib/python3.12/site-packages/airflow/example_dags/example_xcomargs.py
[2024-04-27T14:06:25.324+0000] {logging_mixin.py:188} INFO - [2024-04-27T14:06:25.323+0000] {dag.py:3096} INFO - Sync 2 DAGs
[2024-04-27T14:06:25.394+0000] {logging_mixin.py:188} INFO - [2024-04-27T14:06:25.390+0000] {dag.py:3954} INFO - Setting next_dagrun for example_xcom_args to None, run_after=None
[2024-04-27T14:06:25.417+0000] {logging_mixin.py:188} INFO - [2024-04-27T14:06:25.412+0000] {dag.py:3954} INFO - Setting next_dagrun for example_xcom_args_with_operators to None, run_after=None
[2024-04-27T14:06:25.559+0000] {processor.py:183} INFO - Processing /home/airflow/.local/lib/python3.12/site-packages/airflow/example_dags/example_xcomargs.py took 2.715 seconds
[2024-04-27T14:07:03.887+0000] {processor.py:161} INFO - Started process (PID=115) to work on /home/airflow/.local/lib/python3.12/site-packages/airflow/example_dags/example_xcomargs.py
[2024-04-27T14:07:03.891+0000] {processor.py:830} INFO - Processing file /home/airflow/.local/lib/python3.12/site-packages/airflow/example_dags/example_xcomargs.py for tasks to queue
[2024-04-27T14:07:03.897+0000] {logging_mixin.py:188} INFO - [2024-04-27T14:07:03.897+0000] {dagbag.py:540} INFO - Filling up the DagBag from /home/airflow/.local/lib/python3.12/site-packages/airflow/example_dags/example_xcomargs.py
[2024-04-27T14:07:03.919+0000] {processor.py:840} INFO - DAG(s) 'example_xcom_args', 'example_xcom_args_with_operators' retrieved from /home/airflow/.local/lib/python3.12/site-packages/airflow/example_dags/example_xcomargs.py
[2024-04-27T14:07:03.989+0000] {logging_mixin.py:188} INFO - [2024-04-27T14:07:03.988+0000] {dag.py:3096} INFO - Sync 2 DAGs
[2024-04-27T14:07:04.039+0000] {logging_mixin.py:188} INFO - [2024-04-27T14:07:04.039+0000] {dag.py:3954} INFO - Setting next_dagrun for example_xcom_args to None, run_after=None
[2024-04-27T14:07:04.052+0000] {logging_mixin.py:188} INFO - [2024-04-27T14:07:04.052+0000] {dag.py:3954} INFO - Setting next_dagrun for example_xcom_args_with_operators to None, run_after=None
[2024-04-27T14:07:04.108+0000] {processor.py:183} INFO - Processing /home/airflow/.local/lib/python3.12/site-packages/airflow/example_dags/example_xcomargs.py took 0.234 seconds
[2024-04-27T14:07:34.514+0000] {processor.py:161} INFO - Started process (PID=167) to work on /home/airflow/.local/lib/python3.12/site-packages/airflow/example_dags/example_xcomargs.py
[2024-04-27T14:07:34.519+0000] {processor.py:830} INFO - Processing file /home/airflow/.local/lib/python3.12/site-packages/airflow/example_dags/example_xcomargs.py for tasks to queue
[2024-04-27T14:07:34.534+0000] {logging_mixin.py:188} INFO - [2024-04-27T14:07:34.533+0000] {dagbag.py:540} INFO - Filling up the DagBag from /home/airflow/.local/lib/python3.12/site-packages/airflow/example_dags/example_xcomargs.py
[2024-04-27T14:07:34.570+0000] {processor.py:840} INFO - DAG(s) 'example_xcom_args_with_operators', 'example_xcom_args' retrieved from /home/airflow/.local/lib/python3.12/site-packages/airflow/example_dags/example_xcomargs.py
[2024-04-27T14:07:34.638+0000] {logging_mixin.py:188} INFO - [2024-04-27T14:07:34.637+0000] {dag.py:3096} INFO - Sync 2 DAGs
[2024-04-27T14:07:34.668+0000] {logging_mixin.py:188} INFO - [2024-04-27T14:07:34.667+0000] {dag.py:3954} INFO - Setting next_dagrun for example_xcom_args to None, run_after=None
[2024-04-27T14:07:34.679+0000] {logging_mixin.py:188} INFO - [2024-04-27T14:07:34.678+0000] {dag.py:3954} INFO - Setting next_dagrun for example_xcom_args_with_operators to None, run_after=None
[2024-04-27T14:07:34.730+0000] {processor.py:183} INFO - Processing /home/airflow/.local/lib/python3.12/site-packages/airflow/example_dags/example_xcomargs.py took 0.243 seconds
[2024-04-27T14:08:09.569+0000] {processor.py:161} INFO - Started process (PID=220) to work on /home/airflow/.local/lib/python3.12/site-packages/airflow/example_dags/example_xcomargs.py
[2024-04-27T14:08:09.571+0000] {processor.py:830} INFO - Processing file /home/airflow/.local/lib/python3.12/site-packages/airflow/example_dags/example_xcomargs.py for tasks to queue
[2024-04-27T14:08:09.575+0000] {logging_mixin.py:188} INFO - [2024-04-27T14:08:09.574+0000] {dagbag.py:540} INFO - Filling up the DagBag from /home/airflow/.local/lib/python3.12/site-packages/airflow/example_dags/example_xcomargs.py
[2024-04-27T14:08:09.608+0000] {processor.py:840} INFO - DAG(s) 'example_xcom_args_with_operators', 'example_xcom_args' retrieved from /home/airflow/.local/lib/python3.12/site-packages/airflow/example_dags/example_xcomargs.py
[2024-04-27T14:08:09.728+0000] {logging_mixin.py:188} INFO - [2024-04-27T14:08:09.728+0000] {dag.py:3096} INFO - Sync 2 DAGs
[2024-04-27T14:08:09.800+0000] {logging_mixin.py:188} INFO - [2024-04-27T14:08:09.799+0000] {dag.py:3954} INFO - Setting next_dagrun for example_xcom_args to None, run_after=None
[2024-04-27T14:08:09.822+0000] {logging_mixin.py:188} INFO - [2024-04-27T14:08:09.821+0000] {dag.py:3954} INFO - Setting next_dagrun for example_xcom_args_with_operators to None, run_after=None
[2024-04-27T14:08:09.972+0000] {processor.py:183} INFO - Processing /home/airflow/.local/lib/python3.12/site-packages/airflow/example_dags/example_xcomargs.py took 0.417 seconds
[2024-04-27T14:08:42.136+0000] {processor.py:161} INFO - Started process (PID=274) to work on /home/airflow/.local/lib/python3.12/site-packages/airflow/example_dags/example_xcomargs.py
[2024-04-27T14:08:42.139+0000] {processor.py:830} INFO - Processing file /home/airflow/.local/lib/python3.12/site-packages/airflow/example_dags/example_xcomargs.py for tasks to queue
[2024-04-27T14:08:42.143+0000] {logging_mixin.py:188} INFO - [2024-04-27T14:08:42.143+0000] {dagbag.py:540} INFO - Filling up the DagBag from /home/airflow/.local/lib/python3.12/site-packages/airflow/example_dags/example_xcomargs.py
[2024-04-27T14:08:42.203+0000] {processor.py:840} INFO - DAG(s) 'example_xcom_args_with_operators', 'example_xcom_args' retrieved from /home/airflow/.local/lib/python3.12/site-packages/airflow/example_dags/example_xcomargs.py
[2024-04-27T14:08:42.372+0000] {logging_mixin.py:188} INFO - [2024-04-27T14:08:42.372+0000] {dag.py:3096} INFO - Sync 2 DAGs
[2024-04-27T14:08:42.434+0000] {logging_mixin.py:188} INFO - [2024-04-27T14:08:42.434+0000] {dag.py:3954} INFO - Setting next_dagrun for example_xcom_args to None, run_after=None
[2024-04-27T14:08:42.454+0000] {logging_mixin.py:188} INFO - [2024-04-27T14:08:42.453+0000] {dag.py:3954} INFO - Setting next_dagrun for example_xcom_args_with_operators to None, run_after=None
[2024-04-27T14:08:42.510+0000] {processor.py:183} INFO - Processing /home/airflow/.local/lib/python3.12/site-packages/airflow/example_dags/example_xcomargs.py took 0.413 seconds
[2024-04-27T14:09:16.244+0000] {processor.py:161} INFO - Started process (PID=329) to work on /home/airflow/.local/lib/python3.12/site-packages/airflow/example_dags/example_xcomargs.py
[2024-04-27T14:09:16.246+0000] {processor.py:830} INFO - Processing file /home/airflow/.local/lib/python3.12/site-packages/airflow/example_dags/example_xcomargs.py for tasks to queue
[2024-04-27T14:09:16.252+0000] {logging_mixin.py:188} INFO - [2024-04-27T14:09:16.251+0000] {dagbag.py:540} INFO - Filling up the DagBag from /home/airflow/.local/lib/python3.12/site-packages/airflow/example_dags/example_xcomargs.py
[2024-04-27T14:09:16.281+0000] {processor.py:840} INFO - DAG(s) 'example_xcom_args', 'example_xcom_args_with_operators' retrieved from /home/airflow/.local/lib/python3.12/site-packages/airflow/example_dags/example_xcomargs.py
[2024-04-27T14:09:16.361+0000] {logging_mixin.py:188} INFO - [2024-04-27T14:09:16.361+0000] {dag.py:3096} INFO - Sync 2 DAGs
[2024-04-27T14:09:16.397+0000] {logging_mixin.py:188} INFO - [2024-04-27T14:09:16.396+0000] {dag.py:3954} INFO - Setting next_dagrun for example_xcom_args to None, run_after=None
[2024-04-27T14:09:16.407+0000] {logging_mixin.py:188} INFO - [2024-04-27T14:09:16.406+0000] {dag.py:3954} INFO - Setting next_dagrun for example_xcom_args_with_operators to None, run_after=None
[2024-04-27T14:09:16.460+0000] {processor.py:183} INFO - Processing /home/airflow/.local/lib/python3.12/site-packages/airflow/example_dags/example_xcomargs.py took 0.230 seconds
[2024-04-27T14:09:46.839+0000] {processor.py:161} INFO - Started process (PID=383) to work on /home/airflow/.local/lib/python3.12/site-packages/airflow/example_dags/example_xcomargs.py
[2024-04-27T14:09:46.842+0000] {processor.py:830} INFO - Processing file /home/airflow/.local/lib/python3.12/site-packages/airflow/example_dags/example_xcomargs.py for tasks to queue
[2024-04-27T14:09:46.846+0000] {logging_mixin.py:188} INFO - [2024-04-27T14:09:46.845+0000] {dagbag.py:540} INFO - Filling up the DagBag from /home/airflow/.local/lib/python3.12/site-packages/airflow/example_dags/example_xcomargs.py
[2024-04-27T14:09:46.870+0000] {processor.py:840} INFO - DAG(s) 'example_xcom_args_with_operators', 'example_xcom_args' retrieved from /home/airflow/.local/lib/python3.12/site-packages/airflow/example_dags/example_xcomargs.py
[2024-04-27T14:09:46.935+0000] {logging_mixin.py:188} INFO - [2024-04-27T14:09:46.935+0000] {dag.py:3096} INFO - Sync 2 DAGs
[2024-04-27T14:09:46.981+0000] {logging_mixin.py:188} INFO - [2024-04-27T14:09:46.981+0000] {dag.py:3954} INFO - Setting next_dagrun for example_xcom_args to None, run_after=None
[2024-04-27T14:09:46.993+0000] {logging_mixin.py:188} INFO - [2024-04-27T14:09:46.992+0000] {dag.py:3954} INFO - Setting next_dagrun for example_xcom_args_with_operators to None, run_after=None
[2024-04-27T14:09:47.042+0000] {processor.py:183} INFO - Processing /home/airflow/.local/lib/python3.12/site-packages/airflow/example_dags/example_xcomargs.py took 0.220 seconds
[2024-04-27T14:10:20.465+0000] {processor.py:161} INFO - Started process (PID=435) to work on /home/airflow/.local/lib/python3.12/site-packages/airflow/example_dags/example_xcomargs.py
[2024-04-27T14:10:20.467+0000] {processor.py:830} INFO - Processing file /home/airflow/.local/lib/python3.12/site-packages/airflow/example_dags/example_xcomargs.py for tasks to queue
[2024-04-27T14:10:20.473+0000] {logging_mixin.py:188} INFO - [2024-04-27T14:10:20.472+0000] {dagbag.py:540} INFO - Filling up the DagBag from /home/airflow/.local/lib/python3.12/site-packages/airflow/example_dags/example_xcomargs.py
[2024-04-27T14:10:20.502+0000] {processor.py:840} INFO - DAG(s) 'example_xcom_args_with_operators', 'example_xcom_args' retrieved from /home/airflow/.local/lib/python3.12/site-packages/airflow/example_dags/example_xcomargs.py
[2024-04-27T14:10:20.591+0000] {logging_mixin.py:188} INFO - [2024-04-27T14:10:20.590+0000] {dag.py:3096} INFO - Sync 2 DAGs
[2024-04-27T14:10:20.637+0000] {logging_mixin.py:188} INFO - [2024-04-27T14:10:20.637+0000] {dag.py:3954} INFO - Setting next_dagrun for example_xcom_args to None, run_after=None
[2024-04-27T14:10:20.651+0000] {logging_mixin.py:188} INFO - [2024-04-27T14:10:20.651+0000] {dag.py:3954} INFO - Setting next_dagrun for example_xcom_args_with_operators to None, run_after=None
[2024-04-27T14:10:20.713+0000] {processor.py:183} INFO - Processing /home/airflow/.local/lib/python3.12/site-packages/airflow/example_dags/example_xcomargs.py took 0.260 seconds
[2024-04-27T14:10:52.215+0000] {processor.py:161} INFO - Started process (PID=489) to work on /home/airflow/.local/lib/python3.12/site-packages/airflow/example_dags/example_xcomargs.py
[2024-04-27T14:10:52.262+0000] {processor.py:830} INFO - Processing file /home/airflow/.local/lib/python3.12/site-packages/airflow/example_dags/example_xcomargs.py for tasks to queue
[2024-04-27T14:10:52.264+0000] {logging_mixin.py:188} INFO - [2024-04-27T14:10:52.264+0000] {dagbag.py:540} INFO - Filling up the DagBag from /home/airflow/.local/lib/python3.12/site-packages/airflow/example_dags/example_xcomargs.py
[2024-04-27T14:10:52.280+0000] {processor.py:840} INFO - DAG(s) 'example_xcom_args', 'example_xcom_args_with_operators' retrieved from /home/airflow/.local/lib/python3.12/site-packages/airflow/example_dags/example_xcomargs.py
[2024-04-27T14:10:52.331+0000] {logging_mixin.py:188} INFO - [2024-04-27T14:10:52.330+0000] {dag.py:3096} INFO - Sync 2 DAGs
[2024-04-27T14:10:52.364+0000] {logging_mixin.py:188} INFO - [2024-04-27T14:10:52.363+0000] {dag.py:3954} INFO - Setting next_dagrun for example_xcom_args to None, run_after=None
[2024-04-27T14:10:52.373+0000] {logging_mixin.py:188} INFO - [2024-04-27T14:10:52.373+0000] {dag.py:3954} INFO - Setting next_dagrun for example_xcom_args_with_operators to None, run_after=None
[2024-04-27T14:10:52.573+0000] {processor.py:183} INFO - Processing /home/airflow/.local/lib/python3.12/site-packages/airflow/example_dags/example_xcomargs.py took 0.366 seconds
[2024-04-27T14:11:24.918+0000] {processor.py:161} INFO - Started process (PID=542) to work on /home/airflow/.local/lib/python3.12/site-packages/airflow/example_dags/example_xcomargs.py
[2024-04-27T14:11:24.921+0000] {processor.py:830} INFO - Processing file /home/airflow/.local/lib/python3.12/site-packages/airflow/example_dags/example_xcomargs.py for tasks to queue
[2024-04-27T14:11:24.927+0000] {logging_mixin.py:188} INFO - [2024-04-27T14:11:24.926+0000] {dagbag.py:540} INFO - Filling up the DagBag from /home/airflow/.local/lib/python3.12/site-packages/airflow/example_dags/example_xcomargs.py
[2024-04-27T14:11:24.953+0000] {processor.py:840} INFO - DAG(s) 'example_xcom_args', 'example_xcom_args_with_operators' retrieved from /home/airflow/.local/lib/python3.12/site-packages/airflow/example_dags/example_xcomargs.py
[2024-04-27T14:11:25.090+0000] {logging_mixin.py:188} INFO - [2024-04-27T14:11:25.089+0000] {dag.py:3096} INFO - Sync 2 DAGs
[2024-04-27T14:11:25.180+0000] {logging_mixin.py:188} INFO - [2024-04-27T14:11:25.179+0000] {dag.py:3954} INFO - Setting next_dagrun for example_xcom_args to None, run_after=None
[2024-04-27T14:11:25.193+0000] {logging_mixin.py:188} INFO - [2024-04-27T14:11:25.193+0000] {dag.py:3954} INFO - Setting next_dagrun for example_xcom_args_with_operators to None, run_after=None
[2024-04-27T14:11:25.288+0000] {processor.py:183} INFO - Processing /home/airflow/.local/lib/python3.12/site-packages/airflow/example_dags/example_xcomargs.py took 0.389 seconds
[2024-04-27T14:11:58.121+0000] {processor.py:161} INFO - Started process (PID=596) to work on /home/airflow/.local/lib/python3.12/site-packages/airflow/example_dags/example_xcomargs.py
[2024-04-27T14:11:58.125+0000] {processor.py:830} INFO - Processing file /home/airflow/.local/lib/python3.12/site-packages/airflow/example_dags/example_xcomargs.py for tasks to queue
[2024-04-27T14:11:58.145+0000] {logging_mixin.py:188} INFO - [2024-04-27T14:11:58.144+0000] {dagbag.py:540} INFO - Filling up the DagBag from /home/airflow/.local/lib/python3.12/site-packages/airflow/example_dags/example_xcomargs.py
[2024-04-27T14:11:58.187+0000] {processor.py:840} INFO - DAG(s) 'example_xcom_args', 'example_xcom_args_with_operators' retrieved from /home/airflow/.local/lib/python3.12/site-packages/airflow/example_dags/example_xcomargs.py
[2024-04-27T14:11:58.264+0000] {logging_mixin.py:188} INFO - [2024-04-27T14:11:58.264+0000] {dag.py:3096} INFO - Sync 2 DAGs
[2024-04-27T14:11:58.309+0000] {logging_mixin.py:188} INFO - [2024-04-27T14:11:58.309+0000] {dag.py:3954} INFO - Setting next_dagrun for example_xcom_args to None, run_after=None
[2024-04-27T14:11:58.325+0000] {logging_mixin.py:188} INFO - [2024-04-27T14:11:58.324+0000] {dag.py:3954} INFO - Setting next_dagrun for example_xcom_args_with_operators to None, run_after=None
[2024-04-27T14:11:58.375+0000] {processor.py:183} INFO - Processing /home/airflow/.local/lib/python3.12/site-packages/airflow/example_dags/example_xcomargs.py took 0.282 seconds
