[2024-04-27T14:05:51.621+0000] {processor.py:161} INFO - Started process (PID=51) to work on /home/airflow/.local/lib/python3.12/site-packages/airflow/example_dags/example_sla_dag.py
[2024-04-27T14:05:51.653+0000] {processor.py:830} INFO - Processing file /home/airflow/.local/lib/python3.12/site-packages/airflow/example_dags/example_sla_dag.py for tasks to queue
[2024-04-27T14:05:51.687+0000] {logging_mixin.py:188} INFO - [2024-04-27T14:05:51.686+0000] {dagbag.py:540} INFO - Filling up the DagBag from /home/airflow/.local/lib/python3.12/site-packages/airflow/example_dags/example_sla_dag.py
[2024-04-27T14:05:52.272+0000] {processor.py:840} INFO - DAG(s) 'example_sla_dag' retrieved from /home/airflow/.local/lib/python3.12/site-packages/airflow/example_dags/example_sla_dag.py
[2024-04-27T14:05:58.236+0000] {logging_mixin.py:188} INFO - [2024-04-27T14:05:58.235+0000] {dag.py:3096} INFO - Sync 1 DAGs
[2024-04-27T14:05:59.348+0000] {logging_mixin.py:188} INFO - [2024-04-27T14:05:59.348+0000] {dag.py:3954} INFO - Setting next_dagrun for example_sla_dag to 2024-04-27 14:02:00+00:00, run_after=2024-04-27 14:04:00+00:00
[2024-04-27T14:05:59.775+0000] {processor.py:183} INFO - Processing /home/airflow/.local/lib/python3.12/site-packages/airflow/example_dags/example_sla_dag.py took 8.184 seconds
[2024-04-27T14:06:58.641+0000] {processor.py:161} INFO - Started process (PID=105) to work on /home/airflow/.local/lib/python3.12/site-packages/airflow/example_dags/example_sla_dag.py
[2024-04-27T14:06:58.653+0000] {processor.py:830} INFO - Processing file /home/airflow/.local/lib/python3.12/site-packages/airflow/example_dags/example_sla_dag.py for tasks to queue
[2024-04-27T14:06:58.667+0000] {logging_mixin.py:188} INFO - [2024-04-27T14:06:58.662+0000] {dagbag.py:540} INFO - Filling up the DagBag from /home/airflow/.local/lib/python3.12/site-packages/airflow/example_dags/example_sla_dag.py
[2024-04-27T14:06:58.716+0000] {processor.py:840} INFO - DAG(s) 'example_sla_dag' retrieved from /home/airflow/.local/lib/python3.12/site-packages/airflow/example_dags/example_sla_dag.py
[2024-04-27T14:06:58.818+0000] {logging_mixin.py:188} INFO - [2024-04-27T14:06:58.818+0000] {dag.py:3096} INFO - Sync 1 DAGs
[2024-04-27T14:06:58.925+0000] {logging_mixin.py:188} INFO - [2024-04-27T14:06:58.925+0000] {dag.py:3954} INFO - Setting next_dagrun for example_sla_dag to 2024-04-27 14:04:00+00:00, run_after=2024-04-27 14:06:00+00:00
[2024-04-27T14:06:59.016+0000] {processor.py:183} INFO - Processing /home/airflow/.local/lib/python3.12/site-packages/airflow/example_dags/example_sla_dag.py took 0.399 seconds
[2024-04-27T14:07:29.495+0000] {processor.py:161} INFO - Started process (PID=157) to work on /home/airflow/.local/lib/python3.12/site-packages/airflow/example_dags/example_sla_dag.py
[2024-04-27T14:07:29.496+0000] {processor.py:830} INFO - Processing file /home/airflow/.local/lib/python3.12/site-packages/airflow/example_dags/example_sla_dag.py for tasks to queue
[2024-04-27T14:07:29.502+0000] {logging_mixin.py:188} INFO - [2024-04-27T14:07:29.500+0000] {dagbag.py:540} INFO - Filling up the DagBag from /home/airflow/.local/lib/python3.12/site-packages/airflow/example_dags/example_sla_dag.py
[2024-04-27T14:07:29.532+0000] {processor.py:840} INFO - DAG(s) 'example_sla_dag' retrieved from /home/airflow/.local/lib/python3.12/site-packages/airflow/example_dags/example_sla_dag.py
[2024-04-27T14:07:29.594+0000] {logging_mixin.py:188} INFO - [2024-04-27T14:07:29.593+0000] {dag.py:3096} INFO - Sync 1 DAGs
[2024-04-27T14:07:29.710+0000] {logging_mixin.py:188} INFO - [2024-04-27T14:07:29.709+0000] {dag.py:3954} INFO - Setting next_dagrun for example_sla_dag to 2024-04-27 14:04:00+00:00, run_after=2024-04-27 14:06:00+00:00
[2024-04-27T14:07:29.791+0000] {processor.py:183} INFO - Processing /home/airflow/.local/lib/python3.12/site-packages/airflow/example_dags/example_sla_dag.py took 0.309 seconds
[2024-04-27T14:08:07.081+0000] {processor.py:161} INFO - Started process (PID=211) to work on /home/airflow/.local/lib/python3.12/site-packages/airflow/example_dags/example_sla_dag.py
[2024-04-27T14:08:07.087+0000] {processor.py:830} INFO - Processing file /home/airflow/.local/lib/python3.12/site-packages/airflow/example_dags/example_sla_dag.py for tasks to queue
[2024-04-27T14:08:07.093+0000] {logging_mixin.py:188} INFO - [2024-04-27T14:08:07.092+0000] {dagbag.py:540} INFO - Filling up the DagBag from /home/airflow/.local/lib/python3.12/site-packages/airflow/example_dags/example_sla_dag.py
[2024-04-27T14:08:07.134+0000] {processor.py:840} INFO - DAG(s) 'example_sla_dag' retrieved from /home/airflow/.local/lib/python3.12/site-packages/airflow/example_dags/example_sla_dag.py
[2024-04-27T14:08:07.273+0000] {logging_mixin.py:188} INFO - [2024-04-27T14:08:07.260+0000] {dag.py:3096} INFO - Sync 1 DAGs
[2024-04-27T14:08:07.421+0000] {logging_mixin.py:188} INFO - [2024-04-27T14:08:07.421+0000] {dag.py:3954} INFO - Setting next_dagrun for example_sla_dag to 2024-04-27 14:06:00+00:00, run_after=2024-04-27 14:08:00+00:00
[2024-04-27T14:08:07.500+0000] {processor.py:183} INFO - Processing /home/airflow/.local/lib/python3.12/site-packages/airflow/example_dags/example_sla_dag.py took 0.473 seconds
[2024-04-27T14:08:38.152+0000] {processor.py:161} INFO - Started process (PID=265) to work on /home/airflow/.local/lib/python3.12/site-packages/airflow/example_dags/example_sla_dag.py
[2024-04-27T14:08:38.155+0000] {processor.py:830} INFO - Processing file /home/airflow/.local/lib/python3.12/site-packages/airflow/example_dags/example_sla_dag.py for tasks to queue
[2024-04-27T14:08:38.161+0000] {logging_mixin.py:188} INFO - [2024-04-27T14:08:38.160+0000] {dagbag.py:540} INFO - Filling up the DagBag from /home/airflow/.local/lib/python3.12/site-packages/airflow/example_dags/example_sla_dag.py
[2024-04-27T14:08:38.191+0000] {processor.py:840} INFO - DAG(s) 'example_sla_dag' retrieved from /home/airflow/.local/lib/python3.12/site-packages/airflow/example_dags/example_sla_dag.py
[2024-04-27T14:08:38.326+0000] {logging_mixin.py:188} INFO - [2024-04-27T14:08:38.325+0000] {dag.py:3096} INFO - Sync 1 DAGs
[2024-04-27T14:08:38.411+0000] {logging_mixin.py:188} INFO - [2024-04-27T14:08:38.409+0000] {dag.py:3954} INFO - Setting next_dagrun for example_sla_dag to 2024-04-27 14:06:00+00:00, run_after=2024-04-27 14:08:00+00:00
[2024-04-27T14:08:38.573+0000] {processor.py:183} INFO - Processing /home/airflow/.local/lib/python3.12/site-packages/airflow/example_dags/example_sla_dag.py took 0.441 seconds
[2024-04-27T14:09:11.370+0000] {processor.py:161} INFO - Started process (PID=315) to work on /home/airflow/.local/lib/python3.12/site-packages/airflow/example_dags/example_sla_dag.py
[2024-04-27T14:09:11.376+0000] {processor.py:830} INFO - Processing file /home/airflow/.local/lib/python3.12/site-packages/airflow/example_dags/example_sla_dag.py for tasks to queue
[2024-04-27T14:09:11.382+0000] {logging_mixin.py:188} INFO - [2024-04-27T14:09:11.381+0000] {dagbag.py:540} INFO - Filling up the DagBag from /home/airflow/.local/lib/python3.12/site-packages/airflow/example_dags/example_sla_dag.py
[2024-04-27T14:09:11.436+0000] {processor.py:840} INFO - DAG(s) 'example_sla_dag' retrieved from /home/airflow/.local/lib/python3.12/site-packages/airflow/example_dags/example_sla_dag.py
[2024-04-27T14:09:11.539+0000] {logging_mixin.py:188} INFO - [2024-04-27T14:09:11.538+0000] {dag.py:3096} INFO - Sync 1 DAGs
[2024-04-27T14:09:11.652+0000] {logging_mixin.py:188} INFO - [2024-04-27T14:09:11.650+0000] {dag.py:3954} INFO - Setting next_dagrun for example_sla_dag to 2024-04-27 14:06:00+00:00, run_after=2024-04-27 14:08:00+00:00
[2024-04-27T14:09:11.728+0000] {processor.py:183} INFO - Processing /home/airflow/.local/lib/python3.12/site-packages/airflow/example_dags/example_sla_dag.py took 0.412 seconds
[2024-04-27T14:09:42.795+0000] {processor.py:161} INFO - Started process (PID=369) to work on /home/airflow/.local/lib/python3.12/site-packages/airflow/example_dags/example_sla_dag.py
[2024-04-27T14:09:42.797+0000] {processor.py:830} INFO - Processing file /home/airflow/.local/lib/python3.12/site-packages/airflow/example_dags/example_sla_dag.py for tasks to queue
[2024-04-27T14:09:42.806+0000] {logging_mixin.py:188} INFO - [2024-04-27T14:09:42.804+0000] {dagbag.py:540} INFO - Filling up the DagBag from /home/airflow/.local/lib/python3.12/site-packages/airflow/example_dags/example_sla_dag.py
[2024-04-27T14:09:42.837+0000] {processor.py:840} INFO - DAG(s) 'example_sla_dag' retrieved from /home/airflow/.local/lib/python3.12/site-packages/airflow/example_dags/example_sla_dag.py
[2024-04-27T14:09:42.899+0000] {logging_mixin.py:188} INFO - [2024-04-27T14:09:42.899+0000] {dag.py:3096} INFO - Sync 1 DAGs
[2024-04-27T14:09:42.973+0000] {logging_mixin.py:188} INFO - [2024-04-27T14:09:42.972+0000] {dag.py:3954} INFO - Setting next_dagrun for example_sla_dag to 2024-04-27 14:06:00+00:00, run_after=2024-04-27 14:08:00+00:00
[2024-04-27T14:09:43.127+0000] {processor.py:183} INFO - Processing /home/airflow/.local/lib/python3.12/site-packages/airflow/example_dags/example_sla_dag.py took 0.354 seconds
[2024-04-27T14:10:15.525+0000] {processor.py:161} INFO - Started process (PID=422) to work on /home/airflow/.local/lib/python3.12/site-packages/airflow/example_dags/example_sla_dag.py
[2024-04-27T14:10:15.528+0000] {processor.py:830} INFO - Processing file /home/airflow/.local/lib/python3.12/site-packages/airflow/example_dags/example_sla_dag.py for tasks to queue
[2024-04-27T14:10:15.535+0000] {logging_mixin.py:188} INFO - [2024-04-27T14:10:15.534+0000] {dagbag.py:540} INFO - Filling up the DagBag from /home/airflow/.local/lib/python3.12/site-packages/airflow/example_dags/example_sla_dag.py
[2024-04-27T14:10:15.560+0000] {processor.py:840} INFO - DAG(s) 'example_sla_dag' retrieved from /home/airflow/.local/lib/python3.12/site-packages/airflow/example_dags/example_sla_dag.py
[2024-04-27T14:10:15.638+0000] {logging_mixin.py:188} INFO - [2024-04-27T14:10:15.637+0000] {dag.py:3096} INFO - Sync 1 DAGs
[2024-04-27T14:10:15.731+0000] {logging_mixin.py:188} INFO - [2024-04-27T14:10:15.731+0000] {dag.py:3954} INFO - Setting next_dagrun for example_sla_dag to 2024-04-27 14:08:00+00:00, run_after=2024-04-27 14:10:00+00:00
[2024-04-27T14:10:15.869+0000] {processor.py:183} INFO - Processing /home/airflow/.local/lib/python3.12/site-packages/airflow/example_dags/example_sla_dag.py took 0.422 seconds
[2024-04-27T14:10:46.383+0000] {processor.py:161} INFO - Started process (PID=473) to work on /home/airflow/.local/lib/python3.12/site-packages/airflow/example_dags/example_sla_dag.py
[2024-04-27T14:10:46.385+0000] {processor.py:830} INFO - Processing file /home/airflow/.local/lib/python3.12/site-packages/airflow/example_dags/example_sla_dag.py for tasks to queue
[2024-04-27T14:10:46.398+0000] {logging_mixin.py:188} INFO - [2024-04-27T14:10:46.394+0000] {dagbag.py:540} INFO - Filling up the DagBag from /home/airflow/.local/lib/python3.12/site-packages/airflow/example_dags/example_sla_dag.py
[2024-04-27T14:10:46.425+0000] {processor.py:840} INFO - DAG(s) 'example_sla_dag' retrieved from /home/airflow/.local/lib/python3.12/site-packages/airflow/example_dags/example_sla_dag.py
[2024-04-27T14:10:46.515+0000] {logging_mixin.py:188} INFO - [2024-04-27T14:10:46.514+0000] {dag.py:3096} INFO - Sync 1 DAGs
[2024-04-27T14:10:46.705+0000] {logging_mixin.py:188} INFO - [2024-04-27T14:10:46.705+0000] {dag.py:3954} INFO - Setting next_dagrun for example_sla_dag to 2024-04-27 14:08:00+00:00, run_after=2024-04-27 14:10:00+00:00
[2024-04-27T14:10:47.218+0000] {processor.py:183} INFO - Processing /home/airflow/.local/lib/python3.12/site-packages/airflow/example_dags/example_sla_dag.py took 0.857 seconds
[2024-04-27T14:11:17.792+0000] {processor.py:161} INFO - Started process (PID=525) to work on /home/airflow/.local/lib/python3.12/site-packages/airflow/example_dags/example_sla_dag.py
[2024-04-27T14:11:17.797+0000] {processor.py:830} INFO - Processing file /home/airflow/.local/lib/python3.12/site-packages/airflow/example_dags/example_sla_dag.py for tasks to queue
[2024-04-27T14:11:17.809+0000] {logging_mixin.py:188} INFO - [2024-04-27T14:11:17.807+0000] {dagbag.py:540} INFO - Filling up the DagBag from /home/airflow/.local/lib/python3.12/site-packages/airflow/example_dags/example_sla_dag.py
[2024-04-27T14:11:17.861+0000] {processor.py:840} INFO - DAG(s) 'example_sla_dag' retrieved from /home/airflow/.local/lib/python3.12/site-packages/airflow/example_dags/example_sla_dag.py
[2024-04-27T14:11:17.924+0000] {logging_mixin.py:188} INFO - [2024-04-27T14:11:17.923+0000] {dag.py:3096} INFO - Sync 1 DAGs
[2024-04-27T14:11:18.016+0000] {logging_mixin.py:188} INFO - [2024-04-27T14:11:18.016+0000] {dag.py:3954} INFO - Setting next_dagrun for example_sla_dag to 2024-04-27 14:08:00+00:00, run_after=2024-04-27 14:10:00+00:00
[2024-04-27T14:11:18.078+0000] {processor.py:183} INFO - Processing /home/airflow/.local/lib/python3.12/site-packages/airflow/example_dags/example_sla_dag.py took 0.309 seconds
[2024-04-27T14:11:52.214+0000] {processor.py:161} INFO - Started process (PID=578) to work on /home/airflow/.local/lib/python3.12/site-packages/airflow/example_dags/example_sla_dag.py
[2024-04-27T14:11:52.217+0000] {processor.py:830} INFO - Processing file /home/airflow/.local/lib/python3.12/site-packages/airflow/example_dags/example_sla_dag.py for tasks to queue
[2024-04-27T14:11:52.223+0000] {logging_mixin.py:188} INFO - [2024-04-27T14:11:52.222+0000] {dagbag.py:540} INFO - Filling up the DagBag from /home/airflow/.local/lib/python3.12/site-packages/airflow/example_dags/example_sla_dag.py
[2024-04-27T14:11:52.253+0000] {processor.py:840} INFO - DAG(s) 'example_sla_dag' retrieved from /home/airflow/.local/lib/python3.12/site-packages/airflow/example_dags/example_sla_dag.py
[2024-04-27T14:11:52.334+0000] {logging_mixin.py:188} INFO - [2024-04-27T14:11:52.334+0000] {dag.py:3096} INFO - Sync 1 DAGs
[2024-04-27T14:11:52.424+0000] {logging_mixin.py:188} INFO - [2024-04-27T14:11:52.423+0000] {dag.py:3954} INFO - Setting next_dagrun for example_sla_dag to 2024-04-27 14:08:00+00:00, run_after=2024-04-27 14:10:00+00:00
[2024-04-27T14:11:52.477+0000] {processor.py:183} INFO - Processing /home/airflow/.local/lib/python3.12/site-packages/airflow/example_dags/example_sla_dag.py took 0.294 seconds
[2024-04-27T14:12:23.433+0000] {processor.py:161} INFO - Started process (PID=632) to work on /home/airflow/.local/lib/python3.12/site-packages/airflow/example_dags/example_sla_dag.py
[2024-04-27T14:12:23.437+0000] {processor.py:830} INFO - Processing file /home/airflow/.local/lib/python3.12/site-packages/airflow/example_dags/example_sla_dag.py for tasks to queue
[2024-04-27T14:12:23.449+0000] {logging_mixin.py:188} INFO - [2024-04-27T14:12:23.448+0000] {dagbag.py:540} INFO - Filling up the DagBag from /home/airflow/.local/lib/python3.12/site-packages/airflow/example_dags/example_sla_dag.py
[2024-04-27T14:12:23.490+0000] {processor.py:840} INFO - DAG(s) 'example_sla_dag' retrieved from /home/airflow/.local/lib/python3.12/site-packages/airflow/example_dags/example_sla_dag.py
[2024-04-27T14:12:23.595+0000] {logging_mixin.py:188} INFO - [2024-04-27T14:12:23.594+0000] {dag.py:3096} INFO - Sync 1 DAGs
[2024-04-27T14:12:23.767+0000] {logging_mixin.py:188} INFO - [2024-04-27T14:12:23.767+0000] {dag.py:3954} INFO - Setting next_dagrun for example_sla_dag to 2024-04-27 14:10:00+00:00, run_after=2024-04-27 14:12:00+00:00
[2024-04-27T14:12:23.903+0000] {processor.py:183} INFO - Processing /home/airflow/.local/lib/python3.12/site-packages/airflow/example_dags/example_sla_dag.py took 0.493 seconds
