[2024-04-27T14:06:52.289+0000] {processor.py:161} INFO - Started process (PID=86) to work on /home/airflow/.local/lib/python3.12/site-packages/airflow/example_dags/example_python_operator.py
[2024-04-27T14:06:52.292+0000] {processor.py:830} INFO - Processing file /home/airflow/.local/lib/python3.12/site-packages/airflow/example_dags/example_python_operator.py for tasks to queue
[2024-04-27T14:06:52.305+0000] {logging_mixin.py:188} INFO - [2024-04-27T14:06:52.305+0000] {dagbag.py:540} INFO - Filling up the DagBag from /home/airflow/.local/lib/python3.12/site-packages/airflow/example_dags/example_python_operator.py
[2024-04-27T14:06:52.355+0000] {processor.py:840} INFO - DAG(s) 'example_python_operator' retrieved from /home/airflow/.local/lib/python3.12/site-packages/airflow/example_dags/example_python_operator.py
[2024-04-27T14:06:52.701+0000] {logging_mixin.py:188} INFO - [2024-04-27T14:06:52.700+0000] {dag.py:3096} INFO - Sync 1 DAGs
[2024-04-27T14:06:52.738+0000] {logging_mixin.py:188} INFO - [2024-04-27T14:06:52.737+0000] {dag.py:3954} INFO - Setting next_dagrun for example_python_operator to None, run_after=None
[2024-04-27T14:06:52.793+0000] {processor.py:183} INFO - Processing /home/airflow/.local/lib/python3.12/site-packages/airflow/example_dags/example_python_operator.py took 0.532 seconds
[2024-04-27T14:07:24.891+0000] {processor.py:161} INFO - Started process (PID=140) to work on /home/airflow/.local/lib/python3.12/site-packages/airflow/example_dags/example_python_operator.py
[2024-04-27T14:07:24.921+0000] {processor.py:830} INFO - Processing file /home/airflow/.local/lib/python3.12/site-packages/airflow/example_dags/example_python_operator.py for tasks to queue
[2024-04-27T14:07:24.953+0000] {logging_mixin.py:188} INFO - [2024-04-27T14:07:24.952+0000] {dagbag.py:540} INFO - Filling up the DagBag from /home/airflow/.local/lib/python3.12/site-packages/airflow/example_dags/example_python_operator.py
[2024-04-27T14:07:25.040+0000] {processor.py:840} INFO - DAG(s) 'example_python_operator' retrieved from /home/airflow/.local/lib/python3.12/site-packages/airflow/example_dags/example_python_operator.py
[2024-04-27T14:07:25.131+0000] {logging_mixin.py:188} INFO - [2024-04-27T14:07:25.130+0000] {dag.py:3096} INFO - Sync 1 DAGs
[2024-04-27T14:07:25.220+0000] {logging_mixin.py:188} INFO - [2024-04-27T14:07:25.219+0000] {dag.py:3954} INFO - Setting next_dagrun for example_python_operator to None, run_after=None
[2024-04-27T14:07:25.313+0000] {processor.py:183} INFO - Processing /home/airflow/.local/lib/python3.12/site-packages/airflow/example_dags/example_python_operator.py took 0.449 seconds
[2024-04-27T14:07:57.741+0000] {processor.py:161} INFO - Started process (PID=193) to work on /home/airflow/.local/lib/python3.12/site-packages/airflow/example_dags/example_python_operator.py
[2024-04-27T14:07:57.754+0000] {processor.py:830} INFO - Processing file /home/airflow/.local/lib/python3.12/site-packages/airflow/example_dags/example_python_operator.py for tasks to queue
[2024-04-27T14:07:57.770+0000] {logging_mixin.py:188} INFO - [2024-04-27T14:07:57.759+0000] {dagbag.py:540} INFO - Filling up the DagBag from /home/airflow/.local/lib/python3.12/site-packages/airflow/example_dags/example_python_operator.py
[2024-04-27T14:07:57.836+0000] {processor.py:840} INFO - DAG(s) 'example_python_operator' retrieved from /home/airflow/.local/lib/python3.12/site-packages/airflow/example_dags/example_python_operator.py
[2024-04-27T14:07:57.998+0000] {logging_mixin.py:188} INFO - [2024-04-27T14:07:57.997+0000] {dag.py:3096} INFO - Sync 1 DAGs
[2024-04-27T14:07:58.077+0000] {logging_mixin.py:188} INFO - [2024-04-27T14:07:58.077+0000] {dag.py:3954} INFO - Setting next_dagrun for example_python_operator to None, run_after=None
[2024-04-27T14:07:58.207+0000] {processor.py:183} INFO - Processing /home/airflow/.local/lib/python3.12/site-packages/airflow/example_dags/example_python_operator.py took 0.497 seconds
[2024-04-27T14:08:29.322+0000] {processor.py:161} INFO - Started process (PID=245) to work on /home/airflow/.local/lib/python3.12/site-packages/airflow/example_dags/example_python_operator.py
[2024-04-27T14:08:29.325+0000] {processor.py:830} INFO - Processing file /home/airflow/.local/lib/python3.12/site-packages/airflow/example_dags/example_python_operator.py for tasks to queue
[2024-04-27T14:08:29.340+0000] {logging_mixin.py:188} INFO - [2024-04-27T14:08:29.339+0000] {dagbag.py:540} INFO - Filling up the DagBag from /home/airflow/.local/lib/python3.12/site-packages/airflow/example_dags/example_python_operator.py
[2024-04-27T14:08:29.422+0000] {processor.py:840} INFO - DAG(s) 'example_python_operator' retrieved from /home/airflow/.local/lib/python3.12/site-packages/airflow/example_dags/example_python_operator.py
[2024-04-27T14:08:29.567+0000] {logging_mixin.py:188} INFO - [2024-04-27T14:08:29.567+0000] {dag.py:3096} INFO - Sync 1 DAGs
[2024-04-27T14:08:29.677+0000] {logging_mixin.py:188} INFO - [2024-04-27T14:08:29.676+0000] {dag.py:3954} INFO - Setting next_dagrun for example_python_operator to None, run_after=None
[2024-04-27T14:08:29.815+0000] {processor.py:183} INFO - Processing /home/airflow/.local/lib/python3.12/site-packages/airflow/example_dags/example_python_operator.py took 0.542 seconds
[2024-04-27T14:09:00.411+0000] {processor.py:161} INFO - Started process (PID=299) to work on /home/airflow/.local/lib/python3.12/site-packages/airflow/example_dags/example_python_operator.py
[2024-04-27T14:09:00.412+0000] {processor.py:830} INFO - Processing file /home/airflow/.local/lib/python3.12/site-packages/airflow/example_dags/example_python_operator.py for tasks to queue
[2024-04-27T14:09:00.419+0000] {logging_mixin.py:188} INFO - [2024-04-27T14:09:00.418+0000] {dagbag.py:540} INFO - Filling up the DagBag from /home/airflow/.local/lib/python3.12/site-packages/airflow/example_dags/example_python_operator.py
[2024-04-27T14:09:00.477+0000] {processor.py:840} INFO - DAG(s) 'example_python_operator' retrieved from /home/airflow/.local/lib/python3.12/site-packages/airflow/example_dags/example_python_operator.py
[2024-04-27T14:09:00.627+0000] {logging_mixin.py:188} INFO - [2024-04-27T14:09:00.625+0000] {dag.py:3096} INFO - Sync 1 DAGs
[2024-04-27T14:09:00.670+0000] {logging_mixin.py:188} INFO - [2024-04-27T14:09:00.669+0000] {dag.py:3954} INFO - Setting next_dagrun for example_python_operator to None, run_after=None
[2024-04-27T14:09:00.751+0000] {processor.py:183} INFO - Processing /home/airflow/.local/lib/python3.12/site-packages/airflow/example_dags/example_python_operator.py took 0.359 seconds
[2024-04-27T14:09:30.892+0000] {processor.py:161} INFO - Started process (PID=353) to work on /home/airflow/.local/lib/python3.12/site-packages/airflow/example_dags/example_python_operator.py
[2024-04-27T14:09:30.895+0000] {processor.py:830} INFO - Processing file /home/airflow/.local/lib/python3.12/site-packages/airflow/example_dags/example_python_operator.py for tasks to queue
[2024-04-27T14:09:30.902+0000] {logging_mixin.py:188} INFO - [2024-04-27T14:09:30.902+0000] {dagbag.py:540} INFO - Filling up the DagBag from /home/airflow/.local/lib/python3.12/site-packages/airflow/example_dags/example_python_operator.py
[2024-04-27T14:09:30.935+0000] {processor.py:840} INFO - DAG(s) 'example_python_operator' retrieved from /home/airflow/.local/lib/python3.12/site-packages/airflow/example_dags/example_python_operator.py
[2024-04-27T14:09:31.021+0000] {logging_mixin.py:188} INFO - [2024-04-27T14:09:31.020+0000] {dag.py:3096} INFO - Sync 1 DAGs
[2024-04-27T14:09:31.089+0000] {logging_mixin.py:188} INFO - [2024-04-27T14:09:31.089+0000] {dag.py:3954} INFO - Setting next_dagrun for example_python_operator to None, run_after=None
[2024-04-27T14:09:31.145+0000] {processor.py:183} INFO - Processing /home/airflow/.local/lib/python3.12/site-packages/airflow/example_dags/example_python_operator.py took 0.270 seconds
[2024-04-27T14:10:02.941+0000] {processor.py:161} INFO - Started process (PID=408) to work on /home/airflow/.local/lib/python3.12/site-packages/airflow/example_dags/example_python_operator.py
[2024-04-27T14:10:02.943+0000] {processor.py:830} INFO - Processing file /home/airflow/.local/lib/python3.12/site-packages/airflow/example_dags/example_python_operator.py for tasks to queue
[2024-04-27T14:10:02.947+0000] {logging_mixin.py:188} INFO - [2024-04-27T14:10:02.946+0000] {dagbag.py:540} INFO - Filling up the DagBag from /home/airflow/.local/lib/python3.12/site-packages/airflow/example_dags/example_python_operator.py
[2024-04-27T14:10:02.978+0000] {processor.py:840} INFO - DAG(s) 'example_python_operator' retrieved from /home/airflow/.local/lib/python3.12/site-packages/airflow/example_dags/example_python_operator.py
[2024-04-27T14:10:03.046+0000] {logging_mixin.py:188} INFO - [2024-04-27T14:10:03.046+0000] {dag.py:3096} INFO - Sync 1 DAGs
[2024-04-27T14:10:03.088+0000] {logging_mixin.py:188} INFO - [2024-04-27T14:10:03.088+0000] {dag.py:3954} INFO - Setting next_dagrun for example_python_operator to None, run_after=None
[2024-04-27T14:10:03.263+0000] {processor.py:183} INFO - Processing /home/airflow/.local/lib/python3.12/site-packages/airflow/example_dags/example_python_operator.py took 0.336 seconds
[2024-04-27T14:10:34.165+0000] {processor.py:161} INFO - Started process (PID=462) to work on /home/airflow/.local/lib/python3.12/site-packages/airflow/example_dags/example_python_operator.py
[2024-04-27T14:10:34.167+0000] {processor.py:830} INFO - Processing file /home/airflow/.local/lib/python3.12/site-packages/airflow/example_dags/example_python_operator.py for tasks to queue
[2024-04-27T14:10:34.172+0000] {logging_mixin.py:188} INFO - [2024-04-27T14:10:34.172+0000] {dagbag.py:540} INFO - Filling up the DagBag from /home/airflow/.local/lib/python3.12/site-packages/airflow/example_dags/example_python_operator.py
[2024-04-27T14:10:34.199+0000] {processor.py:840} INFO - DAG(s) 'example_python_operator' retrieved from /home/airflow/.local/lib/python3.12/site-packages/airflow/example_dags/example_python_operator.py
[2024-04-27T14:10:34.264+0000] {logging_mixin.py:188} INFO - [2024-04-27T14:10:34.264+0000] {dag.py:3096} INFO - Sync 1 DAGs
[2024-04-27T14:10:34.305+0000] {logging_mixin.py:188} INFO - [2024-04-27T14:10:34.304+0000] {dag.py:3954} INFO - Setting next_dagrun for example_python_operator to None, run_after=None
[2024-04-27T14:10:34.358+0000] {processor.py:183} INFO - Processing /home/airflow/.local/lib/python3.12/site-packages/airflow/example_dags/example_python_operator.py took 0.206 seconds
[2024-04-27T14:11:05.005+0000] {processor.py:161} INFO - Started process (PID=516) to work on /home/airflow/.local/lib/python3.12/site-packages/airflow/example_dags/example_python_operator.py
[2024-04-27T14:11:05.008+0000] {processor.py:830} INFO - Processing file /home/airflow/.local/lib/python3.12/site-packages/airflow/example_dags/example_python_operator.py for tasks to queue
[2024-04-27T14:11:05.021+0000] {logging_mixin.py:188} INFO - [2024-04-27T14:11:05.020+0000] {dagbag.py:540} INFO - Filling up the DagBag from /home/airflow/.local/lib/python3.12/site-packages/airflow/example_dags/example_python_operator.py
[2024-04-27T14:11:05.058+0000] {processor.py:840} INFO - DAG(s) 'example_python_operator' retrieved from /home/airflow/.local/lib/python3.12/site-packages/airflow/example_dags/example_python_operator.py
[2024-04-27T14:11:05.154+0000] {logging_mixin.py:188} INFO - [2024-04-27T14:11:05.153+0000] {dag.py:3096} INFO - Sync 1 DAGs
[2024-04-27T14:11:05.187+0000] {logging_mixin.py:188} INFO - [2024-04-27T14:11:05.186+0000] {dag.py:3954} INFO - Setting next_dagrun for example_python_operator to None, run_after=None
[2024-04-27T14:11:05.408+0000] {processor.py:183} INFO - Processing /home/airflow/.local/lib/python3.12/site-packages/airflow/example_dags/example_python_operator.py took 0.423 seconds
[2024-04-27T14:11:37.668+0000] {processor.py:161} INFO - Started process (PID=570) to work on /home/airflow/.local/lib/python3.12/site-packages/airflow/example_dags/example_python_operator.py
[2024-04-27T14:11:37.672+0000] {processor.py:830} INFO - Processing file /home/airflow/.local/lib/python3.12/site-packages/airflow/example_dags/example_python_operator.py for tasks to queue
[2024-04-27T14:11:37.682+0000] {logging_mixin.py:188} INFO - [2024-04-27T14:11:37.681+0000] {dagbag.py:540} INFO - Filling up the DagBag from /home/airflow/.local/lib/python3.12/site-packages/airflow/example_dags/example_python_operator.py
[2024-04-27T14:11:37.732+0000] {processor.py:840} INFO - DAG(s) 'example_python_operator' retrieved from /home/airflow/.local/lib/python3.12/site-packages/airflow/example_dags/example_python_operator.py
[2024-04-27T14:11:37.820+0000] {logging_mixin.py:188} INFO - [2024-04-27T14:11:37.819+0000] {dag.py:3096} INFO - Sync 1 DAGs
[2024-04-27T14:11:37.856+0000] {logging_mixin.py:188} INFO - [2024-04-27T14:11:37.855+0000] {dag.py:3954} INFO - Setting next_dagrun for example_python_operator to None, run_after=None
[2024-04-27T14:11:38.305+0000] {processor.py:183} INFO - Processing /home/airflow/.local/lib/python3.12/site-packages/airflow/example_dags/example_python_operator.py took 0.669 seconds
[2024-04-27T14:12:11.641+0000] {processor.py:161} INFO - Started process (PID=624) to work on /home/airflow/.local/lib/python3.12/site-packages/airflow/example_dags/example_python_operator.py
[2024-04-27T14:12:11.646+0000] {processor.py:830} INFO - Processing file /home/airflow/.local/lib/python3.12/site-packages/airflow/example_dags/example_python_operator.py for tasks to queue
[2024-04-27T14:12:11.663+0000] {logging_mixin.py:188} INFO - [2024-04-27T14:12:11.662+0000] {dagbag.py:540} INFO - Filling up the DagBag from /home/airflow/.local/lib/python3.12/site-packages/airflow/example_dags/example_python_operator.py
[2024-04-27T14:12:11.771+0000] {processor.py:840} INFO - DAG(s) 'example_python_operator' retrieved from /home/airflow/.local/lib/python3.12/site-packages/airflow/example_dags/example_python_operator.py
[2024-04-27T14:12:11.952+0000] {logging_mixin.py:188} INFO - [2024-04-27T14:12:11.951+0000] {dag.py:3096} INFO - Sync 1 DAGs
[2024-04-27T14:12:12.078+0000] {logging_mixin.py:188} INFO - [2024-04-27T14:12:12.071+0000] {dag.py:3954} INFO - Setting next_dagrun for example_python_operator to None, run_after=None
[2024-04-27T14:12:12.340+0000] {processor.py:183} INFO - Processing /home/airflow/.local/lib/python3.12/site-packages/airflow/example_dags/example_python_operator.py took 0.759 seconds
