[2024-04-27T14:06:40.687+0000] {processor.py:161} INFO - Started process (PID=76) to work on /home/airflow/.local/lib/python3.12/site-packages/airflow/example_dags/example_setup_teardown.py
[2024-04-27T14:06:40.688+0000] {processor.py:830} INFO - Processing file /home/airflow/.local/lib/python3.12/site-packages/airflow/example_dags/example_setup_teardown.py for tasks to queue
[2024-04-27T14:06:40.691+0000] {logging_mixin.py:188} INFO - [2024-04-27T14:06:40.691+0000] {dagbag.py:540} INFO - Filling up the DagBag from /home/airflow/.local/lib/python3.12/site-packages/airflow/example_dags/example_setup_teardown.py
[2024-04-27T14:06:40.832+0000] {processor.py:840} INFO - DAG(s) 'example_setup_teardown' retrieved from /home/airflow/.local/lib/python3.12/site-packages/airflow/example_dags/example_setup_teardown.py
[2024-04-27T14:06:42.844+0000] {logging_mixin.py:188} INFO - [2024-04-27T14:06:42.843+0000] {dag.py:3096} INFO - Sync 1 DAGs
[2024-04-27T14:06:43.146+0000] {logging_mixin.py:188} INFO - [2024-04-27T14:06:43.145+0000] {dag.py:3954} INFO - Setting next_dagrun for example_setup_teardown to 2024-04-26 00:00:00+00:00, run_after=2024-04-27 00:00:00+00:00
[2024-04-27T14:06:44.090+0000] {processor.py:183} INFO - Processing /home/airflow/.local/lib/python3.12/site-packages/airflow/example_dags/example_setup_teardown.py took 3.404 seconds
[2024-04-27T14:07:14.486+0000] {processor.py:161} INFO - Started process (PID=130) to work on /home/airflow/.local/lib/python3.12/site-packages/airflow/example_dags/example_setup_teardown.py
[2024-04-27T14:07:14.508+0000] {processor.py:830} INFO - Processing file /home/airflow/.local/lib/python3.12/site-packages/airflow/example_dags/example_setup_teardown.py for tasks to queue
[2024-04-27T14:07:14.519+0000] {logging_mixin.py:188} INFO - [2024-04-27T14:07:14.519+0000] {dagbag.py:540} INFO - Filling up the DagBag from /home/airflow/.local/lib/python3.12/site-packages/airflow/example_dags/example_setup_teardown.py
[2024-04-27T14:07:14.554+0000] {processor.py:840} INFO - DAG(s) 'example_setup_teardown' retrieved from /home/airflow/.local/lib/python3.12/site-packages/airflow/example_dags/example_setup_teardown.py
[2024-04-27T14:07:14.920+0000] {logging_mixin.py:188} INFO - [2024-04-27T14:07:14.920+0000] {dag.py:3096} INFO - Sync 1 DAGs
[2024-04-27T14:07:15.243+0000] {logging_mixin.py:188} INFO - [2024-04-27T14:07:15.243+0000] {dag.py:3954} INFO - Setting next_dagrun for example_setup_teardown to 2024-04-26 00:00:00+00:00, run_after=2024-04-27 00:00:00+00:00
[2024-04-27T14:07:15.546+0000] {processor.py:183} INFO - Processing /home/airflow/.local/lib/python3.12/site-packages/airflow/example_dags/example_setup_teardown.py took 1.287 seconds
[2024-04-27T14:07:46.723+0000] {processor.py:161} INFO - Started process (PID=182) to work on /home/airflow/.local/lib/python3.12/site-packages/airflow/example_dags/example_setup_teardown.py
[2024-04-27T14:07:46.785+0000] {processor.py:830} INFO - Processing file /home/airflow/.local/lib/python3.12/site-packages/airflow/example_dags/example_setup_teardown.py for tasks to queue
[2024-04-27T14:07:47.379+0000] {logging_mixin.py:188} INFO - [2024-04-27T14:07:47.222+0000] {dagbag.py:540} INFO - Filling up the DagBag from /home/airflow/.local/lib/python3.12/site-packages/airflow/example_dags/example_setup_teardown.py
[2024-04-27T14:07:47.540+0000] {processor.py:840} INFO - DAG(s) 'example_setup_teardown' retrieved from /home/airflow/.local/lib/python3.12/site-packages/airflow/example_dags/example_setup_teardown.py
[2024-04-27T14:07:48.435+0000] {logging_mixin.py:188} INFO - [2024-04-27T14:07:48.434+0000] {dag.py:3096} INFO - Sync 1 DAGs
[2024-04-27T14:07:48.906+0000] {logging_mixin.py:188} INFO - [2024-04-27T14:07:48.906+0000] {dag.py:3954} INFO - Setting next_dagrun for example_setup_teardown to 2024-04-26 00:00:00+00:00, run_after=2024-04-27 00:00:00+00:00
[2024-04-27T14:07:50.216+0000] {processor.py:183} INFO - Processing /home/airflow/.local/lib/python3.12/site-packages/airflow/example_dags/example_setup_teardown.py took 3.513 seconds
[2024-04-27T14:08:20.857+0000] {processor.py:161} INFO - Started process (PID=237) to work on /home/airflow/.local/lib/python3.12/site-packages/airflow/example_dags/example_setup_teardown.py
[2024-04-27T14:08:20.862+0000] {processor.py:830} INFO - Processing file /home/airflow/.local/lib/python3.12/site-packages/airflow/example_dags/example_setup_teardown.py for tasks to queue
[2024-04-27T14:08:20.880+0000] {logging_mixin.py:188} INFO - [2024-04-27T14:08:20.878+0000] {dagbag.py:540} INFO - Filling up the DagBag from /home/airflow/.local/lib/python3.12/site-packages/airflow/example_dags/example_setup_teardown.py
[2024-04-27T14:08:20.940+0000] {processor.py:840} INFO - DAG(s) 'example_setup_teardown' retrieved from /home/airflow/.local/lib/python3.12/site-packages/airflow/example_dags/example_setup_teardown.py
[2024-04-27T14:08:21.039+0000] {logging_mixin.py:188} INFO - [2024-04-27T14:08:21.038+0000] {dag.py:3096} INFO - Sync 1 DAGs
[2024-04-27T14:08:21.117+0000] {logging_mixin.py:188} INFO - [2024-04-27T14:08:21.115+0000] {dag.py:3954} INFO - Setting next_dagrun for example_setup_teardown to 2024-04-26 00:00:00+00:00, run_after=2024-04-27 00:00:00+00:00
[2024-04-27T14:08:21.190+0000] {processor.py:183} INFO - Processing /home/airflow/.local/lib/python3.12/site-packages/airflow/example_dags/example_setup_teardown.py took 0.354 seconds
[2024-04-27T14:08:51.759+0000] {processor.py:161} INFO - Started process (PID=290) to work on /home/airflow/.local/lib/python3.12/site-packages/airflow/example_dags/example_setup_teardown.py
[2024-04-27T14:08:51.762+0000] {processor.py:830} INFO - Processing file /home/airflow/.local/lib/python3.12/site-packages/airflow/example_dags/example_setup_teardown.py for tasks to queue
[2024-04-27T14:08:51.768+0000] {logging_mixin.py:188} INFO - [2024-04-27T14:08:51.767+0000] {dagbag.py:540} INFO - Filling up the DagBag from /home/airflow/.local/lib/python3.12/site-packages/airflow/example_dags/example_setup_teardown.py
[2024-04-27T14:08:51.782+0000] {processor.py:840} INFO - DAG(s) 'example_setup_teardown' retrieved from /home/airflow/.local/lib/python3.12/site-packages/airflow/example_dags/example_setup_teardown.py
[2024-04-27T14:08:51.837+0000] {logging_mixin.py:188} INFO - [2024-04-27T14:08:51.836+0000] {dag.py:3096} INFO - Sync 1 DAGs
[2024-04-27T14:08:51.920+0000] {logging_mixin.py:188} INFO - [2024-04-27T14:08:51.920+0000] {dag.py:3954} INFO - Setting next_dagrun for example_setup_teardown to 2024-04-26 00:00:00+00:00, run_after=2024-04-27 00:00:00+00:00
[2024-04-27T14:08:52.373+0000] {processor.py:183} INFO - Processing /home/airflow/.local/lib/python3.12/site-packages/airflow/example_dags/example_setup_teardown.py took 0.628 seconds
[2024-04-27T14:09:22.832+0000] {processor.py:161} INFO - Started process (PID=344) to work on /home/airflow/.local/lib/python3.12/site-packages/airflow/example_dags/example_setup_teardown.py
[2024-04-27T14:09:22.834+0000] {processor.py:830} INFO - Processing file /home/airflow/.local/lib/python3.12/site-packages/airflow/example_dags/example_setup_teardown.py for tasks to queue
[2024-04-27T14:09:22.840+0000] {logging_mixin.py:188} INFO - [2024-04-27T14:09:22.838+0000] {dagbag.py:540} INFO - Filling up the DagBag from /home/airflow/.local/lib/python3.12/site-packages/airflow/example_dags/example_setup_teardown.py
[2024-04-27T14:09:22.857+0000] {processor.py:840} INFO - DAG(s) 'example_setup_teardown' retrieved from /home/airflow/.local/lib/python3.12/site-packages/airflow/example_dags/example_setup_teardown.py
[2024-04-27T14:09:22.917+0000] {logging_mixin.py:188} INFO - [2024-04-27T14:09:22.916+0000] {dag.py:3096} INFO - Sync 1 DAGs
[2024-04-27T14:09:23.225+0000] {logging_mixin.py:188} INFO - [2024-04-27T14:09:23.225+0000] {dag.py:3954} INFO - Setting next_dagrun for example_setup_teardown to 2024-04-26 00:00:00+00:00, run_after=2024-04-27 00:00:00+00:00
[2024-04-27T14:09:23.288+0000] {processor.py:183} INFO - Processing /home/airflow/.local/lib/python3.12/site-packages/airflow/example_dags/example_setup_teardown.py took 0.473 seconds
[2024-04-27T14:09:54.953+0000] {processor.py:161} INFO - Started process (PID=398) to work on /home/airflow/.local/lib/python3.12/site-packages/airflow/example_dags/example_setup_teardown.py
[2024-04-27T14:09:54.955+0000] {processor.py:830} INFO - Processing file /home/airflow/.local/lib/python3.12/site-packages/airflow/example_dags/example_setup_teardown.py for tasks to queue
[2024-04-27T14:09:54.961+0000] {logging_mixin.py:188} INFO - [2024-04-27T14:09:54.960+0000] {dagbag.py:540} INFO - Filling up the DagBag from /home/airflow/.local/lib/python3.12/site-packages/airflow/example_dags/example_setup_teardown.py
[2024-04-27T14:09:54.989+0000] {processor.py:840} INFO - DAG(s) 'example_setup_teardown' retrieved from /home/airflow/.local/lib/python3.12/site-packages/airflow/example_dags/example_setup_teardown.py
[2024-04-27T14:09:55.058+0000] {logging_mixin.py:188} INFO - [2024-04-27T14:09:55.058+0000] {dag.py:3096} INFO - Sync 1 DAGs
[2024-04-27T14:09:55.122+0000] {logging_mixin.py:188} INFO - [2024-04-27T14:09:55.122+0000] {dag.py:3954} INFO - Setting next_dagrun for example_setup_teardown to 2024-04-26 00:00:00+00:00, run_after=2024-04-27 00:00:00+00:00
[2024-04-27T14:09:55.171+0000] {processor.py:183} INFO - Processing /home/airflow/.local/lib/python3.12/site-packages/airflow/example_dags/example_setup_teardown.py took 0.232 seconds
[2024-04-27T14:10:25.999+0000] {processor.py:161} INFO - Started process (PID=452) to work on /home/airflow/.local/lib/python3.12/site-packages/airflow/example_dags/example_setup_teardown.py
[2024-04-27T14:10:26.003+0000] {processor.py:830} INFO - Processing file /home/airflow/.local/lib/python3.12/site-packages/airflow/example_dags/example_setup_teardown.py for tasks to queue
[2024-04-27T14:10:26.014+0000] {logging_mixin.py:188} INFO - [2024-04-27T14:10:26.013+0000] {dagbag.py:540} INFO - Filling up the DagBag from /home/airflow/.local/lib/python3.12/site-packages/airflow/example_dags/example_setup_teardown.py
[2024-04-27T14:10:26.034+0000] {processor.py:840} INFO - DAG(s) 'example_setup_teardown' retrieved from /home/airflow/.local/lib/python3.12/site-packages/airflow/example_dags/example_setup_teardown.py
[2024-04-27T14:10:26.109+0000] {logging_mixin.py:188} INFO - [2024-04-27T14:10:26.109+0000] {dag.py:3096} INFO - Sync 1 DAGs
[2024-04-27T14:10:26.186+0000] {logging_mixin.py:188} INFO - [2024-04-27T14:10:26.186+0000] {dag.py:3954} INFO - Setting next_dagrun for example_setup_teardown to 2024-04-26 00:00:00+00:00, run_after=2024-04-27 00:00:00+00:00
[2024-04-27T14:10:26.258+0000] {processor.py:183} INFO - Processing /home/airflow/.local/lib/python3.12/site-packages/airflow/example_dags/example_setup_teardown.py took 0.273 seconds
[2024-04-27T14:10:56.985+0000] {processor.py:161} INFO - Started process (PID=506) to work on /home/airflow/.local/lib/python3.12/site-packages/airflow/example_dags/example_setup_teardown.py
[2024-04-27T14:10:56.988+0000] {processor.py:830} INFO - Processing file /home/airflow/.local/lib/python3.12/site-packages/airflow/example_dags/example_setup_teardown.py for tasks to queue
[2024-04-27T14:10:56.993+0000] {logging_mixin.py:188} INFO - [2024-04-27T14:10:56.992+0000] {dagbag.py:540} INFO - Filling up the DagBag from /home/airflow/.local/lib/python3.12/site-packages/airflow/example_dags/example_setup_teardown.py
[2024-04-27T14:10:57.012+0000] {processor.py:840} INFO - DAG(s) 'example_setup_teardown' retrieved from /home/airflow/.local/lib/python3.12/site-packages/airflow/example_dags/example_setup_teardown.py
[2024-04-27T14:10:57.071+0000] {logging_mixin.py:188} INFO - [2024-04-27T14:10:57.070+0000] {dag.py:3096} INFO - Sync 1 DAGs
[2024-04-27T14:10:57.140+0000] {logging_mixin.py:188} INFO - [2024-04-27T14:10:57.139+0000] {dag.py:3954} INFO - Setting next_dagrun for example_setup_teardown to 2024-04-26 00:00:00+00:00, run_after=2024-04-27 00:00:00+00:00
[2024-04-27T14:10:57.211+0000] {processor.py:183} INFO - Processing /home/airflow/.local/lib/python3.12/site-packages/airflow/example_dags/example_setup_teardown.py took 0.244 seconds
[2024-04-27T14:11:29.727+0000] {processor.py:161} INFO - Started process (PID=558) to work on /home/airflow/.local/lib/python3.12/site-packages/airflow/example_dags/example_setup_teardown.py
[2024-04-27T14:11:29.729+0000] {processor.py:830} INFO - Processing file /home/airflow/.local/lib/python3.12/site-packages/airflow/example_dags/example_setup_teardown.py for tasks to queue
[2024-04-27T14:11:29.735+0000] {logging_mixin.py:188} INFO - [2024-04-27T14:11:29.734+0000] {dagbag.py:540} INFO - Filling up the DagBag from /home/airflow/.local/lib/python3.12/site-packages/airflow/example_dags/example_setup_teardown.py
[2024-04-27T14:11:29.756+0000] {processor.py:840} INFO - DAG(s) 'example_setup_teardown' retrieved from /home/airflow/.local/lib/python3.12/site-packages/airflow/example_dags/example_setup_teardown.py
[2024-04-27T14:11:29.812+0000] {logging_mixin.py:188} INFO - [2024-04-27T14:11:29.812+0000] {dag.py:3096} INFO - Sync 1 DAGs
[2024-04-27T14:11:29.873+0000] {logging_mixin.py:188} INFO - [2024-04-27T14:11:29.872+0000] {dag.py:3954} INFO - Setting next_dagrun for example_setup_teardown to 2024-04-26 00:00:00+00:00, run_after=2024-04-27 00:00:00+00:00
[2024-04-27T14:11:29.922+0000] {processor.py:183} INFO - Processing /home/airflow/.local/lib/python3.12/site-packages/airflow/example_dags/example_setup_teardown.py took 0.212 seconds
[2024-04-27T14:12:03.504+0000] {processor.py:161} INFO - Started process (PID=611) to work on /home/airflow/.local/lib/python3.12/site-packages/airflow/example_dags/example_setup_teardown.py
[2024-04-27T14:12:03.507+0000] {processor.py:830} INFO - Processing file /home/airflow/.local/lib/python3.12/site-packages/airflow/example_dags/example_setup_teardown.py for tasks to queue
[2024-04-27T14:12:03.511+0000] {logging_mixin.py:188} INFO - [2024-04-27T14:12:03.511+0000] {dagbag.py:540} INFO - Filling up the DagBag from /home/airflow/.local/lib/python3.12/site-packages/airflow/example_dags/example_setup_teardown.py
[2024-04-27T14:12:03.530+0000] {processor.py:840} INFO - DAG(s) 'example_setup_teardown' retrieved from /home/airflow/.local/lib/python3.12/site-packages/airflow/example_dags/example_setup_teardown.py
[2024-04-27T14:12:03.591+0000] {logging_mixin.py:188} INFO - [2024-04-27T14:12:03.590+0000] {dag.py:3096} INFO - Sync 1 DAGs
[2024-04-27T14:12:03.654+0000] {logging_mixin.py:188} INFO - [2024-04-27T14:12:03.653+0000] {dag.py:3954} INFO - Setting next_dagrun for example_setup_teardown to 2024-04-26 00:00:00+00:00, run_after=2024-04-27 00:00:00+00:00
[2024-04-27T14:12:03.780+0000] {processor.py:183} INFO - Processing /home/airflow/.local/lib/python3.12/site-packages/airflow/example_dags/example_setup_teardown.py took 0.292 seconds
