[2024-04-27T14:06:47.157+0000] {processor.py:161} INFO - Started process (PID=81) to work on /home/airflow/.local/lib/python3.12/site-packages/airflow/example_dags/example_dag_decorator.py
[2024-04-27T14:06:47.170+0000] {processor.py:830} INFO - Processing file /home/airflow/.local/lib/python3.12/site-packages/airflow/example_dags/example_dag_decorator.py for tasks to queue
[2024-04-27T14:06:47.194+0000] {logging_mixin.py:188} INFO - [2024-04-27T14:06:47.190+0000] {dagbag.py:540} INFO - Filling up the DagBag from /home/airflow/.local/lib/python3.12/site-packages/airflow/example_dags/example_dag_decorator.py
[2024-04-27T14:06:50.866+0000] {processor.py:840} INFO - DAG(s) 'example_dag_decorator' retrieved from /home/airflow/.local/lib/python3.12/site-packages/airflow/example_dags/example_dag_decorator.py
[2024-04-27T14:06:51.495+0000] {logging_mixin.py:188} INFO - [2024-04-27T14:06:51.490+0000] {dag.py:3096} INFO - Sync 1 DAGs
[2024-04-27T14:06:51.552+0000] {logging_mixin.py:188} INFO - [2024-04-27T14:06:51.552+0000] {dag.py:3954} INFO - Setting next_dagrun for example_dag_decorator to None, run_after=None
[2024-04-27T14:06:51.669+0000] {processor.py:183} INFO - Processing /home/airflow/.local/lib/python3.12/site-packages/airflow/example_dags/example_dag_decorator.py took 4.535 seconds
[2024-04-27T14:07:22.695+0000] {processor.py:161} INFO - Started process (PID=137) to work on /home/airflow/.local/lib/python3.12/site-packages/airflow/example_dags/example_dag_decorator.py
[2024-04-27T14:07:22.701+0000] {processor.py:830} INFO - Processing file /home/airflow/.local/lib/python3.12/site-packages/airflow/example_dags/example_dag_decorator.py for tasks to queue
[2024-04-27T14:07:22.712+0000] {logging_mixin.py:188} INFO - [2024-04-27T14:07:22.711+0000] {dagbag.py:540} INFO - Filling up the DagBag from /home/airflow/.local/lib/python3.12/site-packages/airflow/example_dags/example_dag_decorator.py
[2024-04-27T14:07:25.400+0000] {processor.py:840} INFO - DAG(s) 'example_dag_decorator' retrieved from /home/airflow/.local/lib/python3.12/site-packages/airflow/example_dags/example_dag_decorator.py
[2024-04-27T14:07:27.538+0000] {logging_mixin.py:188} INFO - [2024-04-27T14:07:27.538+0000] {dag.py:3096} INFO - Sync 1 DAGs
[2024-04-27T14:07:27.604+0000] {logging_mixin.py:188} INFO - [2024-04-27T14:07:27.603+0000] {dag.py:3954} INFO - Setting next_dagrun for example_dag_decorator to None, run_after=None
[2024-04-27T14:07:27.802+0000] {processor.py:183} INFO - Processing /home/airflow/.local/lib/python3.12/site-packages/airflow/example_dags/example_dag_decorator.py took 5.149 seconds
[2024-04-27T14:07:59.778+0000] {processor.py:161} INFO - Started process (PID=196) to work on /home/airflow/.local/lib/python3.12/site-packages/airflow/example_dags/example_dag_decorator.py
[2024-04-27T14:07:59.781+0000] {processor.py:830} INFO - Processing file /home/airflow/.local/lib/python3.12/site-packages/airflow/example_dags/example_dag_decorator.py for tasks to queue
[2024-04-27T14:07:59.786+0000] {logging_mixin.py:188} INFO - [2024-04-27T14:07:59.785+0000] {dagbag.py:540} INFO - Filling up the DagBag from /home/airflow/.local/lib/python3.12/site-packages/airflow/example_dags/example_dag_decorator.py
[2024-04-27T14:08:00.246+0000] {processor.py:840} INFO - DAG(s) 'example_dag_decorator' retrieved from /home/airflow/.local/lib/python3.12/site-packages/airflow/example_dags/example_dag_decorator.py
[2024-04-27T14:08:00.743+0000] {logging_mixin.py:188} INFO - [2024-04-27T14:08:00.742+0000] {dag.py:3096} INFO - Sync 1 DAGs
[2024-04-27T14:08:00.799+0000] {logging_mixin.py:188} INFO - [2024-04-27T14:08:00.799+0000] {dag.py:3954} INFO - Setting next_dagrun for example_dag_decorator to None, run_after=None
[2024-04-27T14:08:00.881+0000] {processor.py:183} INFO - Processing /home/airflow/.local/lib/python3.12/site-packages/airflow/example_dags/example_dag_decorator.py took 1.120 seconds
[2024-04-27T14:08:31.276+0000] {processor.py:161} INFO - Started process (PID=248) to work on /home/airflow/.local/lib/python3.12/site-packages/airflow/example_dags/example_dag_decorator.py
[2024-04-27T14:08:31.294+0000] {processor.py:830} INFO - Processing file /home/airflow/.local/lib/python3.12/site-packages/airflow/example_dags/example_dag_decorator.py for tasks to queue
[2024-04-27T14:08:31.306+0000] {logging_mixin.py:188} INFO - [2024-04-27T14:08:31.305+0000] {dagbag.py:540} INFO - Filling up the DagBag from /home/airflow/.local/lib/python3.12/site-packages/airflow/example_dags/example_dag_decorator.py
[2024-04-27T14:08:31.985+0000] {processor.py:840} INFO - DAG(s) 'example_dag_decorator' retrieved from /home/airflow/.local/lib/python3.12/site-packages/airflow/example_dags/example_dag_decorator.py
[2024-04-27T14:08:33.655+0000] {logging_mixin.py:188} INFO - [2024-04-27T14:08:33.655+0000] {dag.py:3096} INFO - Sync 1 DAGs
[2024-04-27T14:08:33.731+0000] {logging_mixin.py:188} INFO - [2024-04-27T14:08:33.730+0000] {dag.py:3954} INFO - Setting next_dagrun for example_dag_decorator to None, run_after=None
[2024-04-27T14:08:34.160+0000] {processor.py:183} INFO - Processing /home/airflow/.local/lib/python3.12/site-packages/airflow/example_dags/example_dag_decorator.py took 2.919 seconds
[2024-04-27T14:09:05.261+0000] {processor.py:161} INFO - Started process (PID=302) to work on /home/airflow/.local/lib/python3.12/site-packages/airflow/example_dags/example_dag_decorator.py
[2024-04-27T14:09:05.264+0000] {processor.py:830} INFO - Processing file /home/airflow/.local/lib/python3.12/site-packages/airflow/example_dags/example_dag_decorator.py for tasks to queue
[2024-04-27T14:09:05.310+0000] {logging_mixin.py:188} INFO - [2024-04-27T14:09:05.297+0000] {dagbag.py:540} INFO - Filling up the DagBag from /home/airflow/.local/lib/python3.12/site-packages/airflow/example_dags/example_dag_decorator.py
[2024-04-27T14:09:08.821+0000] {processor.py:840} INFO - DAG(s) 'example_dag_decorator' retrieved from /home/airflow/.local/lib/python3.12/site-packages/airflow/example_dags/example_dag_decorator.py
[2024-04-27T14:09:11.096+0000] {logging_mixin.py:188} INFO - [2024-04-27T14:09:11.096+0000] {dag.py:3096} INFO - Sync 1 DAGs
[2024-04-27T14:09:11.120+0000] {logging_mixin.py:188} INFO - [2024-04-27T14:09:11.120+0000] {dag.py:3954} INFO - Setting next_dagrun for example_dag_decorator to None, run_after=None
[2024-04-27T14:09:11.211+0000] {processor.py:183} INFO - Processing /home/airflow/.local/lib/python3.12/site-packages/airflow/example_dags/example_dag_decorator.py took 5.993 seconds
[2024-04-27T14:09:41.717+0000] {processor.py:161} INFO - Started process (PID=368) to work on /home/airflow/.local/lib/python3.12/site-packages/airflow/example_dags/example_dag_decorator.py
[2024-04-27T14:09:41.719+0000] {processor.py:830} INFO - Processing file /home/airflow/.local/lib/python3.12/site-packages/airflow/example_dags/example_dag_decorator.py for tasks to queue
[2024-04-27T14:09:41.730+0000] {logging_mixin.py:188} INFO - [2024-04-27T14:09:41.729+0000] {dagbag.py:540} INFO - Filling up the DagBag from /home/airflow/.local/lib/python3.12/site-packages/airflow/example_dags/example_dag_decorator.py
[2024-04-27T14:09:42.082+0000] {processor.py:840} INFO - DAG(s) 'example_dag_decorator' retrieved from /home/airflow/.local/lib/python3.12/site-packages/airflow/example_dags/example_dag_decorator.py
[2024-04-27T14:09:42.931+0000] {logging_mixin.py:188} INFO - [2024-04-27T14:09:42.930+0000] {dag.py:3096} INFO - Sync 1 DAGs
[2024-04-27T14:09:42.959+0000] {logging_mixin.py:188} INFO - [2024-04-27T14:09:42.959+0000] {dag.py:3954} INFO - Setting next_dagrun for example_dag_decorator to None, run_after=None
[2024-04-27T14:09:43.113+0000] {processor.py:183} INFO - Processing /home/airflow/.local/lib/python3.12/site-packages/airflow/example_dags/example_dag_decorator.py took 1.410 seconds
[2024-04-27T14:10:16.887+0000] {processor.py:161} INFO - Started process (PID=427) to work on /home/airflow/.local/lib/python3.12/site-packages/airflow/example_dags/example_dag_decorator.py
[2024-04-27T14:10:16.890+0000] {processor.py:830} INFO - Processing file /home/airflow/.local/lib/python3.12/site-packages/airflow/example_dags/example_dag_decorator.py for tasks to queue
[2024-04-27T14:10:16.895+0000] {logging_mixin.py:188} INFO - [2024-04-27T14:10:16.894+0000] {dagbag.py:540} INFO - Filling up the DagBag from /home/airflow/.local/lib/python3.12/site-packages/airflow/example_dags/example_dag_decorator.py
[2024-04-27T14:10:17.946+0000] {processor.py:840} INFO - DAG(s) 'example_dag_decorator' retrieved from /home/airflow/.local/lib/python3.12/site-packages/airflow/example_dags/example_dag_decorator.py
[2024-04-27T14:10:19.882+0000] {logging_mixin.py:188} INFO - [2024-04-27T14:10:19.881+0000] {dag.py:3096} INFO - Sync 1 DAGs
[2024-04-27T14:10:19.926+0000] {logging_mixin.py:188} INFO - [2024-04-27T14:10:19.925+0000] {dag.py:3954} INFO - Setting next_dagrun for example_dag_decorator to None, run_after=None
[2024-04-27T14:10:20.006+0000] {processor.py:183} INFO - Processing /home/airflow/.local/lib/python3.12/site-packages/airflow/example_dags/example_dag_decorator.py took 3.164 seconds
[2024-04-27T14:10:50.244+0000] {processor.py:161} INFO - Started process (PID=487) to work on /home/airflow/.local/lib/python3.12/site-packages/airflow/example_dags/example_dag_decorator.py
[2024-04-27T14:10:50.269+0000] {processor.py:830} INFO - Processing file /home/airflow/.local/lib/python3.12/site-packages/airflow/example_dags/example_dag_decorator.py for tasks to queue
[2024-04-27T14:10:50.284+0000] {logging_mixin.py:188} INFO - [2024-04-27T14:10:50.279+0000] {dagbag.py:540} INFO - Filling up the DagBag from /home/airflow/.local/lib/python3.12/site-packages/airflow/example_dags/example_dag_decorator.py
[2024-04-27T14:10:50.579+0000] {processor.py:840} INFO - DAG(s) 'example_dag_decorator' retrieved from /home/airflow/.local/lib/python3.12/site-packages/airflow/example_dags/example_dag_decorator.py
[2024-04-27T14:10:51.968+0000] {logging_mixin.py:188} INFO - [2024-04-27T14:10:51.967+0000] {dag.py:3096} INFO - Sync 1 DAGs
[2024-04-27T14:10:51.983+0000] {logging_mixin.py:188} INFO - [2024-04-27T14:10:51.983+0000] {dag.py:3954} INFO - Setting next_dagrun for example_dag_decorator to None, run_after=None
[2024-04-27T14:10:52.325+0000] {processor.py:183} INFO - Processing /home/airflow/.local/lib/python3.12/site-packages/airflow/example_dags/example_dag_decorator.py took 2.094 seconds
[2024-04-27T14:11:27.295+0000] {processor.py:161} INFO - Started process (PID=551) to work on /home/airflow/.local/lib/python3.12/site-packages/airflow/example_dags/example_dag_decorator.py
[2024-04-27T14:11:27.297+0000] {processor.py:830} INFO - Processing file /home/airflow/.local/lib/python3.12/site-packages/airflow/example_dags/example_dag_decorator.py for tasks to queue
[2024-04-27T14:11:27.301+0000] {logging_mixin.py:188} INFO - [2024-04-27T14:11:27.300+0000] {dagbag.py:540} INFO - Filling up the DagBag from /home/airflow/.local/lib/python3.12/site-packages/airflow/example_dags/example_dag_decorator.py
[2024-04-27T14:11:27.805+0000] {processor.py:840} INFO - DAG(s) 'example_dag_decorator' retrieved from /home/airflow/.local/lib/python3.12/site-packages/airflow/example_dags/example_dag_decorator.py
[2024-04-27T14:11:28.708+0000] {logging_mixin.py:188} INFO - [2024-04-27T14:11:28.707+0000] {dag.py:3096} INFO - Sync 1 DAGs
[2024-04-27T14:11:28.743+0000] {logging_mixin.py:188} INFO - [2024-04-27T14:11:28.742+0000] {dag.py:3954} INFO - Setting next_dagrun for example_dag_decorator to None, run_after=None
[2024-04-27T14:11:28.847+0000] {processor.py:183} INFO - Processing /home/airflow/.local/lib/python3.12/site-packages/airflow/example_dags/example_dag_decorator.py took 1.570 seconds
[2024-04-27T14:12:04.515+0000] {processor.py:161} INFO - Started process (PID=616) to work on /home/airflow/.local/lib/python3.12/site-packages/airflow/example_dags/example_dag_decorator.py
[2024-04-27T14:12:04.517+0000] {processor.py:830} INFO - Processing file /home/airflow/.local/lib/python3.12/site-packages/airflow/example_dags/example_dag_decorator.py for tasks to queue
[2024-04-27T14:12:04.520+0000] {logging_mixin.py:188} INFO - [2024-04-27T14:12:04.520+0000] {dagbag.py:540} INFO - Filling up the DagBag from /home/airflow/.local/lib/python3.12/site-packages/airflow/example_dags/example_dag_decorator.py
[2024-04-27T14:12:04.908+0000] {processor.py:840} INFO - DAG(s) 'example_dag_decorator' retrieved from /home/airflow/.local/lib/python3.12/site-packages/airflow/example_dags/example_dag_decorator.py
[2024-04-27T14:12:06.227+0000] {logging_mixin.py:188} INFO - [2024-04-27T14:12:06.226+0000] {dag.py:3096} INFO - Sync 1 DAGs
[2024-04-27T14:12:06.313+0000] {logging_mixin.py:188} INFO - [2024-04-27T14:12:06.313+0000] {dag.py:3954} INFO - Setting next_dagrun for example_dag_decorator to None, run_after=None
[2024-04-27T14:12:06.868+0000] {processor.py:183} INFO - Processing /home/airflow/.local/lib/python3.12/site-packages/airflow/example_dags/example_dag_decorator.py took 2.365 seconds
