[2024-04-27T14:06:32.055+0000] {processor.py:161} INFO - Started process (PID=71) to work on /home/airflow/.local/lib/python3.12/site-packages/airflow/example_dags/example_bash_operator.py
[2024-04-27T14:06:32.058+0000] {processor.py:830} INFO - Processing file /home/airflow/.local/lib/python3.12/site-packages/airflow/example_dags/example_bash_operator.py for tasks to queue
[2024-04-27T14:06:32.065+0000] {logging_mixin.py:188} INFO - [2024-04-27T14:06:32.064+0000] {dagbag.py:540} INFO - Filling up the DagBag from /home/airflow/.local/lib/python3.12/site-packages/airflow/example_dags/example_bash_operator.py
[2024-04-27T14:06:32.178+0000] {processor.py:840} INFO - DAG(s) 'example_bash_operator' retrieved from /home/airflow/.local/lib/python3.12/site-packages/airflow/example_dags/example_bash_operator.py
[2024-04-27T14:06:33.541+0000] {logging_mixin.py:188} INFO - [2024-04-27T14:06:33.540+0000] {dag.py:3096} INFO - Sync 1 DAGs
[2024-04-27T14:06:33.763+0000] {logging_mixin.py:188} INFO - [2024-04-27T14:06:33.763+0000] {dag.py:3954} INFO - Setting next_dagrun for example_bash_operator to 2024-04-27 00:00:00+00:00, run_after=2024-04-28 00:00:00+00:00
[2024-04-27T14:06:34.055+0000] {processor.py:183} INFO - Processing /home/airflow/.local/lib/python3.12/site-packages/airflow/example_dags/example_bash_operator.py took 2.029 seconds
[2024-04-27T14:07:09.219+0000] {processor.py:161} INFO - Started process (PID=125) to work on /home/airflow/.local/lib/python3.12/site-packages/airflow/example_dags/example_bash_operator.py
[2024-04-27T14:07:09.230+0000] {processor.py:830} INFO - Processing file /home/airflow/.local/lib/python3.12/site-packages/airflow/example_dags/example_bash_operator.py for tasks to queue
[2024-04-27T14:07:09.235+0000] {logging_mixin.py:188} INFO - [2024-04-27T14:07:09.234+0000] {dagbag.py:540} INFO - Filling up the DagBag from /home/airflow/.local/lib/python3.12/site-packages/airflow/example_dags/example_bash_operator.py
[2024-04-27T14:07:09.265+0000] {processor.py:840} INFO - DAG(s) 'example_bash_operator' retrieved from /home/airflow/.local/lib/python3.12/site-packages/airflow/example_dags/example_bash_operator.py
[2024-04-27T14:07:09.334+0000] {logging_mixin.py:188} INFO - [2024-04-27T14:07:09.334+0000] {dag.py:3096} INFO - Sync 1 DAGs
[2024-04-27T14:07:09.375+0000] {logging_mixin.py:188} INFO - [2024-04-27T14:07:09.374+0000] {dag.py:3954} INFO - Setting next_dagrun for example_bash_operator to 2024-04-27 00:00:00+00:00, run_after=2024-04-28 00:00:00+00:00
[2024-04-27T14:07:09.430+0000] {processor.py:183} INFO - Processing /home/airflow/.local/lib/python3.12/site-packages/airflow/example_dags/example_bash_operator.py took 0.243 seconds
[2024-04-27T14:07:42.821+0000] {processor.py:161} INFO - Started process (PID=177) to work on /home/airflow/.local/lib/python3.12/site-packages/airflow/example_dags/example_bash_operator.py
[2024-04-27T14:07:42.823+0000] {processor.py:830} INFO - Processing file /home/airflow/.local/lib/python3.12/site-packages/airflow/example_dags/example_bash_operator.py for tasks to queue
[2024-04-27T14:07:42.833+0000] {logging_mixin.py:188} INFO - [2024-04-27T14:07:42.831+0000] {dagbag.py:540} INFO - Filling up the DagBag from /home/airflow/.local/lib/python3.12/site-packages/airflow/example_dags/example_bash_operator.py
[2024-04-27T14:07:42.866+0000] {processor.py:840} INFO - DAG(s) 'example_bash_operator' retrieved from /home/airflow/.local/lib/python3.12/site-packages/airflow/example_dags/example_bash_operator.py
[2024-04-27T14:07:42.965+0000] {logging_mixin.py:188} INFO - [2024-04-27T14:07:42.962+0000] {dag.py:3096} INFO - Sync 1 DAGs
[2024-04-27T14:07:43.048+0000] {logging_mixin.py:188} INFO - [2024-04-27T14:07:43.047+0000] {dag.py:3954} INFO - Setting next_dagrun for example_bash_operator to 2024-04-27 00:00:00+00:00, run_after=2024-04-28 00:00:00+00:00
[2024-04-27T14:07:43.116+0000] {processor.py:183} INFO - Processing /home/airflow/.local/lib/python3.12/site-packages/airflow/example_dags/example_bash_operator.py took 0.313 seconds
[2024-04-27T14:08:16.837+0000] {processor.py:161} INFO - Started process (PID=231) to work on /home/airflow/.local/lib/python3.12/site-packages/airflow/example_dags/example_bash_operator.py
[2024-04-27T14:08:16.839+0000] {processor.py:830} INFO - Processing file /home/airflow/.local/lib/python3.12/site-packages/airflow/example_dags/example_bash_operator.py for tasks to queue
[2024-04-27T14:08:16.844+0000] {logging_mixin.py:188} INFO - [2024-04-27T14:08:16.843+0000] {dagbag.py:540} INFO - Filling up the DagBag from /home/airflow/.local/lib/python3.12/site-packages/airflow/example_dags/example_bash_operator.py
[2024-04-27T14:08:16.872+0000] {processor.py:840} INFO - DAG(s) 'example_bash_operator' retrieved from /home/airflow/.local/lib/python3.12/site-packages/airflow/example_dags/example_bash_operator.py
[2024-04-27T14:08:16.949+0000] {logging_mixin.py:188} INFO - [2024-04-27T14:08:16.948+0000] {dag.py:3096} INFO - Sync 1 DAGs
[2024-04-27T14:08:17.553+0000] {logging_mixin.py:188} INFO - [2024-04-27T14:08:17.490+0000] {dag.py:3954} INFO - Setting next_dagrun for example_bash_operator to 2024-04-27 00:00:00+00:00, run_after=2024-04-28 00:00:00+00:00
[2024-04-27T14:08:17.793+0000] {processor.py:183} INFO - Processing /home/airflow/.local/lib/python3.12/site-packages/airflow/example_dags/example_bash_operator.py took 0.967 seconds
[2024-04-27T14:08:48.429+0000] {processor.py:161} INFO - Started process (PID=285) to work on /home/airflow/.local/lib/python3.12/site-packages/airflow/example_dags/example_bash_operator.py
[2024-04-27T14:08:48.431+0000] {processor.py:830} INFO - Processing file /home/airflow/.local/lib/python3.12/site-packages/airflow/example_dags/example_bash_operator.py for tasks to queue
[2024-04-27T14:08:48.436+0000] {logging_mixin.py:188} INFO - [2024-04-27T14:08:48.435+0000] {dagbag.py:540} INFO - Filling up the DagBag from /home/airflow/.local/lib/python3.12/site-packages/airflow/example_dags/example_bash_operator.py
[2024-04-27T14:08:48.576+0000] {processor.py:840} INFO - DAG(s) 'example_bash_operator' retrieved from /home/airflow/.local/lib/python3.12/site-packages/airflow/example_dags/example_bash_operator.py
[2024-04-27T14:08:49.400+0000] {logging_mixin.py:188} INFO - [2024-04-27T14:08:49.399+0000] {dag.py:3096} INFO - Sync 1 DAGs
[2024-04-27T14:08:49.621+0000] {logging_mixin.py:188} INFO - [2024-04-27T14:08:49.620+0000] {dag.py:3954} INFO - Setting next_dagrun for example_bash_operator to 2024-04-27 00:00:00+00:00, run_after=2024-04-28 00:00:00+00:00
[2024-04-27T14:08:50.837+0000] {processor.py:183} INFO - Processing /home/airflow/.local/lib/python3.12/site-packages/airflow/example_dags/example_bash_operator.py took 2.442 seconds
[2024-04-27T14:09:21.284+0000] {processor.py:161} INFO - Started process (PID=339) to work on /home/airflow/.local/lib/python3.12/site-packages/airflow/example_dags/example_bash_operator.py
[2024-04-27T14:09:21.286+0000] {processor.py:830} INFO - Processing file /home/airflow/.local/lib/python3.12/site-packages/airflow/example_dags/example_bash_operator.py for tasks to queue
[2024-04-27T14:09:21.294+0000] {logging_mixin.py:188} INFO - [2024-04-27T14:09:21.292+0000] {dagbag.py:540} INFO - Filling up the DagBag from /home/airflow/.local/lib/python3.12/site-packages/airflow/example_dags/example_bash_operator.py
[2024-04-27T14:09:21.323+0000] {processor.py:840} INFO - DAG(s) 'example_bash_operator' retrieved from /home/airflow/.local/lib/python3.12/site-packages/airflow/example_dags/example_bash_operator.py
[2024-04-27T14:09:21.395+0000] {logging_mixin.py:188} INFO - [2024-04-27T14:09:21.394+0000] {dag.py:3096} INFO - Sync 1 DAGs
[2024-04-27T14:09:21.455+0000] {logging_mixin.py:188} INFO - [2024-04-27T14:09:21.454+0000] {dag.py:3954} INFO - Setting next_dagrun for example_bash_operator to 2024-04-27 00:00:00+00:00, run_after=2024-04-28 00:00:00+00:00
[2024-04-27T14:09:21.601+0000] {processor.py:183} INFO - Processing /home/airflow/.local/lib/python3.12/site-packages/airflow/example_dags/example_bash_operator.py took 0.336 seconds
[2024-04-27T14:09:52.170+0000] {processor.py:161} INFO - Started process (PID=393) to work on /home/airflow/.local/lib/python3.12/site-packages/airflow/example_dags/example_bash_operator.py
[2024-04-27T14:09:52.219+0000] {processor.py:830} INFO - Processing file /home/airflow/.local/lib/python3.12/site-packages/airflow/example_dags/example_bash_operator.py for tasks to queue
[2024-04-27T14:09:52.292+0000] {logging_mixin.py:188} INFO - [2024-04-27T14:09:52.290+0000] {dagbag.py:540} INFO - Filling up the DagBag from /home/airflow/.local/lib/python3.12/site-packages/airflow/example_dags/example_bash_operator.py
[2024-04-27T14:09:52.330+0000] {processor.py:840} INFO - DAG(s) 'example_bash_operator' retrieved from /home/airflow/.local/lib/python3.12/site-packages/airflow/example_dags/example_bash_operator.py
[2024-04-27T14:09:52.376+0000] {logging_mixin.py:188} INFO - [2024-04-27T14:09:52.376+0000] {dag.py:3096} INFO - Sync 1 DAGs
[2024-04-27T14:09:54.429+0000] {logging_mixin.py:188} INFO - [2024-04-27T14:09:54.427+0000] {dag.py:3954} INFO - Setting next_dagrun for example_bash_operator to 2024-04-27 00:00:00+00:00, run_after=2024-04-28 00:00:00+00:00
[2024-04-27T14:09:54.521+0000] {processor.py:183} INFO - Processing /home/airflow/.local/lib/python3.12/site-packages/airflow/example_dags/example_bash_operator.py took 2.527 seconds
[2024-04-27T14:10:25.138+0000] {processor.py:161} INFO - Started process (PID=447) to work on /home/airflow/.local/lib/python3.12/site-packages/airflow/example_dags/example_bash_operator.py
[2024-04-27T14:10:25.142+0000] {processor.py:830} INFO - Processing file /home/airflow/.local/lib/python3.12/site-packages/airflow/example_dags/example_bash_operator.py for tasks to queue
[2024-04-27T14:10:25.150+0000] {logging_mixin.py:188} INFO - [2024-04-27T14:10:25.150+0000] {dagbag.py:540} INFO - Filling up the DagBag from /home/airflow/.local/lib/python3.12/site-packages/airflow/example_dags/example_bash_operator.py
[2024-04-27T14:10:25.198+0000] {processor.py:840} INFO - DAG(s) 'example_bash_operator' retrieved from /home/airflow/.local/lib/python3.12/site-packages/airflow/example_dags/example_bash_operator.py
[2024-04-27T14:10:25.301+0000] {logging_mixin.py:188} INFO - [2024-04-27T14:10:25.300+0000] {dag.py:3096} INFO - Sync 1 DAGs
[2024-04-27T14:10:25.403+0000] {logging_mixin.py:188} INFO - [2024-04-27T14:10:25.402+0000] {dag.py:3954} INFO - Setting next_dagrun for example_bash_operator to 2024-04-27 00:00:00+00:00, run_after=2024-04-28 00:00:00+00:00
[2024-04-27T14:10:25.479+0000] {processor.py:183} INFO - Processing /home/airflow/.local/lib/python3.12/site-packages/airflow/example_dags/example_bash_operator.py took 0.387 seconds
[2024-04-27T14:10:55.898+0000] {processor.py:161} INFO - Started process (PID=501) to work on /home/airflow/.local/lib/python3.12/site-packages/airflow/example_dags/example_bash_operator.py
[2024-04-27T14:10:55.919+0000] {processor.py:830} INFO - Processing file /home/airflow/.local/lib/python3.12/site-packages/airflow/example_dags/example_bash_operator.py for tasks to queue
[2024-04-27T14:10:55.923+0000] {logging_mixin.py:188} INFO - [2024-04-27T14:10:55.923+0000] {dagbag.py:540} INFO - Filling up the DagBag from /home/airflow/.local/lib/python3.12/site-packages/airflow/example_dags/example_bash_operator.py
[2024-04-27T14:10:55.948+0000] {processor.py:840} INFO - DAG(s) 'example_bash_operator' retrieved from /home/airflow/.local/lib/python3.12/site-packages/airflow/example_dags/example_bash_operator.py
[2024-04-27T14:10:56.005+0000] {logging_mixin.py:188} INFO - [2024-04-27T14:10:56.005+0000] {dag.py:3096} INFO - Sync 1 DAGs
[2024-04-27T14:10:56.050+0000] {logging_mixin.py:188} INFO - [2024-04-27T14:10:56.050+0000] {dag.py:3954} INFO - Setting next_dagrun for example_bash_operator to 2024-04-27 00:00:00+00:00, run_after=2024-04-28 00:00:00+00:00
[2024-04-27T14:10:56.319+0000] {processor.py:183} INFO - Processing /home/airflow/.local/lib/python3.12/site-packages/airflow/example_dags/example_bash_operator.py took 0.434 seconds
[2024-04-27T14:11:28.607+0000] {processor.py:161} INFO - Started process (PID=553) to work on /home/airflow/.local/lib/python3.12/site-packages/airflow/example_dags/example_bash_operator.py
[2024-04-27T14:11:28.609+0000] {processor.py:830} INFO - Processing file /home/airflow/.local/lib/python3.12/site-packages/airflow/example_dags/example_bash_operator.py for tasks to queue
[2024-04-27T14:11:28.615+0000] {logging_mixin.py:188} INFO - [2024-04-27T14:11:28.614+0000] {dagbag.py:540} INFO - Filling up the DagBag from /home/airflow/.local/lib/python3.12/site-packages/airflow/example_dags/example_bash_operator.py
[2024-04-27T14:11:28.650+0000] {processor.py:840} INFO - DAG(s) 'example_bash_operator' retrieved from /home/airflow/.local/lib/python3.12/site-packages/airflow/example_dags/example_bash_operator.py
[2024-04-27T14:11:28.757+0000] {logging_mixin.py:188} INFO - [2024-04-27T14:11:28.757+0000] {dag.py:3096} INFO - Sync 1 DAGs
[2024-04-27T14:11:28.852+0000] {logging_mixin.py:188} INFO - [2024-04-27T14:11:28.851+0000] {dag.py:3954} INFO - Setting next_dagrun for example_bash_operator to 2024-04-27 00:00:00+00:00, run_after=2024-04-28 00:00:00+00:00
[2024-04-27T14:11:28.925+0000] {processor.py:183} INFO - Processing /home/airflow/.local/lib/python3.12/site-packages/airflow/example_dags/example_bash_operator.py took 0.334 seconds
[2024-04-27T14:12:02.437+0000] {processor.py:161} INFO - Started process (PID=606) to work on /home/airflow/.local/lib/python3.12/site-packages/airflow/example_dags/example_bash_operator.py
[2024-04-27T14:12:02.439+0000] {processor.py:830} INFO - Processing file /home/airflow/.local/lib/python3.12/site-packages/airflow/example_dags/example_bash_operator.py for tasks to queue
[2024-04-27T14:12:02.444+0000] {logging_mixin.py:188} INFO - [2024-04-27T14:12:02.444+0000] {dagbag.py:540} INFO - Filling up the DagBag from /home/airflow/.local/lib/python3.12/site-packages/airflow/example_dags/example_bash_operator.py
[2024-04-27T14:12:02.472+0000] {processor.py:840} INFO - DAG(s) 'example_bash_operator' retrieved from /home/airflow/.local/lib/python3.12/site-packages/airflow/example_dags/example_bash_operator.py
[2024-04-27T14:12:02.550+0000] {logging_mixin.py:188} INFO - [2024-04-27T14:12:02.549+0000] {dag.py:3096} INFO - Sync 1 DAGs
[2024-04-27T14:12:02.660+0000] {logging_mixin.py:188} INFO - [2024-04-27T14:12:02.659+0000] {dag.py:3954} INFO - Setting next_dagrun for example_bash_operator to 2024-04-27 00:00:00+00:00, run_after=2024-04-28 00:00:00+00:00
[2024-04-27T14:12:02.735+0000] {processor.py:183} INFO - Processing /home/airflow/.local/lib/python3.12/site-packages/airflow/example_dags/example_bash_operator.py took 0.311 seconds
