[2024-04-27T14:06:41.191+0000] {processor.py:161} INFO - Started process (PID=77) to work on /home/airflow/.local/lib/python3.12/site-packages/airflow/example_dags/example_sensors.py
[2024-04-27T14:06:41.198+0000] {processor.py:830} INFO - Processing file /home/airflow/.local/lib/python3.12/site-packages/airflow/example_dags/example_sensors.py for tasks to queue
[2024-04-27T14:06:41.202+0000] {logging_mixin.py:188} INFO - [2024-04-27T14:06:41.201+0000] {dagbag.py:540} INFO - Filling up the DagBag from /home/airflow/.local/lib/python3.12/site-packages/airflow/example_dags/example_sensors.py
[2024-04-27T14:06:41.341+0000] {processor.py:840} INFO - DAG(s) 'example_sensors' retrieved from /home/airflow/.local/lib/python3.12/site-packages/airflow/example_dags/example_sensors.py
[2024-04-27T14:06:42.871+0000] {logging_mixin.py:188} INFO - [2024-04-27T14:06:42.870+0000] {dag.py:3096} INFO - Sync 1 DAGs
[2024-04-27T14:06:43.134+0000] {logging_mixin.py:188} INFO - [2024-04-27T14:06:43.133+0000] {dag.py:3954} INFO - Setting next_dagrun for example_sensors to None, run_after=None
[2024-04-27T14:06:44.168+0000] {processor.py:183} INFO - Processing /home/airflow/.local/lib/python3.12/site-packages/airflow/example_dags/example_sensors.py took 2.999 seconds
[2024-04-27T14:07:15.678+0000] {processor.py:161} INFO - Started process (PID=131) to work on /home/airflow/.local/lib/python3.12/site-packages/airflow/example_dags/example_sensors.py
[2024-04-27T14:07:15.681+0000] {processor.py:830} INFO - Processing file /home/airflow/.local/lib/python3.12/site-packages/airflow/example_dags/example_sensors.py for tasks to queue
[2024-04-27T14:07:15.695+0000] {logging_mixin.py:188} INFO - [2024-04-27T14:07:15.695+0000] {dagbag.py:540} INFO - Filling up the DagBag from /home/airflow/.local/lib/python3.12/site-packages/airflow/example_dags/example_sensors.py
[2024-04-27T14:07:15.824+0000] {processor.py:840} INFO - DAG(s) 'example_sensors' retrieved from /home/airflow/.local/lib/python3.12/site-packages/airflow/example_dags/example_sensors.py
[2024-04-27T14:07:16.114+0000] {logging_mixin.py:188} INFO - [2024-04-27T14:07:16.114+0000] {dag.py:3096} INFO - Sync 1 DAGs
[2024-04-27T14:07:16.151+0000] {logging_mixin.py:188} INFO - [2024-04-27T14:07:16.151+0000] {dag.py:3954} INFO - Setting next_dagrun for example_sensors to None, run_after=None
[2024-04-27T14:07:16.272+0000] {processor.py:183} INFO - Processing /home/airflow/.local/lib/python3.12/site-packages/airflow/example_dags/example_sensors.py took 0.622 seconds
[2024-04-27T14:07:47.219+0000] {processor.py:161} INFO - Started process (PID=183) to work on /home/airflow/.local/lib/python3.12/site-packages/airflow/example_dags/example_sensors.py
[2024-04-27T14:07:47.272+0000] {processor.py:830} INFO - Processing file /home/airflow/.local/lib/python3.12/site-packages/airflow/example_dags/example_sensors.py for tasks to queue
[2024-04-27T14:07:47.354+0000] {logging_mixin.py:188} INFO - [2024-04-27T14:07:47.342+0000] {dagbag.py:540} INFO - Filling up the DagBag from /home/airflow/.local/lib/python3.12/site-packages/airflow/example_dags/example_sensors.py
[2024-04-27T14:07:47.494+0000] {processor.py:840} INFO - DAG(s) 'example_sensors' retrieved from /home/airflow/.local/lib/python3.12/site-packages/airflow/example_dags/example_sensors.py
[2024-04-27T14:07:48.245+0000] {logging_mixin.py:188} INFO - [2024-04-27T14:07:48.244+0000] {dag.py:3096} INFO - Sync 1 DAGs
[2024-04-27T14:07:48.402+0000] {logging_mixin.py:188} INFO - [2024-04-27T14:07:48.390+0000] {dag.py:3954} INFO - Setting next_dagrun for example_sensors to None, run_after=None
[2024-04-27T14:07:49.636+0000] {processor.py:183} INFO - Processing /home/airflow/.local/lib/python3.12/site-packages/airflow/example_dags/example_sensors.py took 2.869 seconds
[2024-04-27T14:08:20.256+0000] {processor.py:161} INFO - Started process (PID=236) to work on /home/airflow/.local/lib/python3.12/site-packages/airflow/example_dags/example_sensors.py
[2024-04-27T14:08:20.259+0000] {processor.py:830} INFO - Processing file /home/airflow/.local/lib/python3.12/site-packages/airflow/example_dags/example_sensors.py for tasks to queue
[2024-04-27T14:08:20.274+0000] {logging_mixin.py:188} INFO - [2024-04-27T14:08:20.264+0000] {dagbag.py:540} INFO - Filling up the DagBag from /home/airflow/.local/lib/python3.12/site-packages/airflow/example_dags/example_sensors.py
[2024-04-27T14:08:20.314+0000] {processor.py:840} INFO - DAG(s) 'example_sensors' retrieved from /home/airflow/.local/lib/python3.12/site-packages/airflow/example_dags/example_sensors.py
[2024-04-27T14:08:20.462+0000] {logging_mixin.py:188} INFO - [2024-04-27T14:08:20.461+0000] {dag.py:3096} INFO - Sync 1 DAGs
[2024-04-27T14:08:20.535+0000] {logging_mixin.py:188} INFO - [2024-04-27T14:08:20.534+0000] {dag.py:3954} INFO - Setting next_dagrun for example_sensors to None, run_after=None
[2024-04-27T14:08:20.690+0000] {processor.py:183} INFO - Processing /home/airflow/.local/lib/python3.12/site-packages/airflow/example_dags/example_sensors.py took 0.452 seconds
[2024-04-27T14:08:52.190+0000] {processor.py:161} INFO - Started process (PID=291) to work on /home/airflow/.local/lib/python3.12/site-packages/airflow/example_dags/example_sensors.py
[2024-04-27T14:08:52.192+0000] {processor.py:830} INFO - Processing file /home/airflow/.local/lib/python3.12/site-packages/airflow/example_dags/example_sensors.py for tasks to queue
[2024-04-27T14:08:52.196+0000] {logging_mixin.py:188} INFO - [2024-04-27T14:08:52.195+0000] {dagbag.py:540} INFO - Filling up the DagBag from /home/airflow/.local/lib/python3.12/site-packages/airflow/example_dags/example_sensors.py
[2024-04-27T14:08:52.216+0000] {processor.py:840} INFO - DAG(s) 'example_sensors' retrieved from /home/airflow/.local/lib/python3.12/site-packages/airflow/example_dags/example_sensors.py
[2024-04-27T14:08:52.433+0000] {logging_mixin.py:188} INFO - [2024-04-27T14:08:52.433+0000] {dag.py:3096} INFO - Sync 1 DAGs
[2024-04-27T14:08:52.460+0000] {logging_mixin.py:188} INFO - [2024-04-27T14:08:52.460+0000] {dag.py:3954} INFO - Setting next_dagrun for example_sensors to None, run_after=None
[2024-04-27T14:08:52.517+0000] {processor.py:183} INFO - Processing /home/airflow/.local/lib/python3.12/site-packages/airflow/example_dags/example_sensors.py took 0.344 seconds
[2024-04-27T14:09:23.365+0000] {processor.py:161} INFO - Started process (PID=345) to work on /home/airflow/.local/lib/python3.12/site-packages/airflow/example_dags/example_sensors.py
[2024-04-27T14:09:23.367+0000] {processor.py:830} INFO - Processing file /home/airflow/.local/lib/python3.12/site-packages/airflow/example_dags/example_sensors.py for tasks to queue
[2024-04-27T14:09:23.370+0000] {logging_mixin.py:188} INFO - [2024-04-27T14:09:23.369+0000] {dagbag.py:540} INFO - Filling up the DagBag from /home/airflow/.local/lib/python3.12/site-packages/airflow/example_dags/example_sensors.py
[2024-04-27T14:09:23.384+0000] {processor.py:840} INFO - DAG(s) 'example_sensors' retrieved from /home/airflow/.local/lib/python3.12/site-packages/airflow/example_dags/example_sensors.py
[2024-04-27T14:09:23.466+0000] {logging_mixin.py:188} INFO - [2024-04-27T14:09:23.466+0000] {dag.py:3096} INFO - Sync 1 DAGs
[2024-04-27T14:09:23.497+0000] {logging_mixin.py:188} INFO - [2024-04-27T14:09:23.497+0000] {dag.py:3954} INFO - Setting next_dagrun for example_sensors to None, run_after=None
[2024-04-27T14:09:23.539+0000] {processor.py:183} INFO - Processing /home/airflow/.local/lib/python3.12/site-packages/airflow/example_dags/example_sensors.py took 0.183 seconds
[2024-04-27T14:09:55.092+0000] {processor.py:161} INFO - Started process (PID=399) to work on /home/airflow/.local/lib/python3.12/site-packages/airflow/example_dags/example_sensors.py
[2024-04-27T14:09:55.094+0000] {processor.py:830} INFO - Processing file /home/airflow/.local/lib/python3.12/site-packages/airflow/example_dags/example_sensors.py for tasks to queue
[2024-04-27T14:09:55.099+0000] {logging_mixin.py:188} INFO - [2024-04-27T14:09:55.098+0000] {dagbag.py:540} INFO - Filling up the DagBag from /home/airflow/.local/lib/python3.12/site-packages/airflow/example_dags/example_sensors.py
[2024-04-27T14:09:55.121+0000] {processor.py:840} INFO - DAG(s) 'example_sensors' retrieved from /home/airflow/.local/lib/python3.12/site-packages/airflow/example_dags/example_sensors.py
[2024-04-27T14:09:55.198+0000] {logging_mixin.py:188} INFO - [2024-04-27T14:09:55.198+0000] {dag.py:3096} INFO - Sync 1 DAGs
[2024-04-27T14:09:55.240+0000] {logging_mixin.py:188} INFO - [2024-04-27T14:09:55.240+0000] {dag.py:3954} INFO - Setting next_dagrun for example_sensors to None, run_after=None
[2024-04-27T14:09:55.282+0000] {processor.py:183} INFO - Processing /home/airflow/.local/lib/python3.12/site-packages/airflow/example_dags/example_sensors.py took 0.206 seconds
[2024-04-27T14:10:26.152+0000] {processor.py:161} INFO - Started process (PID=453) to work on /home/airflow/.local/lib/python3.12/site-packages/airflow/example_dags/example_sensors.py
[2024-04-27T14:10:26.155+0000] {processor.py:830} INFO - Processing file /home/airflow/.local/lib/python3.12/site-packages/airflow/example_dags/example_sensors.py for tasks to queue
[2024-04-27T14:10:26.166+0000] {logging_mixin.py:188} INFO - [2024-04-27T14:10:26.165+0000] {dagbag.py:540} INFO - Filling up the DagBag from /home/airflow/.local/lib/python3.12/site-packages/airflow/example_dags/example_sensors.py
[2024-04-27T14:10:26.204+0000] {processor.py:840} INFO - DAG(s) 'example_sensors' retrieved from /home/airflow/.local/lib/python3.12/site-packages/airflow/example_dags/example_sensors.py
[2024-04-27T14:10:26.314+0000] {logging_mixin.py:188} INFO - [2024-04-27T14:10:26.314+0000] {dag.py:3096} INFO - Sync 1 DAGs
[2024-04-27T14:10:26.361+0000] {logging_mixin.py:188} INFO - [2024-04-27T14:10:26.360+0000] {dag.py:3954} INFO - Setting next_dagrun for example_sensors to None, run_after=None
[2024-04-27T14:10:26.422+0000] {processor.py:183} INFO - Processing /home/airflow/.local/lib/python3.12/site-packages/airflow/example_dags/example_sensors.py took 0.287 seconds
[2024-04-27T14:10:57.051+0000] {processor.py:161} INFO - Started process (PID=507) to work on /home/airflow/.local/lib/python3.12/site-packages/airflow/example_dags/example_sensors.py
[2024-04-27T14:10:57.054+0000] {processor.py:830} INFO - Processing file /home/airflow/.local/lib/python3.12/site-packages/airflow/example_dags/example_sensors.py for tasks to queue
[2024-04-27T14:10:57.060+0000] {logging_mixin.py:188} INFO - [2024-04-27T14:10:57.060+0000] {dagbag.py:540} INFO - Filling up the DagBag from /home/airflow/.local/lib/python3.12/site-packages/airflow/example_dags/example_sensors.py
[2024-04-27T14:10:57.082+0000] {processor.py:840} INFO - DAG(s) 'example_sensors' retrieved from /home/airflow/.local/lib/python3.12/site-packages/airflow/example_dags/example_sensors.py
[2024-04-27T14:10:57.169+0000] {logging_mixin.py:188} INFO - [2024-04-27T14:10:57.168+0000] {dag.py:3096} INFO - Sync 1 DAGs
[2024-04-27T14:10:57.216+0000] {logging_mixin.py:188} INFO - [2024-04-27T14:10:57.216+0000] {dag.py:3954} INFO - Setting next_dagrun for example_sensors to None, run_after=None
[2024-04-27T14:10:57.291+0000] {processor.py:183} INFO - Processing /home/airflow/.local/lib/python3.12/site-packages/airflow/example_dags/example_sensors.py took 0.258 seconds
[2024-04-27T14:11:29.990+0000] {processor.py:161} INFO - Started process (PID=559) to work on /home/airflow/.local/lib/python3.12/site-packages/airflow/example_dags/example_sensors.py
[2024-04-27T14:11:29.993+0000] {processor.py:830} INFO - Processing file /home/airflow/.local/lib/python3.12/site-packages/airflow/example_dags/example_sensors.py for tasks to queue
[2024-04-27T14:11:29.997+0000] {logging_mixin.py:188} INFO - [2024-04-27T14:11:29.996+0000] {dagbag.py:540} INFO - Filling up the DagBag from /home/airflow/.local/lib/python3.12/site-packages/airflow/example_dags/example_sensors.py
[2024-04-27T14:11:30.021+0000] {processor.py:840} INFO - DAG(s) 'example_sensors' retrieved from /home/airflow/.local/lib/python3.12/site-packages/airflow/example_dags/example_sensors.py
[2024-04-27T14:11:30.154+0000] {logging_mixin.py:188} INFO - [2024-04-27T14:11:30.154+0000] {dag.py:3096} INFO - Sync 1 DAGs
[2024-04-27T14:11:30.189+0000] {logging_mixin.py:188} INFO - [2024-04-27T14:11:30.188+0000] {dag.py:3954} INFO - Setting next_dagrun for example_sensors to None, run_after=None
[2024-04-27T14:11:30.246+0000] {processor.py:183} INFO - Processing /home/airflow/.local/lib/python3.12/site-packages/airflow/example_dags/example_sensors.py took 0.270 seconds
[2024-04-27T14:12:03.819+0000] {processor.py:161} INFO - Started process (PID=612) to work on /home/airflow/.local/lib/python3.12/site-packages/airflow/example_dags/example_sensors.py
[2024-04-27T14:12:03.823+0000] {processor.py:830} INFO - Processing file /home/airflow/.local/lib/python3.12/site-packages/airflow/example_dags/example_sensors.py for tasks to queue
[2024-04-27T14:12:03.846+0000] {logging_mixin.py:188} INFO - [2024-04-27T14:12:03.846+0000] {dagbag.py:540} INFO - Filling up the DagBag from /home/airflow/.local/lib/python3.12/site-packages/airflow/example_dags/example_sensors.py
[2024-04-27T14:12:03.919+0000] {processor.py:840} INFO - DAG(s) 'example_sensors' retrieved from /home/airflow/.local/lib/python3.12/site-packages/airflow/example_dags/example_sensors.py
[2024-04-27T14:12:04.036+0000] {logging_mixin.py:188} INFO - [2024-04-27T14:12:04.035+0000] {dag.py:3096} INFO - Sync 1 DAGs
[2024-04-27T14:12:04.074+0000] {logging_mixin.py:188} INFO - [2024-04-27T14:12:04.074+0000] {dag.py:3954} INFO - Setting next_dagrun for example_sensors to None, run_after=None
[2024-04-27T14:12:04.127+0000] {processor.py:183} INFO - Processing /home/airflow/.local/lib/python3.12/site-packages/airflow/example_dags/example_sensors.py took 0.333 seconds
