[2024-04-27T14:06:29.721+0000] {processor.py:161} INFO - Started process (PID=67) to work on /home/airflow/.local/lib/python3.12/site-packages/airflow/example_dags/example_branch_operator_decorator.py
[2024-04-27T14:06:29.723+0000] {processor.py:830} INFO - Processing file /home/airflow/.local/lib/python3.12/site-packages/airflow/example_dags/example_branch_operator_decorator.py for tasks to queue
[2024-04-27T14:06:29.730+0000] {logging_mixin.py:188} INFO - [2024-04-27T14:06:29.729+0000] {dagbag.py:540} INFO - Filling up the DagBag from /home/airflow/.local/lib/python3.12/site-packages/airflow/example_dags/example_branch_operator_decorator.py
[2024-04-27T14:06:29.907+0000] {processor.py:840} INFO - DAG(s) 'example_branch_python_operator_decorator' retrieved from /home/airflow/.local/lib/python3.12/site-packages/airflow/example_dags/example_branch_operator_decorator.py
[2024-04-27T14:06:30.695+0000] {logging_mixin.py:188} INFO - [2024-04-27T14:06:30.675+0000] {dag.py:3096} INFO - Sync 1 DAGs
[2024-04-27T14:06:30.850+0000] {logging_mixin.py:188} INFO - [2024-04-27T14:06:30.849+0000] {dag.py:3954} INFO - Setting next_dagrun for example_branch_python_operator_decorator to 2024-04-26 00:00:00+00:00, run_after=2024-04-27 00:00:00+00:00
[2024-04-27T14:06:30.914+0000] {processor.py:183} INFO - Processing /home/airflow/.local/lib/python3.12/site-packages/airflow/example_dags/example_branch_operator_decorator.py took 1.227 seconds
[2024-04-27T14:07:07.344+0000] {processor.py:161} INFO - Started process (PID=121) to work on /home/airflow/.local/lib/python3.12/site-packages/airflow/example_dags/example_branch_operator_decorator.py
[2024-04-27T14:07:07.346+0000] {processor.py:830} INFO - Processing file /home/airflow/.local/lib/python3.12/site-packages/airflow/example_dags/example_branch_operator_decorator.py for tasks to queue
[2024-04-27T14:07:07.350+0000] {logging_mixin.py:188} INFO - [2024-04-27T14:07:07.349+0000] {dagbag.py:540} INFO - Filling up the DagBag from /home/airflow/.local/lib/python3.12/site-packages/airflow/example_dags/example_branch_operator_decorator.py
[2024-04-27T14:07:07.414+0000] {processor.py:840} INFO - DAG(s) 'example_branch_python_operator_decorator' retrieved from /home/airflow/.local/lib/python3.12/site-packages/airflow/example_dags/example_branch_operator_decorator.py
[2024-04-27T14:07:07.529+0000] {logging_mixin.py:188} INFO - [2024-04-27T14:07:07.527+0000] {dag.py:3096} INFO - Sync 1 DAGs
[2024-04-27T14:07:07.621+0000] {logging_mixin.py:188} INFO - [2024-04-27T14:07:07.620+0000] {dag.py:3954} INFO - Setting next_dagrun for example_branch_python_operator_decorator to 2024-04-26 00:00:00+00:00, run_after=2024-04-27 00:00:00+00:00
[2024-04-27T14:07:07.750+0000] {processor.py:183} INFO - Processing /home/airflow/.local/lib/python3.12/site-packages/airflow/example_dags/example_branch_operator_decorator.py took 0.419 seconds
[2024-04-27T14:07:41.869+0000] {processor.py:161} INFO - Started process (PID=173) to work on /home/airflow/.local/lib/python3.12/site-packages/airflow/example_dags/example_branch_operator_decorator.py
[2024-04-27T14:07:41.887+0000] {processor.py:830} INFO - Processing file /home/airflow/.local/lib/python3.12/site-packages/airflow/example_dags/example_branch_operator_decorator.py for tasks to queue
[2024-04-27T14:07:41.906+0000] {logging_mixin.py:188} INFO - [2024-04-27T14:07:41.905+0000] {dagbag.py:540} INFO - Filling up the DagBag from /home/airflow/.local/lib/python3.12/site-packages/airflow/example_dags/example_branch_operator_decorator.py
[2024-04-27T14:07:42.047+0000] {processor.py:840} INFO - DAG(s) 'example_branch_python_operator_decorator' retrieved from /home/airflow/.local/lib/python3.12/site-packages/airflow/example_dags/example_branch_operator_decorator.py
[2024-04-27T14:07:42.174+0000] {logging_mixin.py:188} INFO - [2024-04-27T14:07:42.173+0000] {dag.py:3096} INFO - Sync 1 DAGs
[2024-04-27T14:07:42.277+0000] {logging_mixin.py:188} INFO - [2024-04-27T14:07:42.276+0000] {dag.py:3954} INFO - Setting next_dagrun for example_branch_python_operator_decorator to 2024-04-26 00:00:00+00:00, run_after=2024-04-27 00:00:00+00:00
[2024-04-27T14:07:42.335+0000] {processor.py:183} INFO - Processing /home/airflow/.local/lib/python3.12/site-packages/airflow/example_dags/example_branch_operator_decorator.py took 0.516 seconds
[2024-04-27T14:08:13.308+0000] {processor.py:161} INFO - Started process (PID=227) to work on /home/airflow/.local/lib/python3.12/site-packages/airflow/example_dags/example_branch_operator_decorator.py
[2024-04-27T14:08:13.311+0000] {processor.py:830} INFO - Processing file /home/airflow/.local/lib/python3.12/site-packages/airflow/example_dags/example_branch_operator_decorator.py for tasks to queue
[2024-04-27T14:08:13.325+0000] {logging_mixin.py:188} INFO - [2024-04-27T14:08:13.321+0000] {dagbag.py:540} INFO - Filling up the DagBag from /home/airflow/.local/lib/python3.12/site-packages/airflow/example_dags/example_branch_operator_decorator.py
[2024-04-27T14:08:13.693+0000] {processor.py:840} INFO - DAG(s) 'example_branch_python_operator_decorator' retrieved from /home/airflow/.local/lib/python3.12/site-packages/airflow/example_dags/example_branch_operator_decorator.py
[2024-04-27T14:08:14.906+0000] {logging_mixin.py:188} INFO - [2024-04-27T14:08:14.905+0000] {dag.py:3096} INFO - Sync 1 DAGs
[2024-04-27T14:08:15.369+0000] {logging_mixin.py:188} INFO - [2024-04-27T14:08:15.368+0000] {dag.py:3954} INFO - Setting next_dagrun for example_branch_python_operator_decorator to 2024-04-26 00:00:00+00:00, run_after=2024-04-27 00:00:00+00:00
[2024-04-27T14:08:16.036+0000] {processor.py:183} INFO - Processing /home/airflow/.local/lib/python3.12/site-packages/airflow/example_dags/example_branch_operator_decorator.py took 2.751 seconds
[2024-04-27T14:08:46.225+0000] {processor.py:161} INFO - Started process (PID=281) to work on /home/airflow/.local/lib/python3.12/site-packages/airflow/example_dags/example_branch_operator_decorator.py
[2024-04-27T14:08:46.240+0000] {processor.py:830} INFO - Processing file /home/airflow/.local/lib/python3.12/site-packages/airflow/example_dags/example_branch_operator_decorator.py for tasks to queue
[2024-04-27T14:08:46.247+0000] {logging_mixin.py:188} INFO - [2024-04-27T14:08:46.246+0000] {dagbag.py:540} INFO - Filling up the DagBag from /home/airflow/.local/lib/python3.12/site-packages/airflow/example_dags/example_branch_operator_decorator.py
[2024-04-27T14:08:46.690+0000] {processor.py:840} INFO - DAG(s) 'example_branch_python_operator_decorator' retrieved from /home/airflow/.local/lib/python3.12/site-packages/airflow/example_dags/example_branch_operator_decorator.py
[2024-04-27T14:08:46.804+0000] {logging_mixin.py:188} INFO - [2024-04-27T14:08:46.804+0000] {dag.py:3096} INFO - Sync 1 DAGs
[2024-04-27T14:08:47.007+0000] {logging_mixin.py:188} INFO - [2024-04-27T14:08:47.007+0000] {dag.py:3954} INFO - Setting next_dagrun for example_branch_python_operator_decorator to 2024-04-26 00:00:00+00:00, run_after=2024-04-27 00:00:00+00:00
[2024-04-27T14:08:47.071+0000] {processor.py:183} INFO - Processing /home/airflow/.local/lib/python3.12/site-packages/airflow/example_dags/example_branch_operator_decorator.py took 0.891 seconds
[2024-04-27T14:09:17.382+0000] {processor.py:161} INFO - Started process (PID=335) to work on /home/airflow/.local/lib/python3.12/site-packages/airflow/example_dags/example_branch_operator_decorator.py
[2024-04-27T14:09:17.385+0000] {processor.py:830} INFO - Processing file /home/airflow/.local/lib/python3.12/site-packages/airflow/example_dags/example_branch_operator_decorator.py for tasks to queue
[2024-04-27T14:09:17.390+0000] {logging_mixin.py:188} INFO - [2024-04-27T14:09:17.389+0000] {dagbag.py:540} INFO - Filling up the DagBag from /home/airflow/.local/lib/python3.12/site-packages/airflow/example_dags/example_branch_operator_decorator.py
[2024-04-27T14:09:17.464+0000] {processor.py:840} INFO - DAG(s) 'example_branch_python_operator_decorator' retrieved from /home/airflow/.local/lib/python3.12/site-packages/airflow/example_dags/example_branch_operator_decorator.py
[2024-04-27T14:09:17.648+0000] {logging_mixin.py:188} INFO - [2024-04-27T14:09:17.648+0000] {dag.py:3096} INFO - Sync 1 DAGs
[2024-04-27T14:09:17.766+0000] {logging_mixin.py:188} INFO - [2024-04-27T14:09:17.765+0000] {dag.py:3954} INFO - Setting next_dagrun for example_branch_python_operator_decorator to 2024-04-26 00:00:00+00:00, run_after=2024-04-27 00:00:00+00:00
[2024-04-27T14:09:17.850+0000] {processor.py:183} INFO - Processing /home/airflow/.local/lib/python3.12/site-packages/airflow/example_dags/example_branch_operator_decorator.py took 0.483 seconds
[2024-04-27T14:09:48.131+0000] {processor.py:161} INFO - Started process (PID=389) to work on /home/airflow/.local/lib/python3.12/site-packages/airflow/example_dags/example_branch_operator_decorator.py
[2024-04-27T14:09:48.132+0000] {processor.py:830} INFO - Processing file /home/airflow/.local/lib/python3.12/site-packages/airflow/example_dags/example_branch_operator_decorator.py for tasks to queue
[2024-04-27T14:09:48.135+0000] {logging_mixin.py:188} INFO - [2024-04-27T14:09:48.135+0000] {dagbag.py:540} INFO - Filling up the DagBag from /home/airflow/.local/lib/python3.12/site-packages/airflow/example_dags/example_branch_operator_decorator.py
[2024-04-27T14:09:48.167+0000] {processor.py:840} INFO - DAG(s) 'example_branch_python_operator_decorator' retrieved from /home/airflow/.local/lib/python3.12/site-packages/airflow/example_dags/example_branch_operator_decorator.py
[2024-04-27T14:09:48.215+0000] {logging_mixin.py:188} INFO - [2024-04-27T14:09:48.215+0000] {dag.py:3096} INFO - Sync 1 DAGs
[2024-04-27T14:09:48.263+0000] {logging_mixin.py:188} INFO - [2024-04-27T14:09:48.263+0000] {dag.py:3954} INFO - Setting next_dagrun for example_branch_python_operator_decorator to 2024-04-26 00:00:00+00:00, run_after=2024-04-27 00:00:00+00:00
[2024-04-27T14:09:48.318+0000] {processor.py:183} INFO - Processing /home/airflow/.local/lib/python3.12/site-packages/airflow/example_dags/example_branch_operator_decorator.py took 0.198 seconds
[2024-04-27T14:10:22.467+0000] {processor.py:161} INFO - Started process (PID=443) to work on /home/airflow/.local/lib/python3.12/site-packages/airflow/example_dags/example_branch_operator_decorator.py
[2024-04-27T14:10:22.470+0000] {processor.py:830} INFO - Processing file /home/airflow/.local/lib/python3.12/site-packages/airflow/example_dags/example_branch_operator_decorator.py for tasks to queue
[2024-04-27T14:10:22.475+0000] {logging_mixin.py:188} INFO - [2024-04-27T14:10:22.474+0000] {dagbag.py:540} INFO - Filling up the DagBag from /home/airflow/.local/lib/python3.12/site-packages/airflow/example_dags/example_branch_operator_decorator.py
[2024-04-27T14:10:22.556+0000] {processor.py:840} INFO - DAG(s) 'example_branch_python_operator_decorator' retrieved from /home/airflow/.local/lib/python3.12/site-packages/airflow/example_dags/example_branch_operator_decorator.py
[2024-04-27T14:10:22.696+0000] {logging_mixin.py:188} INFO - [2024-04-27T14:10:22.695+0000] {dag.py:3096} INFO - Sync 1 DAGs
[2024-04-27T14:10:22.797+0000] {logging_mixin.py:188} INFO - [2024-04-27T14:10:22.796+0000] {dag.py:3954} INFO - Setting next_dagrun for example_branch_python_operator_decorator to 2024-04-26 00:00:00+00:00, run_after=2024-04-27 00:00:00+00:00
[2024-04-27T14:10:22.903+0000] {processor.py:183} INFO - Processing /home/airflow/.local/lib/python3.12/site-packages/airflow/example_dags/example_branch_operator_decorator.py took 0.453 seconds
[2024-04-27T14:10:53.390+0000] {processor.py:161} INFO - Started process (PID=495) to work on /home/airflow/.local/lib/python3.12/site-packages/airflow/example_dags/example_branch_operator_decorator.py
[2024-04-27T14:10:53.392+0000] {processor.py:830} INFO - Processing file /home/airflow/.local/lib/python3.12/site-packages/airflow/example_dags/example_branch_operator_decorator.py for tasks to queue
[2024-04-27T14:10:53.397+0000] {logging_mixin.py:188} INFO - [2024-04-27T14:10:53.396+0000] {dagbag.py:540} INFO - Filling up the DagBag from /home/airflow/.local/lib/python3.12/site-packages/airflow/example_dags/example_branch_operator_decorator.py
[2024-04-27T14:10:53.461+0000] {processor.py:840} INFO - DAG(s) 'example_branch_python_operator_decorator' retrieved from /home/airflow/.local/lib/python3.12/site-packages/airflow/example_dags/example_branch_operator_decorator.py
[2024-04-27T14:10:53.542+0000] {logging_mixin.py:188} INFO - [2024-04-27T14:10:53.541+0000] {dag.py:3096} INFO - Sync 1 DAGs
[2024-04-27T14:10:53.614+0000] {logging_mixin.py:188} INFO - [2024-04-27T14:10:53.613+0000] {dag.py:3954} INFO - Setting next_dagrun for example_branch_python_operator_decorator to 2024-04-26 00:00:00+00:00, run_after=2024-04-27 00:00:00+00:00
[2024-04-27T14:10:53.680+0000] {processor.py:183} INFO - Processing /home/airflow/.local/lib/python3.12/site-packages/airflow/example_dags/example_branch_operator_decorator.py took 0.304 seconds
[2024-04-27T14:11:26.469+0000] {processor.py:161} INFO - Started process (PID=548) to work on /home/airflow/.local/lib/python3.12/site-packages/airflow/example_dags/example_branch_operator_decorator.py
[2024-04-27T14:11:26.471+0000] {processor.py:830} INFO - Processing file /home/airflow/.local/lib/python3.12/site-packages/airflow/example_dags/example_branch_operator_decorator.py for tasks to queue
[2024-04-27T14:11:26.476+0000] {logging_mixin.py:188} INFO - [2024-04-27T14:11:26.475+0000] {dagbag.py:540} INFO - Filling up the DagBag from /home/airflow/.local/lib/python3.12/site-packages/airflow/example_dags/example_branch_operator_decorator.py
[2024-04-27T14:11:26.548+0000] {processor.py:840} INFO - DAG(s) 'example_branch_python_operator_decorator' retrieved from /home/airflow/.local/lib/python3.12/site-packages/airflow/example_dags/example_branch_operator_decorator.py
[2024-04-27T14:11:26.644+0000] {logging_mixin.py:188} INFO - [2024-04-27T14:11:26.644+0000] {dag.py:3096} INFO - Sync 1 DAGs
[2024-04-27T14:11:26.721+0000] {logging_mixin.py:188} INFO - [2024-04-27T14:11:26.721+0000] {dag.py:3954} INFO - Setting next_dagrun for example_branch_python_operator_decorator to 2024-04-26 00:00:00+00:00, run_after=2024-04-27 00:00:00+00:00
[2024-04-27T14:11:26.788+0000] {processor.py:183} INFO - Processing /home/airflow/.local/lib/python3.12/site-packages/airflow/example_dags/example_branch_operator_decorator.py took 0.333 seconds
[2024-04-27T14:12:01.473+0000] {processor.py:161} INFO - Started process (PID=602) to work on /home/airflow/.local/lib/python3.12/site-packages/airflow/example_dags/example_branch_operator_decorator.py
[2024-04-27T14:12:01.478+0000] {processor.py:830} INFO - Processing file /home/airflow/.local/lib/python3.12/site-packages/airflow/example_dags/example_branch_operator_decorator.py for tasks to queue
[2024-04-27T14:12:01.488+0000] {logging_mixin.py:188} INFO - [2024-04-27T14:12:01.487+0000] {dagbag.py:540} INFO - Filling up the DagBag from /home/airflow/.local/lib/python3.12/site-packages/airflow/example_dags/example_branch_operator_decorator.py
[2024-04-27T14:12:01.608+0000] {processor.py:840} INFO - DAG(s) 'example_branch_python_operator_decorator' retrieved from /home/airflow/.local/lib/python3.12/site-packages/airflow/example_dags/example_branch_operator_decorator.py
[2024-04-27T14:12:01.769+0000] {logging_mixin.py:188} INFO - [2024-04-27T14:12:01.768+0000] {dag.py:3096} INFO - Sync 1 DAGs
[2024-04-27T14:12:01.872+0000] {logging_mixin.py:188} INFO - [2024-04-27T14:12:01.871+0000] {dag.py:3954} INFO - Setting next_dagrun for example_branch_python_operator_decorator to 2024-04-26 00:00:00+00:00, run_after=2024-04-27 00:00:00+00:00
[2024-04-27T14:12:01.950+0000] {processor.py:183} INFO - Processing /home/airflow/.local/lib/python3.12/site-packages/airflow/example_dags/example_branch_operator_decorator.py took 0.494 seconds
