[2024-04-27T14:06:47.990+0000] {processor.py:161} INFO - Started process (PID=82) to work on /home/airflow/.local/lib/python3.12/site-packages/airflow/example_dags/example_task_group_decorator.py
[2024-04-27T14:06:47.993+0000] {processor.py:830} INFO - Processing file /home/airflow/.local/lib/python3.12/site-packages/airflow/example_dags/example_task_group_decorator.py for tasks to queue
[2024-04-27T14:06:48.088+0000] {logging_mixin.py:188} INFO - [2024-04-27T14:06:48.061+0000] {dagbag.py:540} INFO - Filling up the DagBag from /home/airflow/.local/lib/python3.12/site-packages/airflow/example_dags/example_task_group_decorator.py
[2024-04-27T14:06:48.611+0000] {processor.py:840} INFO - DAG(s) 'example_task_group_decorator' retrieved from /home/airflow/.local/lib/python3.12/site-packages/airflow/example_dags/example_task_group_decorator.py
[2024-04-27T14:06:49.899+0000] {logging_mixin.py:188} INFO - [2024-04-27T14:06:49.899+0000] {dag.py:3096} INFO - Sync 1 DAGs
[2024-04-27T14:06:50.196+0000] {logging_mixin.py:188} INFO - [2024-04-27T14:06:50.196+0000] {dag.py:3954} INFO - Setting next_dagrun for example_task_group_decorator to 2024-04-26 00:00:00+00:00, run_after=2024-04-27 00:00:00+00:00
[2024-04-27T14:06:50.359+0000] {processor.py:183} INFO - Processing /home/airflow/.local/lib/python3.12/site-packages/airflow/example_dags/example_task_group_decorator.py took 2.479 seconds
[2024-04-27T14:07:21.003+0000] {processor.py:161} INFO - Started process (PID=135) to work on /home/airflow/.local/lib/python3.12/site-packages/airflow/example_dags/example_task_group_decorator.py
[2024-04-27T14:07:21.008+0000] {processor.py:830} INFO - Processing file /home/airflow/.local/lib/python3.12/site-packages/airflow/example_dags/example_task_group_decorator.py for tasks to queue
[2024-04-27T14:07:21.011+0000] {logging_mixin.py:188} INFO - [2024-04-27T14:07:21.010+0000] {dagbag.py:540} INFO - Filling up the DagBag from /home/airflow/.local/lib/python3.12/site-packages/airflow/example_dags/example_task_group_decorator.py
[2024-04-27T14:07:21.068+0000] {processor.py:840} INFO - DAG(s) 'example_task_group_decorator' retrieved from /home/airflow/.local/lib/python3.12/site-packages/airflow/example_dags/example_task_group_decorator.py
[2024-04-27T14:07:21.174+0000] {logging_mixin.py:188} INFO - [2024-04-27T14:07:21.173+0000] {dag.py:3096} INFO - Sync 1 DAGs
[2024-04-27T14:07:21.264+0000] {logging_mixin.py:188} INFO - [2024-04-27T14:07:21.263+0000] {dag.py:3954} INFO - Setting next_dagrun for example_task_group_decorator to 2024-04-26 00:00:00+00:00, run_after=2024-04-27 00:00:00+00:00
[2024-04-27T14:07:21.322+0000] {processor.py:183} INFO - Processing /home/airflow/.local/lib/python3.12/site-packages/airflow/example_dags/example_task_group_decorator.py took 0.375 seconds
[2024-04-27T14:07:54.747+0000] {processor.py:161} INFO - Started process (PID=189) to work on /home/airflow/.local/lib/python3.12/site-packages/airflow/example_dags/example_task_group_decorator.py
[2024-04-27T14:07:54.761+0000] {processor.py:830} INFO - Processing file /home/airflow/.local/lib/python3.12/site-packages/airflow/example_dags/example_task_group_decorator.py for tasks to queue
[2024-04-27T14:07:54.774+0000] {logging_mixin.py:188} INFO - [2024-04-27T14:07:54.765+0000] {dagbag.py:540} INFO - Filling up the DagBag from /home/airflow/.local/lib/python3.12/site-packages/airflow/example_dags/example_task_group_decorator.py
[2024-04-27T14:07:54.894+0000] {processor.py:840} INFO - DAG(s) 'example_task_group_decorator' retrieved from /home/airflow/.local/lib/python3.12/site-packages/airflow/example_dags/example_task_group_decorator.py
[2024-04-27T14:07:55.062+0000] {logging_mixin.py:188} INFO - [2024-04-27T14:07:55.062+0000] {dag.py:3096} INFO - Sync 1 DAGs
[2024-04-27T14:07:55.130+0000] {logging_mixin.py:188} INFO - [2024-04-27T14:07:55.130+0000] {dag.py:3954} INFO - Setting next_dagrun for example_task_group_decorator to 2024-04-26 00:00:00+00:00, run_after=2024-04-27 00:00:00+00:00
[2024-04-27T14:07:55.310+0000] {processor.py:183} INFO - Processing /home/airflow/.local/lib/python3.12/site-packages/airflow/example_dags/example_task_group_decorator.py took 0.607 seconds
[2024-04-27T14:08:25.582+0000] {processor.py:161} INFO - Started process (PID=241) to work on /home/airflow/.local/lib/python3.12/site-packages/airflow/example_dags/example_task_group_decorator.py
[2024-04-27T14:08:25.584+0000] {processor.py:830} INFO - Processing file /home/airflow/.local/lib/python3.12/site-packages/airflow/example_dags/example_task_group_decorator.py for tasks to queue
[2024-04-27T14:08:25.588+0000] {logging_mixin.py:188} INFO - [2024-04-27T14:08:25.587+0000] {dagbag.py:540} INFO - Filling up the DagBag from /home/airflow/.local/lib/python3.12/site-packages/airflow/example_dags/example_task_group_decorator.py
[2024-04-27T14:08:25.653+0000] {processor.py:840} INFO - DAG(s) 'example_task_group_decorator' retrieved from /home/airflow/.local/lib/python3.12/site-packages/airflow/example_dags/example_task_group_decorator.py
[2024-04-27T14:08:25.769+0000] {logging_mixin.py:188} INFO - [2024-04-27T14:08:25.768+0000] {dag.py:3096} INFO - Sync 1 DAGs
[2024-04-27T14:08:27.084+0000] {logging_mixin.py:188} INFO - [2024-04-27T14:08:27.083+0000] {dag.py:3954} INFO - Setting next_dagrun for example_task_group_decorator to 2024-04-26 00:00:00+00:00, run_after=2024-04-27 00:00:00+00:00
[2024-04-27T14:08:27.182+0000] {processor.py:183} INFO - Processing /home/airflow/.local/lib/python3.12/site-packages/airflow/example_dags/example_task_group_decorator.py took 1.618 seconds
[2024-04-27T14:08:57.913+0000] {processor.py:161} INFO - Started process (PID=295) to work on /home/airflow/.local/lib/python3.12/site-packages/airflow/example_dags/example_task_group_decorator.py
[2024-04-27T14:08:57.915+0000] {processor.py:830} INFO - Processing file /home/airflow/.local/lib/python3.12/site-packages/airflow/example_dags/example_task_group_decorator.py for tasks to queue
[2024-04-27T14:08:57.927+0000] {logging_mixin.py:188} INFO - [2024-04-27T14:08:57.926+0000] {dagbag.py:540} INFO - Filling up the DagBag from /home/airflow/.local/lib/python3.12/site-packages/airflow/example_dags/example_task_group_decorator.py
[2024-04-27T14:08:58.583+0000] {processor.py:840} INFO - DAG(s) 'example_task_group_decorator' retrieved from /home/airflow/.local/lib/python3.12/site-packages/airflow/example_dags/example_task_group_decorator.py
[2024-04-27T14:08:58.733+0000] {logging_mixin.py:188} INFO - [2024-04-27T14:08:58.731+0000] {dag.py:3096} INFO - Sync 1 DAGs
[2024-04-27T14:08:58.878+0000] {logging_mixin.py:188} INFO - [2024-04-27T14:08:58.874+0000] {dag.py:3954} INFO - Setting next_dagrun for example_task_group_decorator to 2024-04-26 00:00:00+00:00, run_after=2024-04-27 00:00:00+00:00
[2024-04-27T14:08:58.970+0000] {processor.py:183} INFO - Processing /home/airflow/.local/lib/python3.12/site-packages/airflow/example_dags/example_task_group_decorator.py took 1.072 seconds
[2024-04-27T14:09:29.557+0000] {processor.py:161} INFO - Started process (PID=350) to work on /home/airflow/.local/lib/python3.12/site-packages/airflow/example_dags/example_task_group_decorator.py
[2024-04-27T14:09:29.569+0000] {processor.py:830} INFO - Processing file /home/airflow/.local/lib/python3.12/site-packages/airflow/example_dags/example_task_group_decorator.py for tasks to queue
[2024-04-27T14:09:29.592+0000] {logging_mixin.py:188} INFO - [2024-04-27T14:09:29.590+0000] {dagbag.py:540} INFO - Filling up the DagBag from /home/airflow/.local/lib/python3.12/site-packages/airflow/example_dags/example_task_group_decorator.py
[2024-04-27T14:09:29.684+0000] {processor.py:840} INFO - DAG(s) 'example_task_group_decorator' retrieved from /home/airflow/.local/lib/python3.12/site-packages/airflow/example_dags/example_task_group_decorator.py
[2024-04-27T14:09:29.826+0000] {logging_mixin.py:188} INFO - [2024-04-27T14:09:29.824+0000] {dag.py:3096} INFO - Sync 1 DAGs
[2024-04-27T14:09:29.976+0000] {logging_mixin.py:188} INFO - [2024-04-27T14:09:29.975+0000] {dag.py:3954} INFO - Setting next_dagrun for example_task_group_decorator to 2024-04-26 00:00:00+00:00, run_after=2024-04-27 00:00:00+00:00
[2024-04-27T14:09:30.148+0000] {processor.py:183} INFO - Processing /home/airflow/.local/lib/python3.12/site-packages/airflow/example_dags/example_task_group_decorator.py took 0.644 seconds
[2024-04-27T14:10:02.046+0000] {processor.py:161} INFO - Started process (PID=403) to work on /home/airflow/.local/lib/python3.12/site-packages/airflow/example_dags/example_task_group_decorator.py
[2024-04-27T14:10:02.048+0000] {processor.py:830} INFO - Processing file /home/airflow/.local/lib/python3.12/site-packages/airflow/example_dags/example_task_group_decorator.py for tasks to queue
[2024-04-27T14:10:02.058+0000] {logging_mixin.py:188} INFO - [2024-04-27T14:10:02.057+0000] {dagbag.py:540} INFO - Filling up the DagBag from /home/airflow/.local/lib/python3.12/site-packages/airflow/example_dags/example_task_group_decorator.py
[2024-04-27T14:10:02.102+0000] {processor.py:840} INFO - DAG(s) 'example_task_group_decorator' retrieved from /home/airflow/.local/lib/python3.12/site-packages/airflow/example_dags/example_task_group_decorator.py
[2024-04-27T14:10:02.240+0000] {logging_mixin.py:188} INFO - [2024-04-27T14:10:02.239+0000] {dag.py:3096} INFO - Sync 1 DAGs
[2024-04-27T14:10:02.445+0000] {logging_mixin.py:188} INFO - [2024-04-27T14:10:02.444+0000] {dag.py:3954} INFO - Setting next_dagrun for example_task_group_decorator to 2024-04-26 00:00:00+00:00, run_after=2024-04-27 00:00:00+00:00
[2024-04-27T14:10:02.515+0000] {processor.py:183} INFO - Processing /home/airflow/.local/lib/python3.12/site-packages/airflow/example_dags/example_task_group_decorator.py took 0.499 seconds
[2024-04-27T14:10:33.238+0000] {processor.py:161} INFO - Started process (PID=458) to work on /home/airflow/.local/lib/python3.12/site-packages/airflow/example_dags/example_task_group_decorator.py
[2024-04-27T14:10:33.240+0000] {processor.py:830} INFO - Processing file /home/airflow/.local/lib/python3.12/site-packages/airflow/example_dags/example_task_group_decorator.py for tasks to queue
[2024-04-27T14:10:33.244+0000] {logging_mixin.py:188} INFO - [2024-04-27T14:10:33.243+0000] {dagbag.py:540} INFO - Filling up the DagBag from /home/airflow/.local/lib/python3.12/site-packages/airflow/example_dags/example_task_group_decorator.py
[2024-04-27T14:10:33.273+0000] {processor.py:840} INFO - DAG(s) 'example_task_group_decorator' retrieved from /home/airflow/.local/lib/python3.12/site-packages/airflow/example_dags/example_task_group_decorator.py
[2024-04-27T14:10:33.474+0000] {logging_mixin.py:188} INFO - [2024-04-27T14:10:33.474+0000] {dag.py:3096} INFO - Sync 1 DAGs
[2024-04-27T14:10:33.533+0000] {logging_mixin.py:188} INFO - [2024-04-27T14:10:33.533+0000] {dag.py:3954} INFO - Setting next_dagrun for example_task_group_decorator to 2024-04-26 00:00:00+00:00, run_after=2024-04-27 00:00:00+00:00
[2024-04-27T14:10:33.596+0000] {processor.py:183} INFO - Processing /home/airflow/.local/lib/python3.12/site-packages/airflow/example_dags/example_task_group_decorator.py took 0.370 seconds
[2024-04-27T14:11:03.715+0000] {processor.py:161} INFO - Started process (PID=512) to work on /home/airflow/.local/lib/python3.12/site-packages/airflow/example_dags/example_task_group_decorator.py
[2024-04-27T14:11:03.718+0000] {processor.py:830} INFO - Processing file /home/airflow/.local/lib/python3.12/site-packages/airflow/example_dags/example_task_group_decorator.py for tasks to queue
[2024-04-27T14:11:03.723+0000] {logging_mixin.py:188} INFO - [2024-04-27T14:11:03.723+0000] {dagbag.py:540} INFO - Filling up the DagBag from /home/airflow/.local/lib/python3.12/site-packages/airflow/example_dags/example_task_group_decorator.py
[2024-04-27T14:11:03.763+0000] {processor.py:840} INFO - DAG(s) 'example_task_group_decorator' retrieved from /home/airflow/.local/lib/python3.12/site-packages/airflow/example_dags/example_task_group_decorator.py
[2024-04-27T14:11:03.828+0000] {logging_mixin.py:188} INFO - [2024-04-27T14:11:03.828+0000] {dag.py:3096} INFO - Sync 1 DAGs
[2024-04-27T14:11:03.890+0000] {logging_mixin.py:188} INFO - [2024-04-27T14:11:03.890+0000] {dag.py:3954} INFO - Setting next_dagrun for example_task_group_decorator to 2024-04-26 00:00:00+00:00, run_after=2024-04-27 00:00:00+00:00
[2024-04-27T14:11:04.071+0000] {processor.py:183} INFO - Processing /home/airflow/.local/lib/python3.12/site-packages/airflow/example_dags/example_task_group_decorator.py took 0.371 seconds
[2024-04-27T14:11:35.200+0000] {processor.py:161} INFO - Started process (PID=566) to work on /home/airflow/.local/lib/python3.12/site-packages/airflow/example_dags/example_task_group_decorator.py
[2024-04-27T14:11:35.220+0000] {processor.py:830} INFO - Processing file /home/airflow/.local/lib/python3.12/site-packages/airflow/example_dags/example_task_group_decorator.py for tasks to queue
[2024-04-27T14:11:35.268+0000] {logging_mixin.py:188} INFO - [2024-04-27T14:11:35.267+0000] {dagbag.py:540} INFO - Filling up the DagBag from /home/airflow/.local/lib/python3.12/site-packages/airflow/example_dags/example_task_group_decorator.py
[2024-04-27T14:11:35.468+0000] {processor.py:840} INFO - DAG(s) 'example_task_group_decorator' retrieved from /home/airflow/.local/lib/python3.12/site-packages/airflow/example_dags/example_task_group_decorator.py
[2024-04-27T14:11:35.604+0000] {logging_mixin.py:188} INFO - [2024-04-27T14:11:35.604+0000] {dag.py:3096} INFO - Sync 1 DAGs
[2024-04-27T14:11:35.863+0000] {logging_mixin.py:188} INFO - [2024-04-27T14:11:35.863+0000] {dag.py:3954} INFO - Setting next_dagrun for example_task_group_decorator to 2024-04-26 00:00:00+00:00, run_after=2024-04-27 00:00:00+00:00
[2024-04-27T14:11:36.171+0000] {processor.py:183} INFO - Processing /home/airflow/.local/lib/python3.12/site-packages/airflow/example_dags/example_task_group_decorator.py took 1.019 seconds
[2024-04-27T14:12:07.373+0000] {processor.py:161} INFO - Started process (PID=620) to work on /home/airflow/.local/lib/python3.12/site-packages/airflow/example_dags/example_task_group_decorator.py
[2024-04-27T14:12:07.441+0000] {processor.py:830} INFO - Processing file /home/airflow/.local/lib/python3.12/site-packages/airflow/example_dags/example_task_group_decorator.py for tasks to queue
[2024-04-27T14:12:07.458+0000] {logging_mixin.py:188} INFO - [2024-04-27T14:12:07.457+0000] {dagbag.py:540} INFO - Filling up the DagBag from /home/airflow/.local/lib/python3.12/site-packages/airflow/example_dags/example_task_group_decorator.py
[2024-04-27T14:12:07.697+0000] {processor.py:840} INFO - DAG(s) 'example_task_group_decorator' retrieved from /home/airflow/.local/lib/python3.12/site-packages/airflow/example_dags/example_task_group_decorator.py
[2024-04-27T14:12:07.939+0000] {logging_mixin.py:188} INFO - [2024-04-27T14:12:07.938+0000] {dag.py:3096} INFO - Sync 1 DAGs
[2024-04-27T14:12:08.136+0000] {logging_mixin.py:188} INFO - [2024-04-27T14:12:08.136+0000] {dag.py:3954} INFO - Setting next_dagrun for example_task_group_decorator to 2024-04-26 00:00:00+00:00, run_after=2024-04-27 00:00:00+00:00
[2024-04-27T14:12:08.277+0000] {processor.py:183} INFO - Processing /home/airflow/.local/lib/python3.12/site-packages/airflow/example_dags/example_task_group_decorator.py took 0.962 seconds
