[2024-04-27T14:06:52.614+0000] {processor.py:161} INFO - Started process (PID=87) to work on /home/airflow/.local/lib/python3.12/site-packages/airflow/example_dags/example_nested_branch_dag.py
[2024-04-27T14:06:52.616+0000] {processor.py:830} INFO - Processing file /home/airflow/.local/lib/python3.12/site-packages/airflow/example_dags/example_nested_branch_dag.py for tasks to queue
[2024-04-27T14:06:52.621+0000] {logging_mixin.py:188} INFO - [2024-04-27T14:06:52.620+0000] {dagbag.py:540} INFO - Filling up the DagBag from /home/airflow/.local/lib/python3.12/site-packages/airflow/example_dags/example_nested_branch_dag.py
[2024-04-27T14:06:52.649+0000] {processor.py:840} INFO - DAG(s) 'example_nested_branch_dag' retrieved from /home/airflow/.local/lib/python3.12/site-packages/airflow/example_dags/example_nested_branch_dag.py
[2024-04-27T14:06:52.981+0000] {logging_mixin.py:188} INFO - [2024-04-27T14:06:52.981+0000] {dag.py:3096} INFO - Sync 1 DAGs
[2024-04-27T14:06:53.085+0000] {logging_mixin.py:188} INFO - [2024-04-27T14:06:53.084+0000] {dag.py:3954} INFO - Setting next_dagrun for example_nested_branch_dag to 2024-04-26 00:00:00+00:00, run_after=2024-04-27 00:00:00+00:00
[2024-04-27T14:06:53.150+0000] {processor.py:183} INFO - Processing /home/airflow/.local/lib/python3.12/site-packages/airflow/example_dags/example_nested_branch_dag.py took 0.550 seconds
[2024-04-27T14:07:25.469+0000] {processor.py:161} INFO - Started process (PID=141) to work on /home/airflow/.local/lib/python3.12/site-packages/airflow/example_dags/example_nested_branch_dag.py
[2024-04-27T14:07:25.477+0000] {processor.py:830} INFO - Processing file /home/airflow/.local/lib/python3.12/site-packages/airflow/example_dags/example_nested_branch_dag.py for tasks to queue
[2024-04-27T14:07:25.482+0000] {logging_mixin.py:188} INFO - [2024-04-27T14:07:25.481+0000] {dagbag.py:540} INFO - Filling up the DagBag from /home/airflow/.local/lib/python3.12/site-packages/airflow/example_dags/example_nested_branch_dag.py
[2024-04-27T14:07:25.540+0000] {processor.py:840} INFO - DAG(s) 'example_nested_branch_dag' retrieved from /home/airflow/.local/lib/python3.12/site-packages/airflow/example_dags/example_nested_branch_dag.py
[2024-04-27T14:07:25.616+0000] {logging_mixin.py:188} INFO - [2024-04-27T14:07:25.616+0000] {dag.py:3096} INFO - Sync 1 DAGs
[2024-04-27T14:07:25.687+0000] {logging_mixin.py:188} INFO - [2024-04-27T14:07:25.686+0000] {dag.py:3954} INFO - Setting next_dagrun for example_nested_branch_dag to 2024-04-26 00:00:00+00:00, run_after=2024-04-27 00:00:00+00:00
[2024-04-27T14:07:25.891+0000] {processor.py:183} INFO - Processing /home/airflow/.local/lib/python3.12/site-packages/airflow/example_dags/example_nested_branch_dag.py took 0.467 seconds
[2024-04-27T14:07:58.800+0000] {processor.py:161} INFO - Started process (PID=194) to work on /home/airflow/.local/lib/python3.12/site-packages/airflow/example_dags/example_nested_branch_dag.py
[2024-04-27T14:07:58.804+0000] {processor.py:830} INFO - Processing file /home/airflow/.local/lib/python3.12/site-packages/airflow/example_dags/example_nested_branch_dag.py for tasks to queue
[2024-04-27T14:07:58.837+0000] {logging_mixin.py:188} INFO - [2024-04-27T14:07:58.833+0000] {dagbag.py:540} INFO - Filling up the DagBag from /home/airflow/.local/lib/python3.12/site-packages/airflow/example_dags/example_nested_branch_dag.py
[2024-04-27T14:07:58.965+0000] {processor.py:840} INFO - DAG(s) 'example_nested_branch_dag' retrieved from /home/airflow/.local/lib/python3.12/site-packages/airflow/example_dags/example_nested_branch_dag.py
[2024-04-27T14:07:59.126+0000] {logging_mixin.py:188} INFO - [2024-04-27T14:07:59.125+0000] {dag.py:3096} INFO - Sync 1 DAGs
[2024-04-27T14:07:59.250+0000] {logging_mixin.py:188} INFO - [2024-04-27T14:07:59.249+0000] {dag.py:3954} INFO - Setting next_dagrun for example_nested_branch_dag to 2024-04-26 00:00:00+00:00, run_after=2024-04-27 00:00:00+00:00
[2024-04-27T14:07:59.368+0000] {processor.py:183} INFO - Processing /home/airflow/.local/lib/python3.12/site-packages/airflow/example_dags/example_nested_branch_dag.py took 0.628 seconds
[2024-04-27T14:08:30.616+0000] {processor.py:161} INFO - Started process (PID=247) to work on /home/airflow/.local/lib/python3.12/site-packages/airflow/example_dags/example_nested_branch_dag.py
[2024-04-27T14:08:30.686+0000] {processor.py:830} INFO - Processing file /home/airflow/.local/lib/python3.12/site-packages/airflow/example_dags/example_nested_branch_dag.py for tasks to queue
[2024-04-27T14:08:30.694+0000] {logging_mixin.py:188} INFO - [2024-04-27T14:08:30.693+0000] {dagbag.py:540} INFO - Filling up the DagBag from /home/airflow/.local/lib/python3.12/site-packages/airflow/example_dags/example_nested_branch_dag.py
[2024-04-27T14:08:30.773+0000] {processor.py:840} INFO - DAG(s) 'example_nested_branch_dag' retrieved from /home/airflow/.local/lib/python3.12/site-packages/airflow/example_dags/example_nested_branch_dag.py
[2024-04-27T14:08:30.969+0000] {logging_mixin.py:188} INFO - [2024-04-27T14:08:30.968+0000] {dag.py:3096} INFO - Sync 1 DAGs
[2024-04-27T14:08:31.165+0000] {logging_mixin.py:188} INFO - [2024-04-27T14:08:31.164+0000] {dag.py:3954} INFO - Setting next_dagrun for example_nested_branch_dag to 2024-04-26 00:00:00+00:00, run_after=2024-04-27 00:00:00+00:00
[2024-04-27T14:08:31.292+0000] {processor.py:183} INFO - Processing /home/airflow/.local/lib/python3.12/site-packages/airflow/example_dags/example_nested_branch_dag.py took 0.715 seconds
[2024-04-27T14:09:01.757+0000] {processor.py:161} INFO - Started process (PID=301) to work on /home/airflow/.local/lib/python3.12/site-packages/airflow/example_dags/example_nested_branch_dag.py
[2024-04-27T14:09:01.761+0000] {processor.py:830} INFO - Processing file /home/airflow/.local/lib/python3.12/site-packages/airflow/example_dags/example_nested_branch_dag.py for tasks to queue
[2024-04-27T14:09:01.772+0000] {logging_mixin.py:188} INFO - [2024-04-27T14:09:01.772+0000] {dagbag.py:540} INFO - Filling up the DagBag from /home/airflow/.local/lib/python3.12/site-packages/airflow/example_dags/example_nested_branch_dag.py
[2024-04-27T14:09:01.832+0000] {processor.py:840} INFO - DAG(s) 'example_nested_branch_dag' retrieved from /home/airflow/.local/lib/python3.12/site-packages/airflow/example_dags/example_nested_branch_dag.py
[2024-04-27T14:09:02.230+0000] {logging_mixin.py:188} INFO - [2024-04-27T14:09:02.220+0000] {dag.py:3096} INFO - Sync 1 DAGs
[2024-04-27T14:09:02.426+0000] {logging_mixin.py:188} INFO - [2024-04-27T14:09:02.425+0000] {dag.py:3954} INFO - Setting next_dagrun for example_nested_branch_dag to 2024-04-26 00:00:00+00:00, run_after=2024-04-27 00:00:00+00:00
[2024-04-27T14:09:02.554+0000] {processor.py:183} INFO - Processing /home/airflow/.local/lib/python3.12/site-packages/airflow/example_dags/example_nested_branch_dag.py took 0.838 seconds
[2024-04-27T14:09:33.316+0000] {processor.py:161} INFO - Started process (PID=355) to work on /home/airflow/.local/lib/python3.12/site-packages/airflow/example_dags/example_nested_branch_dag.py
[2024-04-27T14:09:33.318+0000] {processor.py:830} INFO - Processing file /home/airflow/.local/lib/python3.12/site-packages/airflow/example_dags/example_nested_branch_dag.py for tasks to queue
[2024-04-27T14:09:33.322+0000] {logging_mixin.py:188} INFO - [2024-04-27T14:09:33.321+0000] {dagbag.py:540} INFO - Filling up the DagBag from /home/airflow/.local/lib/python3.12/site-packages/airflow/example_dags/example_nested_branch_dag.py
[2024-04-27T14:09:33.345+0000] {processor.py:840} INFO - DAG(s) 'example_nested_branch_dag' retrieved from /home/airflow/.local/lib/python3.12/site-packages/airflow/example_dags/example_nested_branch_dag.py
[2024-04-27T14:09:33.389+0000] {logging_mixin.py:188} INFO - [2024-04-27T14:09:33.388+0000] {dag.py:3096} INFO - Sync 1 DAGs
[2024-04-27T14:09:33.578+0000] {logging_mixin.py:188} INFO - [2024-04-27T14:09:33.578+0000] {dag.py:3954} INFO - Setting next_dagrun for example_nested_branch_dag to 2024-04-26 00:00:00+00:00, run_after=2024-04-27 00:00:00+00:00
[2024-04-27T14:09:33.819+0000] {processor.py:183} INFO - Processing /home/airflow/.local/lib/python3.12/site-packages/airflow/example_dags/example_nested_branch_dag.py took 0.520 seconds
[2024-04-27T14:10:04.314+0000] {processor.py:161} INFO - Started process (PID=409) to work on /home/airflow/.local/lib/python3.12/site-packages/airflow/example_dags/example_nested_branch_dag.py
[2024-04-27T14:10:04.317+0000] {processor.py:830} INFO - Processing file /home/airflow/.local/lib/python3.12/site-packages/airflow/example_dags/example_nested_branch_dag.py for tasks to queue
[2024-04-27T14:10:04.377+0000] {logging_mixin.py:188} INFO - [2024-04-27T14:10:04.376+0000] {dagbag.py:540} INFO - Filling up the DagBag from /home/airflow/.local/lib/python3.12/site-packages/airflow/example_dags/example_nested_branch_dag.py
[2024-04-27T14:10:04.413+0000] {processor.py:840} INFO - DAG(s) 'example_nested_branch_dag' retrieved from /home/airflow/.local/lib/python3.12/site-packages/airflow/example_dags/example_nested_branch_dag.py
[2024-04-27T14:10:04.485+0000] {logging_mixin.py:188} INFO - [2024-04-27T14:10:04.484+0000] {dag.py:3096} INFO - Sync 1 DAGs
[2024-04-27T14:10:04.608+0000] {logging_mixin.py:188} INFO - [2024-04-27T14:10:04.607+0000] {dag.py:3954} INFO - Setting next_dagrun for example_nested_branch_dag to 2024-04-26 00:00:00+00:00, run_after=2024-04-27 00:00:00+00:00
[2024-04-27T14:10:04.909+0000] {processor.py:183} INFO - Processing /home/airflow/.local/lib/python3.12/site-packages/airflow/example_dags/example_nested_branch_dag.py took 0.638 seconds
[2024-04-27T14:10:35.203+0000] {processor.py:161} INFO - Started process (PID=463) to work on /home/airflow/.local/lib/python3.12/site-packages/airflow/example_dags/example_nested_branch_dag.py
[2024-04-27T14:10:35.205+0000] {processor.py:830} INFO - Processing file /home/airflow/.local/lib/python3.12/site-packages/airflow/example_dags/example_nested_branch_dag.py for tasks to queue
[2024-04-27T14:10:35.210+0000] {logging_mixin.py:188} INFO - [2024-04-27T14:10:35.209+0000] {dagbag.py:540} INFO - Filling up the DagBag from /home/airflow/.local/lib/python3.12/site-packages/airflow/example_dags/example_nested_branch_dag.py
[2024-04-27T14:10:35.236+0000] {processor.py:840} INFO - DAG(s) 'example_nested_branch_dag' retrieved from /home/airflow/.local/lib/python3.12/site-packages/airflow/example_dags/example_nested_branch_dag.py
[2024-04-27T14:10:35.290+0000] {logging_mixin.py:188} INFO - [2024-04-27T14:10:35.289+0000] {dag.py:3096} INFO - Sync 1 DAGs
[2024-04-27T14:10:35.358+0000] {logging_mixin.py:188} INFO - [2024-04-27T14:10:35.357+0000] {dag.py:3954} INFO - Setting next_dagrun for example_nested_branch_dag to 2024-04-26 00:00:00+00:00, run_after=2024-04-27 00:00:00+00:00
[2024-04-27T14:10:35.489+0000] {processor.py:183} INFO - Processing /home/airflow/.local/lib/python3.12/site-packages/airflow/example_dags/example_nested_branch_dag.py took 0.302 seconds
[2024-04-27T14:11:05.991+0000] {processor.py:161} INFO - Started process (PID=517) to work on /home/airflow/.local/lib/python3.12/site-packages/airflow/example_dags/example_nested_branch_dag.py
[2024-04-27T14:11:06.028+0000] {processor.py:830} INFO - Processing file /home/airflow/.local/lib/python3.12/site-packages/airflow/example_dags/example_nested_branch_dag.py for tasks to queue
[2024-04-27T14:11:06.031+0000] {logging_mixin.py:188} INFO - [2024-04-27T14:11:06.030+0000] {dagbag.py:540} INFO - Filling up the DagBag from /home/airflow/.local/lib/python3.12/site-packages/airflow/example_dags/example_nested_branch_dag.py
[2024-04-27T14:11:06.047+0000] {processor.py:840} INFO - DAG(s) 'example_nested_branch_dag' retrieved from /home/airflow/.local/lib/python3.12/site-packages/airflow/example_dags/example_nested_branch_dag.py
[2024-04-27T14:11:06.080+0000] {logging_mixin.py:188} INFO - [2024-04-27T14:11:06.079+0000] {dag.py:3096} INFO - Sync 1 DAGs
[2024-04-27T14:11:06.118+0000] {logging_mixin.py:188} INFO - [2024-04-27T14:11:06.118+0000] {dag.py:3954} INFO - Setting next_dagrun for example_nested_branch_dag to 2024-04-26 00:00:00+00:00, run_after=2024-04-27 00:00:00+00:00
[2024-04-27T14:11:06.296+0000] {processor.py:183} INFO - Processing /home/airflow/.local/lib/python3.12/site-packages/airflow/example_dags/example_nested_branch_dag.py took 0.317 seconds
[2024-04-27T14:11:37.736+0000] {processor.py:161} INFO - Started process (PID=571) to work on /home/airflow/.local/lib/python3.12/site-packages/airflow/example_dags/example_nested_branch_dag.py
[2024-04-27T14:11:37.739+0000] {processor.py:830} INFO - Processing file /home/airflow/.local/lib/python3.12/site-packages/airflow/example_dags/example_nested_branch_dag.py for tasks to queue
[2024-04-27T14:11:37.748+0000] {logging_mixin.py:188} INFO - [2024-04-27T14:11:37.747+0000] {dagbag.py:540} INFO - Filling up the DagBag from /home/airflow/.local/lib/python3.12/site-packages/airflow/example_dags/example_nested_branch_dag.py
[2024-04-27T14:11:37.788+0000] {processor.py:840} INFO - DAG(s) 'example_nested_branch_dag' retrieved from /home/airflow/.local/lib/python3.12/site-packages/airflow/example_dags/example_nested_branch_dag.py
[2024-04-27T14:11:37.861+0000] {logging_mixin.py:188} INFO - [2024-04-27T14:11:37.860+0000] {dag.py:3096} INFO - Sync 1 DAGs
[2024-04-27T14:11:37.919+0000] {logging_mixin.py:188} INFO - [2024-04-27T14:11:37.919+0000] {dag.py:3954} INFO - Setting next_dagrun for example_nested_branch_dag to 2024-04-26 00:00:00+00:00, run_after=2024-04-27 00:00:00+00:00
[2024-04-27T14:11:38.400+0000] {processor.py:183} INFO - Processing /home/airflow/.local/lib/python3.12/site-packages/airflow/example_dags/example_nested_branch_dag.py took 0.691 seconds
[2024-04-27T14:12:12.722+0000] {processor.py:161} INFO - Started process (PID=625) to work on /home/airflow/.local/lib/python3.12/site-packages/airflow/example_dags/example_nested_branch_dag.py
[2024-04-27T14:12:12.724+0000] {processor.py:830} INFO - Processing file /home/airflow/.local/lib/python3.12/site-packages/airflow/example_dags/example_nested_branch_dag.py for tasks to queue
[2024-04-27T14:12:12.728+0000] {logging_mixin.py:188} INFO - [2024-04-27T14:12:12.728+0000] {dagbag.py:540} INFO - Filling up the DagBag from /home/airflow/.local/lib/python3.12/site-packages/airflow/example_dags/example_nested_branch_dag.py
[2024-04-27T14:12:12.756+0000] {processor.py:840} INFO - DAG(s) 'example_nested_branch_dag' retrieved from /home/airflow/.local/lib/python3.12/site-packages/airflow/example_dags/example_nested_branch_dag.py
[2024-04-27T14:12:12.862+0000] {logging_mixin.py:188} INFO - [2024-04-27T14:12:12.861+0000] {dag.py:3096} INFO - Sync 1 DAGs
[2024-04-27T14:12:12.949+0000] {logging_mixin.py:188} INFO - [2024-04-27T14:12:12.948+0000] {dag.py:3954} INFO - Setting next_dagrun for example_nested_branch_dag to 2024-04-26 00:00:00+00:00, run_after=2024-04-27 00:00:00+00:00
[2024-04-27T14:12:13.133+0000] {processor.py:183} INFO - Processing /home/airflow/.local/lib/python3.12/site-packages/airflow/example_dags/example_nested_branch_dag.py took 0.439 seconds
