[2024-04-27T14:06:51.330+0000] {processor.py:161} INFO - Started process (PID=84) to work on /home/airflow/.local/lib/python3.12/site-packages/airflow/example_dags/example_bash_decorator.py
[2024-04-27T14:06:51.339+0000] {processor.py:830} INFO - Processing file /home/airflow/.local/lib/python3.12/site-packages/airflow/example_dags/example_bash_decorator.py for tasks to queue
[2024-04-27T14:06:51.345+0000] {logging_mixin.py:188} INFO - [2024-04-27T14:06:51.344+0000] {dagbag.py:540} INFO - Filling up the DagBag from /home/airflow/.local/lib/python3.12/site-packages/airflow/example_dags/example_bash_decorator.py
[2024-04-27T14:06:51.436+0000] {processor.py:840} INFO - DAG(s) 'example_bash_decorator' retrieved from /home/airflow/.local/lib/python3.12/site-packages/airflow/example_dags/example_bash_decorator.py
[2024-04-27T14:06:52.011+0000] {logging_mixin.py:188} INFO - [2024-04-27T14:06:52.010+0000] {dag.py:3096} INFO - Sync 1 DAGs
[2024-04-27T14:06:52.039+0000] {logging_mixin.py:188} INFO - [2024-04-27T14:06:52.038+0000] {dag.py:3954} INFO - Setting next_dagrun for example_bash_decorator to None, run_after=None
[2024-04-27T14:06:52.107+0000] {processor.py:183} INFO - Processing /home/airflow/.local/lib/python3.12/site-packages/airflow/example_dags/example_bash_decorator.py took 0.801 seconds
[2024-04-27T14:07:22.698+0000] {processor.py:161} INFO - Started process (PID=138) to work on /home/airflow/.local/lib/python3.12/site-packages/airflow/example_dags/example_bash_decorator.py
[2024-04-27T14:07:22.722+0000] {processor.py:830} INFO - Processing file /home/airflow/.local/lib/python3.12/site-packages/airflow/example_dags/example_bash_decorator.py for tasks to queue
[2024-04-27T14:07:22.744+0000] {logging_mixin.py:188} INFO - [2024-04-27T14:07:22.744+0000] {dagbag.py:540} INFO - Filling up the DagBag from /home/airflow/.local/lib/python3.12/site-packages/airflow/example_dags/example_bash_decorator.py
[2024-04-27T14:07:22.862+0000] {processor.py:840} INFO - DAG(s) 'example_bash_decorator' retrieved from /home/airflow/.local/lib/python3.12/site-packages/airflow/example_dags/example_bash_decorator.py
[2024-04-27T14:07:23.056+0000] {logging_mixin.py:188} INFO - [2024-04-27T14:07:23.056+0000] {dag.py:3096} INFO - Sync 1 DAGs
[2024-04-27T14:07:23.145+0000] {logging_mixin.py:188} INFO - [2024-04-27T14:07:23.137+0000] {dag.py:3954} INFO - Setting next_dagrun for example_bash_decorator to None, run_after=None
[2024-04-27T14:07:23.356+0000] {processor.py:183} INFO - Processing /home/airflow/.local/lib/python3.12/site-packages/airflow/example_dags/example_bash_decorator.py took 0.695 seconds
[2024-04-27T14:07:55.785+0000] {processor.py:161} INFO - Started process (PID=191) to work on /home/airflow/.local/lib/python3.12/site-packages/airflow/example_dags/example_bash_decorator.py
[2024-04-27T14:07:55.787+0000] {processor.py:830} INFO - Processing file /home/airflow/.local/lib/python3.12/site-packages/airflow/example_dags/example_bash_decorator.py for tasks to queue
[2024-04-27T14:07:55.793+0000] {logging_mixin.py:188} INFO - [2024-04-27T14:07:55.792+0000] {dagbag.py:540} INFO - Filling up the DagBag from /home/airflow/.local/lib/python3.12/site-packages/airflow/example_dags/example_bash_decorator.py
[2024-04-27T14:07:55.884+0000] {processor.py:840} INFO - DAG(s) 'example_bash_decorator' retrieved from /home/airflow/.local/lib/python3.12/site-packages/airflow/example_dags/example_bash_decorator.py
[2024-04-27T14:07:56.047+0000] {logging_mixin.py:188} INFO - [2024-04-27T14:07:56.046+0000] {dag.py:3096} INFO - Sync 1 DAGs
[2024-04-27T14:07:56.139+0000] {logging_mixin.py:188} INFO - [2024-04-27T14:07:56.138+0000] {dag.py:3954} INFO - Setting next_dagrun for example_bash_decorator to None, run_after=None
[2024-04-27T14:07:56.272+0000] {processor.py:183} INFO - Processing /home/airflow/.local/lib/python3.12/site-packages/airflow/example_dags/example_bash_decorator.py took 0.506 seconds
[2024-04-27T14:08:27.325+0000] {processor.py:161} INFO - Started process (PID=243) to work on /home/airflow/.local/lib/python3.12/site-packages/airflow/example_dags/example_bash_decorator.py
[2024-04-27T14:08:27.339+0000] {processor.py:830} INFO - Processing file /home/airflow/.local/lib/python3.12/site-packages/airflow/example_dags/example_bash_decorator.py for tasks to queue
[2024-04-27T14:08:27.346+0000] {logging_mixin.py:188} INFO - [2024-04-27T14:08:27.346+0000] {dagbag.py:540} INFO - Filling up the DagBag from /home/airflow/.local/lib/python3.12/site-packages/airflow/example_dags/example_bash_decorator.py
[2024-04-27T14:08:27.386+0000] {processor.py:840} INFO - DAG(s) 'example_bash_decorator' retrieved from /home/airflow/.local/lib/python3.12/site-packages/airflow/example_dags/example_bash_decorator.py
[2024-04-27T14:08:27.444+0000] {logging_mixin.py:188} INFO - [2024-04-27T14:08:27.444+0000] {dag.py:3096} INFO - Sync 1 DAGs
[2024-04-27T14:08:27.483+0000] {logging_mixin.py:188} INFO - [2024-04-27T14:08:27.483+0000] {dag.py:3954} INFO - Setting next_dagrun for example_bash_decorator to None, run_after=None
[2024-04-27T14:08:27.533+0000] {processor.py:183} INFO - Processing /home/airflow/.local/lib/python3.12/site-packages/airflow/example_dags/example_bash_decorator.py took 0.254 seconds
[2024-04-27T14:08:58.975+0000] {processor.py:161} INFO - Started process (PID=297) to work on /home/airflow/.local/lib/python3.12/site-packages/airflow/example_dags/example_bash_decorator.py
[2024-04-27T14:08:58.978+0000] {processor.py:830} INFO - Processing file /home/airflow/.local/lib/python3.12/site-packages/airflow/example_dags/example_bash_decorator.py for tasks to queue
[2024-04-27T14:08:58.993+0000] {logging_mixin.py:188} INFO - [2024-04-27T14:08:58.992+0000] {dagbag.py:540} INFO - Filling up the DagBag from /home/airflow/.local/lib/python3.12/site-packages/airflow/example_dags/example_bash_decorator.py
[2024-04-27T14:08:59.084+0000] {processor.py:840} INFO - DAG(s) 'example_bash_decorator' retrieved from /home/airflow/.local/lib/python3.12/site-packages/airflow/example_dags/example_bash_decorator.py
[2024-04-27T14:08:59.172+0000] {logging_mixin.py:188} INFO - [2024-04-27T14:08:59.171+0000] {dag.py:3096} INFO - Sync 1 DAGs
[2024-04-27T14:08:59.224+0000] {logging_mixin.py:188} INFO - [2024-04-27T14:08:59.224+0000] {dag.py:3954} INFO - Setting next_dagrun for example_bash_decorator to None, run_after=None
[2024-04-27T14:08:59.280+0000] {processor.py:183} INFO - Processing /home/airflow/.local/lib/python3.12/site-packages/airflow/example_dags/example_bash_decorator.py took 0.333 seconds
[2024-04-27T14:09:30.329+0000] {processor.py:161} INFO - Started process (PID=351) to work on /home/airflow/.local/lib/python3.12/site-packages/airflow/example_dags/example_bash_decorator.py
[2024-04-27T14:09:30.332+0000] {processor.py:830} INFO - Processing file /home/airflow/.local/lib/python3.12/site-packages/airflow/example_dags/example_bash_decorator.py for tasks to queue
[2024-04-27T14:09:30.347+0000] {logging_mixin.py:188} INFO - [2024-04-27T14:09:30.346+0000] {dagbag.py:540} INFO - Filling up the DagBag from /home/airflow/.local/lib/python3.12/site-packages/airflow/example_dags/example_bash_decorator.py
[2024-04-27T14:09:30.422+0000] {processor.py:840} INFO - DAG(s) 'example_bash_decorator' retrieved from /home/airflow/.local/lib/python3.12/site-packages/airflow/example_dags/example_bash_decorator.py
[2024-04-27T14:09:30.570+0000] {logging_mixin.py:188} INFO - [2024-04-27T14:09:30.570+0000] {dag.py:3096} INFO - Sync 1 DAGs
[2024-04-27T14:09:30.633+0000] {logging_mixin.py:188} INFO - [2024-04-27T14:09:30.632+0000] {dag.py:3954} INFO - Setting next_dagrun for example_bash_decorator to None, run_after=None
[2024-04-27T14:09:30.732+0000] {processor.py:183} INFO - Processing /home/airflow/.local/lib/python3.12/site-packages/airflow/example_dags/example_bash_decorator.py took 0.443 seconds
[2024-04-27T14:10:02.491+0000] {processor.py:161} INFO - Started process (PID=405) to work on /home/airflow/.local/lib/python3.12/site-packages/airflow/example_dags/example_bash_decorator.py
[2024-04-27T14:10:02.493+0000] {processor.py:830} INFO - Processing file /home/airflow/.local/lib/python3.12/site-packages/airflow/example_dags/example_bash_decorator.py for tasks to queue
[2024-04-27T14:10:02.497+0000] {logging_mixin.py:188} INFO - [2024-04-27T14:10:02.496+0000] {dagbag.py:540} INFO - Filling up the DagBag from /home/airflow/.local/lib/python3.12/site-packages/airflow/example_dags/example_bash_decorator.py
[2024-04-27T14:10:02.539+0000] {processor.py:840} INFO - DAG(s) 'example_bash_decorator' retrieved from /home/airflow/.local/lib/python3.12/site-packages/airflow/example_dags/example_bash_decorator.py
[2024-04-27T14:10:02.657+0000] {logging_mixin.py:188} INFO - [2024-04-27T14:10:02.656+0000] {dag.py:3096} INFO - Sync 1 DAGs
[2024-04-27T14:10:02.736+0000] {logging_mixin.py:188} INFO - [2024-04-27T14:10:02.736+0000] {dag.py:3954} INFO - Setting next_dagrun for example_bash_decorator to None, run_after=None
[2024-04-27T14:10:02.838+0000] {processor.py:183} INFO - Processing /home/airflow/.local/lib/python3.12/site-packages/airflow/example_dags/example_bash_decorator.py took 0.363 seconds
[2024-04-27T14:10:33.664+0000] {processor.py:161} INFO - Started process (PID=460) to work on /home/airflow/.local/lib/python3.12/site-packages/airflow/example_dags/example_bash_decorator.py
[2024-04-27T14:10:33.666+0000] {processor.py:830} INFO - Processing file /home/airflow/.local/lib/python3.12/site-packages/airflow/example_dags/example_bash_decorator.py for tasks to queue
[2024-04-27T14:10:33.671+0000] {logging_mixin.py:188} INFO - [2024-04-27T14:10:33.670+0000] {dagbag.py:540} INFO - Filling up the DagBag from /home/airflow/.local/lib/python3.12/site-packages/airflow/example_dags/example_bash_decorator.py
[2024-04-27T14:10:33.709+0000] {processor.py:840} INFO - DAG(s) 'example_bash_decorator' retrieved from /home/airflow/.local/lib/python3.12/site-packages/airflow/example_dags/example_bash_decorator.py
[2024-04-27T14:10:33.802+0000] {logging_mixin.py:188} INFO - [2024-04-27T14:10:33.801+0000] {dag.py:3096} INFO - Sync 1 DAGs
[2024-04-27T14:10:33.850+0000] {logging_mixin.py:188} INFO - [2024-04-27T14:10:33.850+0000] {dag.py:3954} INFO - Setting next_dagrun for example_bash_decorator to None, run_after=None
[2024-04-27T14:10:34.063+0000] {processor.py:183} INFO - Processing /home/airflow/.local/lib/python3.12/site-packages/airflow/example_dags/example_bash_decorator.py took 0.415 seconds
[2024-04-27T14:11:04.172+0000] {processor.py:161} INFO - Started process (PID=514) to work on /home/airflow/.local/lib/python3.12/site-packages/airflow/example_dags/example_bash_decorator.py
[2024-04-27T14:11:04.176+0000] {processor.py:830} INFO - Processing file /home/airflow/.local/lib/python3.12/site-packages/airflow/example_dags/example_bash_decorator.py for tasks to queue
[2024-04-27T14:11:04.182+0000] {logging_mixin.py:188} INFO - [2024-04-27T14:11:04.181+0000] {dagbag.py:540} INFO - Filling up the DagBag from /home/airflow/.local/lib/python3.12/site-packages/airflow/example_dags/example_bash_decorator.py
[2024-04-27T14:11:04.238+0000] {processor.py:840} INFO - DAG(s) 'example_bash_decorator' retrieved from /home/airflow/.local/lib/python3.12/site-packages/airflow/example_dags/example_bash_decorator.py
[2024-04-27T14:11:04.352+0000] {logging_mixin.py:188} INFO - [2024-04-27T14:11:04.351+0000] {dag.py:3096} INFO - Sync 1 DAGs
[2024-04-27T14:11:04.386+0000] {logging_mixin.py:188} INFO - [2024-04-27T14:11:04.386+0000] {dag.py:3954} INFO - Setting next_dagrun for example_bash_decorator to None, run_after=None
[2024-04-27T14:11:04.575+0000] {processor.py:183} INFO - Processing /home/airflow/.local/lib/python3.12/site-packages/airflow/example_dags/example_bash_decorator.py took 0.425 seconds
[2024-04-27T14:11:36.218+0000] {processor.py:161} INFO - Started process (PID=568) to work on /home/airflow/.local/lib/python3.12/site-packages/airflow/example_dags/example_bash_decorator.py
[2024-04-27T14:11:36.269+0000] {processor.py:830} INFO - Processing file /home/airflow/.local/lib/python3.12/site-packages/airflow/example_dags/example_bash_decorator.py for tasks to queue
[2024-04-27T14:11:36.287+0000] {logging_mixin.py:188} INFO - [2024-04-27T14:11:36.286+0000] {dagbag.py:540} INFO - Filling up the DagBag from /home/airflow/.local/lib/python3.12/site-packages/airflow/example_dags/example_bash_decorator.py
[2024-04-27T14:11:36.437+0000] {processor.py:840} INFO - DAG(s) 'example_bash_decorator' retrieved from /home/airflow/.local/lib/python3.12/site-packages/airflow/example_dags/example_bash_decorator.py
[2024-04-27T14:11:37.133+0000] {logging_mixin.py:188} INFO - [2024-04-27T14:11:37.132+0000] {dag.py:3096} INFO - Sync 1 DAGs
[2024-04-27T14:11:37.324+0000] {logging_mixin.py:188} INFO - [2024-04-27T14:11:37.316+0000] {dag.py:3954} INFO - Setting next_dagrun for example_bash_decorator to None, run_after=None
[2024-04-27T14:11:37.499+0000] {processor.py:183} INFO - Processing /home/airflow/.local/lib/python3.12/site-packages/airflow/example_dags/example_bash_decorator.py took 1.427 seconds
[2024-04-27T14:12:09.665+0000] {processor.py:161} INFO - Started process (PID=622) to work on /home/airflow/.local/lib/python3.12/site-packages/airflow/example_dags/example_bash_decorator.py
[2024-04-27T14:12:09.679+0000] {processor.py:830} INFO - Processing file /home/airflow/.local/lib/python3.12/site-packages/airflow/example_dags/example_bash_decorator.py for tasks to queue
[2024-04-27T14:12:09.720+0000] {logging_mixin.py:188} INFO - [2024-04-27T14:12:09.696+0000] {dagbag.py:540} INFO - Filling up the DagBag from /home/airflow/.local/lib/python3.12/site-packages/airflow/example_dags/example_bash_decorator.py
[2024-04-27T14:12:09.866+0000] {processor.py:840} INFO - DAG(s) 'example_bash_decorator' retrieved from /home/airflow/.local/lib/python3.12/site-packages/airflow/example_dags/example_bash_decorator.py
[2024-04-27T14:12:10.104+0000] {logging_mixin.py:188} INFO - [2024-04-27T14:12:10.103+0000] {dag.py:3096} INFO - Sync 1 DAGs
[2024-04-27T14:12:10.181+0000] {logging_mixin.py:188} INFO - [2024-04-27T14:12:10.181+0000] {dag.py:3954} INFO - Setting next_dagrun for example_bash_decorator to None, run_after=None
[2024-04-27T14:12:10.386+0000] {processor.py:183} INFO - Processing /home/airflow/.local/lib/python3.12/site-packages/airflow/example_dags/example_bash_decorator.py took 0.773 seconds
