[2024-04-27T14:06:23.968+0000] {processor.py:161} INFO - Started process (PID=62) to work on /home/airflow/.local/lib/python3.12/site-packages/airflow/example_dags/example_short_circuit_operator.py
[2024-04-27T14:06:23.997+0000] {processor.py:830} INFO - Processing file /home/airflow/.local/lib/python3.12/site-packages/airflow/example_dags/example_short_circuit_operator.py for tasks to queue
[2024-04-27T14:06:24.098+0000] {logging_mixin.py:188} INFO - [2024-04-27T14:06:24.021+0000] {dagbag.py:540} INFO - Filling up the DagBag from /home/airflow/.local/lib/python3.12/site-packages/airflow/example_dags/example_short_circuit_operator.py
[2024-04-27T14:06:24.228+0000] {processor.py:840} INFO - DAG(s) 'example_short_circuit_operator' retrieved from /home/airflow/.local/lib/python3.12/site-packages/airflow/example_dags/example_short_circuit_operator.py
[2024-04-27T14:06:25.581+0000] {logging_mixin.py:188} INFO - [2024-04-27T14:06:25.581+0000] {dag.py:3096} INFO - Sync 1 DAGs
[2024-04-27T14:06:25.716+0000] {logging_mixin.py:188} INFO - [2024-04-27T14:06:25.715+0000] {dag.py:3954} INFO - Setting next_dagrun for example_short_circuit_operator to 2024-04-26 00:00:00+00:00, run_after=2024-04-27 00:00:00+00:00
[2024-04-27T14:06:25.870+0000] {processor.py:183} INFO - Processing /home/airflow/.local/lib/python3.12/site-packages/airflow/example_dags/example_short_circuit_operator.py took 2.031 seconds
[2024-04-27T14:07:04.215+0000] {processor.py:161} INFO - Started process (PID=116) to work on /home/airflow/.local/lib/python3.12/site-packages/airflow/example_dags/example_short_circuit_operator.py
[2024-04-27T14:07:04.226+0000] {processor.py:830} INFO - Processing file /home/airflow/.local/lib/python3.12/site-packages/airflow/example_dags/example_short_circuit_operator.py for tasks to queue
[2024-04-27T14:07:04.239+0000] {logging_mixin.py:188} INFO - [2024-04-27T14:07:04.238+0000] {dagbag.py:540} INFO - Filling up the DagBag from /home/airflow/.local/lib/python3.12/site-packages/airflow/example_dags/example_short_circuit_operator.py
[2024-04-27T14:07:04.259+0000] {processor.py:840} INFO - DAG(s) 'example_short_circuit_operator' retrieved from /home/airflow/.local/lib/python3.12/site-packages/airflow/example_dags/example_short_circuit_operator.py
[2024-04-27T14:07:04.362+0000] {logging_mixin.py:188} INFO - [2024-04-27T14:07:04.361+0000] {dag.py:3096} INFO - Sync 1 DAGs
[2024-04-27T14:07:04.454+0000] {logging_mixin.py:188} INFO - [2024-04-27T14:07:04.454+0000] {dag.py:3954} INFO - Setting next_dagrun for example_short_circuit_operator to 2024-04-26 00:00:00+00:00, run_after=2024-04-27 00:00:00+00:00
[2024-04-27T14:07:04.785+0000] {processor.py:183} INFO - Processing /home/airflow/.local/lib/python3.12/site-packages/airflow/example_dags/example_short_circuit_operator.py took 0.587 seconds
[2024-04-27T14:07:40.182+0000] {processor.py:161} INFO - Started process (PID=168) to work on /home/airflow/.local/lib/python3.12/site-packages/airflow/example_dags/example_short_circuit_operator.py
[2024-04-27T14:07:40.185+0000] {processor.py:830} INFO - Processing file /home/airflow/.local/lib/python3.12/site-packages/airflow/example_dags/example_short_circuit_operator.py for tasks to queue
[2024-04-27T14:07:40.198+0000] {logging_mixin.py:188} INFO - [2024-04-27T14:07:40.194+0000] {dagbag.py:540} INFO - Filling up the DagBag from /home/airflow/.local/lib/python3.12/site-packages/airflow/example_dags/example_short_circuit_operator.py
[2024-04-27T14:07:40.260+0000] {processor.py:840} INFO - DAG(s) 'example_short_circuit_operator' retrieved from /home/airflow/.local/lib/python3.12/site-packages/airflow/example_dags/example_short_circuit_operator.py
[2024-04-27T14:07:40.547+0000] {logging_mixin.py:188} INFO - [2024-04-27T14:07:40.547+0000] {dag.py:3096} INFO - Sync 1 DAGs
[2024-04-27T14:07:40.722+0000] {logging_mixin.py:188} INFO - [2024-04-27T14:07:40.721+0000] {dag.py:3954} INFO - Setting next_dagrun for example_short_circuit_operator to 2024-04-26 00:00:00+00:00, run_after=2024-04-27 00:00:00+00:00
[2024-04-27T14:07:40.875+0000] {processor.py:183} INFO - Processing /home/airflow/.local/lib/python3.12/site-packages/airflow/example_dags/example_short_circuit_operator.py took 0.728 seconds
[2024-04-27T14:08:11.073+0000] {processor.py:161} INFO - Started process (PID=222) to work on /home/airflow/.local/lib/python3.12/site-packages/airflow/example_dags/example_short_circuit_operator.py
[2024-04-27T14:08:11.076+0000] {processor.py:830} INFO - Processing file /home/airflow/.local/lib/python3.12/site-packages/airflow/example_dags/example_short_circuit_operator.py for tasks to queue
[2024-04-27T14:08:11.081+0000] {logging_mixin.py:188} INFO - [2024-04-27T14:08:11.080+0000] {dagbag.py:540} INFO - Filling up the DagBag from /home/airflow/.local/lib/python3.12/site-packages/airflow/example_dags/example_short_circuit_operator.py
[2024-04-27T14:08:11.105+0000] {processor.py:840} INFO - DAG(s) 'example_short_circuit_operator' retrieved from /home/airflow/.local/lib/python3.12/site-packages/airflow/example_dags/example_short_circuit_operator.py
[2024-04-27T14:08:11.188+0000] {logging_mixin.py:188} INFO - [2024-04-27T14:08:11.188+0000] {dag.py:3096} INFO - Sync 1 DAGs
[2024-04-27T14:08:11.260+0000] {logging_mixin.py:188} INFO - [2024-04-27T14:08:11.260+0000] {dag.py:3954} INFO - Setting next_dagrun for example_short_circuit_operator to 2024-04-26 00:00:00+00:00, run_after=2024-04-27 00:00:00+00:00
[2024-04-27T14:08:11.490+0000] {processor.py:183} INFO - Processing /home/airflow/.local/lib/python3.12/site-packages/airflow/example_dags/example_short_circuit_operator.py took 0.434 seconds
[2024-04-27T14:08:42.595+0000] {processor.py:161} INFO - Started process (PID=276) to work on /home/airflow/.local/lib/python3.12/site-packages/airflow/example_dags/example_short_circuit_operator.py
[2024-04-27T14:08:42.598+0000] {processor.py:830} INFO - Processing file /home/airflow/.local/lib/python3.12/site-packages/airflow/example_dags/example_short_circuit_operator.py for tasks to queue
[2024-04-27T14:08:42.602+0000] {logging_mixin.py:188} INFO - [2024-04-27T14:08:42.601+0000] {dagbag.py:540} INFO - Filling up the DagBag from /home/airflow/.local/lib/python3.12/site-packages/airflow/example_dags/example_short_circuit_operator.py
[2024-04-27T14:08:42.619+0000] {processor.py:840} INFO - DAG(s) 'example_short_circuit_operator' retrieved from /home/airflow/.local/lib/python3.12/site-packages/airflow/example_dags/example_short_circuit_operator.py
[2024-04-27T14:08:42.681+0000] {logging_mixin.py:188} INFO - [2024-04-27T14:08:42.680+0000] {dag.py:3096} INFO - Sync 1 DAGs
[2024-04-27T14:08:42.762+0000] {logging_mixin.py:188} INFO - [2024-04-27T14:08:42.761+0000] {dag.py:3954} INFO - Setting next_dagrun for example_short_circuit_operator to 2024-04-26 00:00:00+00:00, run_after=2024-04-27 00:00:00+00:00
[2024-04-27T14:08:42.845+0000] {processor.py:183} INFO - Processing /home/airflow/.local/lib/python3.12/site-packages/airflow/example_dags/example_short_circuit_operator.py took 0.265 seconds
[2024-04-27T14:09:16.558+0000] {processor.py:161} INFO - Started process (PID=330) to work on /home/airflow/.local/lib/python3.12/site-packages/airflow/example_dags/example_short_circuit_operator.py
[2024-04-27T14:09:16.560+0000] {processor.py:830} INFO - Processing file /home/airflow/.local/lib/python3.12/site-packages/airflow/example_dags/example_short_circuit_operator.py for tasks to queue
[2024-04-27T14:09:16.565+0000] {logging_mixin.py:188} INFO - [2024-04-27T14:09:16.564+0000] {dagbag.py:540} INFO - Filling up the DagBag from /home/airflow/.local/lib/python3.12/site-packages/airflow/example_dags/example_short_circuit_operator.py
[2024-04-27T14:09:16.589+0000] {processor.py:840} INFO - DAG(s) 'example_short_circuit_operator' retrieved from /home/airflow/.local/lib/python3.12/site-packages/airflow/example_dags/example_short_circuit_operator.py
[2024-04-27T14:09:16.694+0000] {logging_mixin.py:188} INFO - [2024-04-27T14:09:16.694+0000] {dag.py:3096} INFO - Sync 1 DAGs
[2024-04-27T14:09:16.776+0000] {logging_mixin.py:188} INFO - [2024-04-27T14:09:16.774+0000] {dag.py:3954} INFO - Setting next_dagrun for example_short_circuit_operator to 2024-04-26 00:00:00+00:00, run_after=2024-04-27 00:00:00+00:00
[2024-04-27T14:09:16.852+0000] {processor.py:183} INFO - Processing /home/airflow/.local/lib/python3.12/site-packages/airflow/example_dags/example_short_circuit_operator.py took 0.312 seconds
[2024-04-27T14:09:46.937+0000] {processor.py:161} INFO - Started process (PID=384) to work on /home/airflow/.local/lib/python3.12/site-packages/airflow/example_dags/example_short_circuit_operator.py
[2024-04-27T14:09:46.939+0000] {processor.py:830} INFO - Processing file /home/airflow/.local/lib/python3.12/site-packages/airflow/example_dags/example_short_circuit_operator.py for tasks to queue
[2024-04-27T14:09:46.944+0000] {logging_mixin.py:188} INFO - [2024-04-27T14:09:46.943+0000] {dagbag.py:540} INFO - Filling up the DagBag from /home/airflow/.local/lib/python3.12/site-packages/airflow/example_dags/example_short_circuit_operator.py
[2024-04-27T14:09:46.970+0000] {processor.py:840} INFO - DAG(s) 'example_short_circuit_operator' retrieved from /home/airflow/.local/lib/python3.12/site-packages/airflow/example_dags/example_short_circuit_operator.py
[2024-04-27T14:09:47.038+0000] {logging_mixin.py:188} INFO - [2024-04-27T14:09:47.037+0000] {dag.py:3096} INFO - Sync 1 DAGs
[2024-04-27T14:09:47.104+0000] {logging_mixin.py:188} INFO - [2024-04-27T14:09:47.104+0000] {dag.py:3954} INFO - Setting next_dagrun for example_short_circuit_operator to 2024-04-26 00:00:00+00:00, run_after=2024-04-27 00:00:00+00:00
[2024-04-27T14:09:47.153+0000] {processor.py:183} INFO - Processing /home/airflow/.local/lib/python3.12/site-packages/airflow/example_dags/example_short_circuit_operator.py took 0.231 seconds
[2024-04-27T14:10:20.834+0000] {processor.py:161} INFO - Started process (PID=436) to work on /home/airflow/.local/lib/python3.12/site-packages/airflow/example_dags/example_short_circuit_operator.py
[2024-04-27T14:10:20.839+0000] {processor.py:830} INFO - Processing file /home/airflow/.local/lib/python3.12/site-packages/airflow/example_dags/example_short_circuit_operator.py for tasks to queue
[2024-04-27T14:10:20.849+0000] {logging_mixin.py:188} INFO - [2024-04-27T14:10:20.848+0000] {dagbag.py:540} INFO - Filling up the DagBag from /home/airflow/.local/lib/python3.12/site-packages/airflow/example_dags/example_short_circuit_operator.py
[2024-04-27T14:10:20.892+0000] {processor.py:840} INFO - DAG(s) 'example_short_circuit_operator' retrieved from /home/airflow/.local/lib/python3.12/site-packages/airflow/example_dags/example_short_circuit_operator.py
[2024-04-27T14:10:20.996+0000] {logging_mixin.py:188} INFO - [2024-04-27T14:10:20.996+0000] {dag.py:3096} INFO - Sync 1 DAGs
[2024-04-27T14:10:21.072+0000] {logging_mixin.py:188} INFO - [2024-04-27T14:10:21.072+0000] {dag.py:3954} INFO - Setting next_dagrun for example_short_circuit_operator to 2024-04-26 00:00:00+00:00, run_after=2024-04-27 00:00:00+00:00
[2024-04-27T14:10:21.149+0000] {processor.py:183} INFO - Processing /home/airflow/.local/lib/python3.12/site-packages/airflow/example_dags/example_short_circuit_operator.py took 0.347 seconds
[2024-04-27T14:10:52.393+0000] {processor.py:161} INFO - Started process (PID=490) to work on /home/airflow/.local/lib/python3.12/site-packages/airflow/example_dags/example_short_circuit_operator.py
[2024-04-27T14:10:52.405+0000] {processor.py:830} INFO - Processing file /home/airflow/.local/lib/python3.12/site-packages/airflow/example_dags/example_short_circuit_operator.py for tasks to queue
[2024-04-27T14:10:52.412+0000] {logging_mixin.py:188} INFO - [2024-04-27T14:10:52.411+0000] {dagbag.py:540} INFO - Filling up the DagBag from /home/airflow/.local/lib/python3.12/site-packages/airflow/example_dags/example_short_circuit_operator.py
[2024-04-27T14:10:52.427+0000] {processor.py:840} INFO - DAG(s) 'example_short_circuit_operator' retrieved from /home/airflow/.local/lib/python3.12/site-packages/airflow/example_dags/example_short_circuit_operator.py
[2024-04-27T14:10:52.472+0000] {logging_mixin.py:188} INFO - [2024-04-27T14:10:52.471+0000] {dag.py:3096} INFO - Sync 1 DAGs
[2024-04-27T14:10:52.512+0000] {logging_mixin.py:188} INFO - [2024-04-27T14:10:52.512+0000] {dag.py:3954} INFO - Setting next_dagrun for example_short_circuit_operator to 2024-04-26 00:00:00+00:00, run_after=2024-04-27 00:00:00+00:00
[2024-04-27T14:10:52.753+0000] {processor.py:183} INFO - Processing /home/airflow/.local/lib/python3.12/site-packages/airflow/example_dags/example_short_circuit_operator.py took 0.371 seconds
[2024-04-27T14:11:25.416+0000] {processor.py:161} INFO - Started process (PID=543) to work on /home/airflow/.local/lib/python3.12/site-packages/airflow/example_dags/example_short_circuit_operator.py
[2024-04-27T14:11:25.419+0000] {processor.py:830} INFO - Processing file /home/airflow/.local/lib/python3.12/site-packages/airflow/example_dags/example_short_circuit_operator.py for tasks to queue
[2024-04-27T14:11:25.423+0000] {logging_mixin.py:188} INFO - [2024-04-27T14:11:25.423+0000] {dagbag.py:540} INFO - Filling up the DagBag from /home/airflow/.local/lib/python3.12/site-packages/airflow/example_dags/example_short_circuit_operator.py
[2024-04-27T14:11:25.442+0000] {processor.py:840} INFO - DAG(s) 'example_short_circuit_operator' retrieved from /home/airflow/.local/lib/python3.12/site-packages/airflow/example_dags/example_short_circuit_operator.py
[2024-04-27T14:11:25.620+0000] {logging_mixin.py:188} INFO - [2024-04-27T14:11:25.619+0000] {dag.py:3096} INFO - Sync 1 DAGs
[2024-04-27T14:11:25.703+0000] {logging_mixin.py:188} INFO - [2024-04-27T14:11:25.703+0000] {dag.py:3954} INFO - Setting next_dagrun for example_short_circuit_operator to 2024-04-26 00:00:00+00:00, run_after=2024-04-27 00:00:00+00:00
[2024-04-27T14:11:25.761+0000] {processor.py:183} INFO - Processing /home/airflow/.local/lib/python3.12/site-packages/airflow/example_dags/example_short_circuit_operator.py took 0.367 seconds
[2024-04-27T14:11:58.451+0000] {processor.py:161} INFO - Started process (PID=597) to work on /home/airflow/.local/lib/python3.12/site-packages/airflow/example_dags/example_short_circuit_operator.py
[2024-04-27T14:11:58.454+0000] {processor.py:830} INFO - Processing file /home/airflow/.local/lib/python3.12/site-packages/airflow/example_dags/example_short_circuit_operator.py for tasks to queue
[2024-04-27T14:11:58.457+0000] {logging_mixin.py:188} INFO - [2024-04-27T14:11:58.457+0000] {dagbag.py:540} INFO - Filling up the DagBag from /home/airflow/.local/lib/python3.12/site-packages/airflow/example_dags/example_short_circuit_operator.py
[2024-04-27T14:11:58.487+0000] {processor.py:840} INFO - DAG(s) 'example_short_circuit_operator' retrieved from /home/airflow/.local/lib/python3.12/site-packages/airflow/example_dags/example_short_circuit_operator.py
[2024-04-27T14:11:58.590+0000] {logging_mixin.py:188} INFO - [2024-04-27T14:11:58.589+0000] {dag.py:3096} INFO - Sync 1 DAGs
[2024-04-27T14:11:58.664+0000] {logging_mixin.py:188} INFO - [2024-04-27T14:11:58.663+0000] {dag.py:3954} INFO - Setting next_dagrun for example_short_circuit_operator to 2024-04-26 00:00:00+00:00, run_after=2024-04-27 00:00:00+00:00
[2024-04-27T14:11:58.715+0000] {processor.py:183} INFO - Processing /home/airflow/.local/lib/python3.12/site-packages/airflow/example_dags/example_short_circuit_operator.py took 0.281 seconds
