[2024-04-27T14:06:51.794+0000] {processor.py:161} INFO - Started process (PID=85) to work on /home/airflow/.local/lib/python3.12/site-packages/airflow/example_dags/example_complex.py
[2024-04-27T14:06:51.796+0000] {processor.py:830} INFO - Processing file /home/airflow/.local/lib/python3.12/site-packages/airflow/example_dags/example_complex.py for tasks to queue
[2024-04-27T14:06:51.813+0000] {logging_mixin.py:188} INFO - [2024-04-27T14:06:51.812+0000] {dagbag.py:540} INFO - Filling up the DagBag from /home/airflow/.local/lib/python3.12/site-packages/airflow/example_dags/example_complex.py
[2024-04-27T14:06:51.873+0000] {processor.py:840} INFO - DAG(s) 'example_complex' retrieved from /home/airflow/.local/lib/python3.12/site-packages/airflow/example_dags/example_complex.py
[2024-04-27T14:06:52.390+0000] {logging_mixin.py:188} INFO - [2024-04-27T14:06:52.390+0000] {dag.py:3096} INFO - Sync 1 DAGs
[2024-04-27T14:06:52.434+0000] {logging_mixin.py:188} INFO - [2024-04-27T14:06:52.434+0000] {dag.py:3954} INFO - Setting next_dagrun for example_complex to None, run_after=None
[2024-04-27T14:06:52.508+0000] {processor.py:183} INFO - Processing /home/airflow/.local/lib/python3.12/site-packages/airflow/example_dags/example_complex.py took 0.740 seconds
[2024-04-27T14:07:23.862+0000] {processor.py:161} INFO - Started process (PID=139) to work on /home/airflow/.local/lib/python3.12/site-packages/airflow/example_dags/example_complex.py
[2024-04-27T14:07:23.939+0000] {processor.py:830} INFO - Processing file /home/airflow/.local/lib/python3.12/site-packages/airflow/example_dags/example_complex.py for tasks to queue
[2024-04-27T14:07:23.944+0000] {logging_mixin.py:188} INFO - [2024-04-27T14:07:23.943+0000] {dagbag.py:540} INFO - Filling up the DagBag from /home/airflow/.local/lib/python3.12/site-packages/airflow/example_dags/example_complex.py
[2024-04-27T14:07:23.999+0000] {processor.py:840} INFO - DAG(s) 'example_complex' retrieved from /home/airflow/.local/lib/python3.12/site-packages/airflow/example_dags/example_complex.py
[2024-04-27T14:07:24.146+0000] {logging_mixin.py:188} INFO - [2024-04-27T14:07:24.146+0000] {dag.py:3096} INFO - Sync 1 DAGs
[2024-04-27T14:07:24.237+0000] {logging_mixin.py:188} INFO - [2024-04-27T14:07:24.236+0000] {dag.py:3954} INFO - Setting next_dagrun for example_complex to None, run_after=None
[2024-04-27T14:07:24.445+0000] {processor.py:183} INFO - Processing /home/airflow/.local/lib/python3.12/site-packages/airflow/example_dags/example_complex.py took 0.617 seconds
[2024-04-27T14:07:56.533+0000] {processor.py:161} INFO - Started process (PID=192) to work on /home/airflow/.local/lib/python3.12/site-packages/airflow/example_dags/example_complex.py
[2024-04-27T14:07:56.594+0000] {processor.py:830} INFO - Processing file /home/airflow/.local/lib/python3.12/site-packages/airflow/example_dags/example_complex.py for tasks to queue
[2024-04-27T14:07:56.605+0000] {logging_mixin.py:188} INFO - [2024-04-27T14:07:56.603+0000] {dagbag.py:540} INFO - Filling up the DagBag from /home/airflow/.local/lib/python3.12/site-packages/airflow/example_dags/example_complex.py
[2024-04-27T14:07:56.689+0000] {processor.py:840} INFO - DAG(s) 'example_complex' retrieved from /home/airflow/.local/lib/python3.12/site-packages/airflow/example_dags/example_complex.py
[2024-04-27T14:07:57.047+0000] {logging_mixin.py:188} INFO - [2024-04-27T14:07:57.046+0000] {dag.py:3096} INFO - Sync 1 DAGs
[2024-04-27T14:07:57.153+0000] {logging_mixin.py:188} INFO - [2024-04-27T14:07:57.153+0000] {dag.py:3954} INFO - Setting next_dagrun for example_complex to None, run_after=None
[2024-04-27T14:07:57.351+0000] {processor.py:183} INFO - Processing /home/airflow/.local/lib/python3.12/site-packages/airflow/example_dags/example_complex.py took 0.843 seconds
[2024-04-27T14:08:27.618+0000] {processor.py:161} INFO - Started process (PID=244) to work on /home/airflow/.local/lib/python3.12/site-packages/airflow/example_dags/example_complex.py
[2024-04-27T14:08:27.620+0000] {processor.py:830} INFO - Processing file /home/airflow/.local/lib/python3.12/site-packages/airflow/example_dags/example_complex.py for tasks to queue
[2024-04-27T14:08:27.625+0000] {logging_mixin.py:188} INFO - [2024-04-27T14:08:27.624+0000] {dagbag.py:540} INFO - Filling up the DagBag from /home/airflow/.local/lib/python3.12/site-packages/airflow/example_dags/example_complex.py
[2024-04-27T14:08:27.658+0000] {processor.py:840} INFO - DAG(s) 'example_complex' retrieved from /home/airflow/.local/lib/python3.12/site-packages/airflow/example_dags/example_complex.py
[2024-04-27T14:08:27.811+0000] {logging_mixin.py:188} INFO - [2024-04-27T14:08:27.809+0000] {dag.py:3096} INFO - Sync 1 DAGs
[2024-04-27T14:08:27.845+0000] {logging_mixin.py:188} INFO - [2024-04-27T14:08:27.844+0000] {dag.py:3954} INFO - Setting next_dagrun for example_complex to None, run_after=None
[2024-04-27T14:08:27.914+0000] {processor.py:183} INFO - Processing /home/airflow/.local/lib/python3.12/site-packages/airflow/example_dags/example_complex.py took 0.314 seconds
[2024-04-27T14:08:59.121+0000] {processor.py:161} INFO - Started process (PID=298) to work on /home/airflow/.local/lib/python3.12/site-packages/airflow/example_dags/example_complex.py
[2024-04-27T14:08:59.124+0000] {processor.py:830} INFO - Processing file /home/airflow/.local/lib/python3.12/site-packages/airflow/example_dags/example_complex.py for tasks to queue
[2024-04-27T14:08:59.131+0000] {logging_mixin.py:188} INFO - [2024-04-27T14:08:59.130+0000] {dagbag.py:540} INFO - Filling up the DagBag from /home/airflow/.local/lib/python3.12/site-packages/airflow/example_dags/example_complex.py
[2024-04-27T14:08:59.170+0000] {processor.py:840} INFO - DAG(s) 'example_complex' retrieved from /home/airflow/.local/lib/python3.12/site-packages/airflow/example_dags/example_complex.py
[2024-04-27T14:08:59.280+0000] {logging_mixin.py:188} INFO - [2024-04-27T14:08:59.279+0000] {dag.py:3096} INFO - Sync 1 DAGs
[2024-04-27T14:08:59.337+0000] {logging_mixin.py:188} INFO - [2024-04-27T14:08:59.337+0000] {dag.py:3954} INFO - Setting next_dagrun for example_complex to None, run_after=None
[2024-04-27T14:08:59.416+0000] {processor.py:183} INFO - Processing /home/airflow/.local/lib/python3.12/site-packages/airflow/example_dags/example_complex.py took 0.322 seconds
[2024-04-27T14:09:30.415+0000] {processor.py:161} INFO - Started process (PID=352) to work on /home/airflow/.local/lib/python3.12/site-packages/airflow/example_dags/example_complex.py
[2024-04-27T14:09:30.420+0000] {processor.py:830} INFO - Processing file /home/airflow/.local/lib/python3.12/site-packages/airflow/example_dags/example_complex.py for tasks to queue
[2024-04-27T14:09:30.431+0000] {logging_mixin.py:188} INFO - [2024-04-27T14:09:30.430+0000] {dagbag.py:540} INFO - Filling up the DagBag from /home/airflow/.local/lib/python3.12/site-packages/airflow/example_dags/example_complex.py
[2024-04-27T14:09:30.518+0000] {processor.py:840} INFO - DAG(s) 'example_complex' retrieved from /home/airflow/.local/lib/python3.12/site-packages/airflow/example_dags/example_complex.py
[2024-04-27T14:09:30.664+0000] {logging_mixin.py:188} INFO - [2024-04-27T14:09:30.664+0000] {dag.py:3096} INFO - Sync 1 DAGs
[2024-04-27T14:09:30.694+0000] {logging_mixin.py:188} INFO - [2024-04-27T14:09:30.694+0000] {dag.py:3954} INFO - Setting next_dagrun for example_complex to None, run_after=None
[2024-04-27T14:09:30.759+0000] {processor.py:183} INFO - Processing /home/airflow/.local/lib/python3.12/site-packages/airflow/example_dags/example_complex.py took 0.371 seconds
[2024-04-27T14:10:02.950+0000] {processor.py:161} INFO - Started process (PID=407) to work on /home/airflow/.local/lib/python3.12/site-packages/airflow/example_dags/example_complex.py
[2024-04-27T14:10:02.953+0000] {processor.py:830} INFO - Processing file /home/airflow/.local/lib/python3.12/site-packages/airflow/example_dags/example_complex.py for tasks to queue
[2024-04-27T14:10:02.958+0000] {logging_mixin.py:188} INFO - [2024-04-27T14:10:02.957+0000] {dagbag.py:540} INFO - Filling up the DagBag from /home/airflow/.local/lib/python3.12/site-packages/airflow/example_dags/example_complex.py
[2024-04-27T14:10:02.997+0000] {processor.py:840} INFO - DAG(s) 'example_complex' retrieved from /home/airflow/.local/lib/python3.12/site-packages/airflow/example_dags/example_complex.py
[2024-04-27T14:10:03.107+0000] {logging_mixin.py:188} INFO - [2024-04-27T14:10:03.107+0000] {dag.py:3096} INFO - Sync 1 DAGs
[2024-04-27T14:10:03.148+0000] {logging_mixin.py:188} INFO - [2024-04-27T14:10:03.147+0000] {dag.py:3954} INFO - Setting next_dagrun for example_complex to None, run_after=None
[2024-04-27T14:10:03.295+0000] {processor.py:183} INFO - Processing /home/airflow/.local/lib/python3.12/site-packages/airflow/example_dags/example_complex.py took 0.358 seconds
[2024-04-27T14:10:33.795+0000] {processor.py:161} INFO - Started process (PID=461) to work on /home/airflow/.local/lib/python3.12/site-packages/airflow/example_dags/example_complex.py
[2024-04-27T14:10:33.797+0000] {processor.py:830} INFO - Processing file /home/airflow/.local/lib/python3.12/site-packages/airflow/example_dags/example_complex.py for tasks to queue
[2024-04-27T14:10:33.804+0000] {logging_mixin.py:188} INFO - [2024-04-27T14:10:33.803+0000] {dagbag.py:540} INFO - Filling up the DagBag from /home/airflow/.local/lib/python3.12/site-packages/airflow/example_dags/example_complex.py
[2024-04-27T14:10:33.850+0000] {processor.py:840} INFO - DAG(s) 'example_complex' retrieved from /home/airflow/.local/lib/python3.12/site-packages/airflow/example_dags/example_complex.py
[2024-04-27T14:10:33.924+0000] {logging_mixin.py:188} INFO - [2024-04-27T14:10:33.923+0000] {dag.py:3096} INFO - Sync 1 DAGs
[2024-04-27T14:10:33.946+0000] {logging_mixin.py:188} INFO - [2024-04-27T14:10:33.946+0000] {dag.py:3954} INFO - Setting next_dagrun for example_complex to None, run_after=None
[2024-04-27T14:10:34.087+0000] {processor.py:183} INFO - Processing /home/airflow/.local/lib/python3.12/site-packages/airflow/example_dags/example_complex.py took 0.316 seconds
[2024-04-27T14:11:04.673+0000] {processor.py:161} INFO - Started process (PID=515) to work on /home/airflow/.local/lib/python3.12/site-packages/airflow/example_dags/example_complex.py
[2024-04-27T14:11:04.676+0000] {processor.py:830} INFO - Processing file /home/airflow/.local/lib/python3.12/site-packages/airflow/example_dags/example_complex.py for tasks to queue
[2024-04-27T14:11:04.679+0000] {logging_mixin.py:188} INFO - [2024-04-27T14:11:04.679+0000] {dagbag.py:540} INFO - Filling up the DagBag from /home/airflow/.local/lib/python3.12/site-packages/airflow/example_dags/example_complex.py
[2024-04-27T14:11:04.709+0000] {processor.py:840} INFO - DAG(s) 'example_complex' retrieved from /home/airflow/.local/lib/python3.12/site-packages/airflow/example_dags/example_complex.py
[2024-04-27T14:11:04.793+0000] {logging_mixin.py:188} INFO - [2024-04-27T14:11:04.792+0000] {dag.py:3096} INFO - Sync 1 DAGs
[2024-04-27T14:11:04.838+0000] {logging_mixin.py:188} INFO - [2024-04-27T14:11:04.837+0000] {dag.py:3954} INFO - Setting next_dagrun for example_complex to None, run_after=None
[2024-04-27T14:11:04.899+0000] {processor.py:183} INFO - Processing /home/airflow/.local/lib/python3.12/site-packages/airflow/example_dags/example_complex.py took 0.239 seconds
[2024-04-27T14:11:36.387+0000] {processor.py:161} INFO - Started process (PID=569) to work on /home/airflow/.local/lib/python3.12/site-packages/airflow/example_dags/example_complex.py
[2024-04-27T14:11:36.417+0000] {processor.py:830} INFO - Processing file /home/airflow/.local/lib/python3.12/site-packages/airflow/example_dags/example_complex.py for tasks to queue
[2024-04-27T14:11:36.456+0000] {logging_mixin.py:188} INFO - [2024-04-27T14:11:36.455+0000] {dagbag.py:540} INFO - Filling up the DagBag from /home/airflow/.local/lib/python3.12/site-packages/airflow/example_dags/example_complex.py
[2024-04-27T14:11:36.985+0000] {processor.py:840} INFO - DAG(s) 'example_complex' retrieved from /home/airflow/.local/lib/python3.12/site-packages/airflow/example_dags/example_complex.py
[2024-04-27T14:11:37.371+0000] {logging_mixin.py:188} INFO - [2024-04-27T14:11:37.370+0000] {dag.py:3096} INFO - Sync 1 DAGs
[2024-04-27T14:11:37.481+0000] {logging_mixin.py:188} INFO - [2024-04-27T14:11:37.479+0000] {dag.py:3954} INFO - Setting next_dagrun for example_complex to None, run_after=None
[2024-04-27T14:11:37.608+0000] {processor.py:183} INFO - Processing /home/airflow/.local/lib/python3.12/site-packages/airflow/example_dags/example_complex.py took 1.274 seconds
[2024-04-27T14:12:10.523+0000] {processor.py:161} INFO - Started process (PID=623) to work on /home/airflow/.local/lib/python3.12/site-packages/airflow/example_dags/example_complex.py
[2024-04-27T14:12:10.541+0000] {processor.py:830} INFO - Processing file /home/airflow/.local/lib/python3.12/site-packages/airflow/example_dags/example_complex.py for tasks to queue
[2024-04-27T14:12:10.558+0000] {logging_mixin.py:188} INFO - [2024-04-27T14:12:10.546+0000] {dagbag.py:540} INFO - Filling up the DagBag from /home/airflow/.local/lib/python3.12/site-packages/airflow/example_dags/example_complex.py
[2024-04-27T14:12:10.672+0000] {processor.py:840} INFO - DAG(s) 'example_complex' retrieved from /home/airflow/.local/lib/python3.12/site-packages/airflow/example_dags/example_complex.py
[2024-04-27T14:12:11.109+0000] {logging_mixin.py:188} INFO - [2024-04-27T14:12:11.108+0000] {dag.py:3096} INFO - Sync 1 DAGs
[2024-04-27T14:12:11.244+0000] {logging_mixin.py:188} INFO - [2024-04-27T14:12:11.243+0000] {dag.py:3954} INFO - Setting next_dagrun for example_complex to None, run_after=None
[2024-04-27T14:12:11.422+0000] {processor.py:183} INFO - Processing /home/airflow/.local/lib/python3.12/site-packages/airflow/example_dags/example_complex.py took 0.950 seconds
