[2024-04-27T14:06:14.598+0000] {processor.py:161} INFO - Started process (PID=58) to work on /home/airflow/.local/lib/python3.12/site-packages/airflow/example_dags/example_params_trigger_ui.py
[2024-04-27T14:06:14.621+0000] {processor.py:830} INFO - Processing file /home/airflow/.local/lib/python3.12/site-packages/airflow/example_dags/example_params_trigger_ui.py for tasks to queue
[2024-04-27T14:06:14.641+0000] {logging_mixin.py:188} INFO - [2024-04-27T14:06:14.640+0000] {dagbag.py:540} INFO - Filling up the DagBag from /home/airflow/.local/lib/python3.12/site-packages/airflow/example_dags/example_params_trigger_ui.py
[2024-04-27T14:06:14.946+0000] {processor.py:840} INFO - DAG(s) 'example_params_trigger_ui' retrieved from /home/airflow/.local/lib/python3.12/site-packages/airflow/example_dags/example_params_trigger_ui.py
[2024-04-27T14:06:18.713+0000] {logging_mixin.py:188} INFO - [2024-04-27T14:06:18.713+0000] {dag.py:3096} INFO - Sync 1 DAGs
[2024-04-27T14:06:18.780+0000] {logging_mixin.py:188} INFO - [2024-04-27T14:06:18.780+0000] {dag.py:3954} INFO - Setting next_dagrun for example_params_trigger_ui to None, run_after=None
[2024-04-27T14:06:18.971+0000] {processor.py:183} INFO - Processing /home/airflow/.local/lib/python3.12/site-packages/airflow/example_dags/example_params_trigger_ui.py took 4.464 seconds
[2024-04-27T14:07:02.139+0000] {processor.py:161} INFO - Started process (PID=112) to work on /home/airflow/.local/lib/python3.12/site-packages/airflow/example_dags/example_params_trigger_ui.py
[2024-04-27T14:07:02.142+0000] {processor.py:830} INFO - Processing file /home/airflow/.local/lib/python3.12/site-packages/airflow/example_dags/example_params_trigger_ui.py for tasks to queue
[2024-04-27T14:07:02.147+0000] {logging_mixin.py:188} INFO - [2024-04-27T14:07:02.146+0000] {dagbag.py:540} INFO - Filling up the DagBag from /home/airflow/.local/lib/python3.12/site-packages/airflow/example_dags/example_params_trigger_ui.py
[2024-04-27T14:07:02.191+0000] {processor.py:840} INFO - DAG(s) 'example_params_trigger_ui' retrieved from /home/airflow/.local/lib/python3.12/site-packages/airflow/example_dags/example_params_trigger_ui.py
[2024-04-27T14:07:02.394+0000] {logging_mixin.py:188} INFO - [2024-04-27T14:07:02.394+0000] {dag.py:3096} INFO - Sync 1 DAGs
[2024-04-27T14:07:02.462+0000] {logging_mixin.py:188} INFO - [2024-04-27T14:07:02.461+0000] {dag.py:3954} INFO - Setting next_dagrun for example_params_trigger_ui to None, run_after=None
[2024-04-27T14:07:02.639+0000] {processor.py:183} INFO - Processing /home/airflow/.local/lib/python3.12/site-packages/airflow/example_dags/example_params_trigger_ui.py took 0.515 seconds
[2024-04-27T14:07:32.888+0000] {processor.py:161} INFO - Started process (PID=164) to work on /home/airflow/.local/lib/python3.12/site-packages/airflow/example_dags/example_params_trigger_ui.py
[2024-04-27T14:07:32.890+0000] {processor.py:830} INFO - Processing file /home/airflow/.local/lib/python3.12/site-packages/airflow/example_dags/example_params_trigger_ui.py for tasks to queue
[2024-04-27T14:07:32.901+0000] {logging_mixin.py:188} INFO - [2024-04-27T14:07:32.897+0000] {dagbag.py:540} INFO - Filling up the DagBag from /home/airflow/.local/lib/python3.12/site-packages/airflow/example_dags/example_params_trigger_ui.py
[2024-04-27T14:07:32.955+0000] {processor.py:840} INFO - DAG(s) 'example_params_trigger_ui' retrieved from /home/airflow/.local/lib/python3.12/site-packages/airflow/example_dags/example_params_trigger_ui.py
[2024-04-27T14:07:33.187+0000] {logging_mixin.py:188} INFO - [2024-04-27T14:07:33.185+0000] {dag.py:3096} INFO - Sync 1 DAGs
[2024-04-27T14:07:33.249+0000] {logging_mixin.py:188} INFO - [2024-04-27T14:07:33.249+0000] {dag.py:3954} INFO - Setting next_dagrun for example_params_trigger_ui to None, run_after=None
[2024-04-27T14:07:33.322+0000] {processor.py:183} INFO - Processing /home/airflow/.local/lib/python3.12/site-packages/airflow/example_dags/example_params_trigger_ui.py took 0.457 seconds
[2024-04-27T14:08:09.047+0000] {processor.py:161} INFO - Started process (PID=218) to work on /home/airflow/.local/lib/python3.12/site-packages/airflow/example_dags/example_params_trigger_ui.py
[2024-04-27T14:08:09.049+0000] {processor.py:830} INFO - Processing file /home/airflow/.local/lib/python3.12/site-packages/airflow/example_dags/example_params_trigger_ui.py for tasks to queue
[2024-04-27T14:08:09.053+0000] {logging_mixin.py:188} INFO - [2024-04-27T14:08:09.052+0000] {dagbag.py:540} INFO - Filling up the DagBag from /home/airflow/.local/lib/python3.12/site-packages/airflow/example_dags/example_params_trigger_ui.py
[2024-04-27T14:08:09.134+0000] {processor.py:840} INFO - DAG(s) 'example_params_trigger_ui' retrieved from /home/airflow/.local/lib/python3.12/site-packages/airflow/example_dags/example_params_trigger_ui.py
[2024-04-27T14:08:09.277+0000] {logging_mixin.py:188} INFO - [2024-04-27T14:08:09.277+0000] {dag.py:3096} INFO - Sync 1 DAGs
[2024-04-27T14:08:09.319+0000] {logging_mixin.py:188} INFO - [2024-04-27T14:08:09.319+0000] {dag.py:3954} INFO - Setting next_dagrun for example_params_trigger_ui to None, run_after=None
[2024-04-27T14:08:09.509+0000] {processor.py:183} INFO - Processing /home/airflow/.local/lib/python3.12/site-packages/airflow/example_dags/example_params_trigger_ui.py took 0.476 seconds
[2024-04-27T14:08:41.508+0000] {processor.py:161} INFO - Started process (PID=272) to work on /home/airflow/.local/lib/python3.12/site-packages/airflow/example_dags/example_params_trigger_ui.py
[2024-04-27T14:08:41.510+0000] {processor.py:830} INFO - Processing file /home/airflow/.local/lib/python3.12/site-packages/airflow/example_dags/example_params_trigger_ui.py for tasks to queue
[2024-04-27T14:08:41.517+0000] {logging_mixin.py:188} INFO - [2024-04-27T14:08:41.516+0000] {dagbag.py:540} INFO - Filling up the DagBag from /home/airflow/.local/lib/python3.12/site-packages/airflow/example_dags/example_params_trigger_ui.py
[2024-04-27T14:08:41.546+0000] {processor.py:840} INFO - DAG(s) 'example_params_trigger_ui' retrieved from /home/airflow/.local/lib/python3.12/site-packages/airflow/example_dags/example_params_trigger_ui.py
[2024-04-27T14:08:41.672+0000] {logging_mixin.py:188} INFO - [2024-04-27T14:08:41.671+0000] {dag.py:3096} INFO - Sync 1 DAGs
[2024-04-27T14:08:41.724+0000] {logging_mixin.py:188} INFO - [2024-04-27T14:08:41.724+0000] {dag.py:3954} INFO - Setting next_dagrun for example_params_trigger_ui to None, run_after=None
[2024-04-27T14:08:41.962+0000] {processor.py:183} INFO - Processing /home/airflow/.local/lib/python3.12/site-packages/airflow/example_dags/example_params_trigger_ui.py took 0.468 seconds
[2024-04-27T14:09:15.191+0000] {processor.py:161} INFO - Started process (PID=326) to work on /home/airflow/.local/lib/python3.12/site-packages/airflow/example_dags/example_params_trigger_ui.py
[2024-04-27T14:09:15.198+0000] {processor.py:830} INFO - Processing file /home/airflow/.local/lib/python3.12/site-packages/airflow/example_dags/example_params_trigger_ui.py for tasks to queue
[2024-04-27T14:09:15.204+0000] {logging_mixin.py:188} INFO - [2024-04-27T14:09:15.203+0000] {dagbag.py:540} INFO - Filling up the DagBag from /home/airflow/.local/lib/python3.12/site-packages/airflow/example_dags/example_params_trigger_ui.py
[2024-04-27T14:09:15.277+0000] {processor.py:840} INFO - DAG(s) 'example_params_trigger_ui' retrieved from /home/airflow/.local/lib/python3.12/site-packages/airflow/example_dags/example_params_trigger_ui.py
[2024-04-27T14:09:15.550+0000] {logging_mixin.py:188} INFO - [2024-04-27T14:09:15.549+0000] {dag.py:3096} INFO - Sync 1 DAGs
[2024-04-27T14:09:15.628+0000] {logging_mixin.py:188} INFO - [2024-04-27T14:09:15.628+0000] {dag.py:3954} INFO - Setting next_dagrun for example_params_trigger_ui to None, run_after=None
[2024-04-27T14:09:15.749+0000] {processor.py:183} INFO - Processing /home/airflow/.local/lib/python3.12/site-packages/airflow/example_dags/example_params_trigger_ui.py took 0.586 seconds
[2024-04-27T14:09:45.919+0000] {processor.py:161} INFO - Started process (PID=380) to work on /home/airflow/.local/lib/python3.12/site-packages/airflow/example_dags/example_params_trigger_ui.py
[2024-04-27T14:09:45.921+0000] {processor.py:830} INFO - Processing file /home/airflow/.local/lib/python3.12/site-packages/airflow/example_dags/example_params_trigger_ui.py for tasks to queue
[2024-04-27T14:09:45.929+0000] {logging_mixin.py:188} INFO - [2024-04-27T14:09:45.928+0000] {dagbag.py:540} INFO - Filling up the DagBag from /home/airflow/.local/lib/python3.12/site-packages/airflow/example_dags/example_params_trigger_ui.py
[2024-04-27T14:09:46.039+0000] {processor.py:840} INFO - DAG(s) 'example_params_trigger_ui' retrieved from /home/airflow/.local/lib/python3.12/site-packages/airflow/example_dags/example_params_trigger_ui.py
[2024-04-27T14:09:46.126+0000] {logging_mixin.py:188} INFO - [2024-04-27T14:09:46.125+0000] {dag.py:3096} INFO - Sync 1 DAGs
[2024-04-27T14:09:46.158+0000] {logging_mixin.py:188} INFO - [2024-04-27T14:09:46.158+0000] {dag.py:3954} INFO - Setting next_dagrun for example_params_trigger_ui to None, run_after=None
[2024-04-27T14:09:46.213+0000] {processor.py:183} INFO - Processing /home/airflow/.local/lib/python3.12/site-packages/airflow/example_dags/example_params_trigger_ui.py took 0.320 seconds
[2024-04-27T14:10:18.243+0000] {processor.py:161} INFO - Started process (PID=432) to work on /home/airflow/.local/lib/python3.12/site-packages/airflow/example_dags/example_params_trigger_ui.py
[2024-04-27T14:10:18.250+0000] {processor.py:830} INFO - Processing file /home/airflow/.local/lib/python3.12/site-packages/airflow/example_dags/example_params_trigger_ui.py for tasks to queue
[2024-04-27T14:10:18.257+0000] {logging_mixin.py:188} INFO - [2024-04-27T14:10:18.256+0000] {dagbag.py:540} INFO - Filling up the DagBag from /home/airflow/.local/lib/python3.12/site-packages/airflow/example_dags/example_params_trigger_ui.py
[2024-04-27T14:10:18.460+0000] {processor.py:840} INFO - DAG(s) 'example_params_trigger_ui' retrieved from /home/airflow/.local/lib/python3.12/site-packages/airflow/example_dags/example_params_trigger_ui.py
[2024-04-27T14:10:18.690+0000] {logging_mixin.py:188} INFO - [2024-04-27T14:10:18.689+0000] {dag.py:3096} INFO - Sync 1 DAGs
[2024-04-27T14:10:18.748+0000] {logging_mixin.py:188} INFO - [2024-04-27T14:10:18.748+0000] {dag.py:3954} INFO - Setting next_dagrun for example_params_trigger_ui to None, run_after=None
[2024-04-27T14:10:18.865+0000] {processor.py:183} INFO - Processing /home/airflow/.local/lib/python3.12/site-packages/airflow/example_dags/example_params_trigger_ui.py took 0.658 seconds
[2024-04-27T14:10:49.555+0000] {processor.py:161} INFO - Started process (PID=485) to work on /home/airflow/.local/lib/python3.12/site-packages/airflow/example_dags/example_params_trigger_ui.py
[2024-04-27T14:10:49.558+0000] {processor.py:830} INFO - Processing file /home/airflow/.local/lib/python3.12/site-packages/airflow/example_dags/example_params_trigger_ui.py for tasks to queue
[2024-04-27T14:10:49.572+0000] {logging_mixin.py:188} INFO - [2024-04-27T14:10:49.570+0000] {dagbag.py:540} INFO - Filling up the DagBag from /home/airflow/.local/lib/python3.12/site-packages/airflow/example_dags/example_params_trigger_ui.py
[2024-04-27T14:10:49.629+0000] {processor.py:840} INFO - DAG(s) 'example_params_trigger_ui' retrieved from /home/airflow/.local/lib/python3.12/site-packages/airflow/example_dags/example_params_trigger_ui.py
[2024-04-27T14:10:49.824+0000] {logging_mixin.py:188} INFO - [2024-04-27T14:10:49.823+0000] {dag.py:3096} INFO - Sync 1 DAGs
[2024-04-27T14:10:49.863+0000] {logging_mixin.py:188} INFO - [2024-04-27T14:10:49.862+0000] {dag.py:3954} INFO - Setting next_dagrun for example_params_trigger_ui to None, run_after=None
[2024-04-27T14:10:49.925+0000] {processor.py:183} INFO - Processing /home/airflow/.local/lib/python3.12/site-packages/airflow/example_dags/example_params_trigger_ui.py took 0.393 seconds
[2024-04-27T14:11:23.812+0000] {processor.py:161} INFO - Started process (PID=537) to work on /home/airflow/.local/lib/python3.12/site-packages/airflow/example_dags/example_params_trigger_ui.py
[2024-04-27T14:11:23.815+0000] {processor.py:830} INFO - Processing file /home/airflow/.local/lib/python3.12/site-packages/airflow/example_dags/example_params_trigger_ui.py for tasks to queue
[2024-04-27T14:11:23.818+0000] {logging_mixin.py:188} INFO - [2024-04-27T14:11:23.818+0000] {dagbag.py:540} INFO - Filling up the DagBag from /home/airflow/.local/lib/python3.12/site-packages/airflow/example_dags/example_params_trigger_ui.py
[2024-04-27T14:11:23.929+0000] {processor.py:840} INFO - DAG(s) 'example_params_trigger_ui' retrieved from /home/airflow/.local/lib/python3.12/site-packages/airflow/example_dags/example_params_trigger_ui.py
[2024-04-27T14:11:24.226+0000] {logging_mixin.py:188} INFO - [2024-04-27T14:11:24.226+0000] {dag.py:3096} INFO - Sync 1 DAGs
[2024-04-27T14:11:24.279+0000] {logging_mixin.py:188} INFO - [2024-04-27T14:11:24.279+0000] {dag.py:3954} INFO - Setting next_dagrun for example_params_trigger_ui to None, run_after=None
[2024-04-27T14:11:24.337+0000] {processor.py:183} INFO - Processing /home/airflow/.local/lib/python3.12/site-packages/airflow/example_dags/example_params_trigger_ui.py took 0.538 seconds
[2024-04-27T14:11:54.916+0000] {processor.py:161} INFO - Started process (PID=591) to work on /home/airflow/.local/lib/python3.12/site-packages/airflow/example_dags/example_params_trigger_ui.py
[2024-04-27T14:11:54.919+0000] {processor.py:830} INFO - Processing file /home/airflow/.local/lib/python3.12/site-packages/airflow/example_dags/example_params_trigger_ui.py for tasks to queue
[2024-04-27T14:11:54.925+0000] {logging_mixin.py:188} INFO - [2024-04-27T14:11:54.924+0000] {dagbag.py:540} INFO - Filling up the DagBag from /home/airflow/.local/lib/python3.12/site-packages/airflow/example_dags/example_params_trigger_ui.py
[2024-04-27T14:11:55.020+0000] {processor.py:840} INFO - DAG(s) 'example_params_trigger_ui' retrieved from /home/airflow/.local/lib/python3.12/site-packages/airflow/example_dags/example_params_trigger_ui.py
[2024-04-27T14:11:55.500+0000] {logging_mixin.py:188} INFO - [2024-04-27T14:11:55.499+0000] {dag.py:3096} INFO - Sync 1 DAGs
[2024-04-27T14:11:55.592+0000] {logging_mixin.py:188} INFO - [2024-04-27T14:11:55.591+0000] {dag.py:3954} INFO - Setting next_dagrun for example_params_trigger_ui to None, run_after=None
[2024-04-27T14:11:55.748+0000] {processor.py:183} INFO - Processing /home/airflow/.local/lib/python3.12/site-packages/airflow/example_dags/example_params_trigger_ui.py took 0.852 seconds
