[2024-04-27T14:06:50.547+0000] {processor.py:161} INFO - Started process (PID=83) to work on /home/airflow/.local/lib/python3.12/site-packages/airflow/example_dags/example_display_name.py
[2024-04-27T14:06:50.552+0000] {processor.py:830} INFO - Processing file /home/airflow/.local/lib/python3.12/site-packages/airflow/example_dags/example_display_name.py for tasks to queue
[2024-04-27T14:06:50.564+0000] {logging_mixin.py:188} INFO - [2024-04-27T14:06:50.563+0000] {dagbag.py:540} INFO - Filling up the DagBag from /home/airflow/.local/lib/python3.12/site-packages/airflow/example_dags/example_display_name.py
[2024-04-27T14:06:50.615+0000] {processor.py:840} INFO - DAG(s) 'example_display_name' retrieved from /home/airflow/.local/lib/python3.12/site-packages/airflow/example_dags/example_display_name.py
[2024-04-27T14:06:51.049+0000] {logging_mixin.py:188} INFO - [2024-04-27T14:06:51.049+0000] {dag.py:3096} INFO - Sync 1 DAGs
[2024-04-27T14:06:51.104+0000] {logging_mixin.py:188} INFO - [2024-04-27T14:06:51.103+0000] {dag.py:3954} INFO - Setting next_dagrun for example_display_name to None, run_after=None
[2024-04-27T14:06:51.196+0000] {processor.py:183} INFO - Processing /home/airflow/.local/lib/python3.12/site-packages/airflow/example_dags/example_display_name.py took 0.728 seconds
[2024-04-27T14:07:21.447+0000] {processor.py:161} INFO - Started process (PID=136) to work on /home/airflow/.local/lib/python3.12/site-packages/airflow/example_dags/example_display_name.py
[2024-04-27T14:07:21.456+0000] {processor.py:830} INFO - Processing file /home/airflow/.local/lib/python3.12/site-packages/airflow/example_dags/example_display_name.py for tasks to queue
[2024-04-27T14:07:21.461+0000] {logging_mixin.py:188} INFO - [2024-04-27T14:07:21.460+0000] {dagbag.py:540} INFO - Filling up the DagBag from /home/airflow/.local/lib/python3.12/site-packages/airflow/example_dags/example_display_name.py
[2024-04-27T14:07:21.481+0000] {processor.py:840} INFO - DAG(s) 'example_display_name' retrieved from /home/airflow/.local/lib/python3.12/site-packages/airflow/example_dags/example_display_name.py
[2024-04-27T14:07:21.540+0000] {logging_mixin.py:188} INFO - [2024-04-27T14:07:21.539+0000] {dag.py:3096} INFO - Sync 1 DAGs
[2024-04-27T14:07:21.563+0000] {logging_mixin.py:188} INFO - [2024-04-27T14:07:21.563+0000] {dag.py:3954} INFO - Setting next_dagrun for example_display_name to None, run_after=None
[2024-04-27T14:07:21.626+0000] {processor.py:183} INFO - Processing /home/airflow/.local/lib/python3.12/site-packages/airflow/example_dags/example_display_name.py took 0.205 seconds
[2024-04-27T14:07:55.371+0000] {processor.py:161} INFO - Started process (PID=190) to work on /home/airflow/.local/lib/python3.12/site-packages/airflow/example_dags/example_display_name.py
[2024-04-27T14:07:55.372+0000] {processor.py:830} INFO - Processing file /home/airflow/.local/lib/python3.12/site-packages/airflow/example_dags/example_display_name.py for tasks to queue
[2024-04-27T14:07:55.377+0000] {logging_mixin.py:188} INFO - [2024-04-27T14:07:55.376+0000] {dagbag.py:540} INFO - Filling up the DagBag from /home/airflow/.local/lib/python3.12/site-packages/airflow/example_dags/example_display_name.py
[2024-04-27T14:07:55.391+0000] {processor.py:840} INFO - DAG(s) 'example_display_name' retrieved from /home/airflow/.local/lib/python3.12/site-packages/airflow/example_dags/example_display_name.py
[2024-04-27T14:07:55.491+0000] {logging_mixin.py:188} INFO - [2024-04-27T14:07:55.491+0000] {dag.py:3096} INFO - Sync 1 DAGs
[2024-04-27T14:07:55.542+0000] {logging_mixin.py:188} INFO - [2024-04-27T14:07:55.541+0000] {dag.py:3954} INFO - Setting next_dagrun for example_display_name to None, run_after=None
[2024-04-27T14:07:55.707+0000] {processor.py:183} INFO - Processing /home/airflow/.local/lib/python3.12/site-packages/airflow/example_dags/example_display_name.py took 0.346 seconds
[2024-04-27T14:08:26.208+0000] {processor.py:161} INFO - Started process (PID=242) to work on /home/airflow/.local/lib/python3.12/site-packages/airflow/example_dags/example_display_name.py
[2024-04-27T14:08:26.221+0000] {processor.py:830} INFO - Processing file /home/airflow/.local/lib/python3.12/site-packages/airflow/example_dags/example_display_name.py for tasks to queue
[2024-04-27T14:08:26.241+0000] {logging_mixin.py:188} INFO - [2024-04-27T14:08:26.232+0000] {dagbag.py:540} INFO - Filling up the DagBag from /home/airflow/.local/lib/python3.12/site-packages/airflow/example_dags/example_display_name.py
[2024-04-27T14:08:26.310+0000] {processor.py:840} INFO - DAG(s) 'example_display_name' retrieved from /home/airflow/.local/lib/python3.12/site-packages/airflow/example_dags/example_display_name.py
[2024-04-27T14:08:27.047+0000] {logging_mixin.py:188} INFO - [2024-04-27T14:08:27.047+0000] {dag.py:3096} INFO - Sync 1 DAGs
[2024-04-27T14:08:27.162+0000] {logging_mixin.py:188} INFO - [2024-04-27T14:08:27.162+0000] {dag.py:3954} INFO - Setting next_dagrun for example_display_name to None, run_after=None
[2024-04-27T14:08:27.262+0000] {processor.py:183} INFO - Processing /home/airflow/.local/lib/python3.12/site-packages/airflow/example_dags/example_display_name.py took 1.119 seconds
[2024-04-27T14:08:57.913+0000] {processor.py:161} INFO - Started process (PID=296) to work on /home/airflow/.local/lib/python3.12/site-packages/airflow/example_dags/example_display_name.py
[2024-04-27T14:08:57.915+0000] {processor.py:830} INFO - Processing file /home/airflow/.local/lib/python3.12/site-packages/airflow/example_dags/example_display_name.py for tasks to queue
[2024-04-27T14:08:57.928+0000] {logging_mixin.py:188} INFO - [2024-04-27T14:08:57.927+0000] {dagbag.py:540} INFO - Filling up the DagBag from /home/airflow/.local/lib/python3.12/site-packages/airflow/example_dags/example_display_name.py
[2024-04-27T14:08:58.553+0000] {processor.py:840} INFO - DAG(s) 'example_display_name' retrieved from /home/airflow/.local/lib/python3.12/site-packages/airflow/example_dags/example_display_name.py
[2024-04-27T14:08:58.638+0000] {logging_mixin.py:188} INFO - [2024-04-27T14:08:58.637+0000] {dag.py:3096} INFO - Sync 1 DAGs
[2024-04-27T14:08:58.739+0000] {logging_mixin.py:188} INFO - [2024-04-27T14:08:58.739+0000] {dag.py:3954} INFO - Setting next_dagrun for example_display_name to None, run_after=None
[2024-04-27T14:08:58.868+0000] {processor.py:183} INFO - Processing /home/airflow/.local/lib/python3.12/site-packages/airflow/example_dags/example_display_name.py took 0.970 seconds
[2024-04-27T14:09:29.542+0000] {processor.py:161} INFO - Started process (PID=349) to work on /home/airflow/.local/lib/python3.12/site-packages/airflow/example_dags/example_display_name.py
[2024-04-27T14:09:29.556+0000] {processor.py:830} INFO - Processing file /home/airflow/.local/lib/python3.12/site-packages/airflow/example_dags/example_display_name.py for tasks to queue
[2024-04-27T14:09:29.574+0000] {logging_mixin.py:188} INFO - [2024-04-27T14:09:29.570+0000] {dagbag.py:540} INFO - Filling up the DagBag from /home/airflow/.local/lib/python3.12/site-packages/airflow/example_dags/example_display_name.py
[2024-04-27T14:09:29.612+0000] {processor.py:840} INFO - DAG(s) 'example_display_name' retrieved from /home/airflow/.local/lib/python3.12/site-packages/airflow/example_dags/example_display_name.py
[2024-04-27T14:09:29.716+0000] {logging_mixin.py:188} INFO - [2024-04-27T14:09:29.715+0000] {dag.py:3096} INFO - Sync 1 DAGs
[2024-04-27T14:09:29.806+0000] {logging_mixin.py:188} INFO - [2024-04-27T14:09:29.806+0000] {dag.py:3954} INFO - Setting next_dagrun for example_display_name to None, run_after=None
[2024-04-27T14:09:29.978+0000] {processor.py:183} INFO - Processing /home/airflow/.local/lib/python3.12/site-packages/airflow/example_dags/example_display_name.py took 0.478 seconds
[2024-04-27T14:10:02.034+0000] {processor.py:161} INFO - Started process (PID=404) to work on /home/airflow/.local/lib/python3.12/site-packages/airflow/example_dags/example_display_name.py
[2024-04-27T14:10:02.054+0000] {processor.py:830} INFO - Processing file /home/airflow/.local/lib/python3.12/site-packages/airflow/example_dags/example_display_name.py for tasks to queue
[2024-04-27T14:10:02.059+0000] {logging_mixin.py:188} INFO - [2024-04-27T14:10:02.058+0000] {dagbag.py:540} INFO - Filling up the DagBag from /home/airflow/.local/lib/python3.12/site-packages/airflow/example_dags/example_display_name.py
[2024-04-27T14:10:02.074+0000] {processor.py:840} INFO - DAG(s) 'example_display_name' retrieved from /home/airflow/.local/lib/python3.12/site-packages/airflow/example_dags/example_display_name.py
[2024-04-27T14:10:02.118+0000] {logging_mixin.py:188} INFO - [2024-04-27T14:10:02.118+0000] {dag.py:3096} INFO - Sync 1 DAGs
[2024-04-27T14:10:02.196+0000] {logging_mixin.py:188} INFO - [2024-04-27T14:10:02.195+0000] {dag.py:3954} INFO - Setting next_dagrun for example_display_name to None, run_after=None
[2024-04-27T14:10:02.392+0000] {processor.py:183} INFO - Processing /home/airflow/.local/lib/python3.12/site-packages/airflow/example_dags/example_display_name.py took 0.376 seconds
[2024-04-27T14:10:33.489+0000] {processor.py:161} INFO - Started process (PID=459) to work on /home/airflow/.local/lib/python3.12/site-packages/airflow/example_dags/example_display_name.py
[2024-04-27T14:10:33.491+0000] {processor.py:830} INFO - Processing file /home/airflow/.local/lib/python3.12/site-packages/airflow/example_dags/example_display_name.py for tasks to queue
[2024-04-27T14:10:33.496+0000] {logging_mixin.py:188} INFO - [2024-04-27T14:10:33.496+0000] {dagbag.py:540} INFO - Filling up the DagBag from /home/airflow/.local/lib/python3.12/site-packages/airflow/example_dags/example_display_name.py
[2024-04-27T14:10:33.511+0000] {processor.py:840} INFO - DAG(s) 'example_display_name' retrieved from /home/airflow/.local/lib/python3.12/site-packages/airflow/example_dags/example_display_name.py
[2024-04-27T14:10:33.592+0000] {logging_mixin.py:188} INFO - [2024-04-27T14:10:33.591+0000] {dag.py:3096} INFO - Sync 1 DAGs
[2024-04-27T14:10:33.652+0000] {logging_mixin.py:188} INFO - [2024-04-27T14:10:33.652+0000] {dag.py:3954} INFO - Setting next_dagrun for example_display_name to None, run_after=None
[2024-04-27T14:10:33.705+0000] {processor.py:183} INFO - Processing /home/airflow/.local/lib/python3.12/site-packages/airflow/example_dags/example_display_name.py took 0.236 seconds
[2024-04-27T14:11:04.161+0000] {processor.py:161} INFO - Started process (PID=513) to work on /home/airflow/.local/lib/python3.12/site-packages/airflow/example_dags/example_display_name.py
[2024-04-27T14:11:04.163+0000] {processor.py:830} INFO - Processing file /home/airflow/.local/lib/python3.12/site-packages/airflow/example_dags/example_display_name.py for tasks to queue
[2024-04-27T14:11:04.168+0000] {logging_mixin.py:188} INFO - [2024-04-27T14:11:04.167+0000] {dagbag.py:540} INFO - Filling up the DagBag from /home/airflow/.local/lib/python3.12/site-packages/airflow/example_dags/example_display_name.py
[2024-04-27T14:11:04.185+0000] {processor.py:840} INFO - DAG(s) 'example_display_name' retrieved from /home/airflow/.local/lib/python3.12/site-packages/airflow/example_dags/example_display_name.py
[2024-04-27T14:11:04.279+0000] {logging_mixin.py:188} INFO - [2024-04-27T14:11:04.279+0000] {dag.py:3096} INFO - Sync 1 DAGs
[2024-04-27T14:11:04.356+0000] {logging_mixin.py:188} INFO - [2024-04-27T14:11:04.355+0000] {dag.py:3954} INFO - Setting next_dagrun for example_display_name to None, run_after=None
[2024-04-27T14:11:04.555+0000] {processor.py:183} INFO - Processing /home/airflow/.local/lib/python3.12/site-packages/airflow/example_dags/example_display_name.py took 0.411 seconds
[2024-04-27T14:11:35.326+0000] {processor.py:161} INFO - Started process (PID=567) to work on /home/airflow/.local/lib/python3.12/site-packages/airflow/example_dags/example_display_name.py
[2024-04-27T14:11:35.369+0000] {processor.py:830} INFO - Processing file /home/airflow/.local/lib/python3.12/site-packages/airflow/example_dags/example_display_name.py for tasks to queue
[2024-04-27T14:11:35.390+0000] {logging_mixin.py:188} INFO - [2024-04-27T14:11:35.388+0000] {dagbag.py:540} INFO - Filling up the DagBag from /home/airflow/.local/lib/python3.12/site-packages/airflow/example_dags/example_display_name.py
[2024-04-27T14:11:35.434+0000] {processor.py:840} INFO - DAG(s) 'example_display_name' retrieved from /home/airflow/.local/lib/python3.12/site-packages/airflow/example_dags/example_display_name.py
[2024-04-27T14:11:35.516+0000] {logging_mixin.py:188} INFO - [2024-04-27T14:11:35.515+0000] {dag.py:3096} INFO - Sync 1 DAGs
[2024-04-27T14:11:35.606+0000] {logging_mixin.py:188} INFO - [2024-04-27T14:11:35.606+0000] {dag.py:3954} INFO - Setting next_dagrun for example_display_name to None, run_after=None
[2024-04-27T14:11:35.894+0000] {processor.py:183} INFO - Processing /home/airflow/.local/lib/python3.12/site-packages/airflow/example_dags/example_display_name.py took 0.619 seconds
[2024-04-27T14:12:08.518+0000] {processor.py:161} INFO - Started process (PID=621) to work on /home/airflow/.local/lib/python3.12/site-packages/airflow/example_dags/example_display_name.py
[2024-04-27T14:12:08.520+0000] {processor.py:830} INFO - Processing file /home/airflow/.local/lib/python3.12/site-packages/airflow/example_dags/example_display_name.py for tasks to queue
[2024-04-27T14:12:08.526+0000] {logging_mixin.py:188} INFO - [2024-04-27T14:12:08.525+0000] {dagbag.py:540} INFO - Filling up the DagBag from /home/airflow/.local/lib/python3.12/site-packages/airflow/example_dags/example_display_name.py
[2024-04-27T14:12:08.574+0000] {processor.py:840} INFO - DAG(s) 'example_display_name' retrieved from /home/airflow/.local/lib/python3.12/site-packages/airflow/example_dags/example_display_name.py
[2024-04-27T14:12:08.701+0000] {logging_mixin.py:188} INFO - [2024-04-27T14:12:08.700+0000] {dag.py:3096} INFO - Sync 1 DAGs
[2024-04-27T14:12:08.810+0000] {logging_mixin.py:188} INFO - [2024-04-27T14:12:08.799+0000] {dag.py:3954} INFO - Setting next_dagrun for example_display_name to None, run_after=None
[2024-04-27T14:12:09.008+0000] {processor.py:183} INFO - Processing /home/airflow/.local/lib/python3.12/site-packages/airflow/example_dags/example_display_name.py took 0.531 seconds
