[2024-04-27T14:06:06.423+0000] {processor.py:161} INFO - Started process (PID=55) to work on /home/airflow/.local/lib/python3.12/site-packages/airflow/example_dags/example_latest_only.py
[2024-04-27T14:06:06.442+0000] {processor.py:830} INFO - Processing file /home/airflow/.local/lib/python3.12/site-packages/airflow/example_dags/example_latest_only.py for tasks to queue
[2024-04-27T14:06:06.476+0000] {logging_mixin.py:188} INFO - [2024-04-27T14:06:06.456+0000] {dagbag.py:540} INFO - Filling up the DagBag from /home/airflow/.local/lib/python3.12/site-packages/airflow/example_dags/example_latest_only.py
[2024-04-27T14:06:06.665+0000] {processor.py:840} INFO - DAG(s) 'latest_only' retrieved from /home/airflow/.local/lib/python3.12/site-packages/airflow/example_dags/example_latest_only.py
[2024-04-27T14:06:11.440+0000] {logging_mixin.py:188} INFO - [2024-04-27T14:06:11.440+0000] {dag.py:3096} INFO - Sync 1 DAGs
[2024-04-27T14:06:13.252+0000] {logging_mixin.py:188} INFO - [2024-04-27T14:06:13.252+0000] {dag.py:3954} INFO - Setting next_dagrun for latest_only to 2024-04-27 08:00:00+00:00, run_after=2024-04-27 12:00:00+00:00
[2024-04-27T14:06:13.805+0000] {processor.py:183} INFO - Processing /home/airflow/.local/lib/python3.12/site-packages/airflow/example_dags/example_latest_only.py took 7.481 seconds
[2024-04-27T14:07:00.853+0000] {processor.py:161} INFO - Started process (PID=109) to work on /home/airflow/.local/lib/python3.12/site-packages/airflow/example_dags/example_latest_only.py
[2024-04-27T14:07:00.856+0000] {processor.py:830} INFO - Processing file /home/airflow/.local/lib/python3.12/site-packages/airflow/example_dags/example_latest_only.py for tasks to queue
[2024-04-27T14:07:00.860+0000] {logging_mixin.py:188} INFO - [2024-04-27T14:07:00.859+0000] {dagbag.py:540} INFO - Filling up the DagBag from /home/airflow/.local/lib/python3.12/site-packages/airflow/example_dags/example_latest_only.py
[2024-04-27T14:07:00.873+0000] {processor.py:840} INFO - DAG(s) 'latest_only' retrieved from /home/airflow/.local/lib/python3.12/site-packages/airflow/example_dags/example_latest_only.py
[2024-04-27T14:07:00.948+0000] {logging_mixin.py:188} INFO - [2024-04-27T14:07:00.948+0000] {dag.py:3096} INFO - Sync 1 DAGs
[2024-04-27T14:07:01.037+0000] {logging_mixin.py:188} INFO - [2024-04-27T14:07:01.037+0000] {dag.py:3954} INFO - Setting next_dagrun for latest_only to 2024-04-27 08:00:00+00:00, run_after=2024-04-27 12:00:00+00:00
[2024-04-27T14:07:01.092+0000] {processor.py:183} INFO - Processing /home/airflow/.local/lib/python3.12/site-packages/airflow/example_dags/example_latest_only.py took 0.252 seconds
[2024-04-27T14:07:31.360+0000] {processor.py:161} INFO - Started process (PID=161) to work on /home/airflow/.local/lib/python3.12/site-packages/airflow/example_dags/example_latest_only.py
[2024-04-27T14:07:31.369+0000] {processor.py:830} INFO - Processing file /home/airflow/.local/lib/python3.12/site-packages/airflow/example_dags/example_latest_only.py for tasks to queue
[2024-04-27T14:07:31.387+0000] {logging_mixin.py:188} INFO - [2024-04-27T14:07:31.385+0000] {dagbag.py:540} INFO - Filling up the DagBag from /home/airflow/.local/lib/python3.12/site-packages/airflow/example_dags/example_latest_only.py
[2024-04-27T14:07:31.431+0000] {processor.py:840} INFO - DAG(s) 'latest_only' retrieved from /home/airflow/.local/lib/python3.12/site-packages/airflow/example_dags/example_latest_only.py
[2024-04-27T14:07:31.476+0000] {logging_mixin.py:188} INFO - [2024-04-27T14:07:31.476+0000] {dag.py:3096} INFO - Sync 1 DAGs
[2024-04-27T14:07:31.554+0000] {logging_mixin.py:188} INFO - [2024-04-27T14:07:31.554+0000] {dag.py:3954} INFO - Setting next_dagrun for latest_only to 2024-04-27 08:00:00+00:00, run_after=2024-04-27 12:00:00+00:00
[2024-04-27T14:07:31.612+0000] {processor.py:183} INFO - Processing /home/airflow/.local/lib/python3.12/site-packages/airflow/example_dags/example_latest_only.py took 0.278 seconds
[2024-04-27T14:08:08.457+0000] {processor.py:161} INFO - Started process (PID=215) to work on /home/airflow/.local/lib/python3.12/site-packages/airflow/example_dags/example_latest_only.py
[2024-04-27T14:08:08.459+0000] {processor.py:830} INFO - Processing file /home/airflow/.local/lib/python3.12/site-packages/airflow/example_dags/example_latest_only.py for tasks to queue
[2024-04-27T14:08:08.463+0000] {logging_mixin.py:188} INFO - [2024-04-27T14:08:08.462+0000] {dagbag.py:540} INFO - Filling up the DagBag from /home/airflow/.local/lib/python3.12/site-packages/airflow/example_dags/example_latest_only.py
[2024-04-27T14:08:08.476+0000] {processor.py:840} INFO - DAG(s) 'latest_only' retrieved from /home/airflow/.local/lib/python3.12/site-packages/airflow/example_dags/example_latest_only.py
[2024-04-27T14:08:08.519+0000] {logging_mixin.py:188} INFO - [2024-04-27T14:08:08.519+0000] {dag.py:3096} INFO - Sync 1 DAGs
[2024-04-27T14:08:08.576+0000] {logging_mixin.py:188} INFO - [2024-04-27T14:08:08.575+0000] {dag.py:3954} INFO - Setting next_dagrun for latest_only to 2024-04-27 08:00:00+00:00, run_after=2024-04-27 12:00:00+00:00
[2024-04-27T14:08:08.737+0000] {processor.py:183} INFO - Processing /home/airflow/.local/lib/python3.12/site-packages/airflow/example_dags/example_latest_only.py took 0.291 seconds
[2024-04-27T14:08:40.272+0000] {processor.py:161} INFO - Started process (PID=269) to work on /home/airflow/.local/lib/python3.12/site-packages/airflow/example_dags/example_latest_only.py
[2024-04-27T14:08:40.275+0000] {processor.py:830} INFO - Processing file /home/airflow/.local/lib/python3.12/site-packages/airflow/example_dags/example_latest_only.py for tasks to queue
[2024-04-27T14:08:40.291+0000] {logging_mixin.py:188} INFO - [2024-04-27T14:08:40.290+0000] {dagbag.py:540} INFO - Filling up the DagBag from /home/airflow/.local/lib/python3.12/site-packages/airflow/example_dags/example_latest_only.py
[2024-04-27T14:08:40.306+0000] {processor.py:840} INFO - DAG(s) 'latest_only' retrieved from /home/airflow/.local/lib/python3.12/site-packages/airflow/example_dags/example_latest_only.py
[2024-04-27T14:08:40.436+0000] {logging_mixin.py:188} INFO - [2024-04-27T14:08:40.436+0000] {dag.py:3096} INFO - Sync 1 DAGs
[2024-04-27T14:08:40.552+0000] {logging_mixin.py:188} INFO - [2024-04-27T14:08:40.551+0000] {dag.py:3954} INFO - Setting next_dagrun for latest_only to 2024-04-27 08:00:00+00:00, run_after=2024-04-27 12:00:00+00:00
[2024-04-27T14:08:40.709+0000] {processor.py:183} INFO - Processing /home/airflow/.local/lib/python3.12/site-packages/airflow/example_dags/example_latest_only.py took 0.463 seconds
[2024-04-27T14:09:14.173+0000] {processor.py:161} INFO - Started process (PID=323) to work on /home/airflow/.local/lib/python3.12/site-packages/airflow/example_dags/example_latest_only.py
[2024-04-27T14:09:14.176+0000] {processor.py:830} INFO - Processing file /home/airflow/.local/lib/python3.12/site-packages/airflow/example_dags/example_latest_only.py for tasks to queue
[2024-04-27T14:09:14.181+0000] {logging_mixin.py:188} INFO - [2024-04-27T14:09:14.180+0000] {dagbag.py:540} INFO - Filling up the DagBag from /home/airflow/.local/lib/python3.12/site-packages/airflow/example_dags/example_latest_only.py
[2024-04-27T14:09:14.195+0000] {processor.py:840} INFO - DAG(s) 'latest_only' retrieved from /home/airflow/.local/lib/python3.12/site-packages/airflow/example_dags/example_latest_only.py
[2024-04-27T14:09:14.262+0000] {logging_mixin.py:188} INFO - [2024-04-27T14:09:14.261+0000] {dag.py:3096} INFO - Sync 1 DAGs
[2024-04-27T14:09:14.338+0000] {logging_mixin.py:188} INFO - [2024-04-27T14:09:14.337+0000] {dag.py:3954} INFO - Setting next_dagrun for latest_only to 2024-04-27 08:00:00+00:00, run_after=2024-04-27 12:00:00+00:00
[2024-04-27T14:09:14.403+0000] {processor.py:183} INFO - Processing /home/airflow/.local/lib/python3.12/site-packages/airflow/example_dags/example_latest_only.py took 0.250 seconds
[2024-04-27T14:09:44.712+0000] {processor.py:161} INFO - Started process (PID=375) to work on /home/airflow/.local/lib/python3.12/site-packages/airflow/example_dags/example_latest_only.py
[2024-04-27T14:09:44.714+0000] {processor.py:830} INFO - Processing file /home/airflow/.local/lib/python3.12/site-packages/airflow/example_dags/example_latest_only.py for tasks to queue
[2024-04-27T14:09:44.717+0000] {logging_mixin.py:188} INFO - [2024-04-27T14:09:44.717+0000] {dagbag.py:540} INFO - Filling up the DagBag from /home/airflow/.local/lib/python3.12/site-packages/airflow/example_dags/example_latest_only.py
[2024-04-27T14:09:44.728+0000] {processor.py:840} INFO - DAG(s) 'latest_only' retrieved from /home/airflow/.local/lib/python3.12/site-packages/airflow/example_dags/example_latest_only.py
[2024-04-27T14:09:44.777+0000] {logging_mixin.py:188} INFO - [2024-04-27T14:09:44.776+0000] {dag.py:3096} INFO - Sync 1 DAGs
[2024-04-27T14:09:44.853+0000] {logging_mixin.py:188} INFO - [2024-04-27T14:09:44.853+0000] {dag.py:3954} INFO - Setting next_dagrun for latest_only to 2024-04-27 08:00:00+00:00, run_after=2024-04-27 12:00:00+00:00
[2024-04-27T14:09:44.998+0000] {processor.py:183} INFO - Processing /home/airflow/.local/lib/python3.12/site-packages/airflow/example_dags/example_latest_only.py took 0.300 seconds
[2024-04-27T14:10:16.493+0000] {processor.py:161} INFO - Started process (PID=426) to work on /home/airflow/.local/lib/python3.12/site-packages/airflow/example_dags/example_latest_only.py
[2024-04-27T14:10:16.495+0000] {processor.py:830} INFO - Processing file /home/airflow/.local/lib/python3.12/site-packages/airflow/example_dags/example_latest_only.py for tasks to queue
[2024-04-27T14:10:16.499+0000] {logging_mixin.py:188} INFO - [2024-04-27T14:10:16.499+0000] {dagbag.py:540} INFO - Filling up the DagBag from /home/airflow/.local/lib/python3.12/site-packages/airflow/example_dags/example_latest_only.py
[2024-04-27T14:10:16.533+0000] {processor.py:840} INFO - DAG(s) 'latest_only' retrieved from /home/airflow/.local/lib/python3.12/site-packages/airflow/example_dags/example_latest_only.py
[2024-04-27T14:10:16.632+0000] {logging_mixin.py:188} INFO - [2024-04-27T14:10:16.632+0000] {dag.py:3096} INFO - Sync 1 DAGs
[2024-04-27T14:10:16.690+0000] {logging_mixin.py:188} INFO - [2024-04-27T14:10:16.690+0000] {dag.py:3954} INFO - Setting next_dagrun for latest_only to 2024-04-27 08:00:00+00:00, run_after=2024-04-27 12:00:00+00:00
[2024-04-27T14:10:16.762+0000] {processor.py:183} INFO - Processing /home/airflow/.local/lib/python3.12/site-packages/airflow/example_dags/example_latest_only.py took 0.294 seconds
[2024-04-27T14:10:48.493+0000] {processor.py:161} INFO - Started process (PID=480) to work on /home/airflow/.local/lib/python3.12/site-packages/airflow/example_dags/example_latest_only.py
[2024-04-27T14:10:48.513+0000] {processor.py:830} INFO - Processing file /home/airflow/.local/lib/python3.12/site-packages/airflow/example_dags/example_latest_only.py for tasks to queue
[2024-04-27T14:10:48.517+0000] {logging_mixin.py:188} INFO - [2024-04-27T14:10:48.516+0000] {dagbag.py:540} INFO - Filling up the DagBag from /home/airflow/.local/lib/python3.12/site-packages/airflow/example_dags/example_latest_only.py
[2024-04-27T14:10:48.530+0000] {processor.py:840} INFO - DAG(s) 'latest_only' retrieved from /home/airflow/.local/lib/python3.12/site-packages/airflow/example_dags/example_latest_only.py
[2024-04-27T14:10:48.570+0000] {logging_mixin.py:188} INFO - [2024-04-27T14:10:48.569+0000] {dag.py:3096} INFO - Sync 1 DAGs
[2024-04-27T14:10:48.612+0000] {logging_mixin.py:188} INFO - [2024-04-27T14:10:48.612+0000] {dag.py:3954} INFO - Setting next_dagrun for latest_only to 2024-04-27 08:00:00+00:00, run_after=2024-04-27 12:00:00+00:00
[2024-04-27T14:10:48.792+0000] {processor.py:183} INFO - Processing /home/airflow/.local/lib/python3.12/site-packages/airflow/example_dags/example_latest_only.py took 0.314 seconds
[2024-04-27T14:11:22.414+0000] {processor.py:161} INFO - Started process (PID=534) to work on /home/airflow/.local/lib/python3.12/site-packages/airflow/example_dags/example_latest_only.py
[2024-04-27T14:11:22.417+0000] {processor.py:830} INFO - Processing file /home/airflow/.local/lib/python3.12/site-packages/airflow/example_dags/example_latest_only.py for tasks to queue
[2024-04-27T14:11:22.421+0000] {logging_mixin.py:188} INFO - [2024-04-27T14:11:22.420+0000] {dagbag.py:540} INFO - Filling up the DagBag from /home/airflow/.local/lib/python3.12/site-packages/airflow/example_dags/example_latest_only.py
[2024-04-27T14:11:22.510+0000] {processor.py:840} INFO - DAG(s) 'latest_only' retrieved from /home/airflow/.local/lib/python3.12/site-packages/airflow/example_dags/example_latest_only.py
[2024-04-27T14:11:22.600+0000] {logging_mixin.py:188} INFO - [2024-04-27T14:11:22.599+0000] {dag.py:3096} INFO - Sync 1 DAGs
[2024-04-27T14:11:22.755+0000] {logging_mixin.py:188} INFO - [2024-04-27T14:11:22.755+0000] {dag.py:3954} INFO - Setting next_dagrun for latest_only to 2024-04-27 08:00:00+00:00, run_after=2024-04-27 12:00:00+00:00
[2024-04-27T14:11:23.055+0000] {processor.py:183} INFO - Processing /home/airflow/.local/lib/python3.12/site-packages/airflow/example_dags/example_latest_only.py took 0.655 seconds
[2024-04-27T14:11:53.728+0000] {processor.py:161} INFO - Started process (PID=588) to work on /home/airflow/.local/lib/python3.12/site-packages/airflow/example_dags/example_latest_only.py
[2024-04-27T14:11:53.730+0000] {processor.py:830} INFO - Processing file /home/airflow/.local/lib/python3.12/site-packages/airflow/example_dags/example_latest_only.py for tasks to queue
[2024-04-27T14:11:53.733+0000] {logging_mixin.py:188} INFO - [2024-04-27T14:11:53.732+0000] {dagbag.py:540} INFO - Filling up the DagBag from /home/airflow/.local/lib/python3.12/site-packages/airflow/example_dags/example_latest_only.py
[2024-04-27T14:11:53.740+0000] {processor.py:840} INFO - DAG(s) 'latest_only' retrieved from /home/airflow/.local/lib/python3.12/site-packages/airflow/example_dags/example_latest_only.py
[2024-04-27T14:11:53.774+0000] {logging_mixin.py:188} INFO - [2024-04-27T14:11:53.774+0000] {dag.py:3096} INFO - Sync 1 DAGs
[2024-04-27T14:11:53.814+0000] {logging_mixin.py:188} INFO - [2024-04-27T14:11:53.813+0000] {dag.py:3954} INFO - Setting next_dagrun for latest_only to 2024-04-27 08:00:00+00:00, run_after=2024-04-27 12:00:00+00:00
[2024-04-27T14:11:53.969+0000] {processor.py:183} INFO - Processing /home/airflow/.local/lib/python3.12/site-packages/airflow/example_dags/example_latest_only.py took 0.249 seconds
[2024-04-27T14:12:31.872+0000] {processor.py:161} INFO - Started process (PID=642) to work on /home/airflow/.local/lib/python3.12/site-packages/airflow/example_dags/example_latest_only.py
[2024-04-27T14:12:31.887+0000] {processor.py:830} INFO - Processing file /home/airflow/.local/lib/python3.12/site-packages/airflow/example_dags/example_latest_only.py for tasks to queue
[2024-04-27T14:12:31.930+0000] {logging_mixin.py:188} INFO - [2024-04-27T14:12:31.929+0000] {dagbag.py:540} INFO - Filling up the DagBag from /home/airflow/.local/lib/python3.12/site-packages/airflow/example_dags/example_latest_only.py
[2024-04-27T14:12:32.157+0000] {processor.py:840} INFO - DAG(s) 'latest_only' retrieved from /home/airflow/.local/lib/python3.12/site-packages/airflow/example_dags/example_latest_only.py
[2024-04-27T14:12:34.217+0000] {logging_mixin.py:188} INFO - [2024-04-27T14:12:34.216+0000] {dag.py:3096} INFO - Sync 1 DAGs
