[2024-04-27T14:06:52.878+0000] {processor.py:161} INFO - Started process (PID=88) to work on /home/airflow/.local/lib/python3.12/site-packages/airflow/example_dags/example_branch_operator.py
[2024-04-27T14:06:52.880+0000] {processor.py:830} INFO - Processing file /home/airflow/.local/lib/python3.12/site-packages/airflow/example_dags/example_branch_operator.py for tasks to queue
[2024-04-27T14:06:52.887+0000] {logging_mixin.py:188} INFO - [2024-04-27T14:06:52.885+0000] {dagbag.py:540} INFO - Filling up the DagBag from /home/airflow/.local/lib/python3.12/site-packages/airflow/example_dags/example_branch_operator.py
[2024-04-27T14:06:53.003+0000] {processor.py:840} INFO - DAG(s) 'example_branch_operator' retrieved from /home/airflow/.local/lib/python3.12/site-packages/airflow/example_dags/example_branch_operator.py
[2024-04-27T14:06:53.377+0000] {logging_mixin.py:188} INFO - [2024-04-27T14:06:53.376+0000] {dag.py:3096} INFO - Sync 1 DAGs
[2024-04-27T14:06:53.471+0000] {logging_mixin.py:188} INFO - [2024-04-27T14:06:53.470+0000] {dag.py:3954} INFO - Setting next_dagrun for example_branch_operator to 2024-04-26 00:00:00+00:00, run_after=2024-04-27 00:00:00+00:00
[2024-04-27T14:06:53.571+0000] {processor.py:183} INFO - Processing /home/airflow/.local/lib/python3.12/site-packages/airflow/example_dags/example_branch_operator.py took 0.713 seconds
[2024-04-27T14:07:25.955+0000] {processor.py:161} INFO - Started process (PID=142) to work on /home/airflow/.local/lib/python3.12/site-packages/airflow/example_dags/example_branch_operator.py
[2024-04-27T14:07:25.984+0000] {processor.py:830} INFO - Processing file /home/airflow/.local/lib/python3.12/site-packages/airflow/example_dags/example_branch_operator.py for tasks to queue
[2024-04-27T14:07:25.991+0000] {logging_mixin.py:188} INFO - [2024-04-27T14:07:25.990+0000] {dagbag.py:540} INFO - Filling up the DagBag from /home/airflow/.local/lib/python3.12/site-packages/airflow/example_dags/example_branch_operator.py
[2024-04-27T14:07:26.059+0000] {processor.py:840} INFO - DAG(s) 'example_branch_operator' retrieved from /home/airflow/.local/lib/python3.12/site-packages/airflow/example_dags/example_branch_operator.py
[2024-04-27T14:07:26.128+0000] {logging_mixin.py:188} INFO - [2024-04-27T14:07:26.128+0000] {dag.py:3096} INFO - Sync 1 DAGs
[2024-04-27T14:07:26.181+0000] {logging_mixin.py:188} INFO - [2024-04-27T14:07:26.180+0000] {dag.py:3954} INFO - Setting next_dagrun for example_branch_operator to 2024-04-26 00:00:00+00:00, run_after=2024-04-27 00:00:00+00:00
[2024-04-27T14:07:26.339+0000] {processor.py:183} INFO - Processing /home/airflow/.local/lib/python3.12/site-packages/airflow/example_dags/example_branch_operator.py took 0.393 seconds
[2024-04-27T14:08:01.044+0000] {processor.py:161} INFO - Started process (PID=197) to work on /home/airflow/.local/lib/python3.12/site-packages/airflow/example_dags/example_branch_operator.py
[2024-04-27T14:08:01.051+0000] {processor.py:830} INFO - Processing file /home/airflow/.local/lib/python3.12/site-packages/airflow/example_dags/example_branch_operator.py for tasks to queue
[2024-04-27T14:08:01.058+0000] {logging_mixin.py:188} INFO - [2024-04-27T14:08:01.056+0000] {dagbag.py:540} INFO - Filling up the DagBag from /home/airflow/.local/lib/python3.12/site-packages/airflow/example_dags/example_branch_operator.py
[2024-04-27T14:08:01.144+0000] {processor.py:840} INFO - DAG(s) 'example_branch_operator' retrieved from /home/airflow/.local/lib/python3.12/site-packages/airflow/example_dags/example_branch_operator.py
[2024-04-27T14:08:01.336+0000] {logging_mixin.py:188} INFO - [2024-04-27T14:08:01.332+0000] {dag.py:3096} INFO - Sync 1 DAGs
[2024-04-27T14:08:01.457+0000] {logging_mixin.py:188} INFO - [2024-04-27T14:08:01.456+0000] {dag.py:3954} INFO - Setting next_dagrun for example_branch_operator to 2024-04-26 00:00:00+00:00, run_after=2024-04-27 00:00:00+00:00
[2024-04-27T14:08:01.565+0000] {processor.py:183} INFO - Processing /home/airflow/.local/lib/python3.12/site-packages/airflow/example_dags/example_branch_operator.py took 0.553 seconds
[2024-04-27T14:08:34.227+0000] {processor.py:161} INFO - Started process (PID=251) to work on /home/airflow/.local/lib/python3.12/site-packages/airflow/example_dags/example_branch_operator.py
[2024-04-27T14:08:34.262+0000] {processor.py:830} INFO - Processing file /home/airflow/.local/lib/python3.12/site-packages/airflow/example_dags/example_branch_operator.py for tasks to queue
[2024-04-27T14:08:34.266+0000] {logging_mixin.py:188} INFO - [2024-04-27T14:08:34.266+0000] {dagbag.py:540} INFO - Filling up the DagBag from /home/airflow/.local/lib/python3.12/site-packages/airflow/example_dags/example_branch_operator.py
[2024-04-27T14:08:34.362+0000] {processor.py:840} INFO - DAG(s) 'example_branch_operator' retrieved from /home/airflow/.local/lib/python3.12/site-packages/airflow/example_dags/example_branch_operator.py
[2024-04-27T14:08:34.472+0000] {logging_mixin.py:188} INFO - [2024-04-27T14:08:34.472+0000] {dag.py:3096} INFO - Sync 1 DAGs
[2024-04-27T14:08:34.529+0000] {logging_mixin.py:188} INFO - [2024-04-27T14:08:34.528+0000] {dag.py:3954} INFO - Setting next_dagrun for example_branch_operator to 2024-04-26 00:00:00+00:00, run_after=2024-04-27 00:00:00+00:00
[2024-04-27T14:08:34.900+0000] {processor.py:183} INFO - Processing /home/airflow/.local/lib/python3.12/site-packages/airflow/example_dags/example_branch_operator.py took 0.691 seconds
[2024-04-27T14:09:05.280+0000] {processor.py:161} INFO - Started process (PID=303) to work on /home/airflow/.local/lib/python3.12/site-packages/airflow/example_dags/example_branch_operator.py
[2024-04-27T14:09:05.302+0000] {processor.py:830} INFO - Processing file /home/airflow/.local/lib/python3.12/site-packages/airflow/example_dags/example_branch_operator.py for tasks to queue
[2024-04-27T14:09:05.313+0000] {logging_mixin.py:188} INFO - [2024-04-27T14:09:05.312+0000] {dagbag.py:540} INFO - Filling up the DagBag from /home/airflow/.local/lib/python3.12/site-packages/airflow/example_dags/example_branch_operator.py
[2024-04-27T14:09:05.431+0000] {processor.py:840} INFO - DAG(s) 'example_branch_operator' retrieved from /home/airflow/.local/lib/python3.12/site-packages/airflow/example_dags/example_branch_operator.py
[2024-04-27T14:09:05.614+0000] {logging_mixin.py:188} INFO - [2024-04-27T14:09:05.614+0000] {dag.py:3096} INFO - Sync 1 DAGs
[2024-04-27T14:09:05.928+0000] {logging_mixin.py:188} INFO - [2024-04-27T14:09:05.925+0000] {dag.py:3954} INFO - Setting next_dagrun for example_branch_operator to 2024-04-26 00:00:00+00:00, run_after=2024-04-27 00:00:00+00:00
[2024-04-27T14:09:06.250+0000] {processor.py:183} INFO - Processing /home/airflow/.local/lib/python3.12/site-packages/airflow/example_dags/example_branch_operator.py took 1.020 seconds
[2024-04-27T14:09:36.704+0000] {processor.py:161} INFO - Started process (PID=356) to work on /home/airflow/.local/lib/python3.12/site-packages/airflow/example_dags/example_branch_operator.py
[2024-04-27T14:09:36.706+0000] {processor.py:830} INFO - Processing file /home/airflow/.local/lib/python3.12/site-packages/airflow/example_dags/example_branch_operator.py for tasks to queue
[2024-04-27T14:09:36.709+0000] {logging_mixin.py:188} INFO - [2024-04-27T14:09:36.708+0000] {dagbag.py:540} INFO - Filling up the DagBag from /home/airflow/.local/lib/python3.12/site-packages/airflow/example_dags/example_branch_operator.py
[2024-04-27T14:09:36.788+0000] {processor.py:840} INFO - DAG(s) 'example_branch_operator' retrieved from /home/airflow/.local/lib/python3.12/site-packages/airflow/example_dags/example_branch_operator.py
[2024-04-27T14:09:37.021+0000] {logging_mixin.py:188} INFO - [2024-04-27T14:09:37.021+0000] {dag.py:3096} INFO - Sync 1 DAGs
[2024-04-27T14:09:39.041+0000] {logging_mixin.py:188} INFO - [2024-04-27T14:09:39.041+0000] {dag.py:3954} INFO - Setting next_dagrun for example_branch_operator to 2024-04-26 00:00:00+00:00, run_after=2024-04-27 00:00:00+00:00
[2024-04-27T14:09:39.110+0000] {processor.py:183} INFO - Processing /home/airflow/.local/lib/python3.12/site-packages/airflow/example_dags/example_branch_operator.py took 2.529 seconds
[2024-04-27T14:10:11.431+0000] {processor.py:161} INFO - Started process (PID=410) to work on /home/airflow/.local/lib/python3.12/site-packages/airflow/example_dags/example_branch_operator.py
[2024-04-27T14:10:11.435+0000] {processor.py:830} INFO - Processing file /home/airflow/.local/lib/python3.12/site-packages/airflow/example_dags/example_branch_operator.py for tasks to queue
[2024-04-27T14:10:11.566+0000] {logging_mixin.py:188} INFO - [2024-04-27T14:10:11.563+0000] {dagbag.py:540} INFO - Filling up the DagBag from /home/airflow/.local/lib/python3.12/site-packages/airflow/example_dags/example_branch_operator.py
[2024-04-27T14:10:11.772+0000] {processor.py:840} INFO - DAG(s) 'example_branch_operator' retrieved from /home/airflow/.local/lib/python3.12/site-packages/airflow/example_dags/example_branch_operator.py
[2024-04-27T14:10:12.173+0000] {logging_mixin.py:188} INFO - [2024-04-27T14:10:12.172+0000] {dag.py:3096} INFO - Sync 1 DAGs
[2024-04-27T14:10:12.446+0000] {logging_mixin.py:188} INFO - [2024-04-27T14:10:12.445+0000] {dag.py:3954} INFO - Setting next_dagrun for example_branch_operator to 2024-04-26 00:00:00+00:00, run_after=2024-04-27 00:00:00+00:00
[2024-04-27T14:10:12.502+0000] {processor.py:183} INFO - Processing /home/airflow/.local/lib/python3.12/site-packages/airflow/example_dags/example_branch_operator.py took 2.975 seconds
[2024-04-27T14:10:42.622+0000] {processor.py:161} INFO - Started process (PID=464) to work on /home/airflow/.local/lib/python3.12/site-packages/airflow/example_dags/example_branch_operator.py
[2024-04-27T14:10:42.624+0000] {processor.py:830} INFO - Processing file /home/airflow/.local/lib/python3.12/site-packages/airflow/example_dags/example_branch_operator.py for tasks to queue
[2024-04-27T14:10:42.630+0000] {logging_mixin.py:188} INFO - [2024-04-27T14:10:42.629+0000] {dagbag.py:540} INFO - Filling up the DagBag from /home/airflow/.local/lib/python3.12/site-packages/airflow/example_dags/example_branch_operator.py
[2024-04-27T14:10:42.680+0000] {processor.py:840} INFO - DAG(s) 'example_branch_operator' retrieved from /home/airflow/.local/lib/python3.12/site-packages/airflow/example_dags/example_branch_operator.py
[2024-04-27T14:10:42.771+0000] {logging_mixin.py:188} INFO - [2024-04-27T14:10:42.770+0000] {dag.py:3096} INFO - Sync 1 DAGs
[2024-04-27T14:10:42.831+0000] {logging_mixin.py:188} INFO - [2024-04-27T14:10:42.831+0000] {dag.py:3954} INFO - Setting next_dagrun for example_branch_operator to 2024-04-26 00:00:00+00:00, run_after=2024-04-27 00:00:00+00:00
[2024-04-27T14:10:42.880+0000] {processor.py:183} INFO - Processing /home/airflow/.local/lib/python3.12/site-packages/airflow/example_dags/example_branch_operator.py took 0.273 seconds
[2024-04-27T14:11:13.205+0000] {processor.py:161} INFO - Started process (PID=518) to work on /home/airflow/.local/lib/python3.12/site-packages/airflow/example_dags/example_branch_operator.py
[2024-04-27T14:11:13.208+0000] {processor.py:830} INFO - Processing file /home/airflow/.local/lib/python3.12/site-packages/airflow/example_dags/example_branch_operator.py for tasks to queue
[2024-04-27T14:11:13.227+0000] {logging_mixin.py:188} INFO - [2024-04-27T14:11:13.226+0000] {dagbag.py:540} INFO - Filling up the DagBag from /home/airflow/.local/lib/python3.12/site-packages/airflow/example_dags/example_branch_operator.py
[2024-04-27T14:11:13.495+0000] {processor.py:840} INFO - DAG(s) 'example_branch_operator' retrieved from /home/airflow/.local/lib/python3.12/site-packages/airflow/example_dags/example_branch_operator.py
[2024-04-27T14:11:13.980+0000] {logging_mixin.py:188} INFO - [2024-04-27T14:11:13.979+0000] {dag.py:3096} INFO - Sync 1 DAGs
[2024-04-27T14:11:14.269+0000] {logging_mixin.py:188} INFO - [2024-04-27T14:11:14.269+0000] {dag.py:3954} INFO - Setting next_dagrun for example_branch_operator to 2024-04-26 00:00:00+00:00, run_after=2024-04-27 00:00:00+00:00
[2024-04-27T14:11:14.530+0000] {processor.py:183} INFO - Processing /home/airflow/.local/lib/python3.12/site-packages/airflow/example_dags/example_branch_operator.py took 1.336 seconds
[2024-04-27T14:11:46.223+0000] {processor.py:161} INFO - Started process (PID=572) to work on /home/airflow/.local/lib/python3.12/site-packages/airflow/example_dags/example_branch_operator.py
[2024-04-27T14:11:46.241+0000] {processor.py:830} INFO - Processing file /home/airflow/.local/lib/python3.12/site-packages/airflow/example_dags/example_branch_operator.py for tasks to queue
[2024-04-27T14:11:46.269+0000] {logging_mixin.py:188} INFO - [2024-04-27T14:11:46.257+0000] {dagbag.py:540} INFO - Filling up the DagBag from /home/airflow/.local/lib/python3.12/site-packages/airflow/example_dags/example_branch_operator.py
[2024-04-27T14:11:46.901+0000] {processor.py:840} INFO - DAG(s) 'example_branch_operator' retrieved from /home/airflow/.local/lib/python3.12/site-packages/airflow/example_dags/example_branch_operator.py
[2024-04-27T14:11:48.859+0000] {logging_mixin.py:188} INFO - [2024-04-27T14:11:48.858+0000] {dag.py:3096} INFO - Sync 1 DAGs
[2024-04-27T14:11:49.342+0000] {logging_mixin.py:188} INFO - [2024-04-27T14:11:49.341+0000] {dag.py:3954} INFO - Setting next_dagrun for example_branch_operator to 2024-04-26 00:00:00+00:00, run_after=2024-04-27 00:00:00+00:00
[2024-04-27T14:11:49.757+0000] {processor.py:183} INFO - Processing /home/airflow/.local/lib/python3.12/site-packages/airflow/example_dags/example_branch_operator.py took 3.614 seconds
[2024-04-27T14:12:20.605+0000] {processor.py:161} INFO - Started process (PID=626) to work on /home/airflow/.local/lib/python3.12/site-packages/airflow/example_dags/example_branch_operator.py
[2024-04-27T14:12:20.614+0000] {processor.py:830} INFO - Processing file /home/airflow/.local/lib/python3.12/site-packages/airflow/example_dags/example_branch_operator.py for tasks to queue
[2024-04-27T14:12:20.631+0000] {logging_mixin.py:188} INFO - [2024-04-27T14:12:20.631+0000] {dagbag.py:540} INFO - Filling up the DagBag from /home/airflow/.local/lib/python3.12/site-packages/airflow/example_dags/example_branch_operator.py
[2024-04-27T14:12:20.790+0000] {processor.py:840} INFO - DAG(s) 'example_branch_operator' retrieved from /home/airflow/.local/lib/python3.12/site-packages/airflow/example_dags/example_branch_operator.py
[2024-04-27T14:12:20.917+0000] {logging_mixin.py:188} INFO - [2024-04-27T14:12:20.917+0000] {dag.py:3096} INFO - Sync 1 DAGs
[2024-04-27T14:12:20.999+0000] {logging_mixin.py:188} INFO - [2024-04-27T14:12:20.999+0000] {dag.py:3954} INFO - Setting next_dagrun for example_branch_operator to 2024-04-26 00:00:00+00:00, run_after=2024-04-27 00:00:00+00:00
[2024-04-27T14:12:21.114+0000] {processor.py:183} INFO - Processing /home/airflow/.local/lib/python3.12/site-packages/airflow/example_dags/example_branch_operator.py took 0.558 seconds
