[2024-04-27T14:05:35.780+0000] {processor.py:161} INFO - Started process (PID=42) to work on /home/airflow/.local/lib/python3.12/site-packages/airflow/example_dags/example_subdag_operator.py
[2024-04-27T14:05:35.813+0000] {processor.py:830} INFO - Processing file /home/airflow/.local/lib/python3.12/site-packages/airflow/example_dags/example_subdag_operator.py for tasks to queue
[2024-04-27T14:05:36.915+0000] {logging_mixin.py:188} INFO - [2024-04-27T14:05:36.646+0000] {dagbag.py:540} INFO - Filling up the DagBag from /home/airflow/.local/lib/python3.12/site-packages/airflow/example_dags/example_subdag_operator.py
[2024-04-27T14:05:41.333+0000] {processor.py:840} INFO - DAG(s) 'example_subdag_operator.section-1', 'example_subdag_operator.section-2', 'example_subdag_operator' retrieved from /home/airflow/.local/lib/python3.12/site-packages/airflow/example_dags/example_subdag_operator.py
[2024-04-27T14:05:48.541+0000] {logging_mixin.py:188} INFO - [2024-04-27T14:05:48.540+0000] {dag.py:3096} INFO - Sync 3 DAGs
[2024-04-27T14:05:49.412+0000] {logging_mixin.py:188} INFO - [2024-04-27T14:05:49.403+0000] {dag.py:3954} INFO - Setting next_dagrun for example_subdag_operator to 2022-01-01 00:00:00+00:00, run_after=2022-01-01 00:00:00+00:00
[2024-04-27T14:05:49.515+0000] {logging_mixin.py:188} INFO - [2024-04-27T14:05:49.514+0000] {dag.py:3954} INFO - Setting next_dagrun for example_subdag_operator.section-1 to None, run_after=None
[2024-04-27T14:05:49.533+0000] {logging_mixin.py:188} INFO - [2024-04-27T14:05:49.532+0000] {dag.py:3954} INFO - Setting next_dagrun for example_subdag_operator.section-2 to None, run_after=None
[2024-04-27T14:05:50.494+0000] {logging_mixin.py:188} INFO - [2024-04-27T14:05:50.493+0000] {dag.py:3096} INFO - Sync 2 DAGs
[2024-04-27T14:05:50.568+0000] {logging_mixin.py:188} INFO - [2024-04-27T14:05:50.567+0000] {dag.py:3954} INFO - Setting next_dagrun for example_subdag_operator.section-1 to None, run_after=None
[2024-04-27T14:05:50.585+0000] {logging_mixin.py:188} INFO - [2024-04-27T14:05:50.583+0000] {dag.py:3954} INFO - Setting next_dagrun for example_subdag_operator.section-2 to None, run_after=None
[2024-04-27T14:05:50.698+0000] {processor.py:183} INFO - Processing /home/airflow/.local/lib/python3.12/site-packages/airflow/example_dags/example_subdag_operator.py took 15.226 seconds
[2024-04-27T14:06:58.011+0000] {processor.py:161} INFO - Started process (PID=104) to work on /home/airflow/.local/lib/python3.12/site-packages/airflow/example_dags/example_subdag_operator.py
[2024-04-27T14:06:58.050+0000] {processor.py:830} INFO - Processing file /home/airflow/.local/lib/python3.12/site-packages/airflow/example_dags/example_subdag_operator.py for tasks to queue
[2024-04-27T14:06:58.055+0000] {logging_mixin.py:188} INFO - [2024-04-27T14:06:58.055+0000] {dagbag.py:540} INFO - Filling up the DagBag from /home/airflow/.local/lib/python3.12/site-packages/airflow/example_dags/example_subdag_operator.py
[2024-04-27T14:06:58.181+0000] {processor.py:840} INFO - DAG(s) 'example_subdag_operator.section-1', 'example_subdag_operator.section-2', 'example_subdag_operator' retrieved from /home/airflow/.local/lib/python3.12/site-packages/airflow/example_dags/example_subdag_operator.py
[2024-04-27T14:06:58.212+0000] {logging_mixin.py:188} INFO - [2024-04-27T14:06:58.211+0000] {dag.py:3096} INFO - Sync 3 DAGs
[2024-04-27T14:06:58.247+0000] {logging_mixin.py:188} INFO - [2024-04-27T14:06:58.247+0000] {dag.py:3954} INFO - Setting next_dagrun for example_subdag_operator to 2022-01-01 00:00:00+00:00, run_after=2022-01-01 00:00:00+00:00
[2024-04-27T14:06:58.253+0000] {logging_mixin.py:188} INFO - [2024-04-27T14:06:58.253+0000] {dag.py:3954} INFO - Setting next_dagrun for example_subdag_operator.section-1 to None, run_after=None
[2024-04-27T14:06:58.256+0000] {logging_mixin.py:188} INFO - [2024-04-27T14:06:58.255+0000] {dag.py:3954} INFO - Setting next_dagrun for example_subdag_operator.section-2 to None, run_after=None
[2024-04-27T14:06:58.271+0000] {logging_mixin.py:188} INFO - [2024-04-27T14:06:58.271+0000] {dag.py:3096} INFO - Sync 2 DAGs
[2024-04-27T14:06:58.285+0000] {logging_mixin.py:188} INFO - [2024-04-27T14:06:58.284+0000] {dag.py:3954} INFO - Setting next_dagrun for example_subdag_operator.section-1 to None, run_after=None
[2024-04-27T14:06:58.287+0000] {logging_mixin.py:188} INFO - [2024-04-27T14:06:58.286+0000] {dag.py:3954} INFO - Setting next_dagrun for example_subdag_operator.section-2 to None, run_after=None
[2024-04-27T14:06:58.460+0000] {processor.py:183} INFO - Processing /home/airflow/.local/lib/python3.12/site-packages/airflow/example_dags/example_subdag_operator.py took 0.462 seconds
[2024-04-27T14:07:29.171+0000] {processor.py:161} INFO - Started process (PID=156) to work on /home/airflow/.local/lib/python3.12/site-packages/airflow/example_dags/example_subdag_operator.py
[2024-04-27T14:07:29.174+0000] {processor.py:830} INFO - Processing file /home/airflow/.local/lib/python3.12/site-packages/airflow/example_dags/example_subdag_operator.py for tasks to queue
[2024-04-27T14:07:29.179+0000] {logging_mixin.py:188} INFO - [2024-04-27T14:07:29.179+0000] {dagbag.py:540} INFO - Filling up the DagBag from /home/airflow/.local/lib/python3.12/site-packages/airflow/example_dags/example_subdag_operator.py
[2024-04-27T14:07:29.351+0000] {processor.py:840} INFO - DAG(s) 'example_subdag_operator.section-1', 'example_subdag_operator.section-2', 'example_subdag_operator' retrieved from /home/airflow/.local/lib/python3.12/site-packages/airflow/example_dags/example_subdag_operator.py
[2024-04-27T14:07:29.407+0000] {logging_mixin.py:188} INFO - [2024-04-27T14:07:29.406+0000] {dag.py:3096} INFO - Sync 3 DAGs
[2024-04-27T14:07:29.485+0000] {logging_mixin.py:188} INFO - [2024-04-27T14:07:29.485+0000] {dag.py:3954} INFO - Setting next_dagrun for example_subdag_operator to 2022-01-01 00:00:00+00:00, run_after=2022-01-01 00:00:00+00:00
[2024-04-27T14:07:29.492+0000] {logging_mixin.py:188} INFO - [2024-04-27T14:07:29.492+0000] {dag.py:3954} INFO - Setting next_dagrun for example_subdag_operator.section-1 to None, run_after=None
[2024-04-27T14:07:29.496+0000] {logging_mixin.py:188} INFO - [2024-04-27T14:07:29.495+0000] {dag.py:3954} INFO - Setting next_dagrun for example_subdag_operator.section-2 to None, run_after=None
[2024-04-27T14:07:29.516+0000] {logging_mixin.py:188} INFO - [2024-04-27T14:07:29.516+0000] {dag.py:3096} INFO - Sync 2 DAGs
[2024-04-27T14:07:29.534+0000] {logging_mixin.py:188} INFO - [2024-04-27T14:07:29.533+0000] {dag.py:3954} INFO - Setting next_dagrun for example_subdag_operator.section-1 to None, run_after=None
[2024-04-27T14:07:29.535+0000] {logging_mixin.py:188} INFO - [2024-04-27T14:07:29.535+0000] {dag.py:3954} INFO - Setting next_dagrun for example_subdag_operator.section-2 to None, run_after=None
[2024-04-27T14:07:29.580+0000] {processor.py:183} INFO - Processing /home/airflow/.local/lib/python3.12/site-packages/airflow/example_dags/example_subdag_operator.py took 0.422 seconds
[2024-04-27T14:08:06.878+0000] {processor.py:161} INFO - Started process (PID=210) to work on /home/airflow/.local/lib/python3.12/site-packages/airflow/example_dags/example_subdag_operator.py
[2024-04-27T14:08:06.883+0000] {processor.py:830} INFO - Processing file /home/airflow/.local/lib/python3.12/site-packages/airflow/example_dags/example_subdag_operator.py for tasks to queue
[2024-04-27T14:08:06.899+0000] {logging_mixin.py:188} INFO - [2024-04-27T14:08:06.887+0000] {dagbag.py:540} INFO - Filling up the DagBag from /home/airflow/.local/lib/python3.12/site-packages/airflow/example_dags/example_subdag_operator.py
[2024-04-27T14:08:07.029+0000] {processor.py:840} INFO - DAG(s) 'example_subdag_operator.section-1', 'example_subdag_operator.section-2', 'example_subdag_operator' retrieved from /home/airflow/.local/lib/python3.12/site-packages/airflow/example_dags/example_subdag_operator.py
[2024-04-27T14:08:07.159+0000] {logging_mixin.py:188} INFO - [2024-04-27T14:08:07.158+0000] {dag.py:3096} INFO - Sync 3 DAGs
[2024-04-27T14:08:07.341+0000] {logging_mixin.py:188} INFO - [2024-04-27T14:08:07.340+0000] {dag.py:3954} INFO - Setting next_dagrun for example_subdag_operator to 2022-01-01 00:00:00+00:00, run_after=2022-01-01 00:00:00+00:00
[2024-04-27T14:08:07.365+0000] {logging_mixin.py:188} INFO - [2024-04-27T14:08:07.364+0000] {dag.py:3954} INFO - Setting next_dagrun for example_subdag_operator.section-1 to None, run_after=None
[2024-04-27T14:08:07.381+0000] {logging_mixin.py:188} INFO - [2024-04-27T14:08:07.380+0000] {dag.py:3954} INFO - Setting next_dagrun for example_subdag_operator.section-2 to None, run_after=None
[2024-04-27T14:08:07.422+0000] {logging_mixin.py:188} INFO - [2024-04-27T14:08:07.421+0000] {dag.py:3096} INFO - Sync 2 DAGs
[2024-04-27T14:08:07.446+0000] {logging_mixin.py:188} INFO - [2024-04-27T14:08:07.445+0000] {dag.py:3954} INFO - Setting next_dagrun for example_subdag_operator.section-1 to None, run_after=None
[2024-04-27T14:08:07.448+0000] {logging_mixin.py:188} INFO - [2024-04-27T14:08:07.448+0000] {dag.py:3954} INFO - Setting next_dagrun for example_subdag_operator.section-2 to None, run_after=None
[2024-04-27T14:08:07.495+0000] {processor.py:183} INFO - Processing /home/airflow/.local/lib/python3.12/site-packages/airflow/example_dags/example_subdag_operator.py took 0.650 seconds
[2024-04-27T14:08:37.982+0000] {processor.py:161} INFO - Started process (PID=264) to work on /home/airflow/.local/lib/python3.12/site-packages/airflow/example_dags/example_subdag_operator.py
[2024-04-27T14:08:37.984+0000] {processor.py:830} INFO - Processing file /home/airflow/.local/lib/python3.12/site-packages/airflow/example_dags/example_subdag_operator.py for tasks to queue
[2024-04-27T14:08:37.990+0000] {logging_mixin.py:188} INFO - [2024-04-27T14:08:37.989+0000] {dagbag.py:540} INFO - Filling up the DagBag from /home/airflow/.local/lib/python3.12/site-packages/airflow/example_dags/example_subdag_operator.py
[2024-04-27T14:08:38.084+0000] {processor.py:840} INFO - DAG(s) 'example_subdag_operator.section-1', 'example_subdag_operator.section-2', 'example_subdag_operator' retrieved from /home/airflow/.local/lib/python3.12/site-packages/airflow/example_dags/example_subdag_operator.py
[2024-04-27T14:08:38.167+0000] {logging_mixin.py:188} INFO - [2024-04-27T14:08:38.167+0000] {dag.py:3096} INFO - Sync 3 DAGs
[2024-04-27T14:08:38.284+0000] {logging_mixin.py:188} INFO - [2024-04-27T14:08:38.284+0000] {dag.py:3954} INFO - Setting next_dagrun for example_subdag_operator to 2022-01-01 00:00:00+00:00, run_after=2022-01-01 00:00:00+00:00
[2024-04-27T14:08:38.330+0000] {logging_mixin.py:188} INFO - [2024-04-27T14:08:38.329+0000] {dag.py:3954} INFO - Setting next_dagrun for example_subdag_operator.section-1 to None, run_after=None
[2024-04-27T14:08:38.335+0000] {logging_mixin.py:188} INFO - [2024-04-27T14:08:38.335+0000] {dag.py:3954} INFO - Setting next_dagrun for example_subdag_operator.section-2 to None, run_after=None
[2024-04-27T14:08:38.368+0000] {logging_mixin.py:188} INFO - [2024-04-27T14:08:38.367+0000] {dag.py:3096} INFO - Sync 2 DAGs
[2024-04-27T14:08:38.409+0000] {logging_mixin.py:188} INFO - [2024-04-27T14:08:38.408+0000] {dag.py:3954} INFO - Setting next_dagrun for example_subdag_operator.section-1 to None, run_after=None
[2024-04-27T14:08:38.414+0000] {logging_mixin.py:188} INFO - [2024-04-27T14:08:38.410+0000] {dag.py:3954} INFO - Setting next_dagrun for example_subdag_operator.section-2 to None, run_after=None
[2024-04-27T14:08:38.566+0000] {processor.py:183} INFO - Processing /home/airflow/.local/lib/python3.12/site-packages/airflow/example_dags/example_subdag_operator.py took 0.631 seconds
[2024-04-27T14:09:10.689+0000] {processor.py:161} INFO - Started process (PID=314) to work on /home/airflow/.local/lib/python3.12/site-packages/airflow/example_dags/example_subdag_operator.py
[2024-04-27T14:09:10.691+0000] {processor.py:830} INFO - Processing file /home/airflow/.local/lib/python3.12/site-packages/airflow/example_dags/example_subdag_operator.py for tasks to queue
[2024-04-27T14:09:10.697+0000] {logging_mixin.py:188} INFO - [2024-04-27T14:09:10.696+0000] {dagbag.py:540} INFO - Filling up the DagBag from /home/airflow/.local/lib/python3.12/site-packages/airflow/example_dags/example_subdag_operator.py
[2024-04-27T14:09:10.801+0000] {processor.py:840} INFO - DAG(s) 'example_subdag_operator.section-1', 'example_subdag_operator.section-2', 'example_subdag_operator' retrieved from /home/airflow/.local/lib/python3.12/site-packages/airflow/example_dags/example_subdag_operator.py
[2024-04-27T14:09:10.860+0000] {logging_mixin.py:188} INFO - [2024-04-27T14:09:10.860+0000] {dag.py:3096} INFO - Sync 3 DAGs
[2024-04-27T14:09:10.938+0000] {logging_mixin.py:188} INFO - [2024-04-27T14:09:10.938+0000] {dag.py:3954} INFO - Setting next_dagrun for example_subdag_operator to 2022-01-01 00:00:00+00:00, run_after=2022-01-01 00:00:00+00:00
[2024-04-27T14:09:10.959+0000] {logging_mixin.py:188} INFO - [2024-04-27T14:09:10.958+0000] {dag.py:3954} INFO - Setting next_dagrun for example_subdag_operator.section-1 to None, run_after=None
[2024-04-27T14:09:10.968+0000] {logging_mixin.py:188} INFO - [2024-04-27T14:09:10.964+0000] {dag.py:3954} INFO - Setting next_dagrun for example_subdag_operator.section-2 to None, run_after=None
[2024-04-27T14:09:11.008+0000] {logging_mixin.py:188} INFO - [2024-04-27T14:09:11.007+0000] {dag.py:3096} INFO - Sync 2 DAGs
[2024-04-27T14:09:11.026+0000] {logging_mixin.py:188} INFO - [2024-04-27T14:09:11.025+0000] {dag.py:3954} INFO - Setting next_dagrun for example_subdag_operator.section-1 to None, run_after=None
[2024-04-27T14:09:11.027+0000] {logging_mixin.py:188} INFO - [2024-04-27T14:09:11.027+0000] {dag.py:3954} INFO - Setting next_dagrun for example_subdag_operator.section-2 to None, run_after=None
[2024-04-27T14:09:11.191+0000] {processor.py:183} INFO - Processing /home/airflow/.local/lib/python3.12/site-packages/airflow/example_dags/example_subdag_operator.py took 0.519 seconds
[2024-04-27T14:09:41.717+0000] {processor.py:161} INFO - Started process (PID=367) to work on /home/airflow/.local/lib/python3.12/site-packages/airflow/example_dags/example_subdag_operator.py
[2024-04-27T14:09:41.719+0000] {processor.py:830} INFO - Processing file /home/airflow/.local/lib/python3.12/site-packages/airflow/example_dags/example_subdag_operator.py for tasks to queue
[2024-04-27T14:09:41.728+0000] {logging_mixin.py:188} INFO - [2024-04-27T14:09:41.726+0000] {dagbag.py:540} INFO - Filling up the DagBag from /home/airflow/.local/lib/python3.12/site-packages/airflow/example_dags/example_subdag_operator.py
[2024-04-27T14:09:41.806+0000] {processor.py:840} INFO - DAG(s) 'example_subdag_operator.section-1', 'example_subdag_operator.section-2', 'example_subdag_operator' retrieved from /home/airflow/.local/lib/python3.12/site-packages/airflow/example_dags/example_subdag_operator.py
[2024-04-27T14:09:41.855+0000] {logging_mixin.py:188} INFO - [2024-04-27T14:09:41.855+0000] {dag.py:3096} INFO - Sync 3 DAGs
[2024-04-27T14:09:41.914+0000] {logging_mixin.py:188} INFO - [2024-04-27T14:09:41.913+0000] {dag.py:3954} INFO - Setting next_dagrun for example_subdag_operator to 2022-01-01 00:00:00+00:00, run_after=2022-01-01 00:00:00+00:00
[2024-04-27T14:09:41.924+0000] {logging_mixin.py:188} INFO - [2024-04-27T14:09:41.923+0000] {dag.py:3954} INFO - Setting next_dagrun for example_subdag_operator.section-1 to None, run_after=None
[2024-04-27T14:09:41.928+0000] {logging_mixin.py:188} INFO - [2024-04-27T14:09:41.927+0000] {dag.py:3954} INFO - Setting next_dagrun for example_subdag_operator.section-2 to None, run_after=None
[2024-04-27T14:09:41.948+0000] {logging_mixin.py:188} INFO - [2024-04-27T14:09:41.948+0000] {dag.py:3096} INFO - Sync 2 DAGs
[2024-04-27T14:09:41.963+0000] {logging_mixin.py:188} INFO - [2024-04-27T14:09:41.963+0000] {dag.py:3954} INFO - Setting next_dagrun for example_subdag_operator.section-1 to None, run_after=None
[2024-04-27T14:09:41.965+0000] {logging_mixin.py:188} INFO - [2024-04-27T14:09:41.964+0000] {dag.py:3954} INFO - Setting next_dagrun for example_subdag_operator.section-2 to None, run_after=None
[2024-04-27T14:09:42.005+0000] {processor.py:183} INFO - Processing /home/airflow/.local/lib/python3.12/site-packages/airflow/example_dags/example_subdag_operator.py took 0.303 seconds
[2024-04-27T14:10:13.810+0000] {processor.py:161} INFO - Started process (PID=416) to work on /home/airflow/.local/lib/python3.12/site-packages/airflow/example_dags/example_subdag_operator.py
[2024-04-27T14:10:13.813+0000] {processor.py:830} INFO - Processing file /home/airflow/.local/lib/python3.12/site-packages/airflow/example_dags/example_subdag_operator.py for tasks to queue
[2024-04-27T14:10:13.824+0000] {logging_mixin.py:188} INFO - [2024-04-27T14:10:13.822+0000] {dagbag.py:540} INFO - Filling up the DagBag from /home/airflow/.local/lib/python3.12/site-packages/airflow/example_dags/example_subdag_operator.py
[2024-04-27T14:10:14.116+0000] {processor.py:840} INFO - DAG(s) 'example_subdag_operator.section-1', 'example_subdag_operator.section-2', 'example_subdag_operator' retrieved from /home/airflow/.local/lib/python3.12/site-packages/airflow/example_dags/example_subdag_operator.py
[2024-04-27T14:10:14.165+0000] {logging_mixin.py:188} INFO - [2024-04-27T14:10:14.160+0000] {dag.py:3096} INFO - Sync 3 DAGs
[2024-04-27T14:10:14.248+0000] {logging_mixin.py:188} INFO - [2024-04-27T14:10:14.248+0000] {dag.py:3954} INFO - Setting next_dagrun for example_subdag_operator to 2022-01-01 00:00:00+00:00, run_after=2022-01-01 00:00:00+00:00
[2024-04-27T14:10:14.266+0000] {logging_mixin.py:188} INFO - [2024-04-27T14:10:14.265+0000] {dag.py:3954} INFO - Setting next_dagrun for example_subdag_operator.section-1 to None, run_after=None
[2024-04-27T14:10:14.269+0000] {logging_mixin.py:188} INFO - [2024-04-27T14:10:14.268+0000] {dag.py:3954} INFO - Setting next_dagrun for example_subdag_operator.section-2 to None, run_after=None
[2024-04-27T14:10:14.418+0000] {logging_mixin.py:188} INFO - [2024-04-27T14:10:14.418+0000] {dag.py:3096} INFO - Sync 2 DAGs
[2024-04-27T14:10:14.448+0000] {logging_mixin.py:188} INFO - [2024-04-27T14:10:14.447+0000] {dag.py:3954} INFO - Setting next_dagrun for example_subdag_operator.section-1 to None, run_after=None
[2024-04-27T14:10:14.451+0000] {logging_mixin.py:188} INFO - [2024-04-27T14:10:14.450+0000] {dag.py:3954} INFO - Setting next_dagrun for example_subdag_operator.section-2 to None, run_after=None
[2024-04-27T14:10:14.502+0000] {processor.py:183} INFO - Processing /home/airflow/.local/lib/python3.12/site-packages/airflow/example_dags/example_subdag_operator.py took 0.720 seconds
[2024-04-27T14:10:45.381+0000] {processor.py:161} INFO - Started process (PID=470) to work on /home/airflow/.local/lib/python3.12/site-packages/airflow/example_dags/example_subdag_operator.py
[2024-04-27T14:10:45.383+0000] {processor.py:830} INFO - Processing file /home/airflow/.local/lib/python3.12/site-packages/airflow/example_dags/example_subdag_operator.py for tasks to queue
[2024-04-27T14:10:45.390+0000] {logging_mixin.py:188} INFO - [2024-04-27T14:10:45.389+0000] {dagbag.py:540} INFO - Filling up the DagBag from /home/airflow/.local/lib/python3.12/site-packages/airflow/example_dags/example_subdag_operator.py
[2024-04-27T14:10:45.447+0000] {processor.py:840} INFO - DAG(s) 'example_subdag_operator.section-1', 'example_subdag_operator.section-2', 'example_subdag_operator' retrieved from /home/airflow/.local/lib/python3.12/site-packages/airflow/example_dags/example_subdag_operator.py
[2024-04-27T14:10:45.483+0000] {logging_mixin.py:188} INFO - [2024-04-27T14:10:45.482+0000] {dag.py:3096} INFO - Sync 3 DAGs
[2024-04-27T14:10:45.540+0000] {logging_mixin.py:188} INFO - [2024-04-27T14:10:45.539+0000] {dag.py:3954} INFO - Setting next_dagrun for example_subdag_operator to 2022-01-01 00:00:00+00:00, run_after=2022-01-01 00:00:00+00:00
[2024-04-27T14:10:45.553+0000] {logging_mixin.py:188} INFO - [2024-04-27T14:10:45.553+0000] {dag.py:3954} INFO - Setting next_dagrun for example_subdag_operator.section-1 to None, run_after=None
[2024-04-27T14:10:45.556+0000] {logging_mixin.py:188} INFO - [2024-04-27T14:10:45.556+0000] {dag.py:3954} INFO - Setting next_dagrun for example_subdag_operator.section-2 to None, run_after=None
[2024-04-27T14:10:45.573+0000] {logging_mixin.py:188} INFO - [2024-04-27T14:10:45.572+0000] {dag.py:3096} INFO - Sync 2 DAGs
[2024-04-27T14:10:45.597+0000] {logging_mixin.py:188} INFO - [2024-04-27T14:10:45.597+0000] {dag.py:3954} INFO - Setting next_dagrun for example_subdag_operator.section-1 to None, run_after=None
[2024-04-27T14:10:45.598+0000] {logging_mixin.py:188} INFO - [2024-04-27T14:10:45.598+0000] {dag.py:3954} INFO - Setting next_dagrun for example_subdag_operator.section-2 to None, run_after=None
[2024-04-27T14:10:45.771+0000] {processor.py:183} INFO - Processing /home/airflow/.local/lib/python3.12/site-packages/airflow/example_dags/example_subdag_operator.py took 0.403 seconds
[2024-04-27T14:11:17.424+0000] {processor.py:161} INFO - Started process (PID=524) to work on /home/airflow/.local/lib/python3.12/site-packages/airflow/example_dags/example_subdag_operator.py
[2024-04-27T14:11:17.427+0000] {processor.py:830} INFO - Processing file /home/airflow/.local/lib/python3.12/site-packages/airflow/example_dags/example_subdag_operator.py for tasks to queue
[2024-04-27T14:11:17.433+0000] {logging_mixin.py:188} INFO - [2024-04-27T14:11:17.431+0000] {dagbag.py:540} INFO - Filling up the DagBag from /home/airflow/.local/lib/python3.12/site-packages/airflow/example_dags/example_subdag_operator.py
[2024-04-27T14:11:17.510+0000] {processor.py:840} INFO - DAG(s) 'example_subdag_operator.section-1', 'example_subdag_operator.section-2', 'example_subdag_operator' retrieved from /home/airflow/.local/lib/python3.12/site-packages/airflow/example_dags/example_subdag_operator.py
[2024-04-27T14:11:17.584+0000] {logging_mixin.py:188} INFO - [2024-04-27T14:11:17.584+0000] {dag.py:3096} INFO - Sync 3 DAGs
[2024-04-27T14:11:17.686+0000] {logging_mixin.py:188} INFO - [2024-04-27T14:11:17.685+0000] {dag.py:3954} INFO - Setting next_dagrun for example_subdag_operator to 2022-01-01 00:00:00+00:00, run_after=2022-01-01 00:00:00+00:00
[2024-04-27T14:11:17.710+0000] {logging_mixin.py:188} INFO - [2024-04-27T14:11:17.710+0000] {dag.py:3954} INFO - Setting next_dagrun for example_subdag_operator.section-1 to None, run_after=None
[2024-04-27T14:11:17.731+0000] {logging_mixin.py:188} INFO - [2024-04-27T14:11:17.730+0000] {dag.py:3954} INFO - Setting next_dagrun for example_subdag_operator.section-2 to None, run_after=None
[2024-04-27T14:11:17.760+0000] {logging_mixin.py:188} INFO - [2024-04-27T14:11:17.759+0000] {dag.py:3096} INFO - Sync 2 DAGs
[2024-04-27T14:11:17.780+0000] {logging_mixin.py:188} INFO - [2024-04-27T14:11:17.779+0000] {dag.py:3954} INFO - Setting next_dagrun for example_subdag_operator.section-1 to None, run_after=None
[2024-04-27T14:11:17.782+0000] {logging_mixin.py:188} INFO - [2024-04-27T14:11:17.781+0000] {dag.py:3954} INFO - Setting next_dagrun for example_subdag_operator.section-2 to None, run_after=None
[2024-04-27T14:11:17.815+0000] {processor.py:183} INFO - Processing /home/airflow/.local/lib/python3.12/site-packages/airflow/example_dags/example_subdag_operator.py took 0.425 seconds
[2024-04-27T14:11:51.408+0000] {processor.py:161} INFO - Started process (PID=577) to work on /home/airflow/.local/lib/python3.12/site-packages/airflow/example_dags/example_subdag_operator.py
[2024-04-27T14:11:51.412+0000] {processor.py:830} INFO - Processing file /home/airflow/.local/lib/python3.12/site-packages/airflow/example_dags/example_subdag_operator.py for tasks to queue
[2024-04-27T14:11:51.431+0000] {logging_mixin.py:188} INFO - [2024-04-27T14:11:51.430+0000] {dagbag.py:540} INFO - Filling up the DagBag from /home/airflow/.local/lib/python3.12/site-packages/airflow/example_dags/example_subdag_operator.py
[2024-04-27T14:11:51.650+0000] {processor.py:840} INFO - DAG(s) 'example_subdag_operator.section-1', 'example_subdag_operator.section-2', 'example_subdag_operator' retrieved from /home/airflow/.local/lib/python3.12/site-packages/airflow/example_dags/example_subdag_operator.py
[2024-04-27T14:11:51.887+0000] {logging_mixin.py:188} INFO - [2024-04-27T14:11:51.887+0000] {dag.py:3096} INFO - Sync 3 DAGs
[2024-04-27T14:11:52.118+0000] {logging_mixin.py:188} INFO - [2024-04-27T14:11:52.117+0000] {dag.py:3954} INFO - Setting next_dagrun for example_subdag_operator to 2022-01-01 00:00:00+00:00, run_after=2022-01-01 00:00:00+00:00
[2024-04-27T14:11:52.140+0000] {logging_mixin.py:188} INFO - [2024-04-27T14:11:52.139+0000] {dag.py:3954} INFO - Setting next_dagrun for example_subdag_operator.section-1 to None, run_after=None
[2024-04-27T14:11:52.144+0000] {logging_mixin.py:188} INFO - [2024-04-27T14:11:52.144+0000] {dag.py:3954} INFO - Setting next_dagrun for example_subdag_operator.section-2 to None, run_after=None
[2024-04-27T14:11:52.197+0000] {logging_mixin.py:188} INFO - [2024-04-27T14:11:52.196+0000] {dag.py:3096} INFO - Sync 2 DAGs
[2024-04-27T14:11:52.223+0000] {logging_mixin.py:188} INFO - [2024-04-27T14:11:52.222+0000] {dag.py:3954} INFO - Setting next_dagrun for example_subdag_operator.section-1 to None, run_after=None
[2024-04-27T14:11:52.225+0000] {logging_mixin.py:188} INFO - [2024-04-27T14:11:52.225+0000] {dag.py:3954} INFO - Setting next_dagrun for example_subdag_operator.section-2 to None, run_after=None
[2024-04-27T14:11:52.263+0000] {processor.py:183} INFO - Processing /home/airflow/.local/lib/python3.12/site-packages/airflow/example_dags/example_subdag_operator.py took 0.910 seconds
[2024-04-27T14:12:22.702+0000] {processor.py:161} INFO - Started process (PID=631) to work on /home/airflow/.local/lib/python3.12/site-packages/airflow/example_dags/example_subdag_operator.py
[2024-04-27T14:12:22.715+0000] {processor.py:830} INFO - Processing file /home/airflow/.local/lib/python3.12/site-packages/airflow/example_dags/example_subdag_operator.py for tasks to queue
[2024-04-27T14:12:22.721+0000] {logging_mixin.py:188} INFO - [2024-04-27T14:12:22.721+0000] {dagbag.py:540} INFO - Filling up the DagBag from /home/airflow/.local/lib/python3.12/site-packages/airflow/example_dags/example_subdag_operator.py
[2024-04-27T14:12:22.930+0000] {processor.py:840} INFO - DAG(s) 'example_subdag_operator.section-1', 'example_subdag_operator.section-2', 'example_subdag_operator' retrieved from /home/airflow/.local/lib/python3.12/site-packages/airflow/example_dags/example_subdag_operator.py
[2024-04-27T14:12:23.083+0000] {logging_mixin.py:188} INFO - [2024-04-27T14:12:23.072+0000] {dag.py:3096} INFO - Sync 3 DAGs
[2024-04-27T14:12:23.240+0000] {logging_mixin.py:188} INFO - [2024-04-27T14:12:23.239+0000] {dag.py:3954} INFO - Setting next_dagrun for example_subdag_operator to 2022-01-01 00:00:00+00:00, run_after=2022-01-01 00:00:00+00:00
[2024-04-27T14:12:23.246+0000] {logging_mixin.py:188} INFO - [2024-04-27T14:12:23.245+0000] {dag.py:3954} INFO - Setting next_dagrun for example_subdag_operator.section-1 to None, run_after=None
[2024-04-27T14:12:23.249+0000] {logging_mixin.py:188} INFO - [2024-04-27T14:12:23.248+0000] {dag.py:3954} INFO - Setting next_dagrun for example_subdag_operator.section-2 to None, run_after=None
[2024-04-27T14:12:23.284+0000] {logging_mixin.py:188} INFO - [2024-04-27T14:12:23.283+0000] {dag.py:3096} INFO - Sync 2 DAGs
[2024-04-27T14:12:23.339+0000] {logging_mixin.py:188} INFO - [2024-04-27T14:12:23.338+0000] {dag.py:3954} INFO - Setting next_dagrun for example_subdag_operator.section-1 to None, run_after=None
[2024-04-27T14:12:23.343+0000] {logging_mixin.py:188} INFO - [2024-04-27T14:12:23.342+0000] {dag.py:3954} INFO - Setting next_dagrun for example_subdag_operator.section-2 to None, run_after=None
[2024-04-27T14:12:23.415+0000] {processor.py:183} INFO - Processing /home/airflow/.local/lib/python3.12/site-packages/airflow/example_dags/example_subdag_operator.py took 0.744 seconds
