[2024-04-27T14:06:54.768+0000] {processor.py:161} INFO - Started process (PID=93) to work on /home/airflow/.local/lib/python3.12/site-packages/airflow/example_dags/example_latest_only_with_trigger.py
[2024-04-27T14:06:54.776+0000] {processor.py:830} INFO - Processing file /home/airflow/.local/lib/python3.12/site-packages/airflow/example_dags/example_latest_only_with_trigger.py for tasks to queue
[2024-04-27T14:06:54.786+0000] {logging_mixin.py:188} INFO - [2024-04-27T14:06:54.784+0000] {dagbag.py:540} INFO - Filling up the DagBag from /home/airflow/.local/lib/python3.12/site-packages/airflow/example_dags/example_latest_only_with_trigger.py
[2024-04-27T14:06:54.812+0000] {processor.py:840} INFO - DAG(s) 'latest_only_with_trigger' retrieved from /home/airflow/.local/lib/python3.12/site-packages/airflow/example_dags/example_latest_only_with_trigger.py
[2024-04-27T14:06:55.116+0000] {logging_mixin.py:188} INFO - [2024-04-27T14:06:55.116+0000] {dag.py:3096} INFO - Sync 1 DAGs
[2024-04-27T14:06:55.145+0000] {logging_mixin.py:188} INFO - [2024-04-27T14:06:55.144+0000] {dag.py:3954} INFO - Setting next_dagrun for latest_only_with_trigger to 2024-04-27 08:00:00+00:00, run_after=2024-04-27 12:00:00+00:00
[2024-04-27T14:06:55.245+0000] {processor.py:183} INFO - Processing /home/airflow/.local/lib/python3.12/site-packages/airflow/example_dags/example_latest_only_with_trigger.py took 0.505 seconds
[2024-04-27T14:07:28.219+0000] {processor.py:161} INFO - Started process (PID=148) to work on /home/airflow/.local/lib/python3.12/site-packages/airflow/example_dags/example_latest_only_with_trigger.py
[2024-04-27T14:07:28.222+0000] {processor.py:830} INFO - Processing file /home/airflow/.local/lib/python3.12/site-packages/airflow/example_dags/example_latest_only_with_trigger.py for tasks to queue
[2024-04-27T14:07:28.227+0000] {logging_mixin.py:188} INFO - [2024-04-27T14:07:28.226+0000] {dagbag.py:540} INFO - Filling up the DagBag from /home/airflow/.local/lib/python3.12/site-packages/airflow/example_dags/example_latest_only_with_trigger.py
[2024-04-27T14:07:28.247+0000] {processor.py:840} INFO - DAG(s) 'latest_only_with_trigger' retrieved from /home/airflow/.local/lib/python3.12/site-packages/airflow/example_dags/example_latest_only_with_trigger.py
[2024-04-27T14:07:28.303+0000] {logging_mixin.py:188} INFO - [2024-04-27T14:07:28.302+0000] {dag.py:3096} INFO - Sync 1 DAGs
[2024-04-27T14:07:28.366+0000] {logging_mixin.py:188} INFO - [2024-04-27T14:07:28.365+0000] {dag.py:3954} INFO - Setting next_dagrun for latest_only_with_trigger to 2024-04-27 08:00:00+00:00, run_after=2024-04-27 12:00:00+00:00
[2024-04-27T14:07:28.468+0000] {processor.py:183} INFO - Processing /home/airflow/.local/lib/python3.12/site-packages/airflow/example_dags/example_latest_only_with_trigger.py took 0.271 seconds
[2024-04-27T14:08:03.039+0000] {processor.py:161} INFO - Started process (PID=202) to work on /home/airflow/.local/lib/python3.12/site-packages/airflow/example_dags/example_latest_only_with_trigger.py
[2024-04-27T14:08:03.046+0000] {processor.py:830} INFO - Processing file /home/airflow/.local/lib/python3.12/site-packages/airflow/example_dags/example_latest_only_with_trigger.py for tasks to queue
[2024-04-27T14:08:03.052+0000] {logging_mixin.py:188} INFO - [2024-04-27T14:08:03.051+0000] {dagbag.py:540} INFO - Filling up the DagBag from /home/airflow/.local/lib/python3.12/site-packages/airflow/example_dags/example_latest_only_with_trigger.py
[2024-04-27T14:08:03.077+0000] {processor.py:840} INFO - DAG(s) 'latest_only_with_trigger' retrieved from /home/airflow/.local/lib/python3.12/site-packages/airflow/example_dags/example_latest_only_with_trigger.py
[2024-04-27T14:08:03.166+0000] {logging_mixin.py:188} INFO - [2024-04-27T14:08:03.165+0000] {dag.py:3096} INFO - Sync 1 DAGs
[2024-04-27T14:08:03.344+0000] {logging_mixin.py:188} INFO - [2024-04-27T14:08:03.343+0000] {dag.py:3954} INFO - Setting next_dagrun for latest_only_with_trigger to 2024-04-27 08:00:00+00:00, run_after=2024-04-27 12:00:00+00:00
[2024-04-27T14:08:03.477+0000] {processor.py:183} INFO - Processing /home/airflow/.local/lib/python3.12/site-packages/airflow/example_dags/example_latest_only_with_trigger.py took 0.491 seconds
[2024-04-27T14:08:36.724+0000] {processor.py:161} INFO - Started process (PID=256) to work on /home/airflow/.local/lib/python3.12/site-packages/airflow/example_dags/example_latest_only_with_trigger.py
[2024-04-27T14:08:36.725+0000] {processor.py:830} INFO - Processing file /home/airflow/.local/lib/python3.12/site-packages/airflow/example_dags/example_latest_only_with_trigger.py for tasks to queue
[2024-04-27T14:08:36.729+0000] {logging_mixin.py:188} INFO - [2024-04-27T14:08:36.728+0000] {dagbag.py:540} INFO - Filling up the DagBag from /home/airflow/.local/lib/python3.12/site-packages/airflow/example_dags/example_latest_only_with_trigger.py
[2024-04-27T14:08:36.743+0000] {processor.py:840} INFO - DAG(s) 'latest_only_with_trigger' retrieved from /home/airflow/.local/lib/python3.12/site-packages/airflow/example_dags/example_latest_only_with_trigger.py
[2024-04-27T14:08:36.810+0000] {logging_mixin.py:188} INFO - [2024-04-27T14:08:36.809+0000] {dag.py:3096} INFO - Sync 1 DAGs
[2024-04-27T14:08:36.878+0000] {logging_mixin.py:188} INFO - [2024-04-27T14:08:36.878+0000] {dag.py:3954} INFO - Setting next_dagrun for latest_only_with_trigger to 2024-04-27 08:00:00+00:00, run_after=2024-04-27 12:00:00+00:00
[2024-04-27T14:08:36.949+0000] {processor.py:183} INFO - Processing /home/airflow/.local/lib/python3.12/site-packages/airflow/example_dags/example_latest_only_with_trigger.py took 0.235 seconds
[2024-04-27T14:09:08.086+0000] {processor.py:161} INFO - Started process (PID=308) to work on /home/airflow/.local/lib/python3.12/site-packages/airflow/example_dags/example_latest_only_with_trigger.py
[2024-04-27T14:09:08.088+0000] {processor.py:830} INFO - Processing file /home/airflow/.local/lib/python3.12/site-packages/airflow/example_dags/example_latest_only_with_trigger.py for tasks to queue
[2024-04-27T14:09:08.091+0000] {logging_mixin.py:188} INFO - [2024-04-27T14:09:08.090+0000] {dagbag.py:540} INFO - Filling up the DagBag from /home/airflow/.local/lib/python3.12/site-packages/airflow/example_dags/example_latest_only_with_trigger.py
[2024-04-27T14:09:08.099+0000] {processor.py:840} INFO - DAG(s) 'latest_only_with_trigger' retrieved from /home/airflow/.local/lib/python3.12/site-packages/airflow/example_dags/example_latest_only_with_trigger.py
[2024-04-27T14:09:08.130+0000] {logging_mixin.py:188} INFO - [2024-04-27T14:09:08.129+0000] {dag.py:3096} INFO - Sync 1 DAGs
[2024-04-27T14:09:08.177+0000] {logging_mixin.py:188} INFO - [2024-04-27T14:09:08.176+0000] {dag.py:3954} INFO - Setting next_dagrun for latest_only_with_trigger to 2024-04-27 08:00:00+00:00, run_after=2024-04-27 12:00:00+00:00
[2024-04-27T14:09:08.467+0000] {processor.py:183} INFO - Processing /home/airflow/.local/lib/python3.12/site-packages/airflow/example_dags/example_latest_only_with_trigger.py took 0.389 seconds
[2024-04-27T14:09:39.578+0000] {processor.py:161} INFO - Started process (PID=361) to work on /home/airflow/.local/lib/python3.12/site-packages/airflow/example_dags/example_latest_only_with_trigger.py
[2024-04-27T14:09:39.581+0000] {processor.py:830} INFO - Processing file /home/airflow/.local/lib/python3.12/site-packages/airflow/example_dags/example_latest_only_with_trigger.py for tasks to queue
[2024-04-27T14:09:39.586+0000] {logging_mixin.py:188} INFO - [2024-04-27T14:09:39.585+0000] {dagbag.py:540} INFO - Filling up the DagBag from /home/airflow/.local/lib/python3.12/site-packages/airflow/example_dags/example_latest_only_with_trigger.py
[2024-04-27T14:09:39.600+0000] {processor.py:840} INFO - DAG(s) 'latest_only_with_trigger' retrieved from /home/airflow/.local/lib/python3.12/site-packages/airflow/example_dags/example_latest_only_with_trigger.py
[2024-04-27T14:09:39.654+0000] {logging_mixin.py:188} INFO - [2024-04-27T14:09:39.654+0000] {dag.py:3096} INFO - Sync 1 DAGs
[2024-04-27T14:09:39.727+0000] {logging_mixin.py:188} INFO - [2024-04-27T14:09:39.726+0000] {dag.py:3954} INFO - Setting next_dagrun for latest_only_with_trigger to 2024-04-27 08:00:00+00:00, run_after=2024-04-27 12:00:00+00:00
[2024-04-27T14:09:39.784+0000] {processor.py:183} INFO - Processing /home/airflow/.local/lib/python3.12/site-packages/airflow/example_dags/example_latest_only_with_trigger.py took 0.219 seconds
[2024-04-27T14:10:15.046+0000] {processor.py:161} INFO - Started process (PID=419) to work on /home/airflow/.local/lib/python3.12/site-packages/airflow/example_dags/example_latest_only_with_trigger.py
[2024-04-27T14:10:15.048+0000] {processor.py:830} INFO - Processing file /home/airflow/.local/lib/python3.12/site-packages/airflow/example_dags/example_latest_only_with_trigger.py for tasks to queue
[2024-04-27T14:10:15.052+0000] {logging_mixin.py:188} INFO - [2024-04-27T14:10:15.052+0000] {dagbag.py:540} INFO - Filling up the DagBag from /home/airflow/.local/lib/python3.12/site-packages/airflow/example_dags/example_latest_only_with_trigger.py
[2024-04-27T14:10:15.069+0000] {processor.py:840} INFO - DAG(s) 'latest_only_with_trigger' retrieved from /home/airflow/.local/lib/python3.12/site-packages/airflow/example_dags/example_latest_only_with_trigger.py
[2024-04-27T14:10:15.148+0000] {logging_mixin.py:188} INFO - [2024-04-27T14:10:15.148+0000] {dag.py:3096} INFO - Sync 1 DAGs
[2024-04-27T14:10:15.343+0000] {logging_mixin.py:188} INFO - [2024-04-27T14:10:15.343+0000] {dag.py:3954} INFO - Setting next_dagrun for latest_only_with_trigger to 2024-04-27 08:00:00+00:00, run_after=2024-04-27 12:00:00+00:00
[2024-04-27T14:10:15.479+0000] {processor.py:183} INFO - Processing /home/airflow/.local/lib/python3.12/site-packages/airflow/example_dags/example_latest_only_with_trigger.py took 0.454 seconds
[2024-04-27T14:10:47.429+0000] {processor.py:161} INFO - Started process (PID=475) to work on /home/airflow/.local/lib/python3.12/site-packages/airflow/example_dags/example_latest_only_with_trigger.py
[2024-04-27T14:10:47.430+0000] {processor.py:830} INFO - Processing file /home/airflow/.local/lib/python3.12/site-packages/airflow/example_dags/example_latest_only_with_trigger.py for tasks to queue
[2024-04-27T14:10:47.434+0000] {logging_mixin.py:188} INFO - [2024-04-27T14:10:47.433+0000] {dagbag.py:540} INFO - Filling up the DagBag from /home/airflow/.local/lib/python3.12/site-packages/airflow/example_dags/example_latest_only_with_trigger.py
[2024-04-27T14:10:47.455+0000] {processor.py:840} INFO - DAG(s) 'latest_only_with_trigger' retrieved from /home/airflow/.local/lib/python3.12/site-packages/airflow/example_dags/example_latest_only_with_trigger.py
[2024-04-27T14:10:47.573+0000] {logging_mixin.py:188} INFO - [2024-04-27T14:10:47.570+0000] {dag.py:3096} INFO - Sync 1 DAGs
[2024-04-27T14:10:47.666+0000] {logging_mixin.py:188} INFO - [2024-04-27T14:10:47.665+0000] {dag.py:3954} INFO - Setting next_dagrun for latest_only_with_trigger to 2024-04-27 08:00:00+00:00, run_after=2024-04-27 12:00:00+00:00
[2024-04-27T14:10:47.803+0000] {processor.py:183} INFO - Processing /home/airflow/.local/lib/python3.12/site-packages/airflow/example_dags/example_latest_only_with_trigger.py took 0.391 seconds
[2024-04-27T14:11:18.783+0000] {processor.py:161} INFO - Started process (PID=529) to work on /home/airflow/.local/lib/python3.12/site-packages/airflow/example_dags/example_latest_only_with_trigger.py
[2024-04-27T14:11:18.799+0000] {processor.py:830} INFO - Processing file /home/airflow/.local/lib/python3.12/site-packages/airflow/example_dags/example_latest_only_with_trigger.py for tasks to queue
[2024-04-27T14:11:18.805+0000] {logging_mixin.py:188} INFO - [2024-04-27T14:11:18.804+0000] {dagbag.py:540} INFO - Filling up the DagBag from /home/airflow/.local/lib/python3.12/site-packages/airflow/example_dags/example_latest_only_with_trigger.py
[2024-04-27T14:11:18.910+0000] {processor.py:840} INFO - DAG(s) 'latest_only_with_trigger' retrieved from /home/airflow/.local/lib/python3.12/site-packages/airflow/example_dags/example_latest_only_with_trigger.py
[2024-04-27T14:11:19.201+0000] {logging_mixin.py:188} INFO - [2024-04-27T14:11:19.198+0000] {dag.py:3096} INFO - Sync 1 DAGs
[2024-04-27T14:11:19.681+0000] {logging_mixin.py:188} INFO - [2024-04-27T14:11:19.667+0000] {dag.py:3954} INFO - Setting next_dagrun for latest_only_with_trigger to 2024-04-27 08:00:00+00:00, run_after=2024-04-27 12:00:00+00:00
[2024-04-27T14:11:20.136+0000] {processor.py:183} INFO - Processing /home/airflow/.local/lib/python3.12/site-packages/airflow/example_dags/example_latest_only_with_trigger.py took 1.469 seconds
[2024-04-27T14:11:52.988+0000] {processor.py:161} INFO - Started process (PID=583) to work on /home/airflow/.local/lib/python3.12/site-packages/airflow/example_dags/example_latest_only_with_trigger.py
[2024-04-27T14:11:52.990+0000] {processor.py:830} INFO - Processing file /home/airflow/.local/lib/python3.12/site-packages/airflow/example_dags/example_latest_only_with_trigger.py for tasks to queue
[2024-04-27T14:11:52.996+0000] {logging_mixin.py:188} INFO - [2024-04-27T14:11:52.995+0000] {dagbag.py:540} INFO - Filling up the DagBag from /home/airflow/.local/lib/python3.12/site-packages/airflow/example_dags/example_latest_only_with_trigger.py
[2024-04-27T14:11:53.013+0000] {processor.py:840} INFO - DAG(s) 'latest_only_with_trigger' retrieved from /home/airflow/.local/lib/python3.12/site-packages/airflow/example_dags/example_latest_only_with_trigger.py
[2024-04-27T14:11:53.074+0000] {logging_mixin.py:188} INFO - [2024-04-27T14:11:53.073+0000] {dag.py:3096} INFO - Sync 1 DAGs
[2024-04-27T14:11:53.155+0000] {logging_mixin.py:188} INFO - [2024-04-27T14:11:53.154+0000] {dag.py:3954} INFO - Setting next_dagrun for latest_only_with_trigger to 2024-04-27 08:00:00+00:00, run_after=2024-04-27 12:00:00+00:00
[2024-04-27T14:11:53.217+0000] {processor.py:183} INFO - Processing /home/airflow/.local/lib/python3.12/site-packages/airflow/example_dags/example_latest_only_with_trigger.py took 0.245 seconds
[2024-04-27T14:12:28.863+0000] {processor.py:161} INFO - Started process (PID=638) to work on /home/airflow/.local/lib/python3.12/site-packages/airflow/example_dags/example_latest_only_with_trigger.py
[2024-04-27T14:12:28.930+0000] {processor.py:830} INFO - Processing file /home/airflow/.local/lib/python3.12/site-packages/airflow/example_dags/example_latest_only_with_trigger.py for tasks to queue
[2024-04-27T14:12:29.004+0000] {logging_mixin.py:188} INFO - [2024-04-27T14:12:29.003+0000] {dagbag.py:540} INFO - Filling up the DagBag from /home/airflow/.local/lib/python3.12/site-packages/airflow/example_dags/example_latest_only_with_trigger.py
[2024-04-27T14:12:29.133+0000] {processor.py:840} INFO - DAG(s) 'latest_only_with_trigger' retrieved from /home/airflow/.local/lib/python3.12/site-packages/airflow/example_dags/example_latest_only_with_trigger.py
[2024-04-27T14:12:29.339+0000] {logging_mixin.py:188} INFO - [2024-04-27T14:12:29.339+0000] {dag.py:3096} INFO - Sync 1 DAGs
[2024-04-27T14:12:29.580+0000] {logging_mixin.py:188} INFO - [2024-04-27T14:12:29.579+0000] {dag.py:3954} INFO - Setting next_dagrun for latest_only_with_trigger to 2024-04-27 08:00:00+00:00, run_after=2024-04-27 12:00:00+00:00
[2024-04-27T14:12:29.899+0000] {processor.py:183} INFO - Processing /home/airflow/.local/lib/python3.12/site-packages/airflow/example_dags/example_latest_only_with_trigger.py took 1.086 seconds
