[2024-04-27T14:06:54.109+0000] {processor.py:161} INFO - Started process (PID=91) to work on /home/airflow/.local/lib/python3.12/site-packages/airflow/example_dags/example_branch_labels.py
[2024-04-27T14:06:54.112+0000] {processor.py:830} INFO - Processing file /home/airflow/.local/lib/python3.12/site-packages/airflow/example_dags/example_branch_labels.py for tasks to queue
[2024-04-27T14:06:54.149+0000] {logging_mixin.py:188} INFO - [2024-04-27T14:06:54.148+0000] {dagbag.py:540} INFO - Filling up the DagBag from /home/airflow/.local/lib/python3.12/site-packages/airflow/example_dags/example_branch_labels.py
[2024-04-27T14:06:54.184+0000] {processor.py:840} INFO - DAG(s) 'example_branch_labels' retrieved from /home/airflow/.local/lib/python3.12/site-packages/airflow/example_dags/example_branch_labels.py
[2024-04-27T14:06:54.477+0000] {logging_mixin.py:188} INFO - [2024-04-27T14:06:54.477+0000] {dag.py:3096} INFO - Sync 1 DAGs
[2024-04-27T14:06:54.549+0000] {logging_mixin.py:188} INFO - [2024-04-27T14:06:54.548+0000] {dag.py:3954} INFO - Setting next_dagrun for example_branch_labels to 2024-04-26 00:00:00+00:00, run_after=2024-04-27 00:00:00+00:00
[2024-04-27T14:06:54.619+0000] {processor.py:183} INFO - Processing /home/airflow/.local/lib/python3.12/site-packages/airflow/example_dags/example_branch_labels.py took 0.530 seconds
[2024-04-27T14:07:27.510+0000] {processor.py:161} INFO - Started process (PID=146) to work on /home/airflow/.local/lib/python3.12/site-packages/airflow/example_dags/example_branch_labels.py
[2024-04-27T14:07:27.512+0000] {processor.py:830} INFO - Processing file /home/airflow/.local/lib/python3.12/site-packages/airflow/example_dags/example_branch_labels.py for tasks to queue
[2024-04-27T14:07:27.521+0000] {logging_mixin.py:188} INFO - [2024-04-27T14:07:27.520+0000] {dagbag.py:540} INFO - Filling up the DagBag from /home/airflow/.local/lib/python3.12/site-packages/airflow/example_dags/example_branch_labels.py
[2024-04-27T14:07:27.557+0000] {processor.py:840} INFO - DAG(s) 'example_branch_labels' retrieved from /home/airflow/.local/lib/python3.12/site-packages/airflow/example_dags/example_branch_labels.py
[2024-04-27T14:07:27.969+0000] {logging_mixin.py:188} INFO - [2024-04-27T14:07:27.969+0000] {dag.py:3096} INFO - Sync 1 DAGs
[2024-04-27T14:07:28.053+0000] {logging_mixin.py:188} INFO - [2024-04-27T14:07:28.052+0000] {dag.py:3954} INFO - Setting next_dagrun for example_branch_labels to 2024-04-26 00:00:00+00:00, run_after=2024-04-27 00:00:00+00:00
[2024-04-27T14:07:28.138+0000] {processor.py:183} INFO - Processing /home/airflow/.local/lib/python3.12/site-packages/airflow/example_dags/example_branch_labels.py took 0.654 seconds
[2024-04-27T14:08:02.259+0000] {processor.py:161} INFO - Started process (PID=200) to work on /home/airflow/.local/lib/python3.12/site-packages/airflow/example_dags/example_branch_labels.py
[2024-04-27T14:08:02.262+0000] {processor.py:830} INFO - Processing file /home/airflow/.local/lib/python3.12/site-packages/airflow/example_dags/example_branch_labels.py for tasks to queue
[2024-04-27T14:08:02.281+0000] {logging_mixin.py:188} INFO - [2024-04-27T14:08:02.280+0000] {dagbag.py:540} INFO - Filling up the DagBag from /home/airflow/.local/lib/python3.12/site-packages/airflow/example_dags/example_branch_labels.py
[2024-04-27T14:08:02.324+0000] {processor.py:840} INFO - DAG(s) 'example_branch_labels' retrieved from /home/airflow/.local/lib/python3.12/site-packages/airflow/example_dags/example_branch_labels.py
[2024-04-27T14:08:02.470+0000] {logging_mixin.py:188} INFO - [2024-04-27T14:08:02.470+0000] {dag.py:3096} INFO - Sync 1 DAGs
[2024-04-27T14:08:02.611+0000] {logging_mixin.py:188} INFO - [2024-04-27T14:08:02.610+0000] {dag.py:3954} INFO - Setting next_dagrun for example_branch_labels to 2024-04-26 00:00:00+00:00, run_after=2024-04-27 00:00:00+00:00
[2024-04-27T14:08:02.825+0000] {processor.py:183} INFO - Processing /home/airflow/.local/lib/python3.12/site-packages/airflow/example_dags/example_branch_labels.py took 0.606 seconds
[2024-04-27T14:08:35.949+0000] {processor.py:161} INFO - Started process (PID=254) to work on /home/airflow/.local/lib/python3.12/site-packages/airflow/example_dags/example_branch_labels.py
[2024-04-27T14:08:35.972+0000] {processor.py:830} INFO - Processing file /home/airflow/.local/lib/python3.12/site-packages/airflow/example_dags/example_branch_labels.py for tasks to queue
[2024-04-27T14:08:35.980+0000] {logging_mixin.py:188} INFO - [2024-04-27T14:08:35.978+0000] {dagbag.py:540} INFO - Filling up the DagBag from /home/airflow/.local/lib/python3.12/site-packages/airflow/example_dags/example_branch_labels.py
[2024-04-27T14:08:36.008+0000] {processor.py:840} INFO - DAG(s) 'example_branch_labels' retrieved from /home/airflow/.local/lib/python3.12/site-packages/airflow/example_dags/example_branch_labels.py
[2024-04-27T14:08:36.039+0000] {logging_mixin.py:188} INFO - [2024-04-27T14:08:36.038+0000] {dag.py:3096} INFO - Sync 1 DAGs
[2024-04-27T14:08:36.124+0000] {logging_mixin.py:188} INFO - [2024-04-27T14:08:36.124+0000] {dag.py:3954} INFO - Setting next_dagrun for example_branch_labels to 2024-04-26 00:00:00+00:00, run_after=2024-04-27 00:00:00+00:00
[2024-04-27T14:08:36.309+0000] {processor.py:183} INFO - Processing /home/airflow/.local/lib/python3.12/site-packages/airflow/example_dags/example_branch_labels.py took 0.378 seconds
[2024-04-27T14:09:07.430+0000] {processor.py:161} INFO - Started process (PID=306) to work on /home/airflow/.local/lib/python3.12/site-packages/airflow/example_dags/example_branch_labels.py
[2024-04-27T14:09:07.433+0000] {processor.py:830} INFO - Processing file /home/airflow/.local/lib/python3.12/site-packages/airflow/example_dags/example_branch_labels.py for tasks to queue
[2024-04-27T14:09:07.436+0000] {logging_mixin.py:188} INFO - [2024-04-27T14:09:07.435+0000] {dagbag.py:540} INFO - Filling up the DagBag from /home/airflow/.local/lib/python3.12/site-packages/airflow/example_dags/example_branch_labels.py
[2024-04-27T14:09:07.449+0000] {processor.py:840} INFO - DAG(s) 'example_branch_labels' retrieved from /home/airflow/.local/lib/python3.12/site-packages/airflow/example_dags/example_branch_labels.py
[2024-04-27T14:09:07.489+0000] {logging_mixin.py:188} INFO - [2024-04-27T14:09:07.489+0000] {dag.py:3096} INFO - Sync 1 DAGs
[2024-04-27T14:09:07.529+0000] {logging_mixin.py:188} INFO - [2024-04-27T14:09:07.529+0000] {dag.py:3954} INFO - Setting next_dagrun for example_branch_labels to 2024-04-26 00:00:00+00:00, run_after=2024-04-27 00:00:00+00:00
[2024-04-27T14:09:07.697+0000] {processor.py:183} INFO - Processing /home/airflow/.local/lib/python3.12/site-packages/airflow/example_dags/example_branch_labels.py took 0.408 seconds
[2024-04-27T14:09:39.313+0000] {processor.py:161} INFO - Started process (PID=359) to work on /home/airflow/.local/lib/python3.12/site-packages/airflow/example_dags/example_branch_labels.py
[2024-04-27T14:09:39.315+0000] {processor.py:830} INFO - Processing file /home/airflow/.local/lib/python3.12/site-packages/airflow/example_dags/example_branch_labels.py for tasks to queue
[2024-04-27T14:09:39.319+0000] {logging_mixin.py:188} INFO - [2024-04-27T14:09:39.318+0000] {dagbag.py:540} INFO - Filling up the DagBag from /home/airflow/.local/lib/python3.12/site-packages/airflow/example_dags/example_branch_labels.py
[2024-04-27T14:09:39.338+0000] {processor.py:840} INFO - DAG(s) 'example_branch_labels' retrieved from /home/airflow/.local/lib/python3.12/site-packages/airflow/example_dags/example_branch_labels.py
[2024-04-27T14:09:39.391+0000] {logging_mixin.py:188} INFO - [2024-04-27T14:09:39.391+0000] {dag.py:3096} INFO - Sync 1 DAGs
[2024-04-27T14:09:39.451+0000] {logging_mixin.py:188} INFO - [2024-04-27T14:09:39.450+0000] {dag.py:3954} INFO - Setting next_dagrun for example_branch_labels to 2024-04-26 00:00:00+00:00, run_after=2024-04-27 00:00:00+00:00
[2024-04-27T14:09:39.508+0000] {processor.py:183} INFO - Processing /home/airflow/.local/lib/python3.12/site-packages/airflow/example_dags/example_branch_labels.py took 0.211 seconds
[2024-04-27T14:10:13.810+0000] {processor.py:161} INFO - Started process (PID=417) to work on /home/airflow/.local/lib/python3.12/site-packages/airflow/example_dags/example_branch_labels.py
[2024-04-27T14:10:13.814+0000] {processor.py:830} INFO - Processing file /home/airflow/.local/lib/python3.12/site-packages/airflow/example_dags/example_branch_labels.py for tasks to queue
[2024-04-27T14:10:13.822+0000] {logging_mixin.py:188} INFO - [2024-04-27T14:10:13.821+0000] {dagbag.py:540} INFO - Filling up the DagBag from /home/airflow/.local/lib/python3.12/site-packages/airflow/example_dags/example_branch_labels.py
[2024-04-27T14:10:13.932+0000] {processor.py:840} INFO - DAG(s) 'example_branch_labels' retrieved from /home/airflow/.local/lib/python3.12/site-packages/airflow/example_dags/example_branch_labels.py
[2024-04-27T14:10:14.139+0000] {logging_mixin.py:188} INFO - [2024-04-27T14:10:14.138+0000] {dag.py:3096} INFO - Sync 1 DAGs
[2024-04-27T14:10:14.238+0000] {logging_mixin.py:188} INFO - [2024-04-27T14:10:14.237+0000] {dag.py:3954} INFO - Setting next_dagrun for example_branch_labels to 2024-04-26 00:00:00+00:00, run_after=2024-04-27 00:00:00+00:00
[2024-04-27T14:10:14.471+0000] {processor.py:183} INFO - Processing /home/airflow/.local/lib/python3.12/site-packages/airflow/example_dags/example_branch_labels.py took 0.684 seconds
[2024-04-27T14:10:45.285+0000] {processor.py:161} INFO - Started process (PID=471) to work on /home/airflow/.local/lib/python3.12/site-packages/airflow/example_dags/example_branch_labels.py
[2024-04-27T14:10:45.332+0000] {processor.py:830} INFO - Processing file /home/airflow/.local/lib/python3.12/site-packages/airflow/example_dags/example_branch_labels.py for tasks to queue
[2024-04-27T14:10:45.369+0000] {logging_mixin.py:188} INFO - [2024-04-27T14:10:45.368+0000] {dagbag.py:540} INFO - Filling up the DagBag from /home/airflow/.local/lib/python3.12/site-packages/airflow/example_dags/example_branch_labels.py
[2024-04-27T14:10:45.385+0000] {processor.py:840} INFO - DAG(s) 'example_branch_labels' retrieved from /home/airflow/.local/lib/python3.12/site-packages/airflow/example_dags/example_branch_labels.py
[2024-04-27T14:10:45.437+0000] {logging_mixin.py:188} INFO - [2024-04-27T14:10:45.437+0000] {dag.py:3096} INFO - Sync 1 DAGs
[2024-04-27T14:10:45.496+0000] {logging_mixin.py:188} INFO - [2024-04-27T14:10:45.495+0000] {dag.py:3954} INFO - Setting next_dagrun for example_branch_labels to 2024-04-26 00:00:00+00:00, run_after=2024-04-27 00:00:00+00:00
[2024-04-27T14:10:45.744+0000] {processor.py:183} INFO - Processing /home/airflow/.local/lib/python3.12/site-packages/airflow/example_dags/example_branch_labels.py took 0.556 seconds
[2024-04-27T14:11:17.956+0000] {processor.py:161} INFO - Started process (PID=526) to work on /home/airflow/.local/lib/python3.12/site-packages/airflow/example_dags/example_branch_labels.py
[2024-04-27T14:11:17.961+0000] {processor.py:830} INFO - Processing file /home/airflow/.local/lib/python3.12/site-packages/airflow/example_dags/example_branch_labels.py for tasks to queue
[2024-04-27T14:11:17.972+0000] {logging_mixin.py:188} INFO - [2024-04-27T14:11:17.971+0000] {dagbag.py:540} INFO - Filling up the DagBag from /home/airflow/.local/lib/python3.12/site-packages/airflow/example_dags/example_branch_labels.py
[2024-04-27T14:11:18.015+0000] {processor.py:840} INFO - DAG(s) 'example_branch_labels' retrieved from /home/airflow/.local/lib/python3.12/site-packages/airflow/example_dags/example_branch_labels.py
[2024-04-27T14:11:18.080+0000] {logging_mixin.py:188} INFO - [2024-04-27T14:11:18.080+0000] {dag.py:3096} INFO - Sync 1 DAGs
[2024-04-27T14:11:18.165+0000] {logging_mixin.py:188} INFO - [2024-04-27T14:11:18.164+0000] {dag.py:3954} INFO - Setting next_dagrun for example_branch_labels to 2024-04-26 00:00:00+00:00, run_after=2024-04-27 00:00:00+00:00
[2024-04-27T14:11:18.225+0000] {processor.py:183} INFO - Processing /home/airflow/.local/lib/python3.12/site-packages/airflow/example_dags/example_branch_labels.py took 0.297 seconds
[2024-04-27T14:11:52.633+0000] {processor.py:161} INFO - Started process (PID=581) to work on /home/airflow/.local/lib/python3.12/site-packages/airflow/example_dags/example_branch_labels.py
[2024-04-27T14:11:52.647+0000] {processor.py:830} INFO - Processing file /home/airflow/.local/lib/python3.12/site-packages/airflow/example_dags/example_branch_labels.py for tasks to queue
[2024-04-27T14:11:52.653+0000] {logging_mixin.py:188} INFO - [2024-04-27T14:11:52.652+0000] {dagbag.py:540} INFO - Filling up the DagBag from /home/airflow/.local/lib/python3.12/site-packages/airflow/example_dags/example_branch_labels.py
[2024-04-27T14:11:52.704+0000] {processor.py:840} INFO - DAG(s) 'example_branch_labels' retrieved from /home/airflow/.local/lib/python3.12/site-packages/airflow/example_dags/example_branch_labels.py
[2024-04-27T14:11:52.755+0000] {logging_mixin.py:188} INFO - [2024-04-27T14:11:52.755+0000] {dag.py:3096} INFO - Sync 1 DAGs
[2024-04-27T14:11:52.837+0000] {logging_mixin.py:188} INFO - [2024-04-27T14:11:52.836+0000] {dag.py:3954} INFO - Setting next_dagrun for example_branch_labels to 2024-04-26 00:00:00+00:00, run_after=2024-04-27 00:00:00+00:00
[2024-04-27T14:11:52.906+0000] {processor.py:183} INFO - Processing /home/airflow/.local/lib/python3.12/site-packages/airflow/example_dags/example_branch_labels.py took 0.296 seconds
[2024-04-27T14:12:26.014+0000] {processor.py:161} INFO - Started process (PID=636) to work on /home/airflow/.local/lib/python3.12/site-packages/airflow/example_dags/example_branch_labels.py
[2024-04-27T14:12:26.026+0000] {processor.py:830} INFO - Processing file /home/airflow/.local/lib/python3.12/site-packages/airflow/example_dags/example_branch_labels.py for tasks to queue
[2024-04-27T14:12:26.031+0000] {logging_mixin.py:188} INFO - [2024-04-27T14:12:26.030+0000] {dagbag.py:540} INFO - Filling up the DagBag from /home/airflow/.local/lib/python3.12/site-packages/airflow/example_dags/example_branch_labels.py
[2024-04-27T14:12:26.157+0000] {processor.py:840} INFO - DAG(s) 'example_branch_labels' retrieved from /home/airflow/.local/lib/python3.12/site-packages/airflow/example_dags/example_branch_labels.py
[2024-04-27T14:12:26.285+0000] {logging_mixin.py:188} INFO - [2024-04-27T14:12:26.284+0000] {dag.py:3096} INFO - Sync 1 DAGs
[2024-04-27T14:12:26.429+0000] {logging_mixin.py:188} INFO - [2024-04-27T14:12:26.427+0000] {dag.py:3954} INFO - Setting next_dagrun for example_branch_labels to 2024-04-26 00:00:00+00:00, run_after=2024-04-27 00:00:00+00:00
[2024-04-27T14:12:26.713+0000] {processor.py:183} INFO - Processing /home/airflow/.local/lib/python3.12/site-packages/airflow/example_dags/example_branch_labels.py took 0.714 seconds
