[2024-04-27T14:05:59.899+0000] {processor.py:161} INFO - Started process (PID=53) to work on /home/airflow/.local/lib/python3.12/site-packages/airflow/example_dags/example_xcom.py
[2024-04-27T14:05:59.909+0000] {processor.py:830} INFO - Processing file /home/airflow/.local/lib/python3.12/site-packages/airflow/example_dags/example_xcom.py for tasks to queue
[2024-04-27T14:05:59.927+0000] {logging_mixin.py:188} INFO - [2024-04-27T14:05:59.924+0000] {dagbag.py:540} INFO - Filling up the DagBag from /home/airflow/.local/lib/python3.12/site-packages/airflow/example_dags/example_xcom.py
[2024-04-27T14:06:01.278+0000] {processor.py:840} INFO - DAG(s) 'example_xcom' retrieved from /home/airflow/.local/lib/python3.12/site-packages/airflow/example_dags/example_xcom.py
[2024-04-27T14:06:05.258+0000] {logging_mixin.py:188} INFO - [2024-04-27T14:06:05.256+0000] {dag.py:3096} INFO - Sync 1 DAGs
[2024-04-27T14:06:05.612+0000] {logging_mixin.py:188} INFO - [2024-04-27T14:06:05.611+0000] {dag.py:3954} INFO - Setting next_dagrun for example_xcom to 2021-01-01 00:00:00+00:00, run_after=2021-01-01 00:00:00+00:00
[2024-04-27T14:06:05.723+0000] {processor.py:183} INFO - Processing /home/airflow/.local/lib/python3.12/site-packages/airflow/example_dags/example_xcom.py took 5.852 seconds
[2024-04-27T14:06:59.484+0000] {processor.py:161} INFO - Started process (PID=107) to work on /home/airflow/.local/lib/python3.12/site-packages/airflow/example_dags/example_xcom.py
[2024-04-27T14:06:59.490+0000] {processor.py:830} INFO - Processing file /home/airflow/.local/lib/python3.12/site-packages/airflow/example_dags/example_xcom.py for tasks to queue
[2024-04-27T14:06:59.498+0000] {logging_mixin.py:188} INFO - [2024-04-27T14:06:59.495+0000] {dagbag.py:540} INFO - Filling up the DagBag from /home/airflow/.local/lib/python3.12/site-packages/airflow/example_dags/example_xcom.py
[2024-04-27T14:06:59.569+0000] {processor.py:840} INFO - DAG(s) 'example_xcom' retrieved from /home/airflow/.local/lib/python3.12/site-packages/airflow/example_dags/example_xcom.py
[2024-04-27T14:06:59.666+0000] {logging_mixin.py:188} INFO - [2024-04-27T14:06:59.665+0000] {dag.py:3096} INFO - Sync 1 DAGs
[2024-04-27T14:06:59.795+0000] {logging_mixin.py:188} INFO - [2024-04-27T14:06:59.795+0000] {dag.py:3954} INFO - Setting next_dagrun for example_xcom to 2021-01-01 00:00:00+00:00, run_after=2021-01-01 00:00:00+00:00
[2024-04-27T14:06:59.881+0000] {processor.py:183} INFO - Processing /home/airflow/.local/lib/python3.12/site-packages/airflow/example_dags/example_xcom.py took 0.436 seconds
[2024-04-27T14:07:29.997+0000] {processor.py:161} INFO - Started process (PID=159) to work on /home/airflow/.local/lib/python3.12/site-packages/airflow/example_dags/example_xcom.py
[2024-04-27T14:07:30.002+0000] {processor.py:830} INFO - Processing file /home/airflow/.local/lib/python3.12/site-packages/airflow/example_dags/example_xcom.py for tasks to queue
[2024-04-27T14:07:30.008+0000] {logging_mixin.py:188} INFO - [2024-04-27T14:07:30.008+0000] {dagbag.py:540} INFO - Filling up the DagBag from /home/airflow/.local/lib/python3.12/site-packages/airflow/example_dags/example_xcom.py
[2024-04-27T14:07:30.033+0000] {processor.py:840} INFO - DAG(s) 'example_xcom' retrieved from /home/airflow/.local/lib/python3.12/site-packages/airflow/example_dags/example_xcom.py
[2024-04-27T14:07:30.117+0000] {logging_mixin.py:188} INFO - [2024-04-27T14:07:30.116+0000] {dag.py:3096} INFO - Sync 1 DAGs
[2024-04-27T14:07:30.191+0000] {logging_mixin.py:188} INFO - [2024-04-27T14:07:30.190+0000] {dag.py:3954} INFO - Setting next_dagrun for example_xcom to 2021-01-01 00:00:00+00:00, run_after=2021-01-01 00:00:00+00:00
[2024-04-27T14:07:30.249+0000] {processor.py:183} INFO - Processing /home/airflow/.local/lib/python3.12/site-packages/airflow/example_dags/example_xcom.py took 0.267 seconds
[2024-04-27T14:08:08.002+0000] {processor.py:161} INFO - Started process (PID=213) to work on /home/airflow/.local/lib/python3.12/site-packages/airflow/example_dags/example_xcom.py
[2024-04-27T14:08:08.005+0000] {processor.py:830} INFO - Processing file /home/airflow/.local/lib/python3.12/site-packages/airflow/example_dags/example_xcom.py for tasks to queue
[2024-04-27T14:08:08.012+0000] {logging_mixin.py:188} INFO - [2024-04-27T14:08:08.011+0000] {dagbag.py:540} INFO - Filling up the DagBag from /home/airflow/.local/lib/python3.12/site-packages/airflow/example_dags/example_xcom.py
[2024-04-27T14:08:08.035+0000] {processor.py:840} INFO - DAG(s) 'example_xcom' retrieved from /home/airflow/.local/lib/python3.12/site-packages/airflow/example_dags/example_xcom.py
[2024-04-27T14:08:08.149+0000] {logging_mixin.py:188} INFO - [2024-04-27T14:08:08.149+0000] {dag.py:3096} INFO - Sync 1 DAGs
[2024-04-27T14:08:08.210+0000] {logging_mixin.py:188} INFO - [2024-04-27T14:08:08.210+0000] {dag.py:3954} INFO - Setting next_dagrun for example_xcom to 2021-01-01 00:00:00+00:00, run_after=2021-01-01 00:00:00+00:00
[2024-04-27T14:08:08.383+0000] {processor.py:183} INFO - Processing /home/airflow/.local/lib/python3.12/site-packages/airflow/example_dags/example_xcom.py took 0.403 seconds
[2024-04-27T14:08:39.194+0000] {processor.py:161} INFO - Started process (PID=267) to work on /home/airflow/.local/lib/python3.12/site-packages/airflow/example_dags/example_xcom.py
[2024-04-27T14:08:39.195+0000] {processor.py:830} INFO - Processing file /home/airflow/.local/lib/python3.12/site-packages/airflow/example_dags/example_xcom.py for tasks to queue
[2024-04-27T14:08:39.199+0000] {logging_mixin.py:188} INFO - [2024-04-27T14:08:39.198+0000] {dagbag.py:540} INFO - Filling up the DagBag from /home/airflow/.local/lib/python3.12/site-packages/airflow/example_dags/example_xcom.py
[2024-04-27T14:08:39.213+0000] {processor.py:840} INFO - DAG(s) 'example_xcom' retrieved from /home/airflow/.local/lib/python3.12/site-packages/airflow/example_dags/example_xcom.py
[2024-04-27T14:08:39.249+0000] {logging_mixin.py:188} INFO - [2024-04-27T14:08:39.248+0000] {dag.py:3096} INFO - Sync 1 DAGs
[2024-04-27T14:08:39.289+0000] {logging_mixin.py:188} INFO - [2024-04-27T14:08:39.288+0000] {dag.py:3954} INFO - Setting next_dagrun for example_xcom to 2021-01-01 00:00:00+00:00, run_after=2021-01-01 00:00:00+00:00
[2024-04-27T14:08:39.461+0000] {processor.py:183} INFO - Processing /home/airflow/.local/lib/python3.12/site-packages/airflow/example_dags/example_xcom.py took 0.278 seconds
[2024-04-27T14:09:12.834+0000] {processor.py:161} INFO - Started process (PID=321) to work on /home/airflow/.local/lib/python3.12/site-packages/airflow/example_dags/example_xcom.py
[2024-04-27T14:09:12.841+0000] {processor.py:830} INFO - Processing file /home/airflow/.local/lib/python3.12/site-packages/airflow/example_dags/example_xcom.py for tasks to queue
[2024-04-27T14:09:12.865+0000] {logging_mixin.py:188} INFO - [2024-04-27T14:09:12.862+0000] {dagbag.py:540} INFO - Filling up the DagBag from /home/airflow/.local/lib/python3.12/site-packages/airflow/example_dags/example_xcom.py
[2024-04-27T14:09:12.918+0000] {processor.py:840} INFO - DAG(s) 'example_xcom' retrieved from /home/airflow/.local/lib/python3.12/site-packages/airflow/example_dags/example_xcom.py
[2024-04-27T14:09:13.073+0000] {logging_mixin.py:188} INFO - [2024-04-27T14:09:13.073+0000] {dag.py:3096} INFO - Sync 1 DAGs
[2024-04-27T14:09:13.160+0000] {logging_mixin.py:188} INFO - [2024-04-27T14:09:13.160+0000] {dag.py:3954} INFO - Setting next_dagrun for example_xcom to 2021-01-01 00:00:00+00:00, run_after=2021-01-01 00:00:00+00:00
[2024-04-27T14:09:13.365+0000] {processor.py:183} INFO - Processing /home/airflow/.local/lib/python3.12/site-packages/airflow/example_dags/example_xcom.py took 0.593 seconds
[2024-04-27T14:09:43.508+0000] {processor.py:161} INFO - Started process (PID=373) to work on /home/airflow/.local/lib/python3.12/site-packages/airflow/example_dags/example_xcom.py
[2024-04-27T14:09:43.510+0000] {processor.py:830} INFO - Processing file /home/airflow/.local/lib/python3.12/site-packages/airflow/example_dags/example_xcom.py for tasks to queue
[2024-04-27T14:09:43.515+0000] {logging_mixin.py:188} INFO - [2024-04-27T14:09:43.514+0000] {dagbag.py:540} INFO - Filling up the DagBag from /home/airflow/.local/lib/python3.12/site-packages/airflow/example_dags/example_xcom.py
[2024-04-27T14:09:43.537+0000] {processor.py:840} INFO - DAG(s) 'example_xcom' retrieved from /home/airflow/.local/lib/python3.12/site-packages/airflow/example_dags/example_xcom.py
[2024-04-27T14:09:43.618+0000] {logging_mixin.py:188} INFO - [2024-04-27T14:09:43.617+0000] {dag.py:3096} INFO - Sync 1 DAGs
[2024-04-27T14:09:43.698+0000] {logging_mixin.py:188} INFO - [2024-04-27T14:09:43.697+0000] {dag.py:3954} INFO - Setting next_dagrun for example_xcom to 2021-01-01 00:00:00+00:00, run_after=2021-01-01 00:00:00+00:00
[2024-04-27T14:09:43.749+0000] {processor.py:183} INFO - Processing /home/airflow/.local/lib/python3.12/site-packages/airflow/example_dags/example_xcom.py took 0.255 seconds
[2024-04-27T14:10:15.989+0000] {processor.py:161} INFO - Started process (PID=424) to work on /home/airflow/.local/lib/python3.12/site-packages/airflow/example_dags/example_xcom.py
[2024-04-27T14:10:15.991+0000] {processor.py:830} INFO - Processing file /home/airflow/.local/lib/python3.12/site-packages/airflow/example_dags/example_xcom.py for tasks to queue
[2024-04-27T14:10:15.997+0000] {logging_mixin.py:188} INFO - [2024-04-27T14:10:15.996+0000] {dagbag.py:540} INFO - Filling up the DagBag from /home/airflow/.local/lib/python3.12/site-packages/airflow/example_dags/example_xcom.py
[2024-04-27T14:10:16.029+0000] {processor.py:840} INFO - DAG(s) 'example_xcom' retrieved from /home/airflow/.local/lib/python3.12/site-packages/airflow/example_dags/example_xcom.py
[2024-04-27T14:10:16.102+0000] {logging_mixin.py:188} INFO - [2024-04-27T14:10:16.102+0000] {dag.py:3096} INFO - Sync 1 DAGs
[2024-04-27T14:10:16.164+0000] {logging_mixin.py:188} INFO - [2024-04-27T14:10:16.164+0000] {dag.py:3954} INFO - Setting next_dagrun for example_xcom to 2021-01-01 00:00:00+00:00, run_after=2021-01-01 00:00:00+00:00
[2024-04-27T14:10:16.339+0000] {processor.py:183} INFO - Processing /home/airflow/.local/lib/python3.12/site-packages/airflow/example_dags/example_xcom.py took 0.364 seconds
[2024-04-27T14:10:48.137+0000] {processor.py:161} INFO - Started process (PID=478) to work on /home/airflow/.local/lib/python3.12/site-packages/airflow/example_dags/example_xcom.py
[2024-04-27T14:10:48.160+0000] {processor.py:830} INFO - Processing file /home/airflow/.local/lib/python3.12/site-packages/airflow/example_dags/example_xcom.py for tasks to queue
[2024-04-27T14:10:48.164+0000] {logging_mixin.py:188} INFO - [2024-04-27T14:10:48.163+0000] {dagbag.py:540} INFO - Filling up the DagBag from /home/airflow/.local/lib/python3.12/site-packages/airflow/example_dags/example_xcom.py
[2024-04-27T14:10:48.182+0000] {processor.py:840} INFO - DAG(s) 'example_xcom' retrieved from /home/airflow/.local/lib/python3.12/site-packages/airflow/example_dags/example_xcom.py
[2024-04-27T14:10:48.225+0000] {logging_mixin.py:188} INFO - [2024-04-27T14:10:48.225+0000] {dag.py:3096} INFO - Sync 1 DAGs
[2024-04-27T14:10:48.278+0000] {logging_mixin.py:188} INFO - [2024-04-27T14:10:48.277+0000] {dag.py:3954} INFO - Setting next_dagrun for example_xcom to 2021-01-01 00:00:00+00:00, run_after=2021-01-01 00:00:00+00:00
[2024-04-27T14:10:48.421+0000] {processor.py:183} INFO - Processing /home/airflow/.local/lib/python3.12/site-packages/airflow/example_dags/example_xcom.py took 0.296 seconds
[2024-04-27T14:11:20.991+0000] {processor.py:161} INFO - Started process (PID=532) to work on /home/airflow/.local/lib/python3.12/site-packages/airflow/example_dags/example_xcom.py
[2024-04-27T14:11:21.009+0000] {processor.py:830} INFO - Processing file /home/airflow/.local/lib/python3.12/site-packages/airflow/example_dags/example_xcom.py for tasks to queue
[2024-04-27T14:11:21.117+0000] {logging_mixin.py:188} INFO - [2024-04-27T14:11:21.106+0000] {dagbag.py:540} INFO - Filling up the DagBag from /home/airflow/.local/lib/python3.12/site-packages/airflow/example_dags/example_xcom.py
[2024-04-27T14:11:21.268+0000] {processor.py:840} INFO - DAG(s) 'example_xcom' retrieved from /home/airflow/.local/lib/python3.12/site-packages/airflow/example_dags/example_xcom.py
[2024-04-27T14:11:21.540+0000] {logging_mixin.py:188} INFO - [2024-04-27T14:11:21.539+0000] {dag.py:3096} INFO - Sync 1 DAGs
[2024-04-27T14:11:21.998+0000] {logging_mixin.py:188} INFO - [2024-04-27T14:11:21.997+0000] {dag.py:3954} INFO - Setting next_dagrun for example_xcom to 2021-01-01 00:00:00+00:00, run_after=2021-01-01 00:00:00+00:00
[2024-04-27T14:11:22.232+0000] {processor.py:183} INFO - Processing /home/airflow/.local/lib/python3.12/site-packages/airflow/example_dags/example_xcom.py took 1.307 seconds
[2024-04-27T14:11:53.287+0000] {processor.py:161} INFO - Started process (PID=586) to work on /home/airflow/.local/lib/python3.12/site-packages/airflow/example_dags/example_xcom.py
[2024-04-27T14:11:53.289+0000] {processor.py:830} INFO - Processing file /home/airflow/.local/lib/python3.12/site-packages/airflow/example_dags/example_xcom.py for tasks to queue
[2024-04-27T14:11:53.293+0000] {logging_mixin.py:188} INFO - [2024-04-27T14:11:53.292+0000] {dagbag.py:540} INFO - Filling up the DagBag from /home/airflow/.local/lib/python3.12/site-packages/airflow/example_dags/example_xcom.py
[2024-04-27T14:11:53.306+0000] {processor.py:840} INFO - DAG(s) 'example_xcom' retrieved from /home/airflow/.local/lib/python3.12/site-packages/airflow/example_dags/example_xcom.py
[2024-04-27T14:11:53.354+0000] {logging_mixin.py:188} INFO - [2024-04-27T14:11:53.353+0000] {dag.py:3096} INFO - Sync 1 DAGs
[2024-04-27T14:11:53.396+0000] {logging_mixin.py:188} INFO - [2024-04-27T14:11:53.395+0000] {dag.py:3954} INFO - Setting next_dagrun for example_xcom to 2021-01-01 00:00:00+00:00, run_after=2021-01-01 00:00:00+00:00
[2024-04-27T14:11:53.664+0000] {processor.py:183} INFO - Processing /home/airflow/.local/lib/python3.12/site-packages/airflow/example_dags/example_xcom.py took 0.389 seconds
[2024-04-27T14:12:24.184+0000] {processor.py:161} INFO - Started process (PID=634) to work on /home/airflow/.local/lib/python3.12/site-packages/airflow/example_dags/example_xcom.py
[2024-04-27T14:12:24.244+0000] {processor.py:830} INFO - Processing file /home/airflow/.local/lib/python3.12/site-packages/airflow/example_dags/example_xcom.py for tasks to queue
[2024-04-27T14:12:24.264+0000] {logging_mixin.py:188} INFO - [2024-04-27T14:12:24.263+0000] {dagbag.py:540} INFO - Filling up the DagBag from /home/airflow/.local/lib/python3.12/site-packages/airflow/example_dags/example_xcom.py
[2024-04-27T14:12:24.342+0000] {processor.py:840} INFO - DAG(s) 'example_xcom' retrieved from /home/airflow/.local/lib/python3.12/site-packages/airflow/example_dags/example_xcom.py
[2024-04-27T14:12:24.493+0000] {logging_mixin.py:188} INFO - [2024-04-27T14:12:24.492+0000] {dag.py:3096} INFO - Sync 1 DAGs
[2024-04-27T14:12:24.735+0000] {logging_mixin.py:188} INFO - [2024-04-27T14:12:24.734+0000] {dag.py:3954} INFO - Setting next_dagrun for example_xcom to 2021-01-01 00:00:00+00:00, run_after=2021-01-01 00:00:00+00:00
[2024-04-27T14:12:25.507+0000] {processor.py:183} INFO - Processing /home/airflow/.local/lib/python3.12/site-packages/airflow/example_dags/example_xcom.py took 1.375 seconds
