[2024-04-27T14:06:33.692+0000] {processor.py:161} INFO - Started process (PID=72) to work on /home/airflow/.local/lib/python3.12/site-packages/airflow/example_dags/example_external_task_marker_dag.py
[2024-04-27T14:06:33.701+0000] {processor.py:830} INFO - Processing file /home/airflow/.local/lib/python3.12/site-packages/airflow/example_dags/example_external_task_marker_dag.py for tasks to queue
[2024-04-27T14:06:33.706+0000] {logging_mixin.py:188} INFO - [2024-04-27T14:06:33.705+0000] {dagbag.py:540} INFO - Filling up the DagBag from /home/airflow/.local/lib/python3.12/site-packages/airflow/example_dags/example_external_task_marker_dag.py
[2024-04-27T14:06:33.757+0000] {processor.py:840} INFO - DAG(s) 'example_external_task_marker_parent', 'example_external_task_marker_child' retrieved from /home/airflow/.local/lib/python3.12/site-packages/airflow/example_dags/example_external_task_marker_dag.py
[2024-04-27T14:06:34.476+0000] {logging_mixin.py:188} INFO - [2024-04-27T14:06:34.475+0000] {dag.py:3096} INFO - Sync 2 DAGs
[2024-04-27T14:06:34.626+0000] {logging_mixin.py:188} INFO - [2024-04-27T14:06:34.620+0000] {dag.py:3954} INFO - Setting next_dagrun for example_external_task_marker_child to None, run_after=None
[2024-04-27T14:06:34.649+0000] {logging_mixin.py:188} INFO - [2024-04-27T14:06:34.649+0000] {dag.py:3954} INFO - Setting next_dagrun for example_external_task_marker_parent to None, run_after=None
[2024-04-27T14:06:35.268+0000] {processor.py:183} INFO - Processing /home/airflow/.local/lib/python3.12/site-packages/airflow/example_dags/example_external_task_marker_dag.py took 1.599 seconds
[2024-04-27T14:07:09.493+0000] {processor.py:161} INFO - Started process (PID=126) to work on /home/airflow/.local/lib/python3.12/site-packages/airflow/example_dags/example_external_task_marker_dag.py
[2024-04-27T14:07:09.495+0000] {processor.py:830} INFO - Processing file /home/airflow/.local/lib/python3.12/site-packages/airflow/example_dags/example_external_task_marker_dag.py for tasks to queue
[2024-04-27T14:07:09.499+0000] {logging_mixin.py:188} INFO - [2024-04-27T14:07:09.498+0000] {dagbag.py:540} INFO - Filling up the DagBag from /home/airflow/.local/lib/python3.12/site-packages/airflow/example_dags/example_external_task_marker_dag.py
[2024-04-27T14:07:09.554+0000] {processor.py:840} INFO - DAG(s) 'example_external_task_marker_parent', 'example_external_task_marker_child' retrieved from /home/airflow/.local/lib/python3.12/site-packages/airflow/example_dags/example_external_task_marker_dag.py
[2024-04-27T14:07:09.585+0000] {logging_mixin.py:188} INFO - [2024-04-27T14:07:09.585+0000] {dag.py:3096} INFO - Sync 2 DAGs
[2024-04-27T14:07:09.605+0000] {logging_mixin.py:188} INFO - [2024-04-27T14:07:09.605+0000] {dag.py:3954} INFO - Setting next_dagrun for example_external_task_marker_child to None, run_after=None
[2024-04-27T14:07:09.610+0000] {logging_mixin.py:188} INFO - [2024-04-27T14:07:09.610+0000] {dag.py:3954} INFO - Setting next_dagrun for example_external_task_marker_parent to None, run_after=None
[2024-04-27T14:07:09.755+0000] {processor.py:183} INFO - Processing /home/airflow/.local/lib/python3.12/site-packages/airflow/example_dags/example_external_task_marker_dag.py took 0.272 seconds
[2024-04-27T14:07:43.278+0000] {processor.py:161} INFO - Started process (PID=178) to work on /home/airflow/.local/lib/python3.12/site-packages/airflow/example_dags/example_external_task_marker_dag.py
[2024-04-27T14:07:43.282+0000] {processor.py:830} INFO - Processing file /home/airflow/.local/lib/python3.12/site-packages/airflow/example_dags/example_external_task_marker_dag.py for tasks to queue
[2024-04-27T14:07:43.287+0000] {logging_mixin.py:188} INFO - [2024-04-27T14:07:43.286+0000] {dagbag.py:540} INFO - Filling up the DagBag from /home/airflow/.local/lib/python3.12/site-packages/airflow/example_dags/example_external_task_marker_dag.py
[2024-04-27T14:07:43.313+0000] {processor.py:840} INFO - DAG(s) 'example_external_task_marker_parent', 'example_external_task_marker_child' retrieved from /home/airflow/.local/lib/python3.12/site-packages/airflow/example_dags/example_external_task_marker_dag.py
[2024-04-27T14:07:43.409+0000] {logging_mixin.py:188} INFO - [2024-04-27T14:07:43.408+0000] {dag.py:3096} INFO - Sync 2 DAGs
[2024-04-27T14:07:43.464+0000] {logging_mixin.py:188} INFO - [2024-04-27T14:07:43.463+0000] {dag.py:3954} INFO - Setting next_dagrun for example_external_task_marker_child to None, run_after=None
[2024-04-27T14:07:43.480+0000] {logging_mixin.py:188} INFO - [2024-04-27T14:07:43.479+0000] {dag.py:3954} INFO - Setting next_dagrun for example_external_task_marker_parent to None, run_after=None
[2024-04-27T14:07:43.575+0000] {processor.py:183} INFO - Processing /home/airflow/.local/lib/python3.12/site-packages/airflow/example_dags/example_external_task_marker_dag.py took 0.318 seconds
[2024-04-27T14:08:17.130+0000] {processor.py:161} INFO - Started process (PID=232) to work on /home/airflow/.local/lib/python3.12/site-packages/airflow/example_dags/example_external_task_marker_dag.py
[2024-04-27T14:08:17.205+0000] {processor.py:830} INFO - Processing file /home/airflow/.local/lib/python3.12/site-packages/airflow/example_dags/example_external_task_marker_dag.py for tasks to queue
[2024-04-27T14:08:17.209+0000] {logging_mixin.py:188} INFO - [2024-04-27T14:08:17.208+0000] {dagbag.py:540} INFO - Filling up the DagBag from /home/airflow/.local/lib/python3.12/site-packages/airflow/example_dags/example_external_task_marker_dag.py
[2024-04-27T14:08:17.223+0000] {processor.py:840} INFO - DAG(s) 'example_external_task_marker_child', 'example_external_task_marker_parent' retrieved from /home/airflow/.local/lib/python3.12/site-packages/airflow/example_dags/example_external_task_marker_dag.py
[2024-04-27T14:08:17.595+0000] {logging_mixin.py:188} INFO - [2024-04-27T14:08:17.595+0000] {dag.py:3096} INFO - Sync 2 DAGs
[2024-04-27T14:08:17.687+0000] {logging_mixin.py:188} INFO - [2024-04-27T14:08:17.687+0000] {dag.py:3954} INFO - Setting next_dagrun for example_external_task_marker_child to None, run_after=None
[2024-04-27T14:08:17.779+0000] {logging_mixin.py:188} INFO - [2024-04-27T14:08:17.764+0000] {dag.py:3954} INFO - Setting next_dagrun for example_external_task_marker_parent to None, run_after=None
[2024-04-27T14:08:17.945+0000] {processor.py:183} INFO - Processing /home/airflow/.local/lib/python3.12/site-packages/airflow/example_dags/example_external_task_marker_dag.py took 0.831 seconds
[2024-04-27T14:08:48.433+0000] {processor.py:161} INFO - Started process (PID=286) to work on /home/airflow/.local/lib/python3.12/site-packages/airflow/example_dags/example_external_task_marker_dag.py
[2024-04-27T14:08:48.461+0000] {processor.py:830} INFO - Processing file /home/airflow/.local/lib/python3.12/site-packages/airflow/example_dags/example_external_task_marker_dag.py for tasks to queue
[2024-04-27T14:08:48.465+0000] {logging_mixin.py:188} INFO - [2024-04-27T14:08:48.464+0000] {dagbag.py:540} INFO - Filling up the DagBag from /home/airflow/.local/lib/python3.12/site-packages/airflow/example_dags/example_external_task_marker_dag.py
[2024-04-27T14:08:48.546+0000] {processor.py:840} INFO - DAG(s) 'example_external_task_marker_child', 'example_external_task_marker_parent' retrieved from /home/airflow/.local/lib/python3.12/site-packages/airflow/example_dags/example_external_task_marker_dag.py
[2024-04-27T14:08:49.446+0000] {logging_mixin.py:188} INFO - [2024-04-27T14:08:49.445+0000] {dag.py:3096} INFO - Sync 2 DAGs
[2024-04-27T14:08:49.478+0000] {logging_mixin.py:188} INFO - [2024-04-27T14:08:49.477+0000] {dag.py:3954} INFO - Setting next_dagrun for example_external_task_marker_child to None, run_after=None
[2024-04-27T14:08:49.498+0000] {logging_mixin.py:188} INFO - [2024-04-27T14:08:49.497+0000] {dag.py:3954} INFO - Setting next_dagrun for example_external_task_marker_parent to None, run_after=None
[2024-04-27T14:08:50.836+0000] {processor.py:183} INFO - Processing /home/airflow/.local/lib/python3.12/site-packages/airflow/example_dags/example_external_task_marker_dag.py took 2.433 seconds
[2024-04-27T14:09:21.285+0000] {processor.py:161} INFO - Started process (PID=340) to work on /home/airflow/.local/lib/python3.12/site-packages/airflow/example_dags/example_external_task_marker_dag.py
[2024-04-27T14:09:21.289+0000] {processor.py:830} INFO - Processing file /home/airflow/.local/lib/python3.12/site-packages/airflow/example_dags/example_external_task_marker_dag.py for tasks to queue
[2024-04-27T14:09:21.293+0000] {logging_mixin.py:188} INFO - [2024-04-27T14:09:21.292+0000] {dagbag.py:540} INFO - Filling up the DagBag from /home/airflow/.local/lib/python3.12/site-packages/airflow/example_dags/example_external_task_marker_dag.py
[2024-04-27T14:09:21.310+0000] {processor.py:840} INFO - DAG(s) 'example_external_task_marker_child', 'example_external_task_marker_parent' retrieved from /home/airflow/.local/lib/python3.12/site-packages/airflow/example_dags/example_external_task_marker_dag.py
[2024-04-27T14:09:21.380+0000] {logging_mixin.py:188} INFO - [2024-04-27T14:09:21.380+0000] {dag.py:3096} INFO - Sync 2 DAGs
[2024-04-27T14:09:21.423+0000] {logging_mixin.py:188} INFO - [2024-04-27T14:09:21.422+0000] {dag.py:3954} INFO - Setting next_dagrun for example_external_task_marker_child to None, run_after=None
[2024-04-27T14:09:21.432+0000] {logging_mixin.py:188} INFO - [2024-04-27T14:09:21.431+0000] {dag.py:3954} INFO - Setting next_dagrun for example_external_task_marker_parent to None, run_after=None
[2024-04-27T14:09:21.482+0000] {processor.py:183} INFO - Processing /home/airflow/.local/lib/python3.12/site-packages/airflow/example_dags/example_external_task_marker_dag.py took 0.217 seconds
[2024-04-27T14:09:52.115+0000] {processor.py:161} INFO - Started process (PID=394) to work on /home/airflow/.local/lib/python3.12/site-packages/airflow/example_dags/example_external_task_marker_dag.py
[2024-04-27T14:09:52.118+0000] {processor.py:830} INFO - Processing file /home/airflow/.local/lib/python3.12/site-packages/airflow/example_dags/example_external_task_marker_dag.py for tasks to queue
[2024-04-27T14:09:52.125+0000] {logging_mixin.py:188} INFO - [2024-04-27T14:09:52.124+0000] {dagbag.py:540} INFO - Filling up the DagBag from /home/airflow/.local/lib/python3.12/site-packages/airflow/example_dags/example_external_task_marker_dag.py
[2024-04-27T14:09:52.140+0000] {processor.py:840} INFO - DAG(s) 'example_external_task_marker_parent', 'example_external_task_marker_child' retrieved from /home/airflow/.local/lib/python3.12/site-packages/airflow/example_dags/example_external_task_marker_dag.py
[2024-04-27T14:09:52.216+0000] {logging_mixin.py:188} INFO - [2024-04-27T14:09:52.216+0000] {dag.py:3096} INFO - Sync 2 DAGs
[2024-04-27T14:09:54.192+0000] {logging_mixin.py:188} INFO - [2024-04-27T14:09:54.191+0000] {dag.py:3954} INFO - Setting next_dagrun for example_external_task_marker_child to None, run_after=None
[2024-04-27T14:09:54.216+0000] {logging_mixin.py:188} INFO - [2024-04-27T14:09:54.215+0000] {dag.py:3954} INFO - Setting next_dagrun for example_external_task_marker_parent to None, run_after=None
[2024-04-27T14:09:54.394+0000] {processor.py:183} INFO - Processing /home/airflow/.local/lib/python3.12/site-packages/airflow/example_dags/example_external_task_marker_dag.py took 2.400 seconds
[2024-04-27T14:10:25.116+0000] {processor.py:161} INFO - Started process (PID=448) to work on /home/airflow/.local/lib/python3.12/site-packages/airflow/example_dags/example_external_task_marker_dag.py
[2024-04-27T14:10:25.120+0000] {processor.py:830} INFO - Processing file /home/airflow/.local/lib/python3.12/site-packages/airflow/example_dags/example_external_task_marker_dag.py for tasks to queue
[2024-04-27T14:10:25.129+0000] {logging_mixin.py:188} INFO - [2024-04-27T14:10:25.127+0000] {dagbag.py:540} INFO - Filling up the DagBag from /home/airflow/.local/lib/python3.12/site-packages/airflow/example_dags/example_external_task_marker_dag.py
[2024-04-27T14:10:25.149+0000] {processor.py:840} INFO - DAG(s) 'example_external_task_marker_child', 'example_external_task_marker_parent' retrieved from /home/airflow/.local/lib/python3.12/site-packages/airflow/example_dags/example_external_task_marker_dag.py
[2024-04-27T14:10:25.232+0000] {logging_mixin.py:188} INFO - [2024-04-27T14:10:25.232+0000] {dag.py:3096} INFO - Sync 2 DAGs
[2024-04-27T14:10:25.280+0000] {logging_mixin.py:188} INFO - [2024-04-27T14:10:25.279+0000] {dag.py:3954} INFO - Setting next_dagrun for example_external_task_marker_child to None, run_after=None
[2024-04-27T14:10:25.296+0000] {logging_mixin.py:188} INFO - [2024-04-27T14:10:25.296+0000] {dag.py:3954} INFO - Setting next_dagrun for example_external_task_marker_parent to None, run_after=None
[2024-04-27T14:10:25.405+0000] {processor.py:183} INFO - Processing /home/airflow/.local/lib/python3.12/site-packages/airflow/example_dags/example_external_task_marker_dag.py took 0.307 seconds
[2024-04-27T14:10:55.899+0000] {processor.py:161} INFO - Started process (PID=502) to work on /home/airflow/.local/lib/python3.12/site-packages/airflow/example_dags/example_external_task_marker_dag.py
[2024-04-27T14:10:55.917+0000] {processor.py:830} INFO - Processing file /home/airflow/.local/lib/python3.12/site-packages/airflow/example_dags/example_external_task_marker_dag.py for tasks to queue
[2024-04-27T14:10:55.922+0000] {logging_mixin.py:188} INFO - [2024-04-27T14:10:55.921+0000] {dagbag.py:540} INFO - Filling up the DagBag from /home/airflow/.local/lib/python3.12/site-packages/airflow/example_dags/example_external_task_marker_dag.py
[2024-04-27T14:10:55.936+0000] {processor.py:840} INFO - DAG(s) 'example_external_task_marker_child', 'example_external_task_marker_parent' retrieved from /home/airflow/.local/lib/python3.12/site-packages/airflow/example_dags/example_external_task_marker_dag.py
[2024-04-27T14:10:55.984+0000] {logging_mixin.py:188} INFO - [2024-04-27T14:10:55.984+0000] {dag.py:3096} INFO - Sync 2 DAGs
[2024-04-27T14:10:56.013+0000] {logging_mixin.py:188} INFO - [2024-04-27T14:10:56.013+0000] {dag.py:3954} INFO - Setting next_dagrun for example_external_task_marker_child to None, run_after=None
[2024-04-27T14:10:56.021+0000] {logging_mixin.py:188} INFO - [2024-04-27T14:10:56.021+0000] {dag.py:3954} INFO - Setting next_dagrun for example_external_task_marker_parent to None, run_after=None
[2024-04-27T14:10:56.321+0000] {processor.py:183} INFO - Processing /home/airflow/.local/lib/python3.12/site-packages/airflow/example_dags/example_external_task_marker_dag.py took 0.435 seconds
[2024-04-27T14:11:28.942+0000] {processor.py:161} INFO - Started process (PID=554) to work on /home/airflow/.local/lib/python3.12/site-packages/airflow/example_dags/example_external_task_marker_dag.py
[2024-04-27T14:11:28.950+0000] {processor.py:830} INFO - Processing file /home/airflow/.local/lib/python3.12/site-packages/airflow/example_dags/example_external_task_marker_dag.py for tasks to queue
[2024-04-27T14:11:28.968+0000] {logging_mixin.py:188} INFO - [2024-04-27T14:11:28.967+0000] {dagbag.py:540} INFO - Filling up the DagBag from /home/airflow/.local/lib/python3.12/site-packages/airflow/example_dags/example_external_task_marker_dag.py
[2024-04-27T14:11:28.991+0000] {processor.py:840} INFO - DAG(s) 'example_external_task_marker_child', 'example_external_task_marker_parent' retrieved from /home/airflow/.local/lib/python3.12/site-packages/airflow/example_dags/example_external_task_marker_dag.py
[2024-04-27T14:11:29.191+0000] {logging_mixin.py:188} INFO - [2024-04-27T14:11:29.190+0000] {dag.py:3096} INFO - Sync 2 DAGs
[2024-04-27T14:11:29.274+0000] {logging_mixin.py:188} INFO - [2024-04-27T14:11:29.273+0000] {dag.py:3954} INFO - Setting next_dagrun for example_external_task_marker_child to None, run_after=None
[2024-04-27T14:11:29.296+0000] {logging_mixin.py:188} INFO - [2024-04-27T14:11:29.294+0000] {dag.py:3954} INFO - Setting next_dagrun for example_external_task_marker_parent to None, run_after=None
[2024-04-27T14:11:29.340+0000] {processor.py:183} INFO - Processing /home/airflow/.local/lib/python3.12/site-packages/airflow/example_dags/example_external_task_marker_dag.py took 0.417 seconds
[2024-04-27T14:12:02.793+0000] {processor.py:161} INFO - Started process (PID=607) to work on /home/airflow/.local/lib/python3.12/site-packages/airflow/example_dags/example_external_task_marker_dag.py
[2024-04-27T14:12:02.796+0000] {processor.py:830} INFO - Processing file /home/airflow/.local/lib/python3.12/site-packages/airflow/example_dags/example_external_task_marker_dag.py for tasks to queue
[2024-04-27T14:12:02.801+0000] {logging_mixin.py:188} INFO - [2024-04-27T14:12:02.800+0000] {dagbag.py:540} INFO - Filling up the DagBag from /home/airflow/.local/lib/python3.12/site-packages/airflow/example_dags/example_external_task_marker_dag.py
[2024-04-27T14:12:02.822+0000] {processor.py:840} INFO - DAG(s) 'example_external_task_marker_parent', 'example_external_task_marker_child' retrieved from /home/airflow/.local/lib/python3.12/site-packages/airflow/example_dags/example_external_task_marker_dag.py
[2024-04-27T14:12:02.913+0000] {logging_mixin.py:188} INFO - [2024-04-27T14:12:02.913+0000] {dag.py:3096} INFO - Sync 2 DAGs
[2024-04-27T14:12:02.980+0000] {logging_mixin.py:188} INFO - [2024-04-27T14:12:02.978+0000] {dag.py:3954} INFO - Setting next_dagrun for example_external_task_marker_child to None, run_after=None
[2024-04-27T14:12:02.999+0000] {logging_mixin.py:188} INFO - [2024-04-27T14:12:02.998+0000] {dag.py:3954} INFO - Setting next_dagrun for example_external_task_marker_parent to None, run_after=None
[2024-04-27T14:12:03.066+0000] {processor.py:183} INFO - Processing /home/airflow/.local/lib/python3.12/site-packages/airflow/example_dags/example_external_task_marker_dag.py took 0.293 seconds
