[2024-04-27T14:05:59.976+0000] {processor.py:161} INFO - Started process (PID=54) to work on /home/airflow/.local/lib/python3.12/site-packages/airflow/example_dags/example_datasets.py
[2024-04-27T14:05:59.978+0000] {processor.py:830} INFO - Processing file /home/airflow/.local/lib/python3.12/site-packages/airflow/example_dags/example_datasets.py for tasks to queue
[2024-04-27T14:05:59.988+0000] {logging_mixin.py:188} INFO - [2024-04-27T14:05:59.986+0000] {dagbag.py:540} INFO - Filling up the DagBag from /home/airflow/.local/lib/python3.12/site-packages/airflow/example_dags/example_datasets.py
[2024-04-27T14:06:01.569+0000] {processor.py:840} INFO - DAG(s) 'dataset_produces_2', 'dataset_consumes_unknown_never_scheduled', 'conditional_dataset_and_time_based_timetable', 'dataset_consumes_1_and_2', 'dataset_produces_1', 'consume_1_or_2_with_dataset_expressions', 'dataset_consumes_1', 'consume_1_or_both_2_and_3_with_dataset_expressions', 'dataset_consumes_1_never_scheduled', 'consume_1_and_2_with_dataset_expressions' retrieved from /home/airflow/.local/lib/python3.12/site-packages/airflow/example_dags/example_datasets.py
[2024-04-27T14:06:05.789+0000] {logging_mixin.py:188} INFO - [2024-04-27T14:06:05.788+0000] {dag.py:3096} INFO - Sync 10 DAGs
[2024-04-27T14:06:06.010+0000] {logging_mixin.py:188} INFO - [2024-04-27T14:06:06.009+0000] {dag.py:3954} INFO - Setting next_dagrun for conditional_dataset_and_time_based_timetable to 2024-04-24 01:00:00+00:00, run_after=2024-04-24 01:00:00+00:00
[2024-04-27T14:06:06.096+0000] {logging_mixin.py:188} INFO - [2024-04-27T14:06:06.095+0000] {dag.py:3954} INFO - Setting next_dagrun for consume_1_and_2_with_dataset_expressions to None, run_after=None
[2024-04-27T14:06:06.108+0000] {logging_mixin.py:188} INFO - [2024-04-27T14:06:06.108+0000] {dag.py:3954} INFO - Setting next_dagrun for consume_1_or_2_with_dataset_expressions to None, run_after=None
[2024-04-27T14:06:06.126+0000] {logging_mixin.py:188} INFO - [2024-04-27T14:06:06.114+0000] {dag.py:3954} INFO - Setting next_dagrun for consume_1_or_both_2_and_3_with_dataset_expressions to None, run_after=None
[2024-04-27T14:06:06.147+0000] {logging_mixin.py:188} INFO - [2024-04-27T14:06:06.146+0000] {dag.py:3954} INFO - Setting next_dagrun for dataset_consumes_1 to None, run_after=None
[2024-04-27T14:06:06.161+0000] {logging_mixin.py:188} INFO - [2024-04-27T14:06:06.160+0000] {dag.py:3954} INFO - Setting next_dagrun for dataset_consumes_1_and_2 to None, run_after=None
[2024-04-27T14:06:06.218+0000] {logging_mixin.py:188} INFO - [2024-04-27T14:06:06.217+0000] {dag.py:3954} INFO - Setting next_dagrun for dataset_consumes_1_never_scheduled to None, run_after=None
[2024-04-27T14:06:06.306+0000] {logging_mixin.py:188} INFO - [2024-04-27T14:06:06.306+0000] {dag.py:3954} INFO - Setting next_dagrun for dataset_consumes_unknown_never_scheduled to None, run_after=None
[2024-04-27T14:06:06.357+0000] {logging_mixin.py:188} INFO - [2024-04-27T14:06:06.357+0000] {dag.py:3954} INFO - Setting next_dagrun for dataset_produces_1 to 2024-04-26 00:00:00+00:00, run_after=2024-04-27 00:00:00+00:00
[2024-04-27T14:06:06.382+0000] {logging_mixin.py:188} INFO - [2024-04-27T14:06:06.381+0000] {dag.py:3954} INFO - Setting next_dagrun for dataset_produces_2 to None, run_after=None
[2024-04-27T14:06:07.313+0000] {processor.py:183} INFO - Processing /home/airflow/.local/lib/python3.12/site-packages/airflow/example_dags/example_datasets.py took 7.356 seconds
[2024-04-27T14:06:59.992+0000] {processor.py:161} INFO - Started process (PID=108) to work on /home/airflow/.local/lib/python3.12/site-packages/airflow/example_dags/example_datasets.py
[2024-04-27T14:06:59.996+0000] {processor.py:830} INFO - Processing file /home/airflow/.local/lib/python3.12/site-packages/airflow/example_dags/example_datasets.py for tasks to queue
[2024-04-27T14:07:00.014+0000] {logging_mixin.py:188} INFO - [2024-04-27T14:07:00.013+0000] {dagbag.py:540} INFO - Filling up the DagBag from /home/airflow/.local/lib/python3.12/site-packages/airflow/example_dags/example_datasets.py
[2024-04-27T14:07:00.125+0000] {processor.py:840} INFO - DAG(s) 'consume_1_or_2_with_dataset_expressions', 'dataset_consumes_1_never_scheduled', 'dataset_consumes_1_and_2', 'dataset_produces_1', 'dataset_consumes_unknown_never_scheduled', 'dataset_produces_2', 'consume_1_and_2_with_dataset_expressions', 'dataset_consumes_1', 'conditional_dataset_and_time_based_timetable', 'consume_1_or_both_2_and_3_with_dataset_expressions' retrieved from /home/airflow/.local/lib/python3.12/site-packages/airflow/example_dags/example_datasets.py
[2024-04-27T14:07:00.348+0000] {logging_mixin.py:188} INFO - [2024-04-27T14:07:00.348+0000] {dag.py:3096} INFO - Sync 10 DAGs
[2024-04-27T14:07:00.519+0000] {logging_mixin.py:188} INFO - [2024-04-27T14:07:00.518+0000] {dag.py:3954} INFO - Setting next_dagrun for conditional_dataset_and_time_based_timetable to 2024-04-24 01:00:00+00:00, run_after=2024-04-24 01:00:00+00:00
[2024-04-27T14:07:00.544+0000] {logging_mixin.py:188} INFO - [2024-04-27T14:07:00.544+0000] {dag.py:3954} INFO - Setting next_dagrun for consume_1_and_2_with_dataset_expressions to None, run_after=None
[2024-04-27T14:07:00.575+0000] {logging_mixin.py:188} INFO - [2024-04-27T14:07:00.575+0000] {dag.py:3954} INFO - Setting next_dagrun for consume_1_or_2_with_dataset_expressions to None, run_after=None
[2024-04-27T14:07:00.590+0000] {logging_mixin.py:188} INFO - [2024-04-27T14:07:00.588+0000] {dag.py:3954} INFO - Setting next_dagrun for consume_1_or_both_2_and_3_with_dataset_expressions to None, run_after=None
[2024-04-27T14:07:00.603+0000] {logging_mixin.py:188} INFO - [2024-04-27T14:07:00.603+0000] {dag.py:3954} INFO - Setting next_dagrun for dataset_consumes_1 to None, run_after=None
[2024-04-27T14:07:00.609+0000] {logging_mixin.py:188} INFO - [2024-04-27T14:07:00.608+0000] {dag.py:3954} INFO - Setting next_dagrun for dataset_consumes_1_and_2 to None, run_after=None
[2024-04-27T14:07:00.613+0000] {logging_mixin.py:188} INFO - [2024-04-27T14:07:00.613+0000] {dag.py:3954} INFO - Setting next_dagrun for dataset_consumes_1_never_scheduled to None, run_after=None
[2024-04-27T14:07:00.618+0000] {logging_mixin.py:188} INFO - [2024-04-27T14:07:00.617+0000] {dag.py:3954} INFO - Setting next_dagrun for dataset_consumes_unknown_never_scheduled to None, run_after=None
[2024-04-27T14:07:00.629+0000] {logging_mixin.py:188} INFO - [2024-04-27T14:07:00.628+0000] {dag.py:3954} INFO - Setting next_dagrun for dataset_produces_1 to 2024-04-26 00:00:00+00:00, run_after=2024-04-27 00:00:00+00:00
[2024-04-27T14:07:00.633+0000] {logging_mixin.py:188} INFO - [2024-04-27T14:07:00.632+0000] {dag.py:3954} INFO - Setting next_dagrun for dataset_produces_2 to None, run_after=None
[2024-04-27T14:07:00.764+0000] {processor.py:183} INFO - Processing /home/airflow/.local/lib/python3.12/site-packages/airflow/example_dags/example_datasets.py took 0.791 seconds
[2024-04-27T14:07:31.084+0000] {processor.py:161} INFO - Started process (PID=160) to work on /home/airflow/.local/lib/python3.12/site-packages/airflow/example_dags/example_datasets.py
[2024-04-27T14:07:31.088+0000] {processor.py:830} INFO - Processing file /home/airflow/.local/lib/python3.12/site-packages/airflow/example_dags/example_datasets.py for tasks to queue
[2024-04-27T14:07:31.097+0000] {logging_mixin.py:188} INFO - [2024-04-27T14:07:31.095+0000] {dagbag.py:540} INFO - Filling up the DagBag from /home/airflow/.local/lib/python3.12/site-packages/airflow/example_dags/example_datasets.py
[2024-04-27T14:07:31.249+0000] {processor.py:840} INFO - DAG(s) 'dataset_consumes_unknown_never_scheduled', 'dataset_produces_1', 'consume_1_or_both_2_and_3_with_dataset_expressions', 'dataset_consumes_1_never_scheduled', 'dataset_produces_2', 'consume_1_and_2_with_dataset_expressions', 'dataset_consumes_1', 'dataset_consumes_1_and_2', 'consume_1_or_2_with_dataset_expressions', 'conditional_dataset_and_time_based_timetable' retrieved from /home/airflow/.local/lib/python3.12/site-packages/airflow/example_dags/example_datasets.py
[2024-04-27T14:07:31.446+0000] {logging_mixin.py:188} INFO - [2024-04-27T14:07:31.445+0000] {dag.py:3096} INFO - Sync 10 DAGs
[2024-04-27T14:07:31.525+0000] {logging_mixin.py:188} INFO - [2024-04-27T14:07:31.524+0000] {dag.py:3954} INFO - Setting next_dagrun for conditional_dataset_and_time_based_timetable to 2024-04-24 01:00:00+00:00, run_after=2024-04-24 01:00:00+00:00
[2024-04-27T14:07:31.543+0000] {logging_mixin.py:188} INFO - [2024-04-27T14:07:31.542+0000] {dag.py:3954} INFO - Setting next_dagrun for consume_1_and_2_with_dataset_expressions to None, run_after=None
[2024-04-27T14:07:31.546+0000] {logging_mixin.py:188} INFO - [2024-04-27T14:07:31.545+0000] {dag.py:3954} INFO - Setting next_dagrun for consume_1_or_2_with_dataset_expressions to None, run_after=None
[2024-04-27T14:07:31.549+0000] {logging_mixin.py:188} INFO - [2024-04-27T14:07:31.549+0000] {dag.py:3954} INFO - Setting next_dagrun for consume_1_or_both_2_and_3_with_dataset_expressions to None, run_after=None
[2024-04-27T14:07:31.552+0000] {logging_mixin.py:188} INFO - [2024-04-27T14:07:31.552+0000] {dag.py:3954} INFO - Setting next_dagrun for dataset_consumes_1 to None, run_after=None
[2024-04-27T14:07:31.556+0000] {logging_mixin.py:188} INFO - [2024-04-27T14:07:31.556+0000] {dag.py:3954} INFO - Setting next_dagrun for dataset_consumes_1_and_2 to None, run_after=None
[2024-04-27T14:07:31.560+0000] {logging_mixin.py:188} INFO - [2024-04-27T14:07:31.559+0000] {dag.py:3954} INFO - Setting next_dagrun for dataset_consumes_1_never_scheduled to None, run_after=None
[2024-04-27T14:07:31.562+0000] {logging_mixin.py:188} INFO - [2024-04-27T14:07:31.562+0000] {dag.py:3954} INFO - Setting next_dagrun for dataset_consumes_unknown_never_scheduled to None, run_after=None
[2024-04-27T14:07:31.567+0000] {logging_mixin.py:188} INFO - [2024-04-27T14:07:31.566+0000] {dag.py:3954} INFO - Setting next_dagrun for dataset_produces_1 to 2024-04-26 00:00:00+00:00, run_after=2024-04-27 00:00:00+00:00
[2024-04-27T14:07:31.570+0000] {logging_mixin.py:188} INFO - [2024-04-27T14:07:31.569+0000] {dag.py:3954} INFO - Setting next_dagrun for dataset_produces_2 to None, run_after=None
[2024-04-27T14:07:31.698+0000] {processor.py:183} INFO - Processing /home/airflow/.local/lib/python3.12/site-packages/airflow/example_dags/example_datasets.py took 0.642 seconds
[2024-04-27T14:08:08.009+0000] {processor.py:161} INFO - Started process (PID=214) to work on /home/airflow/.local/lib/python3.12/site-packages/airflow/example_dags/example_datasets.py
[2024-04-27T14:08:08.012+0000] {processor.py:830} INFO - Processing file /home/airflow/.local/lib/python3.12/site-packages/airflow/example_dags/example_datasets.py for tasks to queue
[2024-04-27T14:08:08.019+0000] {logging_mixin.py:188} INFO - [2024-04-27T14:08:08.018+0000] {dagbag.py:540} INFO - Filling up the DagBag from /home/airflow/.local/lib/python3.12/site-packages/airflow/example_dags/example_datasets.py
[2024-04-27T14:08:08.111+0000] {processor.py:840} INFO - DAG(s) 'consume_1_or_2_with_dataset_expressions', 'dataset_consumes_unknown_never_scheduled', 'consume_1_and_2_with_dataset_expressions', 'consume_1_or_both_2_and_3_with_dataset_expressions', 'dataset_produces_2', 'dataset_consumes_1', 'dataset_consumes_1_and_2', 'conditional_dataset_and_time_based_timetable', 'dataset_consumes_1_never_scheduled', 'dataset_produces_1' retrieved from /home/airflow/.local/lib/python3.12/site-packages/airflow/example_dags/example_datasets.py
[2024-04-27T14:08:08.261+0000] {logging_mixin.py:188} INFO - [2024-04-27T14:08:08.260+0000] {dag.py:3096} INFO - Sync 10 DAGs
[2024-04-27T14:08:08.321+0000] {logging_mixin.py:188} INFO - [2024-04-27T14:08:08.321+0000] {dag.py:3954} INFO - Setting next_dagrun for conditional_dataset_and_time_based_timetable to 2024-04-24 01:00:00+00:00, run_after=2024-04-24 01:00:00+00:00
[2024-04-27T14:08:08.329+0000] {logging_mixin.py:188} INFO - [2024-04-27T14:08:08.329+0000] {dag.py:3954} INFO - Setting next_dagrun for consume_1_and_2_with_dataset_expressions to None, run_after=None
[2024-04-27T14:08:08.333+0000] {logging_mixin.py:188} INFO - [2024-04-27T14:08:08.333+0000] {dag.py:3954} INFO - Setting next_dagrun for consume_1_or_2_with_dataset_expressions to None, run_after=None
[2024-04-27T14:08:08.336+0000] {logging_mixin.py:188} INFO - [2024-04-27T14:08:08.336+0000] {dag.py:3954} INFO - Setting next_dagrun for consume_1_or_both_2_and_3_with_dataset_expressions to None, run_after=None
[2024-04-27T14:08:08.339+0000] {logging_mixin.py:188} INFO - [2024-04-27T14:08:08.339+0000] {dag.py:3954} INFO - Setting next_dagrun for dataset_consumes_1 to None, run_after=None
[2024-04-27T14:08:08.342+0000] {logging_mixin.py:188} INFO - [2024-04-27T14:08:08.342+0000] {dag.py:3954} INFO - Setting next_dagrun for dataset_consumes_1_and_2 to None, run_after=None
[2024-04-27T14:08:08.345+0000] {logging_mixin.py:188} INFO - [2024-04-27T14:08:08.345+0000] {dag.py:3954} INFO - Setting next_dagrun for dataset_consumes_1_never_scheduled to None, run_after=None
[2024-04-27T14:08:08.349+0000] {logging_mixin.py:188} INFO - [2024-04-27T14:08:08.349+0000] {dag.py:3954} INFO - Setting next_dagrun for dataset_consumes_unknown_never_scheduled to None, run_after=None
[2024-04-27T14:08:08.354+0000] {logging_mixin.py:188} INFO - [2024-04-27T14:08:08.354+0000] {dag.py:3954} INFO - Setting next_dagrun for dataset_produces_1 to 2024-04-26 00:00:00+00:00, run_after=2024-04-27 00:00:00+00:00
[2024-04-27T14:08:08.357+0000] {logging_mixin.py:188} INFO - [2024-04-27T14:08:08.357+0000] {dag.py:3954} INFO - Setting next_dagrun for dataset_produces_2 to None, run_after=None
[2024-04-27T14:08:08.589+0000] {processor.py:183} INFO - Processing /home/airflow/.local/lib/python3.12/site-packages/airflow/example_dags/example_datasets.py took 0.608 seconds
[2024-04-27T14:08:39.602+0000] {processor.py:161} INFO - Started process (PID=268) to work on /home/airflow/.local/lib/python3.12/site-packages/airflow/example_dags/example_datasets.py
[2024-04-27T14:08:39.605+0000] {processor.py:830} INFO - Processing file /home/airflow/.local/lib/python3.12/site-packages/airflow/example_dags/example_datasets.py for tasks to queue
[2024-04-27T14:08:39.610+0000] {logging_mixin.py:188} INFO - [2024-04-27T14:08:39.608+0000] {dagbag.py:540} INFO - Filling up the DagBag from /home/airflow/.local/lib/python3.12/site-packages/airflow/example_dags/example_datasets.py
[2024-04-27T14:08:39.667+0000] {processor.py:840} INFO - DAG(s) 'consume_1_and_2_with_dataset_expressions', 'consume_1_or_both_2_and_3_with_dataset_expressions', 'conditional_dataset_and_time_based_timetable', 'dataset_consumes_unknown_never_scheduled', 'dataset_consumes_1', 'dataset_consumes_1_and_2', 'dataset_produces_2', 'consume_1_or_2_with_dataset_expressions', 'dataset_consumes_1_never_scheduled', 'dataset_produces_1' retrieved from /home/airflow/.local/lib/python3.12/site-packages/airflow/example_dags/example_datasets.py
[2024-04-27T14:08:39.931+0000] {logging_mixin.py:188} INFO - [2024-04-27T14:08:39.930+0000] {dag.py:3096} INFO - Sync 10 DAGs
[2024-04-27T14:08:40.071+0000] {logging_mixin.py:188} INFO - [2024-04-27T14:08:40.070+0000] {dag.py:3954} INFO - Setting next_dagrun for conditional_dataset_and_time_based_timetable to 2024-04-24 01:00:00+00:00, run_after=2024-04-24 01:00:00+00:00
[2024-04-27T14:08:40.109+0000] {logging_mixin.py:188} INFO - [2024-04-27T14:08:40.108+0000] {dag.py:3954} INFO - Setting next_dagrun for consume_1_and_2_with_dataset_expressions to None, run_after=None
[2024-04-27T14:08:40.114+0000] {logging_mixin.py:188} INFO - [2024-04-27T14:08:40.113+0000] {dag.py:3954} INFO - Setting next_dagrun for consume_1_or_2_with_dataset_expressions to None, run_after=None
[2024-04-27T14:08:40.124+0000] {logging_mixin.py:188} INFO - [2024-04-27T14:08:40.120+0000] {dag.py:3954} INFO - Setting next_dagrun for consume_1_or_both_2_and_3_with_dataset_expressions to None, run_after=None
[2024-04-27T14:08:40.130+0000] {logging_mixin.py:188} INFO - [2024-04-27T14:08:40.129+0000] {dag.py:3954} INFO - Setting next_dagrun for dataset_consumes_1 to None, run_after=None
[2024-04-27T14:08:40.134+0000] {logging_mixin.py:188} INFO - [2024-04-27T14:08:40.133+0000] {dag.py:3954} INFO - Setting next_dagrun for dataset_consumes_1_and_2 to None, run_after=None
[2024-04-27T14:08:40.138+0000] {logging_mixin.py:188} INFO - [2024-04-27T14:08:40.137+0000] {dag.py:3954} INFO - Setting next_dagrun for dataset_consumes_1_never_scheduled to None, run_after=None
[2024-04-27T14:08:40.142+0000] {logging_mixin.py:188} INFO - [2024-04-27T14:08:40.142+0000] {dag.py:3954} INFO - Setting next_dagrun for dataset_consumes_unknown_never_scheduled to None, run_after=None
[2024-04-27T14:08:40.153+0000] {logging_mixin.py:188} INFO - [2024-04-27T14:08:40.152+0000] {dag.py:3954} INFO - Setting next_dagrun for dataset_produces_1 to 2024-04-26 00:00:00+00:00, run_after=2024-04-27 00:00:00+00:00
[2024-04-27T14:08:40.156+0000] {logging_mixin.py:188} INFO - [2024-04-27T14:08:40.156+0000] {dag.py:3954} INFO - Setting next_dagrun for dataset_produces_2 to None, run_after=None
[2024-04-27T14:08:40.349+0000] {processor.py:183} INFO - Processing /home/airflow/.local/lib/python3.12/site-packages/airflow/example_dags/example_datasets.py took 0.767 seconds
[2024-04-27T14:09:13.438+0000] {processor.py:161} INFO - Started process (PID=322) to work on /home/airflow/.local/lib/python3.12/site-packages/airflow/example_dags/example_datasets.py
[2024-04-27T14:09:13.440+0000] {processor.py:830} INFO - Processing file /home/airflow/.local/lib/python3.12/site-packages/airflow/example_dags/example_datasets.py for tasks to queue
[2024-04-27T14:09:13.444+0000] {logging_mixin.py:188} INFO - [2024-04-27T14:09:13.443+0000] {dagbag.py:540} INFO - Filling up the DagBag from /home/airflow/.local/lib/python3.12/site-packages/airflow/example_dags/example_datasets.py
[2024-04-27T14:09:13.500+0000] {processor.py:840} INFO - DAG(s) 'dataset_produces_1', 'dataset_consumes_1_and_2', 'consume_1_and_2_with_dataset_expressions', 'dataset_consumes_1_never_scheduled', 'conditional_dataset_and_time_based_timetable', 'consume_1_or_2_with_dataset_expressions', 'dataset_consumes_1', 'dataset_produces_2', 'dataset_consumes_unknown_never_scheduled', 'consume_1_or_both_2_and_3_with_dataset_expressions' retrieved from /home/airflow/.local/lib/python3.12/site-packages/airflow/example_dags/example_datasets.py
[2024-04-27T14:09:13.631+0000] {logging_mixin.py:188} INFO - [2024-04-27T14:09:13.631+0000] {dag.py:3096} INFO - Sync 10 DAGs
[2024-04-27T14:09:13.712+0000] {logging_mixin.py:188} INFO - [2024-04-27T14:09:13.712+0000] {dag.py:3954} INFO - Setting next_dagrun for conditional_dataset_and_time_based_timetable to 2024-04-24 01:00:00+00:00, run_after=2024-04-24 01:00:00+00:00
[2024-04-27T14:09:13.732+0000] {logging_mixin.py:188} INFO - [2024-04-27T14:09:13.731+0000] {dag.py:3954} INFO - Setting next_dagrun for consume_1_and_2_with_dataset_expressions to None, run_after=None
[2024-04-27T14:09:13.737+0000] {logging_mixin.py:188} INFO - [2024-04-27T14:09:13.736+0000] {dag.py:3954} INFO - Setting next_dagrun for consume_1_or_2_with_dataset_expressions to None, run_after=None
[2024-04-27T14:09:13.741+0000] {logging_mixin.py:188} INFO - [2024-04-27T14:09:13.740+0000] {dag.py:3954} INFO - Setting next_dagrun for consume_1_or_both_2_and_3_with_dataset_expressions to None, run_after=None
[2024-04-27T14:09:13.745+0000] {logging_mixin.py:188} INFO - [2024-04-27T14:09:13.744+0000] {dag.py:3954} INFO - Setting next_dagrun for dataset_consumes_1 to None, run_after=None
[2024-04-27T14:09:13.749+0000] {logging_mixin.py:188} INFO - [2024-04-27T14:09:13.748+0000] {dag.py:3954} INFO - Setting next_dagrun for dataset_consumes_1_and_2 to None, run_after=None
[2024-04-27T14:09:13.755+0000] {logging_mixin.py:188} INFO - [2024-04-27T14:09:13.754+0000] {dag.py:3954} INFO - Setting next_dagrun for dataset_consumes_1_never_scheduled to None, run_after=None
[2024-04-27T14:09:13.758+0000] {logging_mixin.py:188} INFO - [2024-04-27T14:09:13.758+0000] {dag.py:3954} INFO - Setting next_dagrun for dataset_consumes_unknown_never_scheduled to None, run_after=None
[2024-04-27T14:09:13.766+0000] {logging_mixin.py:188} INFO - [2024-04-27T14:09:13.765+0000] {dag.py:3954} INFO - Setting next_dagrun for dataset_produces_1 to 2024-04-26 00:00:00+00:00, run_after=2024-04-27 00:00:00+00:00
[2024-04-27T14:09:13.770+0000] {logging_mixin.py:188} INFO - [2024-04-27T14:09:13.769+0000] {dag.py:3954} INFO - Setting next_dagrun for dataset_produces_2 to None, run_after=None
[2024-04-27T14:09:14.069+0000] {processor.py:183} INFO - Processing /home/airflow/.local/lib/python3.12/site-packages/airflow/example_dags/example_datasets.py took 0.646 seconds
[2024-04-27T14:09:44.707+0000] {processor.py:161} INFO - Started process (PID=374) to work on /home/airflow/.local/lib/python3.12/site-packages/airflow/example_dags/example_datasets.py
[2024-04-27T14:09:44.709+0000] {processor.py:830} INFO - Processing file /home/airflow/.local/lib/python3.12/site-packages/airflow/example_dags/example_datasets.py for tasks to queue
[2024-04-27T14:09:44.713+0000] {logging_mixin.py:188} INFO - [2024-04-27T14:09:44.712+0000] {dagbag.py:540} INFO - Filling up the DagBag from /home/airflow/.local/lib/python3.12/site-packages/airflow/example_dags/example_datasets.py
[2024-04-27T14:09:44.745+0000] {processor.py:840} INFO - DAG(s) 'dataset_consumes_1_never_scheduled', 'dataset_consumes_1', 'dataset_consumes_1_and_2', 'consume_1_and_2_with_dataset_expressions', 'dataset_consumes_unknown_never_scheduled', 'dataset_produces_2', 'conditional_dataset_and_time_based_timetable', 'consume_1_or_2_with_dataset_expressions', 'consume_1_or_both_2_and_3_with_dataset_expressions', 'dataset_produces_1' retrieved from /home/airflow/.local/lib/python3.12/site-packages/airflow/example_dags/example_datasets.py
[2024-04-27T14:09:44.863+0000] {logging_mixin.py:188} INFO - [2024-04-27T14:09:44.863+0000] {dag.py:3096} INFO - Sync 10 DAGs
[2024-04-27T14:09:44.934+0000] {logging_mixin.py:188} INFO - [2024-04-27T14:09:44.934+0000] {dag.py:3954} INFO - Setting next_dagrun for conditional_dataset_and_time_based_timetable to 2024-04-24 01:00:00+00:00, run_after=2024-04-24 01:00:00+00:00
[2024-04-27T14:09:44.942+0000] {logging_mixin.py:188} INFO - [2024-04-27T14:09:44.942+0000] {dag.py:3954} INFO - Setting next_dagrun for consume_1_and_2_with_dataset_expressions to None, run_after=None
[2024-04-27T14:09:44.945+0000] {logging_mixin.py:188} INFO - [2024-04-27T14:09:44.944+0000] {dag.py:3954} INFO - Setting next_dagrun for consume_1_or_2_with_dataset_expressions to None, run_after=None
[2024-04-27T14:09:44.948+0000] {logging_mixin.py:188} INFO - [2024-04-27T14:09:44.947+0000] {dag.py:3954} INFO - Setting next_dagrun for consume_1_or_both_2_and_3_with_dataset_expressions to None, run_after=None
[2024-04-27T14:09:44.951+0000] {logging_mixin.py:188} INFO - [2024-04-27T14:09:44.950+0000] {dag.py:3954} INFO - Setting next_dagrun for dataset_consumes_1 to None, run_after=None
[2024-04-27T14:09:44.953+0000] {logging_mixin.py:188} INFO - [2024-04-27T14:09:44.953+0000] {dag.py:3954} INFO - Setting next_dagrun for dataset_consumes_1_and_2 to None, run_after=None
[2024-04-27T14:09:44.956+0000] {logging_mixin.py:188} INFO - [2024-04-27T14:09:44.956+0000] {dag.py:3954} INFO - Setting next_dagrun for dataset_consumes_1_never_scheduled to None, run_after=None
[2024-04-27T14:09:44.959+0000] {logging_mixin.py:188} INFO - [2024-04-27T14:09:44.959+0000] {dag.py:3954} INFO - Setting next_dagrun for dataset_consumes_unknown_never_scheduled to None, run_after=None
[2024-04-27T14:09:44.965+0000] {logging_mixin.py:188} INFO - [2024-04-27T14:09:44.965+0000] {dag.py:3954} INFO - Setting next_dagrun for dataset_produces_1 to 2024-04-26 00:00:00+00:00, run_after=2024-04-27 00:00:00+00:00
[2024-04-27T14:09:44.968+0000] {logging_mixin.py:188} INFO - [2024-04-27T14:09:44.967+0000] {dag.py:3954} INFO - Setting next_dagrun for dataset_produces_2 to None, run_after=None
[2024-04-27T14:09:45.082+0000] {processor.py:183} INFO - Processing /home/airflow/.local/lib/python3.12/site-packages/airflow/example_dags/example_datasets.py took 0.388 seconds
[2024-04-27T14:10:16.478+0000] {processor.py:161} INFO - Started process (PID=425) to work on /home/airflow/.local/lib/python3.12/site-packages/airflow/example_dags/example_datasets.py
[2024-04-27T14:10:16.480+0000] {processor.py:830} INFO - Processing file /home/airflow/.local/lib/python3.12/site-packages/airflow/example_dags/example_datasets.py for tasks to queue
[2024-04-27T14:10:16.495+0000] {logging_mixin.py:188} INFO - [2024-04-27T14:10:16.494+0000] {dagbag.py:540} INFO - Filling up the DagBag from /home/airflow/.local/lib/python3.12/site-packages/airflow/example_dags/example_datasets.py
[2024-04-27T14:10:16.623+0000] {processor.py:840} INFO - DAG(s) 'dataset_consumes_1', 'consume_1_or_both_2_and_3_with_dataset_expressions', 'consume_1_and_2_with_dataset_expressions', 'conditional_dataset_and_time_based_timetable', 'dataset_consumes_1_and_2', 'dataset_consumes_1_never_scheduled', 'dataset_produces_2', 'consume_1_or_2_with_dataset_expressions', 'dataset_consumes_unknown_never_scheduled', 'dataset_produces_1' retrieved from /home/airflow/.local/lib/python3.12/site-packages/airflow/example_dags/example_datasets.py
[2024-04-27T14:10:16.866+0000] {logging_mixin.py:188} INFO - [2024-04-27T14:10:16.865+0000] {dag.py:3096} INFO - Sync 10 DAGs
[2024-04-27T14:10:16.933+0000] {logging_mixin.py:188} INFO - [2024-04-27T14:10:16.933+0000] {dag.py:3954} INFO - Setting next_dagrun for conditional_dataset_and_time_based_timetable to 2024-04-24 01:00:00+00:00, run_after=2024-04-24 01:00:00+00:00
[2024-04-27T14:10:16.940+0000] {logging_mixin.py:188} INFO - [2024-04-27T14:10:16.940+0000] {dag.py:3954} INFO - Setting next_dagrun for consume_1_and_2_with_dataset_expressions to None, run_after=None
[2024-04-27T14:10:16.943+0000] {logging_mixin.py:188} INFO - [2024-04-27T14:10:16.943+0000] {dag.py:3954} INFO - Setting next_dagrun for consume_1_or_2_with_dataset_expressions to None, run_after=None
[2024-04-27T14:10:16.946+0000] {logging_mixin.py:188} INFO - [2024-04-27T14:10:16.946+0000] {dag.py:3954} INFO - Setting next_dagrun for consume_1_or_both_2_and_3_with_dataset_expressions to None, run_after=None
[2024-04-27T14:10:16.949+0000] {logging_mixin.py:188} INFO - [2024-04-27T14:10:16.949+0000] {dag.py:3954} INFO - Setting next_dagrun for dataset_consumes_1 to None, run_after=None
[2024-04-27T14:10:16.952+0000] {logging_mixin.py:188} INFO - [2024-04-27T14:10:16.951+0000] {dag.py:3954} INFO - Setting next_dagrun for dataset_consumes_1_and_2 to None, run_after=None
[2024-04-27T14:10:16.955+0000] {logging_mixin.py:188} INFO - [2024-04-27T14:10:16.954+0000] {dag.py:3954} INFO - Setting next_dagrun for dataset_consumes_1_never_scheduled to None, run_after=None
[2024-04-27T14:10:16.958+0000] {logging_mixin.py:188} INFO - [2024-04-27T14:10:16.958+0000] {dag.py:3954} INFO - Setting next_dagrun for dataset_consumes_unknown_never_scheduled to None, run_after=None
[2024-04-27T14:10:16.963+0000] {logging_mixin.py:188} INFO - [2024-04-27T14:10:16.963+0000] {dag.py:3954} INFO - Setting next_dagrun for dataset_produces_1 to 2024-04-26 00:00:00+00:00, run_after=2024-04-27 00:00:00+00:00
[2024-04-27T14:10:16.966+0000] {logging_mixin.py:188} INFO - [2024-04-27T14:10:16.966+0000] {dag.py:3954} INFO - Setting next_dagrun for dataset_produces_2 to None, run_after=None
[2024-04-27T14:10:17.112+0000] {processor.py:183} INFO - Processing /home/airflow/.local/lib/python3.12/site-packages/airflow/example_dags/example_datasets.py took 0.669 seconds
[2024-04-27T14:10:48.488+0000] {processor.py:161} INFO - Started process (PID=479) to work on /home/airflow/.local/lib/python3.12/site-packages/airflow/example_dags/example_datasets.py
[2024-04-27T14:10:48.517+0000] {processor.py:830} INFO - Processing file /home/airflow/.local/lib/python3.12/site-packages/airflow/example_dags/example_datasets.py for tasks to queue
[2024-04-27T14:10:48.523+0000] {logging_mixin.py:188} INFO - [2024-04-27T14:10:48.522+0000] {dagbag.py:540} INFO - Filling up the DagBag from /home/airflow/.local/lib/python3.12/site-packages/airflow/example_dags/example_datasets.py
[2024-04-27T14:10:48.838+0000] {processor.py:840} INFO - DAG(s) 'conditional_dataset_and_time_based_timetable', 'dataset_produces_1', 'consume_1_or_2_with_dataset_expressions', 'dataset_produces_2', 'consume_1_or_both_2_and_3_with_dataset_expressions', 'dataset_consumes_1_and_2', 'dataset_consumes_1_never_scheduled', 'dataset_consumes_1', 'consume_1_and_2_with_dataset_expressions', 'dataset_consumes_unknown_never_scheduled' retrieved from /home/airflow/.local/lib/python3.12/site-packages/airflow/example_dags/example_datasets.py
[2024-04-27T14:10:48.966+0000] {logging_mixin.py:188} INFO - [2024-04-27T14:10:48.966+0000] {dag.py:3096} INFO - Sync 10 DAGs
[2024-04-27T14:10:49.032+0000] {logging_mixin.py:188} INFO - [2024-04-27T14:10:49.031+0000] {dag.py:3954} INFO - Setting next_dagrun for conditional_dataset_and_time_based_timetable to 2024-04-24 01:00:00+00:00, run_after=2024-04-24 01:00:00+00:00
[2024-04-27T14:10:49.042+0000] {logging_mixin.py:188} INFO - [2024-04-27T14:10:49.041+0000] {dag.py:3954} INFO - Setting next_dagrun for consume_1_and_2_with_dataset_expressions to None, run_after=None
[2024-04-27T14:10:49.052+0000] {logging_mixin.py:188} INFO - [2024-04-27T14:10:49.051+0000] {dag.py:3954} INFO - Setting next_dagrun for consume_1_or_2_with_dataset_expressions to None, run_after=None
[2024-04-27T14:10:49.055+0000] {logging_mixin.py:188} INFO - [2024-04-27T14:10:49.054+0000] {dag.py:3954} INFO - Setting next_dagrun for consume_1_or_both_2_and_3_with_dataset_expressions to None, run_after=None
[2024-04-27T14:10:49.058+0000] {logging_mixin.py:188} INFO - [2024-04-27T14:10:49.057+0000] {dag.py:3954} INFO - Setting next_dagrun for dataset_consumes_1 to None, run_after=None
[2024-04-27T14:10:49.062+0000] {logging_mixin.py:188} INFO - [2024-04-27T14:10:49.061+0000] {dag.py:3954} INFO - Setting next_dagrun for dataset_consumes_1_and_2 to None, run_after=None
[2024-04-27T14:10:49.065+0000] {logging_mixin.py:188} INFO - [2024-04-27T14:10:49.065+0000] {dag.py:3954} INFO - Setting next_dagrun for dataset_consumes_1_never_scheduled to None, run_after=None
[2024-04-27T14:10:49.069+0000] {logging_mixin.py:188} INFO - [2024-04-27T14:10:49.068+0000] {dag.py:3954} INFO - Setting next_dagrun for dataset_consumes_unknown_never_scheduled to None, run_after=None
[2024-04-27T14:10:49.076+0000] {logging_mixin.py:188} INFO - [2024-04-27T14:10:49.075+0000] {dag.py:3954} INFO - Setting next_dagrun for dataset_produces_1 to 2024-04-26 00:00:00+00:00, run_after=2024-04-27 00:00:00+00:00
[2024-04-27T14:10:49.078+0000] {logging_mixin.py:188} INFO - [2024-04-27T14:10:49.078+0000] {dag.py:3954} INFO - Setting next_dagrun for dataset_produces_2 to None, run_after=None
[2024-04-27T14:10:49.287+0000] {processor.py:183} INFO - Processing /home/airflow/.local/lib/python3.12/site-packages/airflow/example_dags/example_datasets.py took 0.809 seconds
[2024-04-27T14:11:21.603+0000] {processor.py:161} INFO - Started process (PID=533) to work on /home/airflow/.local/lib/python3.12/site-packages/airflow/example_dags/example_datasets.py
[2024-04-27T14:11:21.660+0000] {processor.py:830} INFO - Processing file /home/airflow/.local/lib/python3.12/site-packages/airflow/example_dags/example_datasets.py for tasks to queue
[2024-04-27T14:11:21.829+0000] {logging_mixin.py:188} INFO - [2024-04-27T14:11:21.795+0000] {dagbag.py:540} INFO - Filling up the DagBag from /home/airflow/.local/lib/python3.12/site-packages/airflow/example_dags/example_datasets.py
[2024-04-27T14:11:22.177+0000] {processor.py:840} INFO - DAG(s) 'dataset_consumes_1', 'conditional_dataset_and_time_based_timetable', 'consume_1_and_2_with_dataset_expressions', 'consume_1_or_2_with_dataset_expressions', 'consume_1_or_both_2_and_3_with_dataset_expressions', 'dataset_consumes_1_never_scheduled', 'dataset_consumes_unknown_never_scheduled', 'dataset_produces_2', 'dataset_produces_1', 'dataset_consumes_1_and_2' retrieved from /home/airflow/.local/lib/python3.12/site-packages/airflow/example_dags/example_datasets.py
[2024-04-27T14:11:22.408+0000] {logging_mixin.py:188} INFO - [2024-04-27T14:11:22.407+0000] {dag.py:3096} INFO - Sync 10 DAGs
[2024-04-27T14:11:22.474+0000] {logging_mixin.py:188} INFO - [2024-04-27T14:11:22.474+0000] {dag.py:3954} INFO - Setting next_dagrun for conditional_dataset_and_time_based_timetable to 2024-04-24 01:00:00+00:00, run_after=2024-04-24 01:00:00+00:00
[2024-04-27T14:11:22.487+0000] {logging_mixin.py:188} INFO - [2024-04-27T14:11:22.487+0000] {dag.py:3954} INFO - Setting next_dagrun for consume_1_and_2_with_dataset_expressions to None, run_after=None
[2024-04-27T14:11:22.491+0000] {logging_mixin.py:188} INFO - [2024-04-27T14:11:22.491+0000] {dag.py:3954} INFO - Setting next_dagrun for consume_1_or_2_with_dataset_expressions to None, run_after=None
[2024-04-27T14:11:22.495+0000] {logging_mixin.py:188} INFO - [2024-04-27T14:11:22.494+0000] {dag.py:3954} INFO - Setting next_dagrun for consume_1_or_both_2_and_3_with_dataset_expressions to None, run_after=None
[2024-04-27T14:11:22.502+0000] {logging_mixin.py:188} INFO - [2024-04-27T14:11:22.501+0000] {dag.py:3954} INFO - Setting next_dagrun for dataset_consumes_1 to None, run_after=None
[2024-04-27T14:11:22.506+0000] {logging_mixin.py:188} INFO - [2024-04-27T14:11:22.505+0000] {dag.py:3954} INFO - Setting next_dagrun for dataset_consumes_1_and_2 to None, run_after=None
[2024-04-27T14:11:22.510+0000] {logging_mixin.py:188} INFO - [2024-04-27T14:11:22.510+0000] {dag.py:3954} INFO - Setting next_dagrun for dataset_consumes_1_never_scheduled to None, run_after=None
[2024-04-27T14:11:22.517+0000] {logging_mixin.py:188} INFO - [2024-04-27T14:11:22.516+0000] {dag.py:3954} INFO - Setting next_dagrun for dataset_consumes_unknown_never_scheduled to None, run_after=None
[2024-04-27T14:11:22.525+0000] {logging_mixin.py:188} INFO - [2024-04-27T14:11:22.524+0000] {dag.py:3954} INFO - Setting next_dagrun for dataset_produces_1 to 2024-04-26 00:00:00+00:00, run_after=2024-04-27 00:00:00+00:00
[2024-04-27T14:11:22.528+0000] {logging_mixin.py:188} INFO - [2024-04-27T14:11:22.527+0000] {dag.py:3954} INFO - Setting next_dagrun for dataset_produces_2 to None, run_after=None
[2024-04-27T14:11:22.917+0000] {processor.py:183} INFO - Processing /home/airflow/.local/lib/python3.12/site-packages/airflow/example_dags/example_datasets.py took 1.603 seconds
[2024-04-27T14:11:53.673+0000] {processor.py:161} INFO - Started process (PID=587) to work on /home/airflow/.local/lib/python3.12/site-packages/airflow/example_dags/example_datasets.py
[2024-04-27T14:11:53.675+0000] {processor.py:830} INFO - Processing file /home/airflow/.local/lib/python3.12/site-packages/airflow/example_dags/example_datasets.py for tasks to queue
[2024-04-27T14:11:53.708+0000] {logging_mixin.py:188} INFO - [2024-04-27T14:11:53.707+0000] {dagbag.py:540} INFO - Filling up the DagBag from /home/airflow/.local/lib/python3.12/site-packages/airflow/example_dags/example_datasets.py
[2024-04-27T14:11:54.041+0000] {processor.py:840} INFO - DAG(s) 'consume_1_and_2_with_dataset_expressions', 'dataset_consumes_1_never_scheduled', 'dataset_consumes_unknown_never_scheduled', 'consume_1_or_both_2_and_3_with_dataset_expressions', 'dataset_produces_1', 'conditional_dataset_and_time_based_timetable', 'dataset_consumes_1_and_2', 'consume_1_or_2_with_dataset_expressions', 'dataset_consumes_1', 'dataset_produces_2' retrieved from /home/airflow/.local/lib/python3.12/site-packages/airflow/example_dags/example_datasets.py
[2024-04-27T14:11:54.141+0000] {logging_mixin.py:188} INFO - [2024-04-27T14:11:54.141+0000] {dag.py:3096} INFO - Sync 10 DAGs
[2024-04-27T14:11:54.189+0000] {logging_mixin.py:188} INFO - [2024-04-27T14:11:54.189+0000] {dag.py:3954} INFO - Setting next_dagrun for conditional_dataset_and_time_based_timetable to 2024-04-24 01:00:00+00:00, run_after=2024-04-24 01:00:00+00:00
[2024-04-27T14:11:54.196+0000] {logging_mixin.py:188} INFO - [2024-04-27T14:11:54.196+0000] {dag.py:3954} INFO - Setting next_dagrun for consume_1_and_2_with_dataset_expressions to None, run_after=None
[2024-04-27T14:11:54.199+0000] {logging_mixin.py:188} INFO - [2024-04-27T14:11:54.198+0000] {dag.py:3954} INFO - Setting next_dagrun for consume_1_or_2_with_dataset_expressions to None, run_after=None
[2024-04-27T14:11:54.201+0000] {logging_mixin.py:188} INFO - [2024-04-27T14:11:54.201+0000] {dag.py:3954} INFO - Setting next_dagrun for consume_1_or_both_2_and_3_with_dataset_expressions to None, run_after=None
[2024-04-27T14:11:54.203+0000] {logging_mixin.py:188} INFO - [2024-04-27T14:11:54.203+0000] {dag.py:3954} INFO - Setting next_dagrun for dataset_consumes_1 to None, run_after=None
[2024-04-27T14:11:54.206+0000] {logging_mixin.py:188} INFO - [2024-04-27T14:11:54.206+0000] {dag.py:3954} INFO - Setting next_dagrun for dataset_consumes_1_and_2 to None, run_after=None
[2024-04-27T14:11:54.209+0000] {logging_mixin.py:188} INFO - [2024-04-27T14:11:54.208+0000] {dag.py:3954} INFO - Setting next_dagrun for dataset_consumes_1_never_scheduled to None, run_after=None
[2024-04-27T14:11:54.211+0000] {logging_mixin.py:188} INFO - [2024-04-27T14:11:54.211+0000] {dag.py:3954} INFO - Setting next_dagrun for dataset_consumes_unknown_never_scheduled to None, run_after=None
[2024-04-27T14:11:54.215+0000] {logging_mixin.py:188} INFO - [2024-04-27T14:11:54.215+0000] {dag.py:3954} INFO - Setting next_dagrun for dataset_produces_1 to 2024-04-26 00:00:00+00:00, run_after=2024-04-27 00:00:00+00:00
[2024-04-27T14:11:54.218+0000] {logging_mixin.py:188} INFO - [2024-04-27T14:11:54.218+0000] {dag.py:3954} INFO - Setting next_dagrun for dataset_produces_2 to None, run_after=None
[2024-04-27T14:11:54.397+0000] {processor.py:183} INFO - Processing /home/airflow/.local/lib/python3.12/site-packages/airflow/example_dags/example_datasets.py took 0.740 seconds
[2024-04-27T14:12:30.477+0000] {processor.py:161} INFO - Started process (PID=641) to work on /home/airflow/.local/lib/python3.12/site-packages/airflow/example_dags/example_datasets.py
[2024-04-27T14:12:30.492+0000] {processor.py:830} INFO - Processing file /home/airflow/.local/lib/python3.12/site-packages/airflow/example_dags/example_datasets.py for tasks to queue
[2024-04-27T14:12:30.557+0000] {logging_mixin.py:188} INFO - [2024-04-27T14:12:30.556+0000] {dagbag.py:540} INFO - Filling up the DagBag from /home/airflow/.local/lib/python3.12/site-packages/airflow/example_dags/example_datasets.py
[2024-04-27T14:12:31.410+0000] {processor.py:840} INFO - DAG(s) 'consume_1_or_both_2_and_3_with_dataset_expressions', 'dataset_produces_2', 'dataset_produces_1', 'consume_1_and_2_with_dataset_expressions', 'conditional_dataset_and_time_based_timetable', 'dataset_consumes_1_never_scheduled', 'dataset_consumes_unknown_never_scheduled', 'dataset_consumes_1', 'dataset_consumes_1_and_2', 'consume_1_or_2_with_dataset_expressions' retrieved from /home/airflow/.local/lib/python3.12/site-packages/airflow/example_dags/example_datasets.py
[2024-04-27T14:12:33.293+0000] {logging_mixin.py:188} INFO - [2024-04-27T14:12:33.292+0000] {dag.py:3096} INFO - Sync 10 DAGs
