[2024-04-27T14:06:53.698+0000] {processor.py:161} INFO - Started process (PID=90) to work on /home/airflow/.local/lib/python3.12/site-packages/airflow/example_dags/example_branch_python_dop_operator_3.py
[2024-04-27T14:06:53.701+0000] {processor.py:830} INFO - Processing file /home/airflow/.local/lib/python3.12/site-packages/airflow/example_dags/example_branch_python_dop_operator_3.py for tasks to queue
[2024-04-27T14:06:53.705+0000] {logging_mixin.py:188} INFO - [2024-04-27T14:06:53.705+0000] {dagbag.py:540} INFO - Filling up the DagBag from /home/airflow/.local/lib/python3.12/site-packages/airflow/example_dags/example_branch_python_dop_operator_3.py
[2024-04-27T14:06:53.750+0000] {processor.py:840} INFO - DAG(s) 'example_branch_dop_operator_v3' retrieved from /home/airflow/.local/lib/python3.12/site-packages/airflow/example_dags/example_branch_python_dop_operator_3.py
[2024-04-27T14:06:54.083+0000] {logging_mixin.py:188} INFO - [2024-04-27T14:06:54.082+0000] {dag.py:3096} INFO - Sync 1 DAGs
[2024-04-27T14:06:54.141+0000] {logging_mixin.py:188} INFO - [2024-04-27T14:06:54.140+0000] {dag.py:3954} INFO - Setting next_dagrun for example_branch_dop_operator_v3 to 2024-04-27 14:05:00+00:00, run_after=2024-04-27 14:06:00+00:00
[2024-04-27T14:06:54.204+0000] {processor.py:183} INFO - Processing /home/airflow/.local/lib/python3.12/site-packages/airflow/example_dags/example_branch_python_dop_operator_3.py took 0.529 seconds
[2024-04-27T14:07:27.152+0000] {processor.py:161} INFO - Started process (PID=145) to work on /home/airflow/.local/lib/python3.12/site-packages/airflow/example_dags/example_branch_python_dop_operator_3.py
[2024-04-27T14:07:27.157+0000] {processor.py:830} INFO - Processing file /home/airflow/.local/lib/python3.12/site-packages/airflow/example_dags/example_branch_python_dop_operator_3.py for tasks to queue
[2024-04-27T14:07:27.162+0000] {logging_mixin.py:188} INFO - [2024-04-27T14:07:27.161+0000] {dagbag.py:540} INFO - Filling up the DagBag from /home/airflow/.local/lib/python3.12/site-packages/airflow/example_dags/example_branch_python_dop_operator_3.py
[2024-04-27T14:07:27.187+0000] {processor.py:840} INFO - DAG(s) 'example_branch_dop_operator_v3' retrieved from /home/airflow/.local/lib/python3.12/site-packages/airflow/example_dags/example_branch_python_dop_operator_3.py
[2024-04-27T14:07:27.250+0000] {logging_mixin.py:188} INFO - [2024-04-27T14:07:27.250+0000] {dag.py:3096} INFO - Sync 1 DAGs
[2024-04-27T14:07:27.332+0000] {logging_mixin.py:188} INFO - [2024-04-27T14:07:27.331+0000] {dag.py:3954} INFO - Setting next_dagrun for example_branch_dop_operator_v3 to 2024-04-27 14:06:00+00:00, run_after=2024-04-27 14:07:00+00:00
[2024-04-27T14:07:27.403+0000] {processor.py:183} INFO - Processing /home/airflow/.local/lib/python3.12/site-packages/airflow/example_dags/example_branch_python_dop_operator_3.py took 0.264 seconds
[2024-04-27T14:08:01.794+0000] {processor.py:161} INFO - Started process (PID=199) to work on /home/airflow/.local/lib/python3.12/site-packages/airflow/example_dags/example_branch_python_dop_operator_3.py
[2024-04-27T14:08:01.811+0000] {processor.py:830} INFO - Processing file /home/airflow/.local/lib/python3.12/site-packages/airflow/example_dags/example_branch_python_dop_operator_3.py for tasks to queue
[2024-04-27T14:08:01.857+0000] {logging_mixin.py:188} INFO - [2024-04-27T14:08:01.845+0000] {dagbag.py:540} INFO - Filling up the DagBag from /home/airflow/.local/lib/python3.12/site-packages/airflow/example_dags/example_branch_python_dop_operator_3.py
[2024-04-27T14:08:01.951+0000] {processor.py:840} INFO - DAG(s) 'example_branch_dop_operator_v3' retrieved from /home/airflow/.local/lib/python3.12/site-packages/airflow/example_dags/example_branch_python_dop_operator_3.py
[2024-04-27T14:08:02.076+0000] {logging_mixin.py:188} INFO - [2024-04-27T14:08:02.066+0000] {dag.py:3096} INFO - Sync 1 DAGs
[2024-04-27T14:08:02.298+0000] {logging_mixin.py:188} INFO - [2024-04-27T14:08:02.297+0000] {dag.py:3954} INFO - Setting next_dagrun for example_branch_dop_operator_v3 to 2024-04-27 14:07:00+00:00, run_after=2024-04-27 14:08:00+00:00
[2024-04-27T14:08:02.400+0000] {processor.py:183} INFO - Processing /home/airflow/.local/lib/python3.12/site-packages/airflow/example_dags/example_branch_python_dop_operator_3.py took 0.637 seconds
[2024-04-27T14:08:35.527+0000] {processor.py:161} INFO - Started process (PID=253) to work on /home/airflow/.local/lib/python3.12/site-packages/airflow/example_dags/example_branch_python_dop_operator_3.py
[2024-04-27T14:08:35.599+0000] {processor.py:830} INFO - Processing file /home/airflow/.local/lib/python3.12/site-packages/airflow/example_dags/example_branch_python_dop_operator_3.py for tasks to queue
[2024-04-27T14:08:35.603+0000] {logging_mixin.py:188} INFO - [2024-04-27T14:08:35.602+0000] {dagbag.py:540} INFO - Filling up the DagBag from /home/airflow/.local/lib/python3.12/site-packages/airflow/example_dags/example_branch_python_dop_operator_3.py
[2024-04-27T14:08:35.636+0000] {processor.py:840} INFO - DAG(s) 'example_branch_dop_operator_v3' retrieved from /home/airflow/.local/lib/python3.12/site-packages/airflow/example_dags/example_branch_python_dop_operator_3.py
[2024-04-27T14:08:35.671+0000] {logging_mixin.py:188} INFO - [2024-04-27T14:08:35.671+0000] {dag.py:3096} INFO - Sync 1 DAGs
[2024-04-27T14:08:35.712+0000] {logging_mixin.py:188} INFO - [2024-04-27T14:08:35.712+0000] {dag.py:3954} INFO - Setting next_dagrun for example_branch_dop_operator_v3 to 2024-04-27 14:07:00+00:00, run_after=2024-04-27 14:08:00+00:00
[2024-04-27T14:08:35.894+0000] {processor.py:183} INFO - Processing /home/airflow/.local/lib/python3.12/site-packages/airflow/example_dags/example_branch_python_dop_operator_3.py took 0.376 seconds
[2024-04-27T14:09:06.805+0000] {processor.py:161} INFO - Started process (PID=305) to work on /home/airflow/.local/lib/python3.12/site-packages/airflow/example_dags/example_branch_python_dop_operator_3.py
[2024-04-27T14:09:06.806+0000] {processor.py:830} INFO - Processing file /home/airflow/.local/lib/python3.12/site-packages/airflow/example_dags/example_branch_python_dop_operator_3.py for tasks to queue
[2024-04-27T14:09:06.813+0000] {logging_mixin.py:188} INFO - [2024-04-27T14:09:06.812+0000] {dagbag.py:540} INFO - Filling up the DagBag from /home/airflow/.local/lib/python3.12/site-packages/airflow/example_dags/example_branch_python_dop_operator_3.py
[2024-04-27T14:09:06.833+0000] {processor.py:840} INFO - DAG(s) 'example_branch_dop_operator_v3' retrieved from /home/airflow/.local/lib/python3.12/site-packages/airflow/example_dags/example_branch_python_dop_operator_3.py
[2024-04-27T14:09:07.018+0000] {logging_mixin.py:188} INFO - [2024-04-27T14:09:07.017+0000] {dag.py:3096} INFO - Sync 1 DAGs
[2024-04-27T14:09:07.058+0000] {logging_mixin.py:188} INFO - [2024-04-27T14:09:07.057+0000] {dag.py:3954} INFO - Setting next_dagrun for example_branch_dop_operator_v3 to 2024-04-27 14:08:00+00:00, run_after=2024-04-27 14:09:00+00:00
[2024-04-27T14:09:07.254+0000] {processor.py:183} INFO - Processing /home/airflow/.local/lib/python3.12/site-packages/airflow/example_dags/example_branch_python_dop_operator_3.py took 0.459 seconds
[2024-04-27T14:09:39.239+0000] {processor.py:161} INFO - Started process (PID=358) to work on /home/airflow/.local/lib/python3.12/site-packages/airflow/example_dags/example_branch_python_dop_operator_3.py
[2024-04-27T14:09:39.243+0000] {processor.py:830} INFO - Processing file /home/airflow/.local/lib/python3.12/site-packages/airflow/example_dags/example_branch_python_dop_operator_3.py for tasks to queue
[2024-04-27T14:09:39.248+0000] {logging_mixin.py:188} INFO - [2024-04-27T14:09:39.247+0000] {dagbag.py:540} INFO - Filling up the DagBag from /home/airflow/.local/lib/python3.12/site-packages/airflow/example_dags/example_branch_python_dop_operator_3.py
[2024-04-27T14:09:39.280+0000] {processor.py:840} INFO - DAG(s) 'example_branch_dop_operator_v3' retrieved from /home/airflow/.local/lib/python3.12/site-packages/airflow/example_dags/example_branch_python_dop_operator_3.py
[2024-04-27T14:09:39.327+0000] {logging_mixin.py:188} INFO - [2024-04-27T14:09:39.326+0000] {dag.py:3096} INFO - Sync 1 DAGs
[2024-04-27T14:09:39.396+0000] {logging_mixin.py:188} INFO - [2024-04-27T14:09:39.396+0000] {dag.py:3954} INFO - Setting next_dagrun for example_branch_dop_operator_v3 to 2024-04-27 14:08:00+00:00, run_after=2024-04-27 14:09:00+00:00
[2024-04-27T14:09:39.452+0000] {processor.py:183} INFO - Processing /home/airflow/.local/lib/python3.12/site-packages/airflow/example_dags/example_branch_python_dop_operator_3.py took 0.229 seconds
[2024-04-27T14:10:12.581+0000] {processor.py:161} INFO - Started process (PID=412) to work on /home/airflow/.local/lib/python3.12/site-packages/airflow/example_dags/example_branch_python_dop_operator_3.py
[2024-04-27T14:10:12.583+0000] {processor.py:830} INFO - Processing file /home/airflow/.local/lib/python3.12/site-packages/airflow/example_dags/example_branch_python_dop_operator_3.py for tasks to queue
[2024-04-27T14:10:12.588+0000] {logging_mixin.py:188} INFO - [2024-04-27T14:10:12.587+0000] {dagbag.py:540} INFO - Filling up the DagBag from /home/airflow/.local/lib/python3.12/site-packages/airflow/example_dags/example_branch_python_dop_operator_3.py
[2024-04-27T14:10:12.620+0000] {processor.py:840} INFO - DAG(s) 'example_branch_dop_operator_v3' retrieved from /home/airflow/.local/lib/python3.12/site-packages/airflow/example_dags/example_branch_python_dop_operator_3.py
[2024-04-27T14:10:12.690+0000] {logging_mixin.py:188} INFO - [2024-04-27T14:10:12.688+0000] {dag.py:3096} INFO - Sync 1 DAGs
[2024-04-27T14:10:12.779+0000] {logging_mixin.py:188} INFO - [2024-04-27T14:10:12.778+0000] {dag.py:3954} INFO - Setting next_dagrun for example_branch_dop_operator_v3 to 2024-04-27 14:09:00+00:00, run_after=2024-04-27 14:10:00+00:00
[2024-04-27T14:10:12.838+0000] {processor.py:183} INFO - Processing /home/airflow/.local/lib/python3.12/site-packages/airflow/example_dags/example_branch_python_dop_operator_3.py took 0.279 seconds
[2024-04-27T14:10:42.960+0000] {processor.py:161} INFO - Started process (PID=466) to work on /home/airflow/.local/lib/python3.12/site-packages/airflow/example_dags/example_branch_python_dop_operator_3.py
[2024-04-27T14:10:42.962+0000] {processor.py:830} INFO - Processing file /home/airflow/.local/lib/python3.12/site-packages/airflow/example_dags/example_branch_python_dop_operator_3.py for tasks to queue
[2024-04-27T14:10:42.968+0000] {logging_mixin.py:188} INFO - [2024-04-27T14:10:42.967+0000] {dagbag.py:540} INFO - Filling up the DagBag from /home/airflow/.local/lib/python3.12/site-packages/airflow/example_dags/example_branch_python_dop_operator_3.py
[2024-04-27T14:10:43.028+0000] {processor.py:840} INFO - DAG(s) 'example_branch_dop_operator_v3' retrieved from /home/airflow/.local/lib/python3.12/site-packages/airflow/example_dags/example_branch_python_dop_operator_3.py
[2024-04-27T14:10:43.262+0000] {logging_mixin.py:188} INFO - [2024-04-27T14:10:43.259+0000] {dag.py:3096} INFO - Sync 1 DAGs
[2024-04-27T14:10:43.399+0000] {logging_mixin.py:188} INFO - [2024-04-27T14:10:43.399+0000] {dag.py:3954} INFO - Setting next_dagrun for example_branch_dop_operator_v3 to 2024-04-27 14:09:00+00:00, run_after=2024-04-27 14:10:00+00:00
[2024-04-27T14:10:43.621+0000] {processor.py:183} INFO - Processing /home/airflow/.local/lib/python3.12/site-packages/airflow/example_dags/example_branch_python_dop_operator_3.py took 0.735 seconds
[2024-04-27T14:11:17.363+0000] {processor.py:161} INFO - Started process (PID=523) to work on /home/airflow/.local/lib/python3.12/site-packages/airflow/example_dags/example_branch_python_dop_operator_3.py
[2024-04-27T14:11:17.366+0000] {processor.py:830} INFO - Processing file /home/airflow/.local/lib/python3.12/site-packages/airflow/example_dags/example_branch_python_dop_operator_3.py for tasks to queue
[2024-04-27T14:11:17.377+0000] {logging_mixin.py:188} INFO - [2024-04-27T14:11:17.371+0000] {dagbag.py:540} INFO - Filling up the DagBag from /home/airflow/.local/lib/python3.12/site-packages/airflow/example_dags/example_branch_python_dop_operator_3.py
[2024-04-27T14:11:17.410+0000] {processor.py:840} INFO - DAG(s) 'example_branch_dop_operator_v3' retrieved from /home/airflow/.local/lib/python3.12/site-packages/airflow/example_dags/example_branch_python_dop_operator_3.py
[2024-04-27T14:11:17.485+0000] {logging_mixin.py:188} INFO - [2024-04-27T14:11:17.485+0000] {dag.py:3096} INFO - Sync 1 DAGs
[2024-04-27T14:11:17.589+0000] {logging_mixin.py:188} INFO - [2024-04-27T14:11:17.589+0000] {dag.py:3954} INFO - Setting next_dagrun for example_branch_dop_operator_v3 to 2024-04-27 14:10:00+00:00, run_after=2024-04-27 14:11:00+00:00
[2024-04-27T14:11:17.659+0000] {processor.py:183} INFO - Processing /home/airflow/.local/lib/python3.12/site-packages/airflow/example_dags/example_branch_python_dop_operator_3.py took 0.330 seconds
[2024-04-27T14:11:52.556+0000] {processor.py:161} INFO - Started process (PID=580) to work on /home/airflow/.local/lib/python3.12/site-packages/airflow/example_dags/example_branch_python_dop_operator_3.py
[2024-04-27T14:11:52.558+0000] {processor.py:830} INFO - Processing file /home/airflow/.local/lib/python3.12/site-packages/airflow/example_dags/example_branch_python_dop_operator_3.py for tasks to queue
[2024-04-27T14:11:52.563+0000] {logging_mixin.py:188} INFO - [2024-04-27T14:11:52.562+0000] {dagbag.py:540} INFO - Filling up the DagBag from /home/airflow/.local/lib/python3.12/site-packages/airflow/example_dags/example_branch_python_dop_operator_3.py
[2024-04-27T14:11:52.590+0000] {processor.py:840} INFO - DAG(s) 'example_branch_dop_operator_v3' retrieved from /home/airflow/.local/lib/python3.12/site-packages/airflow/example_dags/example_branch_python_dop_operator_3.py
[2024-04-27T14:11:52.644+0000] {logging_mixin.py:188} INFO - [2024-04-27T14:11:52.643+0000] {dag.py:3096} INFO - Sync 1 DAGs
[2024-04-27T14:11:52.703+0000] {logging_mixin.py:188} INFO - [2024-04-27T14:11:52.702+0000] {dag.py:3954} INFO - Setting next_dagrun for example_branch_dop_operator_v3 to 2024-04-27 14:10:00+00:00, run_after=2024-04-27 14:11:00+00:00
[2024-04-27T14:11:52.764+0000] {processor.py:183} INFO - Processing /home/airflow/.local/lib/python3.12/site-packages/airflow/example_dags/example_branch_python_dop_operator_3.py took 0.224 seconds
[2024-04-27T14:12:24.337+0000] {processor.py:161} INFO - Started process (PID=635) to work on /home/airflow/.local/lib/python3.12/site-packages/airflow/example_dags/example_branch_python_dop_operator_3.py
[2024-04-27T14:12:24.341+0000] {processor.py:830} INFO - Processing file /home/airflow/.local/lib/python3.12/site-packages/airflow/example_dags/example_branch_python_dop_operator_3.py for tasks to queue
[2024-04-27T14:12:24.357+0000] {logging_mixin.py:188} INFO - [2024-04-27T14:12:24.356+0000] {dagbag.py:540} INFO - Filling up the DagBag from /home/airflow/.local/lib/python3.12/site-packages/airflow/example_dags/example_branch_python_dop_operator_3.py
[2024-04-27T14:12:24.440+0000] {processor.py:840} INFO - DAG(s) 'example_branch_dop_operator_v3' retrieved from /home/airflow/.local/lib/python3.12/site-packages/airflow/example_dags/example_branch_python_dop_operator_3.py
[2024-04-27T14:12:24.652+0000] {logging_mixin.py:188} INFO - [2024-04-27T14:12:24.651+0000] {dag.py:3096} INFO - Sync 1 DAGs
[2024-04-27T14:12:24.979+0000] {logging_mixin.py:188} INFO - [2024-04-27T14:12:24.978+0000] {dag.py:3954} INFO - Setting next_dagrun for example_branch_dop_operator_v3 to 2024-04-27 14:11:00+00:00, run_after=2024-04-27 14:12:00+00:00
[2024-04-27T14:12:25.513+0000] {processor.py:183} INFO - Processing /home/airflow/.local/lib/python3.12/site-packages/airflow/example_dags/example_branch_python_dop_operator_3.py took 1.231 seconds
