[2024-04-27T14:06:25.728+0000] {processor.py:161} INFO - Started process (PID=63) to work on /home/airflow/.local/lib/python3.12/site-packages/airflow/example_dags/tutorial_dag.py
[2024-04-27T14:06:25.730+0000] {processor.py:830} INFO - Processing file /home/airflow/.local/lib/python3.12/site-packages/airflow/example_dags/tutorial_dag.py for tasks to queue
[2024-04-27T14:06:25.735+0000] {logging_mixin.py:188} INFO - [2024-04-27T14:06:25.734+0000] {dagbag.py:540} INFO - Filling up the DagBag from /home/airflow/.local/lib/python3.12/site-packages/airflow/example_dags/tutorial_dag.py
[2024-04-27T14:06:25.753+0000] {processor.py:840} INFO - DAG(s) 'tutorial_dag' retrieved from /home/airflow/.local/lib/python3.12/site-packages/airflow/example_dags/tutorial_dag.py
[2024-04-27T14:06:26.799+0000] {logging_mixin.py:188} INFO - [2024-04-27T14:06:26.798+0000] {dag.py:3096} INFO - Sync 1 DAGs
[2024-04-27T14:06:26.958+0000] {logging_mixin.py:188} INFO - [2024-04-27T14:06:26.957+0000] {dag.py:3954} INFO - Setting next_dagrun for tutorial_dag to None, run_after=None
[2024-04-27T14:06:27.209+0000] {processor.py:183} INFO - Processing /home/airflow/.local/lib/python3.12/site-packages/airflow/example_dags/tutorial_dag.py took 1.515 seconds
[2024-04-27T14:07:04.877+0000] {processor.py:161} INFO - Started process (PID=117) to work on /home/airflow/.local/lib/python3.12/site-packages/airflow/example_dags/tutorial_dag.py
[2024-04-27T14:07:04.880+0000] {processor.py:830} INFO - Processing file /home/airflow/.local/lib/python3.12/site-packages/airflow/example_dags/tutorial_dag.py for tasks to queue
[2024-04-27T14:07:04.884+0000] {logging_mixin.py:188} INFO - [2024-04-27T14:07:04.884+0000] {dagbag.py:540} INFO - Filling up the DagBag from /home/airflow/.local/lib/python3.12/site-packages/airflow/example_dags/tutorial_dag.py
[2024-04-27T14:07:04.901+0000] {processor.py:840} INFO - DAG(s) 'tutorial_dag' retrieved from /home/airflow/.local/lib/python3.12/site-packages/airflow/example_dags/tutorial_dag.py
[2024-04-27T14:07:04.959+0000] {logging_mixin.py:188} INFO - [2024-04-27T14:07:04.959+0000] {dag.py:3096} INFO - Sync 1 DAGs
[2024-04-27T14:07:05.006+0000] {logging_mixin.py:188} INFO - [2024-04-27T14:07:05.005+0000] {dag.py:3954} INFO - Setting next_dagrun for tutorial_dag to None, run_after=None
[2024-04-27T14:07:05.109+0000] {processor.py:183} INFO - Processing /home/airflow/.local/lib/python3.12/site-packages/airflow/example_dags/tutorial_dag.py took 0.248 seconds
[2024-04-27T14:07:40.783+0000] {processor.py:161} INFO - Started process (PID=169) to work on /home/airflow/.local/lib/python3.12/site-packages/airflow/example_dags/tutorial_dag.py
[2024-04-27T14:07:40.790+0000] {processor.py:830} INFO - Processing file /home/airflow/.local/lib/python3.12/site-packages/airflow/example_dags/tutorial_dag.py for tasks to queue
[2024-04-27T14:07:40.804+0000] {logging_mixin.py:188} INFO - [2024-04-27T14:07:40.795+0000] {dagbag.py:540} INFO - Filling up the DagBag from /home/airflow/.local/lib/python3.12/site-packages/airflow/example_dags/tutorial_dag.py
[2024-04-27T14:07:40.840+0000] {processor.py:840} INFO - DAG(s) 'tutorial_dag' retrieved from /home/airflow/.local/lib/python3.12/site-packages/airflow/example_dags/tutorial_dag.py
[2024-04-27T14:07:40.982+0000] {logging_mixin.py:188} INFO - [2024-04-27T14:07:40.981+0000] {dag.py:3096} INFO - Sync 1 DAGs
[2024-04-27T14:07:41.075+0000] {logging_mixin.py:188} INFO - [2024-04-27T14:07:41.075+0000] {dag.py:3954} INFO - Setting next_dagrun for tutorial_dag to None, run_after=None
[2024-04-27T14:07:41.141+0000] {processor.py:183} INFO - Processing /home/airflow/.local/lib/python3.12/site-packages/airflow/example_dags/tutorial_dag.py took 0.393 seconds
[2024-04-27T14:08:11.761+0000] {processor.py:161} INFO - Started process (PID=223) to work on /home/airflow/.local/lib/python3.12/site-packages/airflow/example_dags/tutorial_dag.py
[2024-04-27T14:08:11.765+0000] {processor.py:830} INFO - Processing file /home/airflow/.local/lib/python3.12/site-packages/airflow/example_dags/tutorial_dag.py for tasks to queue
[2024-04-27T14:08:11.775+0000] {logging_mixin.py:188} INFO - [2024-04-27T14:08:11.774+0000] {dagbag.py:540} INFO - Filling up the DagBag from /home/airflow/.local/lib/python3.12/site-packages/airflow/example_dags/tutorial_dag.py
[2024-04-27T14:08:11.794+0000] {processor.py:840} INFO - DAG(s) 'tutorial_dag' retrieved from /home/airflow/.local/lib/python3.12/site-packages/airflow/example_dags/tutorial_dag.py
[2024-04-27T14:08:11.897+0000] {logging_mixin.py:188} INFO - [2024-04-27T14:08:11.897+0000] {dag.py:3096} INFO - Sync 1 DAGs
[2024-04-27T14:08:12.031+0000] {logging_mixin.py:188} INFO - [2024-04-27T14:08:12.031+0000] {dag.py:3954} INFO - Setting next_dagrun for tutorial_dag to None, run_after=None
[2024-04-27T14:08:12.152+0000] {processor.py:183} INFO - Processing /home/airflow/.local/lib/python3.12/site-packages/airflow/example_dags/tutorial_dag.py took 0.446 seconds
[2024-04-27T14:08:42.930+0000] {processor.py:161} INFO - Started process (PID=277) to work on /home/airflow/.local/lib/python3.12/site-packages/airflow/example_dags/tutorial_dag.py
[2024-04-27T14:08:42.933+0000] {processor.py:830} INFO - Processing file /home/airflow/.local/lib/python3.12/site-packages/airflow/example_dags/tutorial_dag.py for tasks to queue
[2024-04-27T14:08:42.939+0000] {logging_mixin.py:188} INFO - [2024-04-27T14:08:42.939+0000] {dagbag.py:540} INFO - Filling up the DagBag from /home/airflow/.local/lib/python3.12/site-packages/airflow/example_dags/tutorial_dag.py
[2024-04-27T14:08:42.951+0000] {processor.py:840} INFO - DAG(s) 'tutorial_dag' retrieved from /home/airflow/.local/lib/python3.12/site-packages/airflow/example_dags/tutorial_dag.py
[2024-04-27T14:08:43.002+0000] {logging_mixin.py:188} INFO - [2024-04-27T14:08:43.001+0000] {dag.py:3096} INFO - Sync 1 DAGs
[2024-04-27T14:08:43.092+0000] {logging_mixin.py:188} INFO - [2024-04-27T14:08:43.092+0000] {dag.py:3954} INFO - Setting next_dagrun for tutorial_dag to None, run_after=None
[2024-04-27T14:08:43.310+0000] {processor.py:183} INFO - Processing /home/airflow/.local/lib/python3.12/site-packages/airflow/example_dags/tutorial_dag.py took 0.392 seconds
[2024-04-27T14:09:16.565+0000] {processor.py:161} INFO - Started process (PID=331) to work on /home/airflow/.local/lib/python3.12/site-packages/airflow/example_dags/tutorial_dag.py
[2024-04-27T14:09:16.567+0000] {processor.py:830} INFO - Processing file /home/airflow/.local/lib/python3.12/site-packages/airflow/example_dags/tutorial_dag.py for tasks to queue
[2024-04-27T14:09:16.572+0000] {logging_mixin.py:188} INFO - [2024-04-27T14:09:16.571+0000] {dagbag.py:540} INFO - Filling up the DagBag from /home/airflow/.local/lib/python3.12/site-packages/airflow/example_dags/tutorial_dag.py
[2024-04-27T14:09:16.586+0000] {processor.py:840} INFO - DAG(s) 'tutorial_dag' retrieved from /home/airflow/.local/lib/python3.12/site-packages/airflow/example_dags/tutorial_dag.py
[2024-04-27T14:09:16.662+0000] {logging_mixin.py:188} INFO - [2024-04-27T14:09:16.662+0000] {dag.py:3096} INFO - Sync 1 DAGs
[2024-04-27T14:09:16.726+0000] {logging_mixin.py:188} INFO - [2024-04-27T14:09:16.725+0000] {dag.py:3954} INFO - Setting next_dagrun for tutorial_dag to None, run_after=None
[2024-04-27T14:09:16.783+0000] {processor.py:183} INFO - Processing /home/airflow/.local/lib/python3.12/site-packages/airflow/example_dags/tutorial_dag.py took 0.237 seconds
[2024-04-27T14:09:47.114+0000] {processor.py:161} INFO - Started process (PID=385) to work on /home/airflow/.local/lib/python3.12/site-packages/airflow/example_dags/tutorial_dag.py
[2024-04-27T14:09:47.116+0000] {processor.py:830} INFO - Processing file /home/airflow/.local/lib/python3.12/site-packages/airflow/example_dags/tutorial_dag.py for tasks to queue
[2024-04-27T14:09:47.120+0000] {logging_mixin.py:188} INFO - [2024-04-27T14:09:47.120+0000] {dagbag.py:540} INFO - Filling up the DagBag from /home/airflow/.local/lib/python3.12/site-packages/airflow/example_dags/tutorial_dag.py
[2024-04-27T14:09:47.132+0000] {processor.py:840} INFO - DAG(s) 'tutorial_dag' retrieved from /home/airflow/.local/lib/python3.12/site-packages/airflow/example_dags/tutorial_dag.py
[2024-04-27T14:09:47.194+0000] {logging_mixin.py:188} INFO - [2024-04-27T14:09:47.193+0000] {dag.py:3096} INFO - Sync 1 DAGs
[2024-04-27T14:09:47.222+0000] {logging_mixin.py:188} INFO - [2024-04-27T14:09:47.221+0000] {dag.py:3954} INFO - Setting next_dagrun for tutorial_dag to None, run_after=None
[2024-04-27T14:09:47.412+0000] {processor.py:183} INFO - Processing /home/airflow/.local/lib/python3.12/site-packages/airflow/example_dags/tutorial_dag.py took 0.311 seconds
[2024-04-27T14:10:20.835+0000] {processor.py:161} INFO - Started process (PID=437) to work on /home/airflow/.local/lib/python3.12/site-packages/airflow/example_dags/tutorial_dag.py
[2024-04-27T14:10:20.840+0000] {processor.py:830} INFO - Processing file /home/airflow/.local/lib/python3.12/site-packages/airflow/example_dags/tutorial_dag.py for tasks to queue
[2024-04-27T14:10:20.849+0000] {logging_mixin.py:188} INFO - [2024-04-27T14:10:20.847+0000] {dagbag.py:540} INFO - Filling up the DagBag from /home/airflow/.local/lib/python3.12/site-packages/airflow/example_dags/tutorial_dag.py
[2024-04-27T14:10:20.868+0000] {processor.py:840} INFO - DAG(s) 'tutorial_dag' retrieved from /home/airflow/.local/lib/python3.12/site-packages/airflow/example_dags/tutorial_dag.py
[2024-04-27T14:10:20.956+0000] {logging_mixin.py:188} INFO - [2024-04-27T14:10:20.955+0000] {dag.py:3096} INFO - Sync 1 DAGs
[2024-04-27T14:10:21.010+0000] {logging_mixin.py:188} INFO - [2024-04-27T14:10:21.009+0000] {dag.py:3954} INFO - Setting next_dagrun for tutorial_dag to None, run_after=None
[2024-04-27T14:10:21.106+0000] {processor.py:183} INFO - Processing /home/airflow/.local/lib/python3.12/site-packages/airflow/example_dags/tutorial_dag.py took 0.303 seconds
[2024-04-27T14:10:52.628+0000] {processor.py:161} INFO - Started process (PID=491) to work on /home/airflow/.local/lib/python3.12/site-packages/airflow/example_dags/tutorial_dag.py
[2024-04-27T14:10:52.682+0000] {processor.py:830} INFO - Processing file /home/airflow/.local/lib/python3.12/site-packages/airflow/example_dags/tutorial_dag.py for tasks to queue
[2024-04-27T14:10:52.706+0000] {logging_mixin.py:188} INFO - [2024-04-27T14:10:52.704+0000] {dagbag.py:540} INFO - Filling up the DagBag from /home/airflow/.local/lib/python3.12/site-packages/airflow/example_dags/tutorial_dag.py
[2024-04-27T14:10:52.741+0000] {processor.py:840} INFO - DAG(s) 'tutorial_dag' retrieved from /home/airflow/.local/lib/python3.12/site-packages/airflow/example_dags/tutorial_dag.py
[2024-04-27T14:10:52.786+0000] {logging_mixin.py:188} INFO - [2024-04-27T14:10:52.785+0000] {dag.py:3096} INFO - Sync 1 DAGs
[2024-04-27T14:10:52.828+0000] {logging_mixin.py:188} INFO - [2024-04-27T14:10:52.828+0000] {dag.py:3954} INFO - Setting next_dagrun for tutorial_dag to None, run_after=None
[2024-04-27T14:10:52.899+0000] {processor.py:183} INFO - Processing /home/airflow/.local/lib/python3.12/site-packages/airflow/example_dags/tutorial_dag.py took 0.281 seconds
[2024-04-27T14:11:25.860+0000] {processor.py:161} INFO - Started process (PID=544) to work on /home/airflow/.local/lib/python3.12/site-packages/airflow/example_dags/tutorial_dag.py
[2024-04-27T14:11:25.864+0000] {processor.py:830} INFO - Processing file /home/airflow/.local/lib/python3.12/site-packages/airflow/example_dags/tutorial_dag.py for tasks to queue
[2024-04-27T14:11:25.868+0000] {logging_mixin.py:188} INFO - [2024-04-27T14:11:25.868+0000] {dagbag.py:540} INFO - Filling up the DagBag from /home/airflow/.local/lib/python3.12/site-packages/airflow/example_dags/tutorial_dag.py
[2024-04-27T14:11:25.884+0000] {processor.py:840} INFO - DAG(s) 'tutorial_dag' retrieved from /home/airflow/.local/lib/python3.12/site-packages/airflow/example_dags/tutorial_dag.py
[2024-04-27T14:11:25.940+0000] {logging_mixin.py:188} INFO - [2024-04-27T14:11:25.939+0000] {dag.py:3096} INFO - Sync 1 DAGs
[2024-04-27T14:11:25.979+0000] {logging_mixin.py:188} INFO - [2024-04-27T14:11:25.978+0000] {dag.py:3954} INFO - Setting next_dagrun for tutorial_dag to None, run_after=None
[2024-04-27T14:11:26.060+0000] {processor.py:183} INFO - Processing /home/airflow/.local/lib/python3.12/site-packages/airflow/example_dags/tutorial_dag.py took 0.217 seconds
[2024-04-27T14:11:58.985+0000] {processor.py:161} INFO - Started process (PID=598) to work on /home/airflow/.local/lib/python3.12/site-packages/airflow/example_dags/tutorial_dag.py
[2024-04-27T14:11:58.999+0000] {processor.py:830} INFO - Processing file /home/airflow/.local/lib/python3.12/site-packages/airflow/example_dags/tutorial_dag.py for tasks to queue
[2024-04-27T14:11:59.019+0000] {logging_mixin.py:188} INFO - [2024-04-27T14:11:59.018+0000] {dagbag.py:540} INFO - Filling up the DagBag from /home/airflow/.local/lib/python3.12/site-packages/airflow/example_dags/tutorial_dag.py
[2024-04-27T14:11:59.068+0000] {processor.py:840} INFO - DAG(s) 'tutorial_dag' retrieved from /home/airflow/.local/lib/python3.12/site-packages/airflow/example_dags/tutorial_dag.py
[2024-04-27T14:11:59.296+0000] {logging_mixin.py:188} INFO - [2024-04-27T14:11:59.295+0000] {dag.py:3096} INFO - Sync 1 DAGs
[2024-04-27T14:11:59.382+0000] {logging_mixin.py:188} INFO - [2024-04-27T14:11:59.381+0000] {dag.py:3954} INFO - Setting next_dagrun for tutorial_dag to None, run_after=None
[2024-04-27T14:11:59.466+0000] {processor.py:183} INFO - Processing /home/airflow/.local/lib/python3.12/site-packages/airflow/example_dags/tutorial_dag.py took 0.549 seconds
