[2024-04-23T07:58:15.537+0000] {local_task_job_runner.py:120} INFO - ::group::Pre task execution logs
[2024-04-23T07:58:15.866+0000] {taskinstance.py:2073} INFO - Dependencies all met for dep_context=non-requeueable deps ti=<TaskInstance: example_bash_operator.also_run_this scheduled__2024-04-22T00:00:00+00:00 [queued]>
[2024-04-23T07:58:16.026+0000] {taskinstance.py:2073} INFO - Dependencies all met for dep_context=requeueable deps ti=<TaskInstance: example_bash_operator.also_run_this scheduled__2024-04-22T00:00:00+00:00 [queued]>
[2024-04-23T07:58:16.045+0000] {taskinstance.py:2303} INFO - Starting attempt 1 of 1
[2024-04-23T07:58:16.236+0000] {taskinstance.py:2327} INFO - Executing <Task(BashOperator): also_run_this> on 2024-04-22 00:00:00+00:00
[2024-04-23T07:58:16.289+0000] {warnings.py:110} WARNING - /home/***/.local/lib/python3.12/site-packages/***/task/task_runner/standard_task_runner.py:61: DeprecationWarning: This process (pid=50) is multi-threaded, use of fork() may lead to deadlocks in the child.
  pid = os.fork()

[2024-04-23T07:58:16.297+0000] {standard_task_runner.py:63} INFO - Started process 57 to run task
[2024-04-23T07:58:16.369+0000] {standard_task_runner.py:90} INFO - Running: ['***', 'tasks', 'run', 'example_bash_operator', 'also_run_this', 'scheduled__2024-04-22T00:00:00+00:00', '--job-id', '6', '--raw', '--subdir', '/home/***/.local/lib/python3.12/site-packages/***/example_dags/example_bash_operator.py', '--cfg-path', '/tmp/tmpibkr3150']
[2024-04-23T07:58:16.426+0000] {standard_task_runner.py:91} INFO - Job 6: Subtask also_run_this
[2024-04-23T07:58:19.866+0000] {warnings.py:110} WARNING - /home/***/.local/lib/python3.12/site-packages/***/settings.py:195: DeprecationWarning: The sql_alchemy_conn option in [core] has been moved to the sql_alchemy_conn option in [database] - the old setting has been used, but please update your config.
  SQL_ALCHEMY_CONN = conf.get("database", "SQL_ALCHEMY_CONN")

[2024-04-23T07:58:20.099+0000] {task_command.py:426} INFO - Running <TaskInstance: example_bash_operator.also_run_this scheduled__2024-04-22T00:00:00+00:00 [running]> on host f479b9e1ab7c
[2024-04-23T07:58:22.674+0000] {taskinstance.py:2644} INFO - Exporting env vars: AIRFLOW_CTX_DAG_OWNER='***' AIRFLOW_CTX_DAG_ID='example_bash_operator' AIRFLOW_CTX_TASK_ID='also_run_this' AIRFLOW_CTX_EXECUTION_DATE='2024-04-22T00:00:00+00:00' AIRFLOW_CTX_TRY_NUMBER='1' AIRFLOW_CTX_DAG_RUN_ID='scheduled__2024-04-22T00:00:00+00:00'
[2024-04-23T07:58:22.694+0000] {taskinstance.py:430} INFO - ::endgroup::
[2024-04-23T07:58:22.704+0000] {subprocess.py:63} INFO - Tmp dir root location: /tmp
[2024-04-23T07:58:22.716+0000] {subprocess.py:75} INFO - Running command: ['/usr/bin/bash', '-c', 'echo "ti_key=example_bash_operator__also_run_this__20240422"']
[2024-04-23T07:58:22.808+0000] {subprocess.py:86} INFO - Output:
[2024-04-23T07:58:23.291+0000] {subprocess.py:93} INFO - ti_key=example_bash_operator__also_run_this__20240422
[2024-04-23T07:58:23.469+0000] {subprocess.py:97} INFO - Command exited with return code 0
[2024-04-23T07:58:24.036+0000] {taskinstance.py:441} INFO - ::group::Post task execution logs
[2024-04-23T07:58:24.707+0000] {taskinstance.py:1205} INFO - Marking task as SUCCESS. dag_id=example_bash_operator, task_id=also_run_this, execution_date=20240422T000000, start_date=20240423T075815, end_date=20240423T075824
[2024-04-23T07:58:26.822+0000] {local_task_job_runner.py:240} INFO - Task exited with return code 0
[2024-04-23T07:58:27.209+0000] {taskinstance.py:3482} INFO - 0 downstream tasks scheduled from follow-on schedule check
[2024-04-23T07:58:27.241+0000] {local_task_job_runner.py:222} INFO - ::endgroup::
