[2024-04-27T14:05:22.390+0000] {processor.py:161} INFO - Started process (PID=28) to work on /opt/airflow/dags/def_dag.py
[2024-04-27T14:05:22.532+0000] {processor.py:830} INFO - Processing file /opt/airflow/dags/def_dag.py for tasks to queue
[2024-04-27T14:05:23.878+0000] {logging_mixin.py:188} INFO - [2024-04-27T14:05:23.420+0000] {dagbag.py:540} INFO - Filling up the DagBag from /opt/airflow/dags/def_dag.py
[2024-04-27T14:05:24.436+0000] {processor.py:842} WARNING - No viable dags retrieved from /opt/airflow/dags/def_dag.py
[2024-04-27T14:05:27.477+0000] {processor.py:183} INFO - Processing /opt/airflow/dags/def_dag.py took 5.522 seconds
[2024-04-27T14:06:55.731+0000] {processor.py:161} INFO - Started process (PID=99) to work on /opt/airflow/dags/def_dag.py
[2024-04-27T14:06:55.738+0000] {processor.py:830} INFO - Processing file /opt/airflow/dags/def_dag.py for tasks to queue
[2024-04-27T14:06:55.746+0000] {logging_mixin.py:188} INFO - [2024-04-27T14:06:55.741+0000] {dagbag.py:540} INFO - Filling up the DagBag from /opt/airflow/dags/def_dag.py
[2024-04-27T14:06:55.803+0000] {processor.py:842} WARNING - No viable dags retrieved from /opt/airflow/dags/def_dag.py
[2024-04-27T14:06:55.904+0000] {processor.py:183} INFO - Processing /opt/airflow/dags/def_dag.py took 0.210 seconds
[2024-04-27T14:07:26.449+0000] {processor.py:161} INFO - Started process (PID=143) to work on /opt/airflow/dags/def_dag.py
[2024-04-27T14:07:26.451+0000] {processor.py:830} INFO - Processing file /opt/airflow/dags/def_dag.py for tasks to queue
[2024-04-27T14:07:26.459+0000] {logging_mixin.py:188} INFO - [2024-04-27T14:07:26.458+0000] {dagbag.py:540} INFO - Filling up the DagBag from /opt/airflow/dags/def_dag.py
[2024-04-27T14:07:26.495+0000] {processor.py:842} WARNING - No viable dags retrieved from /opt/airflow/dags/def_dag.py
[2024-04-27T14:07:26.540+0000] {processor.py:183} INFO - Processing /opt/airflow/dags/def_dag.py took 0.107 seconds
[2024-04-27T14:07:59.524+0000] {processor.py:161} INFO - Started process (PID=195) to work on /opt/airflow/dags/def_dag.py
[2024-04-27T14:07:59.526+0000] {processor.py:830} INFO - Processing file /opt/airflow/dags/def_dag.py for tasks to queue
[2024-04-27T14:07:59.531+0000] {logging_mixin.py:188} INFO - [2024-04-27T14:07:59.530+0000] {dagbag.py:540} INFO - Filling up the DagBag from /opt/airflow/dags/def_dag.py
[2024-04-27T14:07:59.578+0000] {processor.py:842} WARNING - No viable dags retrieved from /opt/airflow/dags/def_dag.py
[2024-04-27T14:07:59.680+0000] {processor.py:183} INFO - Processing /opt/airflow/dags/def_dag.py took 0.176 seconds
[2024-04-27T14:08:30.154+0000] {processor.py:161} INFO - Started process (PID=246) to work on /opt/airflow/dags/def_dag.py
[2024-04-27T14:08:30.164+0000] {processor.py:830} INFO - Processing file /opt/airflow/dags/def_dag.py for tasks to queue
[2024-04-27T14:08:30.173+0000] {logging_mixin.py:188} INFO - [2024-04-27T14:08:30.172+0000] {dagbag.py:540} INFO - Filling up the DagBag from /opt/airflow/dags/def_dag.py
[2024-04-27T14:08:30.997+0000] {processor.py:842} WARNING - No viable dags retrieved from /opt/airflow/dags/def_dag.py
[2024-04-27T14:08:31.057+0000] {processor.py:183} INFO - Processing /opt/airflow/dags/def_dag.py took 0.945 seconds
[2024-04-27T14:09:01.705+0000] {processor.py:161} INFO - Started process (PID=300) to work on /opt/airflow/dags/def_dag.py
[2024-04-27T14:09:01.710+0000] {processor.py:830} INFO - Processing file /opt/airflow/dags/def_dag.py for tasks to queue
[2024-04-27T14:09:01.720+0000] {logging_mixin.py:188} INFO - [2024-04-27T14:09:01.718+0000] {dagbag.py:540} INFO - Filling up the DagBag from /opt/airflow/dags/def_dag.py
[2024-04-27T14:09:01.760+0000] {processor.py:842} WARNING - No viable dags retrieved from /opt/airflow/dags/def_dag.py
[2024-04-27T14:09:01.874+0000] {processor.py:183} INFO - Processing /opt/airflow/dags/def_dag.py took 0.190 seconds
[2024-04-27T14:09:32.304+0000] {processor.py:161} INFO - Started process (PID=354) to work on /opt/airflow/dags/def_dag.py
[2024-04-27T14:09:32.311+0000] {processor.py:830} INFO - Processing file /opt/airflow/dags/def_dag.py for tasks to queue
[2024-04-27T14:09:32.320+0000] {logging_mixin.py:188} INFO - [2024-04-27T14:09:32.319+0000] {dagbag.py:540} INFO - Filling up the DagBag from /opt/airflow/dags/def_dag.py
[2024-04-27T14:09:32.367+0000] {processor.py:842} WARNING - No viable dags retrieved from /opt/airflow/dags/def_dag.py
[2024-04-27T14:09:32.435+0000] {processor.py:183} INFO - Processing /opt/airflow/dags/def_dag.py took 0.154 seconds
[2024-04-27T14:10:02.676+0000] {processor.py:161} INFO - Started process (PID=406) to work on /opt/airflow/dags/def_dag.py
[2024-04-27T14:10:02.681+0000] {processor.py:830} INFO - Processing file /opt/airflow/dags/def_dag.py for tasks to queue
[2024-04-27T14:10:02.686+0000] {logging_mixin.py:188} INFO - [2024-04-27T14:10:02.685+0000] {dagbag.py:540} INFO - Filling up the DagBag from /opt/airflow/dags/def_dag.py
[2024-04-27T14:10:02.789+0000] {processor.py:842} WARNING - No viable dags retrieved from /opt/airflow/dags/def_dag.py
[2024-04-27T14:10:02.833+0000] {processor.py:183} INFO - Processing /opt/airflow/dags/def_dag.py took 0.190 seconds
[2024-04-27T14:10:33.231+0000] {processor.py:161} INFO - Started process (PID=457) to work on /opt/airflow/dags/def_dag.py
[2024-04-27T14:10:33.233+0000] {processor.py:830} INFO - Processing file /opt/airflow/dags/def_dag.py for tasks to queue
[2024-04-27T14:10:33.236+0000] {logging_mixin.py:188} INFO - [2024-04-27T14:10:33.236+0000] {dagbag.py:540} INFO - Filling up the DagBag from /opt/airflow/dags/def_dag.py
[2024-04-27T14:10:33.254+0000] {processor.py:842} WARNING - No viable dags retrieved from /opt/airflow/dags/def_dag.py
[2024-04-27T14:10:33.418+0000] {processor.py:183} INFO - Processing /opt/airflow/dags/def_dag.py took 0.203 seconds
[2024-04-27T14:11:03.578+0000] {processor.py:161} INFO - Started process (PID=511) to work on /opt/airflow/dags/def_dag.py
[2024-04-27T14:11:03.582+0000] {processor.py:830} INFO - Processing file /opt/airflow/dags/def_dag.py for tasks to queue
[2024-04-27T14:11:03.586+0000] {logging_mixin.py:188} INFO - [2024-04-27T14:11:03.585+0000] {dagbag.py:540} INFO - Filling up the DagBag from /opt/airflow/dags/def_dag.py
[2024-04-27T14:11:03.607+0000] {processor.py:842} WARNING - No viable dags retrieved from /opt/airflow/dags/def_dag.py
[2024-04-27T14:11:03.634+0000] {processor.py:183} INFO - Processing /opt/airflow/dags/def_dag.py took 0.087 seconds
[2024-04-27T14:11:33.859+0000] {processor.py:161} INFO - Started process (PID=565) to work on /opt/airflow/dags/def_dag.py
[2024-04-27T14:11:33.866+0000] {processor.py:830} INFO - Processing file /opt/airflow/dags/def_dag.py for tasks to queue
[2024-04-27T14:11:33.871+0000] {logging_mixin.py:188} INFO - [2024-04-27T14:11:33.870+0000] {dagbag.py:540} INFO - Filling up the DagBag from /opt/airflow/dags/def_dag.py
[2024-04-27T14:11:33.922+0000] {processor.py:842} WARNING - No viable dags retrieved from /opt/airflow/dags/def_dag.py
[2024-04-27T14:11:33.982+0000] {processor.py:183} INFO - Processing /opt/airflow/dags/def_dag.py took 0.175 seconds
[2024-04-27T14:12:04.685+0000] {processor.py:161} INFO - Started process (PID=617) to work on /opt/airflow/dags/def_dag.py
[2024-04-27T14:12:04.688+0000] {processor.py:830} INFO - Processing file /opt/airflow/dags/def_dag.py for tasks to queue
[2024-04-27T14:12:04.693+0000] {logging_mixin.py:188} INFO - [2024-04-27T14:12:04.692+0000] {dagbag.py:540} INFO - Filling up the DagBag from /opt/airflow/dags/def_dag.py
[2024-04-27T14:12:04.715+0000] {processor.py:842} WARNING - No viable dags retrieved from /opt/airflow/dags/def_dag.py
[2024-04-27T14:12:04.753+0000] {processor.py:183} INFO - Processing /opt/airflow/dags/def_dag.py took 0.081 seconds
[2024-04-27T14:17:14.172+0000] {processor.py:161} INFO - Started process (PID=29) to work on /opt/airflow/dags/def_dag.py
[2024-04-27T14:17:14.468+0000] {processor.py:830} INFO - Processing file /opt/airflow/dags/def_dag.py for tasks to queue
[2024-04-27T14:17:14.478+0000] {logging_mixin.py:188} INFO - [2024-04-27T14:17:14.477+0000] {dagbag.py:540} INFO - Filling up the DagBag from /opt/airflow/dags/def_dag.py
[2024-04-27T14:17:17.045+0000] {processor.py:842} WARNING - No viable dags retrieved from /opt/airflow/dags/def_dag.py
[2024-04-27T14:17:21.791+0000] {processor.py:183} INFO - Processing /opt/airflow/dags/def_dag.py took 7.900 seconds
[2024-04-27T14:17:52.602+0000] {processor.py:161} INFO - Started process (PID=31) to work on /opt/airflow/dags/def_dag.py
[2024-04-27T14:17:52.621+0000] {processor.py:830} INFO - Processing file /opt/airflow/dags/def_dag.py for tasks to queue
[2024-04-27T14:17:52.702+0000] {logging_mixin.py:188} INFO - [2024-04-27T14:17:52.691+0000] {dagbag.py:540} INFO - Filling up the DagBag from /opt/airflow/dags/def_dag.py
[2024-04-27T14:17:52.824+0000] {processor.py:842} WARNING - No viable dags retrieved from /opt/airflow/dags/def_dag.py
[2024-04-27T14:17:53.076+0000] {processor.py:183} INFO - Processing /opt/airflow/dags/def_dag.py took 0.691 seconds
[2024-04-27T14:18:23.356+0000] {processor.py:161} INFO - Started process (PID=33) to work on /opt/airflow/dags/def_dag.py
[2024-04-27T14:18:23.379+0000] {processor.py:830} INFO - Processing file /opt/airflow/dags/def_dag.py for tasks to queue
[2024-04-27T14:18:23.396+0000] {logging_mixin.py:188} INFO - [2024-04-27T14:18:23.394+0000] {dagbag.py:540} INFO - Filling up the DagBag from /opt/airflow/dags/def_dag.py
[2024-04-27T14:18:23.475+0000] {processor.py:842} WARNING - No viable dags retrieved from /opt/airflow/dags/def_dag.py
[2024-04-27T14:18:23.553+0000] {processor.py:183} INFO - Processing /opt/airflow/dags/def_dag.py took 0.256 seconds
[2024-04-27T14:18:53.984+0000] {processor.py:161} INFO - Started process (PID=35) to work on /opt/airflow/dags/def_dag.py
[2024-04-27T14:18:54.014+0000] {processor.py:830} INFO - Processing file /opt/airflow/dags/def_dag.py for tasks to queue
[2024-04-27T14:18:54.039+0000] {logging_mixin.py:188} INFO - [2024-04-27T14:18:54.038+0000] {dagbag.py:540} INFO - Filling up the DagBag from /opt/airflow/dags/def_dag.py
[2024-04-27T14:18:54.091+0000] {processor.py:842} WARNING - No viable dags retrieved from /opt/airflow/dags/def_dag.py
[2024-04-27T14:18:54.169+0000] {processor.py:183} INFO - Processing /opt/airflow/dags/def_dag.py took 0.232 seconds
[2024-04-27T14:19:24.536+0000] {processor.py:161} INFO - Started process (PID=37) to work on /opt/airflow/dags/def_dag.py
[2024-04-27T14:19:24.540+0000] {processor.py:830} INFO - Processing file /opt/airflow/dags/def_dag.py for tasks to queue
[2024-04-27T14:19:24.548+0000] {logging_mixin.py:188} INFO - [2024-04-27T14:19:24.546+0000] {dagbag.py:540} INFO - Filling up the DagBag from /opt/airflow/dags/def_dag.py
[2024-04-27T14:19:24.586+0000] {processor.py:842} WARNING - No viable dags retrieved from /opt/airflow/dags/def_dag.py
[2024-04-27T14:19:24.782+0000] {processor.py:183} INFO - Processing /opt/airflow/dags/def_dag.py took 0.286 seconds
[2024-04-27T14:19:55.086+0000] {processor.py:161} INFO - Started process (PID=39) to work on /opt/airflow/dags/def_dag.py
[2024-04-27T14:19:55.092+0000] {processor.py:830} INFO - Processing file /opt/airflow/dags/def_dag.py for tasks to queue
[2024-04-27T14:19:55.104+0000] {logging_mixin.py:188} INFO - [2024-04-27T14:19:55.103+0000] {dagbag.py:540} INFO - Filling up the DagBag from /opt/airflow/dags/def_dag.py
[2024-04-27T14:19:55.177+0000] {processor.py:842} WARNING - No viable dags retrieved from /opt/airflow/dags/def_dag.py
[2024-04-27T14:19:55.246+0000] {processor.py:183} INFO - Processing /opt/airflow/dags/def_dag.py took 0.280 seconds
[2024-04-27T14:20:26.388+0000] {processor.py:161} INFO - Started process (PID=41) to work on /opt/airflow/dags/def_dag.py
[2024-04-27T14:20:26.394+0000] {processor.py:830} INFO - Processing file /opt/airflow/dags/def_dag.py for tasks to queue
[2024-04-27T14:20:26.406+0000] {logging_mixin.py:188} INFO - [2024-04-27T14:20:26.404+0000] {dagbag.py:540} INFO - Filling up the DagBag from /opt/airflow/dags/def_dag.py
[2024-04-27T14:20:26.520+0000] {processor.py:842} WARNING - No viable dags retrieved from /opt/airflow/dags/def_dag.py
[2024-04-27T14:20:26.604+0000] {processor.py:183} INFO - Processing /opt/airflow/dags/def_dag.py took 0.242 seconds
[2024-04-27T14:20:56.776+0000] {processor.py:161} INFO - Started process (PID=43) to work on /opt/airflow/dags/def_dag.py
[2024-04-27T14:20:56.778+0000] {processor.py:830} INFO - Processing file /opt/airflow/dags/def_dag.py for tasks to queue
[2024-04-27T14:20:56.783+0000] {logging_mixin.py:188} INFO - [2024-04-27T14:20:56.782+0000] {dagbag.py:540} INFO - Filling up the DagBag from /opt/airflow/dags/def_dag.py
[2024-04-27T14:20:56.805+0000] {processor.py:842} WARNING - No viable dags retrieved from /opt/airflow/dags/def_dag.py
[2024-04-27T14:20:56.831+0000] {processor.py:183} INFO - Processing /opt/airflow/dags/def_dag.py took 0.072 seconds
[2024-04-27T14:21:27.476+0000] {processor.py:161} INFO - Started process (PID=45) to work on /opt/airflow/dags/def_dag.py
[2024-04-27T14:21:27.480+0000] {processor.py:830} INFO - Processing file /opt/airflow/dags/def_dag.py for tasks to queue
[2024-04-27T14:21:27.490+0000] {logging_mixin.py:188} INFO - [2024-04-27T14:21:27.488+0000] {dagbag.py:540} INFO - Filling up the DagBag from /opt/airflow/dags/def_dag.py
[2024-04-27T14:21:27.560+0000] {processor.py:842} WARNING - No viable dags retrieved from /opt/airflow/dags/def_dag.py
[2024-04-27T14:21:27.776+0000] {processor.py:183} INFO - Processing /opt/airflow/dags/def_dag.py took 0.343 seconds
[2024-04-27T14:21:57.906+0000] {processor.py:161} INFO - Started process (PID=47) to work on /opt/airflow/dags/def_dag.py
[2024-04-27T14:21:57.908+0000] {processor.py:830} INFO - Processing file /opt/airflow/dags/def_dag.py for tasks to queue
[2024-04-27T14:21:57.912+0000] {logging_mixin.py:188} INFO - [2024-04-27T14:21:57.911+0000] {dagbag.py:540} INFO - Filling up the DagBag from /opt/airflow/dags/def_dag.py
[2024-04-27T14:21:57.926+0000] {processor.py:842} WARNING - No viable dags retrieved from /opt/airflow/dags/def_dag.py
[2024-04-27T14:21:58.099+0000] {processor.py:183} INFO - Processing /opt/airflow/dags/def_dag.py took 0.205 seconds
[2024-04-27T14:22:29.007+0000] {processor.py:161} INFO - Started process (PID=49) to work on /opt/airflow/dags/def_dag.py
[2024-04-27T14:22:29.011+0000] {processor.py:830} INFO - Processing file /opt/airflow/dags/def_dag.py for tasks to queue
[2024-04-27T14:22:29.033+0000] {logging_mixin.py:188} INFO - [2024-04-27T14:22:29.021+0000] {dagbag.py:540} INFO - Filling up the DagBag from /opt/airflow/dags/def_dag.py
[2024-04-27T14:22:29.267+0000] {processor.py:842} WARNING - No viable dags retrieved from /opt/airflow/dags/def_dag.py
[2024-04-27T14:22:29.314+0000] {processor.py:183} INFO - Processing /opt/airflow/dags/def_dag.py took 0.341 seconds
[2024-04-27T14:23:00.369+0000] {processor.py:161} INFO - Started process (PID=51) to work on /opt/airflow/dags/def_dag.py
[2024-04-27T14:23:00.374+0000] {processor.py:830} INFO - Processing file /opt/airflow/dags/def_dag.py for tasks to queue
[2024-04-27T14:23:00.385+0000] {logging_mixin.py:188} INFO - [2024-04-27T14:23:00.384+0000] {dagbag.py:540} INFO - Filling up the DagBag from /opt/airflow/dags/def_dag.py
[2024-04-27T14:23:00.432+0000] {processor.py:842} WARNING - No viable dags retrieved from /opt/airflow/dags/def_dag.py
[2024-04-27T14:23:00.511+0000] {processor.py:183} INFO - Processing /opt/airflow/dags/def_dag.py took 0.154 seconds
[2024-04-27T14:23:31.137+0000] {processor.py:161} INFO - Started process (PID=53) to work on /opt/airflow/dags/def_dag.py
[2024-04-27T14:23:31.139+0000] {processor.py:830} INFO - Processing file /opt/airflow/dags/def_dag.py for tasks to queue
[2024-04-27T14:23:31.142+0000] {logging_mixin.py:188} INFO - [2024-04-27T14:23:31.142+0000] {dagbag.py:540} INFO - Filling up the DagBag from /opt/airflow/dags/def_dag.py
[2024-04-27T14:23:31.159+0000] {processor.py:842} WARNING - No viable dags retrieved from /opt/airflow/dags/def_dag.py
[2024-04-27T14:23:31.180+0000] {processor.py:183} INFO - Processing /opt/airflow/dags/def_dag.py took 0.050 seconds
[2024-04-27T14:24:01.694+0000] {processor.py:161} INFO - Started process (PID=55) to work on /opt/airflow/dags/def_dag.py
[2024-04-27T14:24:01.695+0000] {processor.py:830} INFO - Processing file /opt/airflow/dags/def_dag.py for tasks to queue
[2024-04-27T14:24:01.698+0000] {logging_mixin.py:188} INFO - [2024-04-27T14:24:01.697+0000] {dagbag.py:540} INFO - Filling up the DagBag from /opt/airflow/dags/def_dag.py
[2024-04-27T14:24:01.712+0000] {processor.py:842} WARNING - No viable dags retrieved from /opt/airflow/dags/def_dag.py
[2024-04-27T14:24:01.732+0000] {processor.py:183} INFO - Processing /opt/airflow/dags/def_dag.py took 0.045 seconds
[2024-04-27T14:24:32.175+0000] {processor.py:161} INFO - Started process (PID=57) to work on /opt/airflow/dags/def_dag.py
[2024-04-27T14:24:32.176+0000] {processor.py:830} INFO - Processing file /opt/airflow/dags/def_dag.py for tasks to queue
[2024-04-27T14:24:32.179+0000] {logging_mixin.py:188} INFO - [2024-04-27T14:24:32.178+0000] {dagbag.py:540} INFO - Filling up the DagBag from /opt/airflow/dags/def_dag.py
[2024-04-27T14:24:32.197+0000] {processor.py:842} WARNING - No viable dags retrieved from /opt/airflow/dags/def_dag.py
[2024-04-27T14:24:32.217+0000] {processor.py:183} INFO - Processing /opt/airflow/dags/def_dag.py took 0.050 seconds
[2024-04-27T14:25:02.569+0000] {processor.py:161} INFO - Started process (PID=59) to work on /opt/airflow/dags/def_dag.py
[2024-04-27T14:25:02.571+0000] {processor.py:830} INFO - Processing file /opt/airflow/dags/def_dag.py for tasks to queue
[2024-04-27T14:25:02.574+0000] {logging_mixin.py:188} INFO - [2024-04-27T14:25:02.573+0000] {dagbag.py:540} INFO - Filling up the DagBag from /opt/airflow/dags/def_dag.py
[2024-04-27T14:25:02.591+0000] {processor.py:842} WARNING - No viable dags retrieved from /opt/airflow/dags/def_dag.py
[2024-04-27T14:25:02.609+0000] {processor.py:183} INFO - Processing /opt/airflow/dags/def_dag.py took 0.048 seconds
[2024-04-27T14:25:32.955+0000] {processor.py:161} INFO - Started process (PID=61) to work on /opt/airflow/dags/def_dag.py
[2024-04-27T14:25:32.957+0000] {processor.py:830} INFO - Processing file /opt/airflow/dags/def_dag.py for tasks to queue
[2024-04-27T14:25:32.960+0000] {logging_mixin.py:188} INFO - [2024-04-27T14:25:32.959+0000] {dagbag.py:540} INFO - Filling up the DagBag from /opt/airflow/dags/def_dag.py
[2024-04-27T14:25:32.973+0000] {processor.py:842} WARNING - No viable dags retrieved from /opt/airflow/dags/def_dag.py
[2024-04-27T14:25:32.991+0000] {processor.py:183} INFO - Processing /opt/airflow/dags/def_dag.py took 0.043 seconds
[2024-04-27T14:26:03.414+0000] {processor.py:161} INFO - Started process (PID=63) to work on /opt/airflow/dags/def_dag.py
[2024-04-27T14:26:03.415+0000] {processor.py:830} INFO - Processing file /opt/airflow/dags/def_dag.py for tasks to queue
[2024-04-27T14:26:03.418+0000] {logging_mixin.py:188} INFO - [2024-04-27T14:26:03.417+0000] {dagbag.py:540} INFO - Filling up the DagBag from /opt/airflow/dags/def_dag.py
[2024-04-27T14:26:03.432+0000] {processor.py:842} WARNING - No viable dags retrieved from /opt/airflow/dags/def_dag.py
[2024-04-27T14:26:03.451+0000] {processor.py:183} INFO - Processing /opt/airflow/dags/def_dag.py took 0.045 seconds
[2024-04-27T14:26:33.857+0000] {processor.py:161} INFO - Started process (PID=65) to work on /opt/airflow/dags/def_dag.py
[2024-04-27T14:26:33.858+0000] {processor.py:830} INFO - Processing file /opt/airflow/dags/def_dag.py for tasks to queue
[2024-04-27T14:26:33.861+0000] {logging_mixin.py:188} INFO - [2024-04-27T14:26:33.860+0000] {dagbag.py:540} INFO - Filling up the DagBag from /opt/airflow/dags/def_dag.py
[2024-04-27T14:26:33.874+0000] {processor.py:842} WARNING - No viable dags retrieved from /opt/airflow/dags/def_dag.py
[2024-04-27T14:26:33.892+0000] {processor.py:183} INFO - Processing /opt/airflow/dags/def_dag.py took 0.042 seconds
[2024-04-27T14:27:04.314+0000] {processor.py:161} INFO - Started process (PID=67) to work on /opt/airflow/dags/def_dag.py
[2024-04-27T14:27:04.317+0000] {processor.py:830} INFO - Processing file /opt/airflow/dags/def_dag.py for tasks to queue
[2024-04-27T14:27:04.323+0000] {logging_mixin.py:188} INFO - [2024-04-27T14:27:04.322+0000] {dagbag.py:540} INFO - Filling up the DagBag from /opt/airflow/dags/def_dag.py
[2024-04-27T14:27:04.343+0000] {processor.py:842} WARNING - No viable dags retrieved from /opt/airflow/dags/def_dag.py
[2024-04-27T14:27:04.378+0000] {processor.py:183} INFO - Processing /opt/airflow/dags/def_dag.py took 0.083 seconds
[2024-04-27T14:27:34.842+0000] {processor.py:161} INFO - Started process (PID=69) to work on /opt/airflow/dags/def_dag.py
[2024-04-27T14:27:34.847+0000] {processor.py:830} INFO - Processing file /opt/airflow/dags/def_dag.py for tasks to queue
[2024-04-27T14:27:34.854+0000] {logging_mixin.py:188} INFO - [2024-04-27T14:27:34.853+0000] {dagbag.py:540} INFO - Filling up the DagBag from /opt/airflow/dags/def_dag.py
[2024-04-27T14:27:34.869+0000] {processor.py:842} WARNING - No viable dags retrieved from /opt/airflow/dags/def_dag.py
[2024-04-27T14:27:34.898+0000] {processor.py:183} INFO - Processing /opt/airflow/dags/def_dag.py took 0.072 seconds
[2024-04-27T14:28:05.224+0000] {processor.py:161} INFO - Started process (PID=71) to work on /opt/airflow/dags/def_dag.py
[2024-04-27T14:28:05.226+0000] {processor.py:830} INFO - Processing file /opt/airflow/dags/def_dag.py for tasks to queue
[2024-04-27T14:28:05.228+0000] {logging_mixin.py:188} INFO - [2024-04-27T14:28:05.228+0000] {dagbag.py:540} INFO - Filling up the DagBag from /opt/airflow/dags/def_dag.py
[2024-04-27T14:28:05.244+0000] {processor.py:842} WARNING - No viable dags retrieved from /opt/airflow/dags/def_dag.py
[2024-04-27T14:28:05.262+0000] {processor.py:183} INFO - Processing /opt/airflow/dags/def_dag.py took 0.047 seconds
[2024-04-27T14:28:35.649+0000] {processor.py:161} INFO - Started process (PID=73) to work on /opt/airflow/dags/def_dag.py
[2024-04-27T14:28:35.651+0000] {processor.py:830} INFO - Processing file /opt/airflow/dags/def_dag.py for tasks to queue
[2024-04-27T14:28:35.654+0000] {logging_mixin.py:188} INFO - [2024-04-27T14:28:35.654+0000] {dagbag.py:540} INFO - Filling up the DagBag from /opt/airflow/dags/def_dag.py
[2024-04-27T14:28:35.674+0000] {processor.py:842} WARNING - No viable dags retrieved from /opt/airflow/dags/def_dag.py
[2024-04-27T14:28:35.694+0000] {processor.py:183} INFO - Processing /opt/airflow/dags/def_dag.py took 0.054 seconds
[2024-04-27T14:29:05.990+0000] {processor.py:161} INFO - Started process (PID=75) to work on /opt/airflow/dags/def_dag.py
[2024-04-27T14:29:05.992+0000] {processor.py:830} INFO - Processing file /opt/airflow/dags/def_dag.py for tasks to queue
[2024-04-27T14:29:05.996+0000] {logging_mixin.py:188} INFO - [2024-04-27T14:29:05.996+0000] {dagbag.py:540} INFO - Filling up the DagBag from /opt/airflow/dags/def_dag.py
[2024-04-27T14:29:06.013+0000] {processor.py:842} WARNING - No viable dags retrieved from /opt/airflow/dags/def_dag.py
[2024-04-27T14:29:06.033+0000] {processor.py:183} INFO - Processing /opt/airflow/dags/def_dag.py took 0.055 seconds
[2024-04-27T14:29:36.311+0000] {processor.py:161} INFO - Started process (PID=77) to work on /opt/airflow/dags/def_dag.py
[2024-04-27T14:29:36.313+0000] {processor.py:830} INFO - Processing file /opt/airflow/dags/def_dag.py for tasks to queue
[2024-04-27T14:29:36.317+0000] {logging_mixin.py:188} INFO - [2024-04-27T14:29:36.317+0000] {dagbag.py:540} INFO - Filling up the DagBag from /opt/airflow/dags/def_dag.py
[2024-04-27T14:29:36.336+0000] {processor.py:842} WARNING - No viable dags retrieved from /opt/airflow/dags/def_dag.py
[2024-04-27T14:29:36.357+0000] {processor.py:183} INFO - Processing /opt/airflow/dags/def_dag.py took 0.056 seconds
[2024-04-27T14:30:06.624+0000] {processor.py:161} INFO - Started process (PID=79) to work on /opt/airflow/dags/def_dag.py
[2024-04-27T14:30:06.626+0000] {processor.py:830} INFO - Processing file /opt/airflow/dags/def_dag.py for tasks to queue
[2024-04-27T14:30:06.630+0000] {logging_mixin.py:188} INFO - [2024-04-27T14:30:06.630+0000] {dagbag.py:540} INFO - Filling up the DagBag from /opt/airflow/dags/def_dag.py
[2024-04-27T14:30:06.650+0000] {processor.py:842} WARNING - No viable dags retrieved from /opt/airflow/dags/def_dag.py
[2024-04-27T14:30:06.677+0000] {processor.py:183} INFO - Processing /opt/airflow/dags/def_dag.py took 0.062 seconds
[2024-04-27T14:30:36.954+0000] {processor.py:161} INFO - Started process (PID=81) to work on /opt/airflow/dags/def_dag.py
[2024-04-27T14:30:36.956+0000] {processor.py:830} INFO - Processing file /opt/airflow/dags/def_dag.py for tasks to queue
[2024-04-27T14:30:36.962+0000] {logging_mixin.py:188} INFO - [2024-04-27T14:30:36.961+0000] {dagbag.py:540} INFO - Filling up the DagBag from /opt/airflow/dags/def_dag.py
[2024-04-27T14:30:36.984+0000] {processor.py:842} WARNING - No viable dags retrieved from /opt/airflow/dags/def_dag.py
[2024-04-27T14:30:37.007+0000] {processor.py:183} INFO - Processing /opt/airflow/dags/def_dag.py took 0.064 seconds
[2024-04-27T14:31:07.313+0000] {processor.py:161} INFO - Started process (PID=83) to work on /opt/airflow/dags/def_dag.py
[2024-04-27T14:31:07.315+0000] {processor.py:830} INFO - Processing file /opt/airflow/dags/def_dag.py for tasks to queue
[2024-04-27T14:31:07.320+0000] {logging_mixin.py:188} INFO - [2024-04-27T14:31:07.319+0000] {dagbag.py:540} INFO - Filling up the DagBag from /opt/airflow/dags/def_dag.py
[2024-04-27T14:31:07.341+0000] {processor.py:842} WARNING - No viable dags retrieved from /opt/airflow/dags/def_dag.py
[2024-04-27T14:31:07.362+0000] {processor.py:183} INFO - Processing /opt/airflow/dags/def_dag.py took 0.059 seconds
[2024-04-27T14:31:37.630+0000] {processor.py:161} INFO - Started process (PID=85) to work on /opt/airflow/dags/def_dag.py
[2024-04-27T14:31:37.631+0000] {processor.py:830} INFO - Processing file /opt/airflow/dags/def_dag.py for tasks to queue
[2024-04-27T14:31:37.636+0000] {logging_mixin.py:188} INFO - [2024-04-27T14:31:37.635+0000] {dagbag.py:540} INFO - Filling up the DagBag from /opt/airflow/dags/def_dag.py
[2024-04-27T14:31:37.654+0000] {processor.py:842} WARNING - No viable dags retrieved from /opt/airflow/dags/def_dag.py
[2024-04-27T14:31:37.686+0000] {processor.py:183} INFO - Processing /opt/airflow/dags/def_dag.py took 0.067 seconds
[2024-04-27T14:32:08.012+0000] {processor.py:161} INFO - Started process (PID=87) to work on /opt/airflow/dags/def_dag.py
[2024-04-27T14:32:08.016+0000] {processor.py:830} INFO - Processing file /opt/airflow/dags/def_dag.py for tasks to queue
[2024-04-27T14:32:08.025+0000] {logging_mixin.py:188} INFO - [2024-04-27T14:32:08.023+0000] {dagbag.py:540} INFO - Filling up the DagBag from /opt/airflow/dags/def_dag.py
[2024-04-27T14:32:08.080+0000] {processor.py:842} WARNING - No viable dags retrieved from /opt/airflow/dags/def_dag.py
[2024-04-27T14:32:08.118+0000] {processor.py:183} INFO - Processing /opt/airflow/dags/def_dag.py took 0.128 seconds
[2024-04-27T14:32:38.668+0000] {processor.py:161} INFO - Started process (PID=89) to work on /opt/airflow/dags/def_dag.py
[2024-04-27T14:32:38.669+0000] {processor.py:830} INFO - Processing file /opt/airflow/dags/def_dag.py for tasks to queue
[2024-04-27T14:32:38.674+0000] {logging_mixin.py:188} INFO - [2024-04-27T14:32:38.673+0000] {dagbag.py:540} INFO - Filling up the DagBag from /opt/airflow/dags/def_dag.py
[2024-04-27T14:32:38.694+0000] {processor.py:842} WARNING - No viable dags retrieved from /opt/airflow/dags/def_dag.py
[2024-04-27T14:32:38.724+0000] {processor.py:183} INFO - Processing /opt/airflow/dags/def_dag.py took 0.069 seconds
[2024-04-27T14:33:09.000+0000] {processor.py:161} INFO - Started process (PID=91) to work on /opt/airflow/dags/def_dag.py
[2024-04-27T14:33:09.002+0000] {processor.py:830} INFO - Processing file /opt/airflow/dags/def_dag.py for tasks to queue
[2024-04-27T14:33:09.007+0000] {logging_mixin.py:188} INFO - [2024-04-27T14:33:09.006+0000] {dagbag.py:540} INFO - Filling up the DagBag from /opt/airflow/dags/def_dag.py
[2024-04-27T14:33:09.028+0000] {processor.py:842} WARNING - No viable dags retrieved from /opt/airflow/dags/def_dag.py
[2024-04-27T14:33:09.053+0000] {processor.py:183} INFO - Processing /opt/airflow/dags/def_dag.py took 0.067 seconds
[2024-04-27T14:33:39.401+0000] {processor.py:161} INFO - Started process (PID=93) to work on /opt/airflow/dags/def_dag.py
[2024-04-27T14:33:39.405+0000] {processor.py:830} INFO - Processing file /opt/airflow/dags/def_dag.py for tasks to queue
[2024-04-27T14:33:39.409+0000] {logging_mixin.py:188} INFO - [2024-04-27T14:33:39.408+0000] {dagbag.py:540} INFO - Filling up the DagBag from /opt/airflow/dags/def_dag.py
[2024-04-27T14:33:39.439+0000] {processor.py:842} WARNING - No viable dags retrieved from /opt/airflow/dags/def_dag.py
[2024-04-27T14:33:39.493+0000] {processor.py:183} INFO - Processing /opt/airflow/dags/def_dag.py took 0.114 seconds
[2024-04-27T14:34:09.814+0000] {processor.py:161} INFO - Started process (PID=95) to work on /opt/airflow/dags/def_dag.py
[2024-04-27T14:34:09.816+0000] {processor.py:830} INFO - Processing file /opt/airflow/dags/def_dag.py for tasks to queue
[2024-04-27T14:34:09.820+0000] {logging_mixin.py:188} INFO - [2024-04-27T14:34:09.819+0000] {dagbag.py:540} INFO - Filling up the DagBag from /opt/airflow/dags/def_dag.py
[2024-04-27T14:34:09.840+0000] {processor.py:842} WARNING - No viable dags retrieved from /opt/airflow/dags/def_dag.py
[2024-04-27T14:34:09.865+0000] {processor.py:183} INFO - Processing /opt/airflow/dags/def_dag.py took 0.066 seconds
[2024-04-27T14:34:40.201+0000] {processor.py:161} INFO - Started process (PID=97) to work on /opt/airflow/dags/def_dag.py
[2024-04-27T14:34:40.203+0000] {processor.py:830} INFO - Processing file /opt/airflow/dags/def_dag.py for tasks to queue
[2024-04-27T14:34:40.207+0000] {logging_mixin.py:188} INFO - [2024-04-27T14:34:40.206+0000] {dagbag.py:540} INFO - Filling up the DagBag from /opt/airflow/dags/def_dag.py
[2024-04-27T14:34:40.228+0000] {processor.py:842} WARNING - No viable dags retrieved from /opt/airflow/dags/def_dag.py
[2024-04-27T14:34:40.256+0000] {processor.py:183} INFO - Processing /opt/airflow/dags/def_dag.py took 0.066 seconds
[2024-04-27T14:35:10.526+0000] {processor.py:161} INFO - Started process (PID=99) to work on /opt/airflow/dags/def_dag.py
[2024-04-27T14:35:10.527+0000] {processor.py:830} INFO - Processing file /opt/airflow/dags/def_dag.py for tasks to queue
[2024-04-27T14:35:10.531+0000] {logging_mixin.py:188} INFO - [2024-04-27T14:35:10.531+0000] {dagbag.py:540} INFO - Filling up the DagBag from /opt/airflow/dags/def_dag.py
[2024-04-27T14:35:10.549+0000] {processor.py:842} WARNING - No viable dags retrieved from /opt/airflow/dags/def_dag.py
[2024-04-27T14:35:10.570+0000] {processor.py:183} INFO - Processing /opt/airflow/dags/def_dag.py took 0.055 seconds
[2024-04-27T14:35:40.882+0000] {processor.py:161} INFO - Started process (PID=101) to work on /opt/airflow/dags/def_dag.py
[2024-04-27T14:35:40.884+0000] {processor.py:830} INFO - Processing file /opt/airflow/dags/def_dag.py for tasks to queue
[2024-04-27T14:35:40.888+0000] {logging_mixin.py:188} INFO - [2024-04-27T14:35:40.888+0000] {dagbag.py:540} INFO - Filling up the DagBag from /opt/airflow/dags/def_dag.py
[2024-04-27T14:35:40.912+0000] {processor.py:842} WARNING - No viable dags retrieved from /opt/airflow/dags/def_dag.py
[2024-04-27T14:35:40.947+0000] {processor.py:183} INFO - Processing /opt/airflow/dags/def_dag.py took 0.083 seconds
[2024-04-27T14:36:11.272+0000] {processor.py:161} INFO - Started process (PID=103) to work on /opt/airflow/dags/def_dag.py
[2024-04-27T14:36:11.273+0000] {processor.py:830} INFO - Processing file /opt/airflow/dags/def_dag.py for tasks to queue
[2024-04-27T14:36:11.277+0000] {logging_mixin.py:188} INFO - [2024-04-27T14:36:11.276+0000] {dagbag.py:540} INFO - Filling up the DagBag from /opt/airflow/dags/def_dag.py
[2024-04-27T14:36:11.291+0000] {processor.py:842} WARNING - No viable dags retrieved from /opt/airflow/dags/def_dag.py
[2024-04-27T14:36:11.311+0000] {processor.py:183} INFO - Processing /opt/airflow/dags/def_dag.py took 0.050 seconds
[2024-04-27T14:36:41.570+0000] {processor.py:161} INFO - Started process (PID=105) to work on /opt/airflow/dags/def_dag.py
[2024-04-27T14:36:41.572+0000] {processor.py:830} INFO - Processing file /opt/airflow/dags/def_dag.py for tasks to queue
[2024-04-27T14:36:41.576+0000] {logging_mixin.py:188} INFO - [2024-04-27T14:36:41.575+0000] {dagbag.py:540} INFO - Filling up the DagBag from /opt/airflow/dags/def_dag.py
[2024-04-27T14:36:41.596+0000] {processor.py:842} WARNING - No viable dags retrieved from /opt/airflow/dags/def_dag.py
[2024-04-27T14:36:41.617+0000] {processor.py:183} INFO - Processing /opt/airflow/dags/def_dag.py took 0.055 seconds
[2024-04-27T14:37:11.924+0000] {processor.py:161} INFO - Started process (PID=107) to work on /opt/airflow/dags/def_dag.py
[2024-04-27T14:37:11.925+0000] {processor.py:830} INFO - Processing file /opt/airflow/dags/def_dag.py for tasks to queue
[2024-04-27T14:37:11.928+0000] {logging_mixin.py:188} INFO - [2024-04-27T14:37:11.928+0000] {dagbag.py:540} INFO - Filling up the DagBag from /opt/airflow/dags/def_dag.py
[2024-04-27T14:37:11.947+0000] {processor.py:842} WARNING - No viable dags retrieved from /opt/airflow/dags/def_dag.py
[2024-04-27T14:37:11.968+0000] {processor.py:183} INFO - Processing /opt/airflow/dags/def_dag.py took 0.053 seconds
[2024-04-27T14:37:42.282+0000] {processor.py:161} INFO - Started process (PID=109) to work on /opt/airflow/dags/def_dag.py
[2024-04-27T14:37:42.283+0000] {processor.py:830} INFO - Processing file /opt/airflow/dags/def_dag.py for tasks to queue
[2024-04-27T14:37:42.287+0000] {logging_mixin.py:188} INFO - [2024-04-27T14:37:42.286+0000] {dagbag.py:540} INFO - Filling up the DagBag from /opt/airflow/dags/def_dag.py
[2024-04-27T14:37:42.304+0000] {processor.py:842} WARNING - No viable dags retrieved from /opt/airflow/dags/def_dag.py
[2024-04-27T14:37:42.324+0000] {processor.py:183} INFO - Processing /opt/airflow/dags/def_dag.py took 0.052 seconds
[2024-04-27T14:38:12.653+0000] {processor.py:161} INFO - Started process (PID=111) to work on /opt/airflow/dags/def_dag.py
[2024-04-27T14:38:12.655+0000] {processor.py:830} INFO - Processing file /opt/airflow/dags/def_dag.py for tasks to queue
[2024-04-27T14:38:12.658+0000] {logging_mixin.py:188} INFO - [2024-04-27T14:38:12.658+0000] {dagbag.py:540} INFO - Filling up the DagBag from /opt/airflow/dags/def_dag.py
[2024-04-27T14:38:12.676+0000] {processor.py:842} WARNING - No viable dags retrieved from /opt/airflow/dags/def_dag.py
[2024-04-27T14:38:12.707+0000] {processor.py:183} INFO - Processing /opt/airflow/dags/def_dag.py took 0.065 seconds
[2024-04-27T14:38:43.048+0000] {processor.py:161} INFO - Started process (PID=113) to work on /opt/airflow/dags/def_dag.py
[2024-04-27T14:38:43.049+0000] {processor.py:830} INFO - Processing file /opt/airflow/dags/def_dag.py for tasks to queue
[2024-04-27T14:38:43.051+0000] {logging_mixin.py:188} INFO - [2024-04-27T14:38:43.051+0000] {dagbag.py:540} INFO - Filling up the DagBag from /opt/airflow/dags/def_dag.py
[2024-04-27T14:38:43.066+0000] {processor.py:842} WARNING - No viable dags retrieved from /opt/airflow/dags/def_dag.py
[2024-04-27T14:38:43.083+0000] {processor.py:183} INFO - Processing /opt/airflow/dags/def_dag.py took 0.043 seconds
[2024-04-27T14:39:13.349+0000] {processor.py:161} INFO - Started process (PID=115) to work on /opt/airflow/dags/def_dag.py
[2024-04-27T14:39:13.351+0000] {processor.py:830} INFO - Processing file /opt/airflow/dags/def_dag.py for tasks to queue
[2024-04-27T14:39:13.353+0000] {logging_mixin.py:188} INFO - [2024-04-27T14:39:13.353+0000] {dagbag.py:540} INFO - Filling up the DagBag from /opt/airflow/dags/def_dag.py
[2024-04-27T14:39:13.370+0000] {processor.py:842} WARNING - No viable dags retrieved from /opt/airflow/dags/def_dag.py
[2024-04-27T14:39:13.391+0000] {processor.py:183} INFO - Processing /opt/airflow/dags/def_dag.py took 0.052 seconds
[2024-04-27T14:39:43.670+0000] {processor.py:161} INFO - Started process (PID=117) to work on /opt/airflow/dags/def_dag.py
[2024-04-27T14:39:43.672+0000] {processor.py:830} INFO - Processing file /opt/airflow/dags/def_dag.py for tasks to queue
[2024-04-27T14:39:43.676+0000] {logging_mixin.py:188} INFO - [2024-04-27T14:39:43.675+0000] {dagbag.py:540} INFO - Filling up the DagBag from /opt/airflow/dags/def_dag.py
[2024-04-27T14:39:43.698+0000] {processor.py:842} WARNING - No viable dags retrieved from /opt/airflow/dags/def_dag.py
[2024-04-27T14:39:43.719+0000] {processor.py:183} INFO - Processing /opt/airflow/dags/def_dag.py took 0.061 seconds
[2024-04-27T14:40:13.978+0000] {processor.py:161} INFO - Started process (PID=119) to work on /opt/airflow/dags/def_dag.py
[2024-04-27T14:40:13.979+0000] {processor.py:830} INFO - Processing file /opt/airflow/dags/def_dag.py for tasks to queue
[2024-04-27T14:40:13.982+0000] {logging_mixin.py:188} INFO - [2024-04-27T14:40:13.982+0000] {dagbag.py:540} INFO - Filling up the DagBag from /opt/airflow/dags/def_dag.py
[2024-04-27T14:40:14.001+0000] {processor.py:842} WARNING - No viable dags retrieved from /opt/airflow/dags/def_dag.py
[2024-04-27T14:40:14.022+0000] {processor.py:183} INFO - Processing /opt/airflow/dags/def_dag.py took 0.054 seconds
[2024-04-27T14:40:44.273+0000] {processor.py:161} INFO - Started process (PID=121) to work on /opt/airflow/dags/def_dag.py
[2024-04-27T14:40:44.275+0000] {processor.py:830} INFO - Processing file /opt/airflow/dags/def_dag.py for tasks to queue
[2024-04-27T14:40:44.278+0000] {logging_mixin.py:188} INFO - [2024-04-27T14:40:44.277+0000] {dagbag.py:540} INFO - Filling up the DagBag from /opt/airflow/dags/def_dag.py
[2024-04-27T14:40:44.296+0000] {processor.py:842} WARNING - No viable dags retrieved from /opt/airflow/dags/def_dag.py
[2024-04-27T14:40:44.317+0000] {processor.py:183} INFO - Processing /opt/airflow/dags/def_dag.py took 0.052 seconds
[2024-04-27T14:41:14.584+0000] {processor.py:161} INFO - Started process (PID=123) to work on /opt/airflow/dags/def_dag.py
[2024-04-27T14:41:14.586+0000] {processor.py:830} INFO - Processing file /opt/airflow/dags/def_dag.py for tasks to queue
[2024-04-27T14:41:14.589+0000] {logging_mixin.py:188} INFO - [2024-04-27T14:41:14.589+0000] {dagbag.py:540} INFO - Filling up the DagBag from /opt/airflow/dags/def_dag.py
[2024-04-27T14:41:14.610+0000] {processor.py:842} WARNING - No viable dags retrieved from /opt/airflow/dags/def_dag.py
[2024-04-27T14:41:14.630+0000] {processor.py:183} INFO - Processing /opt/airflow/dags/def_dag.py took 0.055 seconds
[2024-04-27T14:41:44.879+0000] {processor.py:161} INFO - Started process (PID=125) to work on /opt/airflow/dags/def_dag.py
[2024-04-27T14:41:44.880+0000] {processor.py:830} INFO - Processing file /opt/airflow/dags/def_dag.py for tasks to queue
[2024-04-27T14:41:44.883+0000] {logging_mixin.py:188} INFO - [2024-04-27T14:41:44.882+0000] {dagbag.py:540} INFO - Filling up the DagBag from /opt/airflow/dags/def_dag.py
[2024-04-27T14:41:44.901+0000] {processor.py:842} WARNING - No viable dags retrieved from /opt/airflow/dags/def_dag.py
[2024-04-27T14:41:44.920+0000] {processor.py:183} INFO - Processing /opt/airflow/dags/def_dag.py took 0.051 seconds
[2024-04-27T14:42:15.223+0000] {processor.py:161} INFO - Started process (PID=127) to work on /opt/airflow/dags/def_dag.py
[2024-04-27T14:42:15.225+0000] {processor.py:830} INFO - Processing file /opt/airflow/dags/def_dag.py for tasks to queue
[2024-04-27T14:42:15.228+0000] {logging_mixin.py:188} INFO - [2024-04-27T14:42:15.227+0000] {dagbag.py:540} INFO - Filling up the DagBag from /opt/airflow/dags/def_dag.py
[2024-04-27T14:42:15.245+0000] {processor.py:842} WARNING - No viable dags retrieved from /opt/airflow/dags/def_dag.py
[2024-04-27T14:42:15.266+0000] {processor.py:183} INFO - Processing /opt/airflow/dags/def_dag.py took 0.051 seconds
[2024-04-27T14:42:45.519+0000] {processor.py:161} INFO - Started process (PID=129) to work on /opt/airflow/dags/def_dag.py
[2024-04-27T14:42:45.520+0000] {processor.py:830} INFO - Processing file /opt/airflow/dags/def_dag.py for tasks to queue
[2024-04-27T14:42:45.524+0000] {logging_mixin.py:188} INFO - [2024-04-27T14:42:45.523+0000] {dagbag.py:540} INFO - Filling up the DagBag from /opt/airflow/dags/def_dag.py
[2024-04-27T14:42:45.542+0000] {processor.py:842} WARNING - No viable dags retrieved from /opt/airflow/dags/def_dag.py
[2024-04-27T14:42:45.564+0000] {processor.py:183} INFO - Processing /opt/airflow/dags/def_dag.py took 0.054 seconds
[2024-04-27T14:43:15.846+0000] {processor.py:161} INFO - Started process (PID=131) to work on /opt/airflow/dags/def_dag.py
[2024-04-27T14:43:15.847+0000] {processor.py:830} INFO - Processing file /opt/airflow/dags/def_dag.py for tasks to queue
[2024-04-27T14:43:15.851+0000] {logging_mixin.py:188} INFO - [2024-04-27T14:43:15.850+0000] {dagbag.py:540} INFO - Filling up the DagBag from /opt/airflow/dags/def_dag.py
[2024-04-27T14:43:15.871+0000] {processor.py:842} WARNING - No viable dags retrieved from /opt/airflow/dags/def_dag.py
[2024-04-27T14:43:15.892+0000] {processor.py:183} INFO - Processing /opt/airflow/dags/def_dag.py took 0.055 seconds
[2024-04-27T14:43:46.144+0000] {processor.py:161} INFO - Started process (PID=133) to work on /opt/airflow/dags/def_dag.py
[2024-04-27T14:43:46.145+0000] {processor.py:830} INFO - Processing file /opt/airflow/dags/def_dag.py for tasks to queue
[2024-04-27T14:43:46.148+0000] {logging_mixin.py:188} INFO - [2024-04-27T14:43:46.148+0000] {dagbag.py:540} INFO - Filling up the DagBag from /opt/airflow/dags/def_dag.py
[2024-04-27T14:43:46.165+0000] {processor.py:842} WARNING - No viable dags retrieved from /opt/airflow/dags/def_dag.py
[2024-04-27T14:43:46.187+0000] {processor.py:183} INFO - Processing /opt/airflow/dags/def_dag.py took 0.054 seconds
[2024-04-27T14:44:16.523+0000] {processor.py:161} INFO - Started process (PID=135) to work on /opt/airflow/dags/def_dag.py
[2024-04-27T14:44:16.525+0000] {processor.py:830} INFO - Processing file /opt/airflow/dags/def_dag.py for tasks to queue
[2024-04-27T14:44:16.528+0000] {logging_mixin.py:188} INFO - [2024-04-27T14:44:16.528+0000] {dagbag.py:540} INFO - Filling up the DagBag from /opt/airflow/dags/def_dag.py
[2024-04-27T14:44:16.545+0000] {processor.py:842} WARNING - No viable dags retrieved from /opt/airflow/dags/def_dag.py
[2024-04-27T14:44:16.567+0000] {processor.py:183} INFO - Processing /opt/airflow/dags/def_dag.py took 0.054 seconds
[2024-04-27T14:44:46.876+0000] {processor.py:161} INFO - Started process (PID=137) to work on /opt/airflow/dags/def_dag.py
[2024-04-27T14:44:46.877+0000] {processor.py:830} INFO - Processing file /opt/airflow/dags/def_dag.py for tasks to queue
[2024-04-27T14:44:46.880+0000] {logging_mixin.py:188} INFO - [2024-04-27T14:44:46.879+0000] {dagbag.py:540} INFO - Filling up the DagBag from /opt/airflow/dags/def_dag.py
[2024-04-27T14:44:46.894+0000] {processor.py:842} WARNING - No viable dags retrieved from /opt/airflow/dags/def_dag.py
[2024-04-27T14:44:46.914+0000] {processor.py:183} INFO - Processing /opt/airflow/dags/def_dag.py took 0.048 seconds
[2024-04-27T14:45:17.158+0000] {processor.py:161} INFO - Started process (PID=139) to work on /opt/airflow/dags/def_dag.py
[2024-04-27T14:45:17.160+0000] {processor.py:830} INFO - Processing file /opt/airflow/dags/def_dag.py for tasks to queue
[2024-04-27T14:45:17.163+0000] {logging_mixin.py:188} INFO - [2024-04-27T14:45:17.162+0000] {dagbag.py:540} INFO - Filling up the DagBag from /opt/airflow/dags/def_dag.py
[2024-04-27T14:45:17.183+0000] {processor.py:842} WARNING - No viable dags retrieved from /opt/airflow/dags/def_dag.py
[2024-04-27T14:45:17.208+0000] {processor.py:183} INFO - Processing /opt/airflow/dags/def_dag.py took 0.061 seconds
[2024-04-27T14:45:47.474+0000] {processor.py:161} INFO - Started process (PID=141) to work on /opt/airflow/dags/def_dag.py
[2024-04-27T14:45:47.475+0000] {processor.py:830} INFO - Processing file /opt/airflow/dags/def_dag.py for tasks to queue
[2024-04-27T14:45:47.478+0000] {logging_mixin.py:188} INFO - [2024-04-27T14:45:47.478+0000] {dagbag.py:540} INFO - Filling up the DagBag from /opt/airflow/dags/def_dag.py
[2024-04-27T14:45:47.494+0000] {processor.py:842} WARNING - No viable dags retrieved from /opt/airflow/dags/def_dag.py
[2024-04-27T14:45:47.515+0000] {processor.py:183} INFO - Processing /opt/airflow/dags/def_dag.py took 0.052 seconds
[2024-04-27T14:46:17.813+0000] {processor.py:161} INFO - Started process (PID=143) to work on /opt/airflow/dags/def_dag.py
[2024-04-27T14:46:17.817+0000] {processor.py:830} INFO - Processing file /opt/airflow/dags/def_dag.py for tasks to queue
[2024-04-27T14:46:17.821+0000] {logging_mixin.py:188} INFO - [2024-04-27T14:46:17.820+0000] {dagbag.py:540} INFO - Filling up the DagBag from /opt/airflow/dags/def_dag.py
[2024-04-27T14:46:17.843+0000] {processor.py:842} WARNING - No viable dags retrieved from /opt/airflow/dags/def_dag.py
[2024-04-27T14:46:17.869+0000] {processor.py:183} INFO - Processing /opt/airflow/dags/def_dag.py took 0.076 seconds
[2024-04-27T14:46:48.137+0000] {processor.py:161} INFO - Started process (PID=145) to work on /opt/airflow/dags/def_dag.py
[2024-04-27T14:46:48.139+0000] {processor.py:830} INFO - Processing file /opt/airflow/dags/def_dag.py for tasks to queue
[2024-04-27T14:46:48.141+0000] {logging_mixin.py:188} INFO - [2024-04-27T14:46:48.141+0000] {dagbag.py:540} INFO - Filling up the DagBag from /opt/airflow/dags/def_dag.py
[2024-04-27T14:46:48.161+0000] {processor.py:842} WARNING - No viable dags retrieved from /opt/airflow/dags/def_dag.py
[2024-04-27T14:46:48.185+0000] {processor.py:183} INFO - Processing /opt/airflow/dags/def_dag.py took 0.058 seconds
[2024-04-27T14:47:18.511+0000] {processor.py:161} INFO - Started process (PID=147) to work on /opt/airflow/dags/def_dag.py
[2024-04-27T14:47:18.512+0000] {processor.py:830} INFO - Processing file /opt/airflow/dags/def_dag.py for tasks to queue
[2024-04-27T14:47:18.516+0000] {logging_mixin.py:188} INFO - [2024-04-27T14:47:18.515+0000] {dagbag.py:540} INFO - Filling up the DagBag from /opt/airflow/dags/def_dag.py
[2024-04-27T14:47:18.537+0000] {processor.py:842} WARNING - No viable dags retrieved from /opt/airflow/dags/def_dag.py
[2024-04-27T14:47:18.572+0000] {processor.py:183} INFO - Processing /opt/airflow/dags/def_dag.py took 0.070 seconds
[2024-04-27T14:47:48.956+0000] {processor.py:161} INFO - Started process (PID=149) to work on /opt/airflow/dags/def_dag.py
[2024-04-27T14:47:48.960+0000] {processor.py:830} INFO - Processing file /opt/airflow/dags/def_dag.py for tasks to queue
[2024-04-27T14:47:48.964+0000] {logging_mixin.py:188} INFO - [2024-04-27T14:47:48.963+0000] {dagbag.py:540} INFO - Filling up the DagBag from /opt/airflow/dags/def_dag.py
[2024-04-27T14:47:49.040+0000] {processor.py:842} WARNING - No viable dags retrieved from /opt/airflow/dags/def_dag.py
[2024-04-27T14:47:49.077+0000] {processor.py:183} INFO - Processing /opt/airflow/dags/def_dag.py took 0.151 seconds
[2024-04-27T14:48:19.340+0000] {processor.py:161} INFO - Started process (PID=151) to work on /opt/airflow/dags/def_dag.py
[2024-04-27T14:48:19.342+0000] {processor.py:830} INFO - Processing file /opt/airflow/dags/def_dag.py for tasks to queue
[2024-04-27T14:48:19.346+0000] {logging_mixin.py:188} INFO - [2024-04-27T14:48:19.345+0000] {dagbag.py:540} INFO - Filling up the DagBag from /opt/airflow/dags/def_dag.py
[2024-04-27T14:48:19.364+0000] {processor.py:842} WARNING - No viable dags retrieved from /opt/airflow/dags/def_dag.py
[2024-04-27T14:48:19.388+0000] {processor.py:183} INFO - Processing /opt/airflow/dags/def_dag.py took 0.059 seconds
[2024-04-27T14:48:49.722+0000] {processor.py:161} INFO - Started process (PID=153) to work on /opt/airflow/dags/def_dag.py
[2024-04-27T14:48:49.724+0000] {processor.py:830} INFO - Processing file /opt/airflow/dags/def_dag.py for tasks to queue
[2024-04-27T14:48:49.726+0000] {logging_mixin.py:188} INFO - [2024-04-27T14:48:49.726+0000] {dagbag.py:540} INFO - Filling up the DagBag from /opt/airflow/dags/def_dag.py
[2024-04-27T14:48:49.743+0000] {processor.py:842} WARNING - No viable dags retrieved from /opt/airflow/dags/def_dag.py
[2024-04-27T14:48:49.763+0000] {processor.py:183} INFO - Processing /opt/airflow/dags/def_dag.py took 0.049 seconds
[2024-04-27T14:49:20.151+0000] {processor.py:161} INFO - Started process (PID=155) to work on /opt/airflow/dags/def_dag.py
[2024-04-27T14:49:20.153+0000] {processor.py:830} INFO - Processing file /opt/airflow/dags/def_dag.py for tasks to queue
[2024-04-27T14:49:20.156+0000] {logging_mixin.py:188} INFO - [2024-04-27T14:49:20.155+0000] {dagbag.py:540} INFO - Filling up the DagBag from /opt/airflow/dags/def_dag.py
[2024-04-27T14:49:20.171+0000] {processor.py:842} WARNING - No viable dags retrieved from /opt/airflow/dags/def_dag.py
[2024-04-27T14:49:20.191+0000] {processor.py:183} INFO - Processing /opt/airflow/dags/def_dag.py took 0.051 seconds
[2024-04-27T14:49:50.546+0000] {processor.py:161} INFO - Started process (PID=157) to work on /opt/airflow/dags/def_dag.py
[2024-04-27T14:49:50.548+0000] {processor.py:830} INFO - Processing file /opt/airflow/dags/def_dag.py for tasks to queue
[2024-04-27T14:49:50.550+0000] {logging_mixin.py:188} INFO - [2024-04-27T14:49:50.550+0000] {dagbag.py:540} INFO - Filling up the DagBag from /opt/airflow/dags/def_dag.py
[2024-04-27T14:49:50.568+0000] {processor.py:842} WARNING - No viable dags retrieved from /opt/airflow/dags/def_dag.py
[2024-04-27T14:49:50.599+0000] {processor.py:183} INFO - Processing /opt/airflow/dags/def_dag.py took 0.064 seconds
[2024-04-27T14:50:20.956+0000] {processor.py:161} INFO - Started process (PID=159) to work on /opt/airflow/dags/def_dag.py
[2024-04-27T14:50:20.958+0000] {processor.py:830} INFO - Processing file /opt/airflow/dags/def_dag.py for tasks to queue
[2024-04-27T14:50:20.960+0000] {logging_mixin.py:188} INFO - [2024-04-27T14:50:20.960+0000] {dagbag.py:540} INFO - Filling up the DagBag from /opt/airflow/dags/def_dag.py
[2024-04-27T14:50:20.976+0000] {processor.py:842} WARNING - No viable dags retrieved from /opt/airflow/dags/def_dag.py
[2024-04-27T14:50:20.995+0000] {processor.py:183} INFO - Processing /opt/airflow/dags/def_dag.py took 0.047 seconds
[2024-04-27T14:50:51.490+0000] {processor.py:161} INFO - Started process (PID=161) to work on /opt/airflow/dags/def_dag.py
[2024-04-27T14:50:51.491+0000] {processor.py:830} INFO - Processing file /opt/airflow/dags/def_dag.py for tasks to queue
[2024-04-27T14:50:51.494+0000] {logging_mixin.py:188} INFO - [2024-04-27T14:50:51.494+0000] {dagbag.py:540} INFO - Filling up the DagBag from /opt/airflow/dags/def_dag.py
[2024-04-27T14:50:51.512+0000] {processor.py:842} WARNING - No viable dags retrieved from /opt/airflow/dags/def_dag.py
[2024-04-27T14:50:51.529+0000] {processor.py:183} INFO - Processing /opt/airflow/dags/def_dag.py took 0.061 seconds
[2024-04-27T14:51:21.965+0000] {processor.py:161} INFO - Started process (PID=163) to work on /opt/airflow/dags/def_dag.py
[2024-04-27T14:51:21.967+0000] {processor.py:830} INFO - Processing file /opt/airflow/dags/def_dag.py for tasks to queue
[2024-04-27T14:51:21.969+0000] {logging_mixin.py:188} INFO - [2024-04-27T14:51:21.968+0000] {dagbag.py:540} INFO - Filling up the DagBag from /opt/airflow/dags/def_dag.py
[2024-04-27T14:51:21.980+0000] {processor.py:842} WARNING - No viable dags retrieved from /opt/airflow/dags/def_dag.py
[2024-04-27T14:51:21.996+0000] {processor.py:183} INFO - Processing /opt/airflow/dags/def_dag.py took 0.040 seconds
[2024-04-27T14:51:52.313+0000] {processor.py:161} INFO - Started process (PID=165) to work on /opt/airflow/dags/def_dag.py
[2024-04-27T14:51:52.315+0000] {processor.py:830} INFO - Processing file /opt/airflow/dags/def_dag.py for tasks to queue
[2024-04-27T14:51:52.317+0000] {logging_mixin.py:188} INFO - [2024-04-27T14:51:52.317+0000] {dagbag.py:540} INFO - Filling up the DagBag from /opt/airflow/dags/def_dag.py
[2024-04-27T14:51:52.332+0000] {processor.py:842} WARNING - No viable dags retrieved from /opt/airflow/dags/def_dag.py
[2024-04-27T14:51:52.350+0000] {processor.py:183} INFO - Processing /opt/airflow/dags/def_dag.py took 0.045 seconds
[2024-04-27T14:52:22.802+0000] {processor.py:161} INFO - Started process (PID=167) to work on /opt/airflow/dags/def_dag.py
[2024-04-27T14:52:22.804+0000] {processor.py:830} INFO - Processing file /opt/airflow/dags/def_dag.py for tasks to queue
[2024-04-27T14:52:22.806+0000] {logging_mixin.py:188} INFO - [2024-04-27T14:52:22.806+0000] {dagbag.py:540} INFO - Filling up the DagBag from /opt/airflow/dags/def_dag.py
[2024-04-27T14:52:22.821+0000] {processor.py:842} WARNING - No viable dags retrieved from /opt/airflow/dags/def_dag.py
[2024-04-27T14:52:22.841+0000] {processor.py:183} INFO - Processing /opt/airflow/dags/def_dag.py took 0.048 seconds
[2024-04-27T14:52:53.170+0000] {processor.py:161} INFO - Started process (PID=169) to work on /opt/airflow/dags/def_dag.py
[2024-04-27T14:52:53.172+0000] {processor.py:830} INFO - Processing file /opt/airflow/dags/def_dag.py for tasks to queue
[2024-04-27T14:52:53.174+0000] {logging_mixin.py:188} INFO - [2024-04-27T14:52:53.174+0000] {dagbag.py:540} INFO - Filling up the DagBag from /opt/airflow/dags/def_dag.py
[2024-04-27T14:52:53.190+0000] {processor.py:842} WARNING - No viable dags retrieved from /opt/airflow/dags/def_dag.py
[2024-04-27T14:52:53.207+0000] {processor.py:183} INFO - Processing /opt/airflow/dags/def_dag.py took 0.045 seconds
[2024-04-27T14:53:23.561+0000] {processor.py:161} INFO - Started process (PID=171) to work on /opt/airflow/dags/def_dag.py
[2024-04-27T14:53:23.562+0000] {processor.py:830} INFO - Processing file /opt/airflow/dags/def_dag.py for tasks to queue
[2024-04-27T14:53:23.565+0000] {logging_mixin.py:188} INFO - [2024-04-27T14:53:23.564+0000] {dagbag.py:540} INFO - Filling up the DagBag from /opt/airflow/dags/def_dag.py
[2024-04-27T14:53:23.585+0000] {processor.py:842} WARNING - No viable dags retrieved from /opt/airflow/dags/def_dag.py
[2024-04-27T14:53:23.605+0000] {processor.py:183} INFO - Processing /opt/airflow/dags/def_dag.py took 0.054 seconds
[2024-04-27T14:53:53.972+0000] {processor.py:161} INFO - Started process (PID=173) to work on /opt/airflow/dags/def_dag.py
[2024-04-27T14:53:53.974+0000] {processor.py:830} INFO - Processing file /opt/airflow/dags/def_dag.py for tasks to queue
[2024-04-27T14:53:53.976+0000] {logging_mixin.py:188} INFO - [2024-04-27T14:53:53.976+0000] {dagbag.py:540} INFO - Filling up the DagBag from /opt/airflow/dags/def_dag.py
[2024-04-27T14:53:53.992+0000] {processor.py:842} WARNING - No viable dags retrieved from /opt/airflow/dags/def_dag.py
[2024-04-27T14:53:54.009+0000] {processor.py:183} INFO - Processing /opt/airflow/dags/def_dag.py took 0.046 seconds
[2024-04-27T14:54:24.475+0000] {processor.py:161} INFO - Started process (PID=175) to work on /opt/airflow/dags/def_dag.py
[2024-04-27T14:54:24.477+0000] {processor.py:830} INFO - Processing file /opt/airflow/dags/def_dag.py for tasks to queue
[2024-04-27T14:54:24.480+0000] {logging_mixin.py:188} INFO - [2024-04-27T14:54:24.480+0000] {dagbag.py:540} INFO - Filling up the DagBag from /opt/airflow/dags/def_dag.py
[2024-04-27T14:54:24.497+0000] {processor.py:842} WARNING - No viable dags retrieved from /opt/airflow/dags/def_dag.py
[2024-04-27T14:54:24.513+0000] {processor.py:183} INFO - Processing /opt/airflow/dags/def_dag.py took 0.046 seconds
[2024-04-27T14:54:54.926+0000] {processor.py:161} INFO - Started process (PID=177) to work on /opt/airflow/dags/def_dag.py
[2024-04-27T14:54:54.928+0000] {processor.py:830} INFO - Processing file /opt/airflow/dags/def_dag.py for tasks to queue
[2024-04-27T14:54:54.931+0000] {logging_mixin.py:188} INFO - [2024-04-27T14:54:54.930+0000] {dagbag.py:540} INFO - Filling up the DagBag from /opt/airflow/dags/def_dag.py
[2024-04-27T14:54:54.946+0000] {processor.py:842} WARNING - No viable dags retrieved from /opt/airflow/dags/def_dag.py
[2024-04-27T14:54:54.972+0000] {processor.py:183} INFO - Processing /opt/airflow/dags/def_dag.py took 0.054 seconds
[2024-04-27T14:55:25.249+0000] {processor.py:161} INFO - Started process (PID=179) to work on /opt/airflow/dags/def_dag.py
[2024-04-27T14:55:25.262+0000] {processor.py:830} INFO - Processing file /opt/airflow/dags/def_dag.py for tasks to queue
[2024-04-27T14:55:25.276+0000] {logging_mixin.py:188} INFO - [2024-04-27T14:55:25.275+0000] {dagbag.py:540} INFO - Filling up the DagBag from /opt/airflow/dags/def_dag.py
[2024-04-27T14:55:25.374+0000] {processor.py:842} WARNING - No viable dags retrieved from /opt/airflow/dags/def_dag.py
[2024-04-27T14:55:25.430+0000] {processor.py:183} INFO - Processing /opt/airflow/dags/def_dag.py took 0.205 seconds
[2024-04-27T14:55:55.749+0000] {processor.py:161} INFO - Started process (PID=180) to work on /opt/airflow/dags/def_dag.py
[2024-04-27T14:55:55.750+0000] {processor.py:830} INFO - Processing file /opt/airflow/dags/def_dag.py for tasks to queue
[2024-04-27T14:55:55.754+0000] {logging_mixin.py:188} INFO - [2024-04-27T14:55:55.753+0000] {dagbag.py:540} INFO - Filling up the DagBag from /opt/airflow/dags/def_dag.py
[2024-04-27T14:55:55.771+0000] {processor.py:842} WARNING - No viable dags retrieved from /opt/airflow/dags/def_dag.py
[2024-04-27T14:55:55.806+0000] {processor.py:183} INFO - Processing /opt/airflow/dags/def_dag.py took 0.068 seconds
[2024-04-27T14:56:26.270+0000] {processor.py:161} INFO - Started process (PID=182) to work on /opt/airflow/dags/def_dag.py
[2024-04-27T14:56:26.281+0000] {processor.py:830} INFO - Processing file /opt/airflow/dags/def_dag.py for tasks to queue
[2024-04-27T14:56:26.293+0000] {logging_mixin.py:188} INFO - [2024-04-27T14:56:26.292+0000] {dagbag.py:540} INFO - Filling up the DagBag from /opt/airflow/dags/def_dag.py
[2024-04-27T14:56:26.476+0000] {processor.py:842} WARNING - No viable dags retrieved from /opt/airflow/dags/def_dag.py
[2024-04-27T14:56:26.545+0000] {processor.py:183} INFO - Processing /opt/airflow/dags/def_dag.py took 0.293 seconds
[2024-04-27T14:56:57.133+0000] {processor.py:161} INFO - Started process (PID=184) to work on /opt/airflow/dags/def_dag.py
[2024-04-27T14:56:57.136+0000] {processor.py:830} INFO - Processing file /opt/airflow/dags/def_dag.py for tasks to queue
[2024-04-27T14:56:57.140+0000] {logging_mixin.py:188} INFO - [2024-04-27T14:56:57.139+0000] {dagbag.py:540} INFO - Filling up the DagBag from /opt/airflow/dags/def_dag.py
[2024-04-27T14:56:57.158+0000] {processor.py:842} WARNING - No viable dags retrieved from /opt/airflow/dags/def_dag.py
[2024-04-27T14:56:57.180+0000] {processor.py:183} INFO - Processing /opt/airflow/dags/def_dag.py took 0.069 seconds
[2024-04-27T14:57:27.664+0000] {processor.py:161} INFO - Started process (PID=186) to work on /opt/airflow/dags/def_dag.py
[2024-04-27T14:57:27.665+0000] {processor.py:830} INFO - Processing file /opt/airflow/dags/def_dag.py for tasks to queue
[2024-04-27T14:57:27.670+0000] {logging_mixin.py:188} INFO - [2024-04-27T14:57:27.669+0000] {dagbag.py:540} INFO - Filling up the DagBag from /opt/airflow/dags/def_dag.py
[2024-04-27T14:57:27.693+0000] {processor.py:842} WARNING - No viable dags retrieved from /opt/airflow/dags/def_dag.py
[2024-04-27T14:57:27.714+0000] {processor.py:183} INFO - Processing /opt/airflow/dags/def_dag.py took 0.061 seconds
[2024-04-27T14:57:58.145+0000] {processor.py:161} INFO - Started process (PID=188) to work on /opt/airflow/dags/def_dag.py
[2024-04-27T14:57:58.147+0000] {processor.py:830} INFO - Processing file /opt/airflow/dags/def_dag.py for tasks to queue
[2024-04-27T14:57:58.150+0000] {logging_mixin.py:188} INFO - [2024-04-27T14:57:58.149+0000] {dagbag.py:540} INFO - Filling up the DagBag from /opt/airflow/dags/def_dag.py
[2024-04-27T14:57:58.168+0000] {processor.py:842} WARNING - No viable dags retrieved from /opt/airflow/dags/def_dag.py
[2024-04-27T14:57:58.189+0000] {processor.py:183} INFO - Processing /opt/airflow/dags/def_dag.py took 0.054 seconds
[2024-04-27T14:58:28.732+0000] {processor.py:161} INFO - Started process (PID=190) to work on /opt/airflow/dags/def_dag.py
[2024-04-27T14:58:28.734+0000] {processor.py:830} INFO - Processing file /opt/airflow/dags/def_dag.py for tasks to queue
[2024-04-27T14:58:28.737+0000] {logging_mixin.py:188} INFO - [2024-04-27T14:58:28.736+0000] {dagbag.py:540} INFO - Filling up the DagBag from /opt/airflow/dags/def_dag.py
[2024-04-27T14:58:28.755+0000] {processor.py:842} WARNING - No viable dags retrieved from /opt/airflow/dags/def_dag.py
[2024-04-27T14:58:28.779+0000] {processor.py:183} INFO - Processing /opt/airflow/dags/def_dag.py took 0.061 seconds
[2024-04-27T14:58:59.132+0000] {processor.py:161} INFO - Started process (PID=192) to work on /opt/airflow/dags/def_dag.py
[2024-04-27T14:58:59.134+0000] {processor.py:830} INFO - Processing file /opt/airflow/dags/def_dag.py for tasks to queue
[2024-04-27T14:58:59.138+0000] {logging_mixin.py:188} INFO - [2024-04-27T14:58:59.137+0000] {dagbag.py:540} INFO - Filling up the DagBag from /opt/airflow/dags/def_dag.py
[2024-04-27T14:58:59.160+0000] {processor.py:842} WARNING - No viable dags retrieved from /opt/airflow/dags/def_dag.py
[2024-04-27T14:58:59.184+0000] {processor.py:183} INFO - Processing /opt/airflow/dags/def_dag.py took 0.071 seconds
[2024-04-27T14:59:29.305+0000] {processor.py:161} INFO - Started process (PID=194) to work on /opt/airflow/dags/def_dag.py
[2024-04-27T14:59:29.306+0000] {processor.py:830} INFO - Processing file /opt/airflow/dags/def_dag.py for tasks to queue
[2024-04-27T14:59:29.309+0000] {logging_mixin.py:188} INFO - [2024-04-27T14:59:29.308+0000] {dagbag.py:540} INFO - Filling up the DagBag from /opt/airflow/dags/def_dag.py
[2024-04-27T14:59:29.323+0000] {processor.py:842} WARNING - No viable dags retrieved from /opt/airflow/dags/def_dag.py
[2024-04-27T14:59:29.358+0000] {processor.py:183} INFO - Processing /opt/airflow/dags/def_dag.py took 0.061 seconds
