[2024-04-27T14:05:25.358+0000] {processor.py:161} INFO - Started process (PID=29) to work on /opt/airflow/dags/my_dag.py
[2024-04-27T14:05:25.383+0000] {processor.py:830} INFO - Processing file /opt/airflow/dags/my_dag.py for tasks to queue
[2024-04-27T14:05:25.689+0000] {logging_mixin.py:188} INFO - [2024-04-27T14:05:25.413+0000] {dagbag.py:540} INFO - Filling up the DagBag from /opt/airflow/dags/my_dag.py
[2024-04-27T14:05:27.707+0000] {processor.py:840} INFO - DAG(s) 'tutorial' retrieved from /opt/airflow/dags/my_dag.py
[2024-04-27T14:05:32.005+0000] {logging_mixin.py:188} INFO - [2024-04-27T14:05:32.004+0000] {dag.py:3096} INFO - Sync 1 DAGs
[2024-04-27T14:05:32.639+0000] {logging_mixin.py:188} INFO - [2024-04-27T14:05:32.637+0000] {dag.py:3954} INFO - Setting next_dagrun for tutorial to 2024-04-26 00:00:00+00:00, run_after=2024-04-27 00:00:00+00:00
[2024-04-27T14:05:34.308+0000] {processor.py:183} INFO - Processing /opt/airflow/dags/my_dag.py took 11.601 seconds
[2024-04-27T14:06:56.028+0000] {processor.py:161} INFO - Started process (PID=101) to work on /opt/airflow/dags/my_dag.py
[2024-04-27T14:06:56.031+0000] {processor.py:830} INFO - Processing file /opt/airflow/dags/my_dag.py for tasks to queue
[2024-04-27T14:06:56.037+0000] {logging_mixin.py:188} INFO - [2024-04-27T14:06:56.036+0000] {dagbag.py:540} INFO - Filling up the DagBag from /opt/airflow/dags/my_dag.py
[2024-04-27T14:06:56.125+0000] {processor.py:840} INFO - DAG(s) 'tutorial' retrieved from /opt/airflow/dags/my_dag.py
[2024-04-27T14:06:56.498+0000] {logging_mixin.py:188} INFO - [2024-04-27T14:06:56.497+0000] {dag.py:3096} INFO - Sync 1 DAGs
[2024-04-27T14:06:56.551+0000] {logging_mixin.py:188} INFO - [2024-04-27T14:06:56.551+0000] {dag.py:3954} INFO - Setting next_dagrun for tutorial to 2024-04-26 00:00:00+00:00, run_after=2024-04-27 00:00:00+00:00
[2024-04-27T14:06:56.781+0000] {processor.py:183} INFO - Processing /opt/airflow/dags/my_dag.py took 0.775 seconds
[2024-04-27T14:07:28.703+0000] {processor.py:161} INFO - Started process (PID=153) to work on /opt/airflow/dags/my_dag.py
[2024-04-27T14:07:28.707+0000] {processor.py:830} INFO - Processing file /opt/airflow/dags/my_dag.py for tasks to queue
[2024-04-27T14:07:28.714+0000] {logging_mixin.py:188} INFO - [2024-04-27T14:07:28.713+0000] {dagbag.py:540} INFO - Filling up the DagBag from /opt/airflow/dags/my_dag.py
[2024-04-27T14:07:28.750+0000] {processor.py:840} INFO - DAG(s) 'tutorial' retrieved from /opt/airflow/dags/my_dag.py
[2024-04-27T14:07:28.825+0000] {logging_mixin.py:188} INFO - [2024-04-27T14:07:28.824+0000] {dag.py:3096} INFO - Sync 1 DAGs
[2024-04-27T14:07:28.930+0000] {logging_mixin.py:188} INFO - [2024-04-27T14:07:28.930+0000] {dag.py:3954} INFO - Setting next_dagrun for tutorial to 2024-04-26 00:00:00+00:00, run_after=2024-04-27 00:00:00+00:00
[2024-04-27T14:07:29.037+0000] {processor.py:183} INFO - Processing /opt/airflow/dags/my_dag.py took 0.352 seconds
[2024-04-27T14:08:04.628+0000] {processor.py:161} INFO - Started process (PID=207) to work on /opt/airflow/dags/my_dag.py
[2024-04-27T14:08:04.630+0000] {processor.py:830} INFO - Processing file /opt/airflow/dags/my_dag.py for tasks to queue
[2024-04-27T14:08:04.641+0000] {logging_mixin.py:188} INFO - [2024-04-27T14:08:04.641+0000] {dagbag.py:540} INFO - Filling up the DagBag from /opt/airflow/dags/my_dag.py
[2024-04-27T14:08:04.838+0000] {processor.py:840} INFO - DAG(s) 'tutorial' retrieved from /opt/airflow/dags/my_dag.py
[2024-04-27T14:08:05.732+0000] {logging_mixin.py:188} INFO - [2024-04-27T14:08:05.729+0000] {dag.py:3096} INFO - Sync 1 DAGs
[2024-04-27T14:08:05.857+0000] {logging_mixin.py:188} INFO - [2024-04-27T14:08:05.857+0000] {dag.py:3954} INFO - Setting next_dagrun for tutorial to 2024-04-26 00:00:00+00:00, run_after=2024-04-27 00:00:00+00:00
[2024-04-27T14:08:05.984+0000] {processor.py:183} INFO - Processing /opt/airflow/dags/my_dag.py took 1.367 seconds
[2024-04-27T14:08:37.476+0000] {processor.py:161} INFO - Started process (PID=261) to work on /opt/airflow/dags/my_dag.py
[2024-04-27T14:08:37.478+0000] {processor.py:830} INFO - Processing file /opt/airflow/dags/my_dag.py for tasks to queue
[2024-04-27T14:08:37.482+0000] {logging_mixin.py:188} INFO - [2024-04-27T14:08:37.481+0000] {dagbag.py:540} INFO - Filling up the DagBag from /opt/airflow/dags/my_dag.py
[2024-04-27T14:08:37.515+0000] {processor.py:840} INFO - DAG(s) 'tutorial' retrieved from /opt/airflow/dags/my_dag.py
[2024-04-27T14:08:37.571+0000] {logging_mixin.py:188} INFO - [2024-04-27T14:08:37.570+0000] {dag.py:3096} INFO - Sync 1 DAGs
[2024-04-27T14:08:37.657+0000] {logging_mixin.py:188} INFO - [2024-04-27T14:08:37.657+0000] {dag.py:3954} INFO - Setting next_dagrun for tutorial to 2024-04-26 00:00:00+00:00, run_after=2024-04-27 00:00:00+00:00
[2024-04-27T14:08:37.715+0000] {processor.py:183} INFO - Processing /opt/airflow/dags/my_dag.py took 0.254 seconds
[2024-04-27T14:09:09.175+0000] {processor.py:161} INFO - Started process (PID=311) to work on /opt/airflow/dags/my_dag.py
[2024-04-27T14:09:09.180+0000] {processor.py:830} INFO - Processing file /opt/airflow/dags/my_dag.py for tasks to queue
[2024-04-27T14:09:09.187+0000] {logging_mixin.py:188} INFO - [2024-04-27T14:09:09.186+0000] {dagbag.py:540} INFO - Filling up the DagBag from /opt/airflow/dags/my_dag.py
[2024-04-27T14:09:09.258+0000] {processor.py:840} INFO - DAG(s) 'tutorial' retrieved from /opt/airflow/dags/my_dag.py
[2024-04-27T14:09:09.312+0000] {logging_mixin.py:188} INFO - [2024-04-27T14:09:09.311+0000] {dag.py:3096} INFO - Sync 1 DAGs
[2024-04-27T14:09:09.382+0000] {logging_mixin.py:188} INFO - [2024-04-27T14:09:09.381+0000] {dag.py:3954} INFO - Setting next_dagrun for tutorial to 2024-04-26 00:00:00+00:00, run_after=2024-04-27 00:00:00+00:00
[2024-04-27T14:09:09.474+0000] {processor.py:183} INFO - Processing /opt/airflow/dags/my_dag.py took 0.327 seconds
[2024-04-27T14:09:39.928+0000] {processor.py:161} INFO - Started process (PID=364) to work on /opt/airflow/dags/my_dag.py
[2024-04-27T14:09:39.931+0000] {processor.py:830} INFO - Processing file /opt/airflow/dags/my_dag.py for tasks to queue
[2024-04-27T14:09:39.937+0000] {logging_mixin.py:188} INFO - [2024-04-27T14:09:39.936+0000] {dagbag.py:540} INFO - Filling up the DagBag from /opt/airflow/dags/my_dag.py
[2024-04-27T14:09:39.973+0000] {processor.py:840} INFO - DAG(s) 'tutorial' retrieved from /opt/airflow/dags/my_dag.py
[2024-04-27T14:09:40.273+0000] {logging_mixin.py:188} INFO - [2024-04-27T14:09:40.273+0000] {dag.py:3096} INFO - Sync 1 DAGs
[2024-04-27T14:09:40.321+0000] {logging_mixin.py:188} INFO - [2024-04-27T14:09:40.320+0000] {dag.py:3954} INFO - Setting next_dagrun for tutorial to 2024-04-26 00:00:00+00:00, run_after=2024-04-27 00:00:00+00:00
[2024-04-27T14:09:40.362+0000] {processor.py:183} INFO - Processing /opt/airflow/dags/my_dag.py took 0.453 seconds
[2024-04-27T14:10:12.965+0000] {processor.py:161} INFO - Started process (PID=413) to work on /opt/airflow/dags/my_dag.py
[2024-04-27T14:10:12.968+0000] {processor.py:830} INFO - Processing file /opt/airflow/dags/my_dag.py for tasks to queue
[2024-04-27T14:10:12.974+0000] {logging_mixin.py:188} INFO - [2024-04-27T14:10:12.973+0000] {dagbag.py:540} INFO - Filling up the DagBag from /opt/airflow/dags/my_dag.py
[2024-04-27T14:10:13.013+0000] {processor.py:840} INFO - DAG(s) 'tutorial' retrieved from /opt/airflow/dags/my_dag.py
[2024-04-27T14:10:13.089+0000] {logging_mixin.py:188} INFO - [2024-04-27T14:10:13.089+0000] {dag.py:3096} INFO - Sync 1 DAGs
[2024-04-27T14:10:13.179+0000] {logging_mixin.py:188} INFO - [2024-04-27T14:10:13.178+0000] {dag.py:3954} INFO - Setting next_dagrun for tutorial to 2024-04-26 00:00:00+00:00, run_after=2024-04-27 00:00:00+00:00
[2024-04-27T14:10:13.338+0000] {processor.py:183} INFO - Processing /opt/airflow/dags/my_dag.py took 0.407 seconds
[2024-04-27T14:10:43.653+0000] {processor.py:161} INFO - Started process (PID=467) to work on /opt/airflow/dags/my_dag.py
[2024-04-27T14:10:43.655+0000] {processor.py:830} INFO - Processing file /opt/airflow/dags/my_dag.py for tasks to queue
[2024-04-27T14:10:43.659+0000] {logging_mixin.py:188} INFO - [2024-04-27T14:10:43.658+0000] {dagbag.py:540} INFO - Filling up the DagBag from /opt/airflow/dags/my_dag.py
[2024-04-27T14:10:43.694+0000] {processor.py:840} INFO - DAG(s) 'tutorial' retrieved from /opt/airflow/dags/my_dag.py
[2024-04-27T14:10:43.727+0000] {logging_mixin.py:188} INFO - [2024-04-27T14:10:43.726+0000] {dag.py:3096} INFO - Sync 1 DAGs
[2024-04-27T14:10:43.801+0000] {logging_mixin.py:188} INFO - [2024-04-27T14:10:43.800+0000] {dag.py:3954} INFO - Setting next_dagrun for tutorial to 2024-04-26 00:00:00+00:00, run_after=2024-04-27 00:00:00+00:00
[2024-04-27T14:10:43.856+0000] {processor.py:183} INFO - Processing /opt/airflow/dags/my_dag.py took 0.217 seconds
[2024-04-27T14:11:14.669+0000] {processor.py:161} INFO - Started process (PID=520) to work on /opt/airflow/dags/my_dag.py
[2024-04-27T14:11:14.685+0000] {processor.py:830} INFO - Processing file /opt/airflow/dags/my_dag.py for tasks to queue
[2024-04-27T14:11:14.708+0000] {logging_mixin.py:188} INFO - [2024-04-27T14:11:14.693+0000] {dagbag.py:540} INFO - Filling up the DagBag from /opt/airflow/dags/my_dag.py
[2024-04-27T14:11:14.891+0000] {processor.py:840} INFO - DAG(s) 'tutorial' retrieved from /opt/airflow/dags/my_dag.py
[2024-04-27T14:11:16.109+0000] {logging_mixin.py:188} INFO - [2024-04-27T14:11:16.109+0000] {dag.py:3096} INFO - Sync 1 DAGs
[2024-04-27T14:11:16.955+0000] {logging_mixin.py:188} INFO - [2024-04-27T14:11:16.955+0000] {dag.py:3954} INFO - Setting next_dagrun for tutorial to 2024-04-26 00:00:00+00:00, run_after=2024-04-27 00:00:00+00:00
[2024-04-27T14:11:17.264+0000] {processor.py:183} INFO - Processing /opt/airflow/dags/my_dag.py took 2.677 seconds
[2024-04-27T14:11:50.118+0000] {processor.py:161} INFO - Started process (PID=574) to work on /opt/airflow/dags/my_dag.py
[2024-04-27T14:11:50.120+0000] {processor.py:830} INFO - Processing file /opt/airflow/dags/my_dag.py for tasks to queue
[2024-04-27T14:11:50.125+0000] {logging_mixin.py:188} INFO - [2024-04-27T14:11:50.124+0000] {dagbag.py:540} INFO - Filling up the DagBag from /opt/airflow/dags/my_dag.py
[2024-04-27T14:11:50.183+0000] {processor.py:840} INFO - DAG(s) 'tutorial' retrieved from /opt/airflow/dags/my_dag.py
[2024-04-27T14:11:50.363+0000] {logging_mixin.py:188} INFO - [2024-04-27T14:11:50.363+0000] {dag.py:3096} INFO - Sync 1 DAGs
[2024-04-27T14:11:50.699+0000] {logging_mixin.py:188} INFO - [2024-04-27T14:11:50.685+0000] {dag.py:3954} INFO - Setting next_dagrun for tutorial to 2024-04-26 00:00:00+00:00, run_after=2024-04-27 00:00:00+00:00
[2024-04-27T14:11:50.843+0000] {processor.py:183} INFO - Processing /opt/airflow/dags/my_dag.py took 0.757 seconds
[2024-04-27T14:12:21.190+0000] {processor.py:161} INFO - Started process (PID=628) to work on /opt/airflow/dags/my_dag.py
[2024-04-27T14:12:21.192+0000] {processor.py:830} INFO - Processing file /opt/airflow/dags/my_dag.py for tasks to queue
[2024-04-27T14:12:21.197+0000] {logging_mixin.py:188} INFO - [2024-04-27T14:12:21.196+0000] {dagbag.py:540} INFO - Filling up the DagBag from /opt/airflow/dags/my_dag.py
[2024-04-27T14:12:21.228+0000] {processor.py:840} INFO - DAG(s) 'tutorial' retrieved from /opt/airflow/dags/my_dag.py
[2024-04-27T14:12:21.251+0000] {logging_mixin.py:188} INFO - [2024-04-27T14:12:21.250+0000] {dag.py:3096} INFO - Sync 1 DAGs
[2024-04-27T14:12:21.306+0000] {logging_mixin.py:188} INFO - [2024-04-27T14:12:21.305+0000] {dag.py:3954} INFO - Setting next_dagrun for tutorial to 2024-04-26 00:00:00+00:00, run_after=2024-04-27 00:00:00+00:00
[2024-04-27T14:12:21.355+0000] {processor.py:183} INFO - Processing /opt/airflow/dags/my_dag.py took 0.178 seconds
[2024-04-27T14:17:16.797+0000] {processor.py:161} INFO - Started process (PID=30) to work on /opt/airflow/dags/my_dag.py
[2024-04-27T14:17:17.112+0000] {processor.py:830} INFO - Processing file /opt/airflow/dags/my_dag.py for tasks to queue
[2024-04-27T14:17:17.182+0000] {logging_mixin.py:188} INFO - [2024-04-27T14:17:17.180+0000] {dagbag.py:540} INFO - Filling up the DagBag from /opt/airflow/dags/my_dag.py
[2024-04-27T14:17:22.069+0000] {processor.py:840} INFO - DAG(s) 'tutorial' retrieved from /opt/airflow/dags/my_dag.py
[2024-04-27T14:17:28.604+0000] {logging_mixin.py:188} INFO - [2024-04-27T14:17:28.559+0000] {dag.py:3096} INFO - Sync 1 DAGs
[2024-04-27T14:17:32.840+0000] {logging_mixin.py:188} INFO - [2024-04-27T14:17:32.774+0000] {dag.py:3954} INFO - Setting next_dagrun for tutorial to 2024-04-26 00:00:00+00:00, run_after=2024-04-27 00:00:00+00:00
[2024-04-27T14:17:39.106+0000] {processor.py:183} INFO - Processing /opt/airflow/dags/my_dag.py took 23.309 seconds
[2024-04-27T14:18:11.420+0000] {processor.py:161} INFO - Started process (PID=32) to work on /opt/airflow/dags/my_dag.py
[2024-04-27T14:18:11.435+0000] {processor.py:830} INFO - Processing file /opt/airflow/dags/my_dag.py for tasks to queue
[2024-04-27T14:18:11.470+0000] {logging_mixin.py:188} INFO - [2024-04-27T14:18:11.469+0000] {dagbag.py:540} INFO - Filling up the DagBag from /opt/airflow/dags/my_dag.py
[2024-04-27T14:18:11.959+0000] {processor.py:840} INFO - DAG(s) 'tutorial' retrieved from /opt/airflow/dags/my_dag.py
[2024-04-27T14:18:12.845+0000] {logging_mixin.py:188} INFO - [2024-04-27T14:18:12.845+0000] {dag.py:3096} INFO - Sync 1 DAGs
[2024-04-27T14:18:15.050+0000] {logging_mixin.py:188} INFO - [2024-04-27T14:18:15.049+0000] {dag.py:3954} INFO - Setting next_dagrun for tutorial to 2024-04-26 00:00:00+00:00, run_after=2024-04-27 00:00:00+00:00
[2024-04-27T14:18:15.362+0000] {processor.py:183} INFO - Processing /opt/airflow/dags/my_dag.py took 4.099 seconds
[2024-04-27T14:18:47.975+0000] {processor.py:161} INFO - Started process (PID=34) to work on /opt/airflow/dags/my_dag.py
[2024-04-27T14:18:47.979+0000] {processor.py:830} INFO - Processing file /opt/airflow/dags/my_dag.py for tasks to queue
[2024-04-27T14:18:48.025+0000] {logging_mixin.py:188} INFO - [2024-04-27T14:18:48.020+0000] {dagbag.py:540} INFO - Filling up the DagBag from /opt/airflow/dags/my_dag.py
[2024-04-27T14:18:48.130+0000] {processor.py:840} INFO - DAG(s) 'tutorial' retrieved from /opt/airflow/dags/my_dag.py
[2024-04-27T14:18:48.249+0000] {logging_mixin.py:188} INFO - [2024-04-27T14:18:48.249+0000] {dag.py:3096} INFO - Sync 1 DAGs
[2024-04-27T14:18:48.517+0000] {logging_mixin.py:188} INFO - [2024-04-27T14:18:48.516+0000] {dag.py:3954} INFO - Setting next_dagrun for tutorial to 2024-04-26 00:00:00+00:00, run_after=2024-04-27 00:00:00+00:00
[2024-04-27T14:18:48.618+0000] {processor.py:183} INFO - Processing /opt/airflow/dags/my_dag.py took 0.730 seconds
[2024-04-27T14:19:19.347+0000] {processor.py:161} INFO - Started process (PID=36) to work on /opt/airflow/dags/my_dag.py
[2024-04-27T14:19:19.351+0000] {processor.py:830} INFO - Processing file /opt/airflow/dags/my_dag.py for tasks to queue
[2024-04-27T14:19:19.373+0000] {logging_mixin.py:188} INFO - [2024-04-27T14:19:19.371+0000] {dagbag.py:540} INFO - Filling up the DagBag from /opt/airflow/dags/my_dag.py
[2024-04-27T14:19:19.830+0000] {processor.py:840} INFO - DAG(s) 'tutorial' retrieved from /opt/airflow/dags/my_dag.py
[2024-04-27T14:19:20.408+0000] {logging_mixin.py:188} INFO - [2024-04-27T14:19:20.407+0000] {dag.py:3096} INFO - Sync 1 DAGs
[2024-04-27T14:19:20.578+0000] {logging_mixin.py:188} INFO - [2024-04-27T14:19:20.577+0000] {dag.py:3954} INFO - Setting next_dagrun for tutorial to 2024-04-26 00:00:00+00:00, run_after=2024-04-27 00:00:00+00:00
[2024-04-27T14:19:20.652+0000] {processor.py:183} INFO - Processing /opt/airflow/dags/my_dag.py took 1.404 seconds
[2024-04-27T14:19:51.230+0000] {processor.py:161} INFO - Started process (PID=38) to work on /opt/airflow/dags/my_dag.py
[2024-04-27T14:19:51.262+0000] {processor.py:830} INFO - Processing file /opt/airflow/dags/my_dag.py for tasks to queue
[2024-04-27T14:19:51.271+0000] {logging_mixin.py:188} INFO - [2024-04-27T14:19:51.270+0000] {dagbag.py:540} INFO - Filling up the DagBag from /opt/airflow/dags/my_dag.py
[2024-04-27T14:19:51.433+0000] {processor.py:840} INFO - DAG(s) 'tutorial' retrieved from /opt/airflow/dags/my_dag.py
[2024-04-27T14:19:51.576+0000] {logging_mixin.py:188} INFO - [2024-04-27T14:19:51.576+0000] {dag.py:3096} INFO - Sync 1 DAGs
[2024-04-27T14:19:51.729+0000] {logging_mixin.py:188} INFO - [2024-04-27T14:19:51.729+0000] {dag.py:3954} INFO - Setting next_dagrun for tutorial to 2024-04-26 00:00:00+00:00, run_after=2024-04-27 00:00:00+00:00
[2024-04-27T14:19:51.804+0000] {processor.py:183} INFO - Processing /opt/airflow/dags/my_dag.py took 0.673 seconds
[2024-04-27T14:20:22.047+0000] {processor.py:161} INFO - Started process (PID=40) to work on /opt/airflow/dags/my_dag.py
[2024-04-27T14:20:22.216+0000] {processor.py:830} INFO - Processing file /opt/airflow/dags/my_dag.py for tasks to queue
[2024-04-27T14:20:22.271+0000] {logging_mixin.py:188} INFO - [2024-04-27T14:20:22.250+0000] {dagbag.py:540} INFO - Filling up the DagBag from /opt/airflow/dags/my_dag.py
[2024-04-27T14:20:23.092+0000] {processor.py:840} INFO - DAG(s) 'tutorial' retrieved from /opt/airflow/dags/my_dag.py
[2024-04-27T14:20:23.420+0000] {logging_mixin.py:188} INFO - [2024-04-27T14:20:23.419+0000] {dag.py:3096} INFO - Sync 1 DAGs
[2024-04-27T14:20:23.765+0000] {logging_mixin.py:188} INFO - [2024-04-27T14:20:23.765+0000] {dag.py:3954} INFO - Setting next_dagrun for tutorial to 2024-04-26 00:00:00+00:00, run_after=2024-04-27 00:00:00+00:00
[2024-04-27T14:20:23.920+0000] {processor.py:183} INFO - Processing /opt/airflow/dags/my_dag.py took 1.917 seconds
[2024-04-27T14:20:54.118+0000] {processor.py:161} INFO - Started process (PID=42) to work on /opt/airflow/dags/my_dag.py
[2024-04-27T14:20:54.120+0000] {processor.py:830} INFO - Processing file /opt/airflow/dags/my_dag.py for tasks to queue
[2024-04-27T14:20:54.127+0000] {logging_mixin.py:188} INFO - [2024-04-27T14:20:54.124+0000] {dagbag.py:540} INFO - Filling up the DagBag from /opt/airflow/dags/my_dag.py
[2024-04-27T14:20:54.188+0000] {processor.py:840} INFO - DAG(s) 'tutorial' retrieved from /opt/airflow/dags/my_dag.py
[2024-04-27T14:20:54.291+0000] {logging_mixin.py:188} INFO - [2024-04-27T14:20:54.290+0000] {dag.py:3096} INFO - Sync 1 DAGs
[2024-04-27T14:20:54.362+0000] {logging_mixin.py:188} INFO - [2024-04-27T14:20:54.361+0000] {dag.py:3954} INFO - Setting next_dagrun for tutorial to 2024-04-26 00:00:00+00:00, run_after=2024-04-27 00:00:00+00:00
[2024-04-27T14:20:54.456+0000] {processor.py:183} INFO - Processing /opt/airflow/dags/my_dag.py took 0.361 seconds
[2024-04-27T14:21:24.860+0000] {processor.py:161} INFO - Started process (PID=44) to work on /opt/airflow/dags/my_dag.py
[2024-04-27T14:21:24.864+0000] {processor.py:830} INFO - Processing file /opt/airflow/dags/my_dag.py for tasks to queue
[2024-04-27T14:21:24.869+0000] {logging_mixin.py:188} INFO - [2024-04-27T14:21:24.868+0000] {dagbag.py:540} INFO - Filling up the DagBag from /opt/airflow/dags/my_dag.py
[2024-04-27T14:21:24.922+0000] {processor.py:840} INFO - DAG(s) 'tutorial' retrieved from /opt/airflow/dags/my_dag.py
[2024-04-27T14:21:25.020+0000] {logging_mixin.py:188} INFO - [2024-04-27T14:21:25.019+0000] {dag.py:3096} INFO - Sync 1 DAGs
[2024-04-27T14:21:25.115+0000] {logging_mixin.py:188} INFO - [2024-04-27T14:21:25.114+0000] {dag.py:3954} INFO - Setting next_dagrun for tutorial to 2024-04-26 00:00:00+00:00, run_after=2024-04-27 00:00:00+00:00
[2024-04-27T14:21:25.174+0000] {processor.py:183} INFO - Processing /opt/airflow/dags/my_dag.py took 0.332 seconds
[2024-04-27T14:21:55.324+0000] {processor.py:161} INFO - Started process (PID=46) to work on /opt/airflow/dags/my_dag.py
[2024-04-27T14:21:55.335+0000] {processor.py:830} INFO - Processing file /opt/airflow/dags/my_dag.py for tasks to queue
[2024-04-27T14:21:55.342+0000] {logging_mixin.py:188} INFO - [2024-04-27T14:21:55.341+0000] {dagbag.py:540} INFO - Filling up the DagBag from /opt/airflow/dags/my_dag.py
[2024-04-27T14:21:55.394+0000] {processor.py:840} INFO - DAG(s) 'tutorial' retrieved from /opt/airflow/dags/my_dag.py
[2024-04-27T14:21:55.512+0000] {logging_mixin.py:188} INFO - [2024-04-27T14:21:55.511+0000] {dag.py:3096} INFO - Sync 1 DAGs
[2024-04-27T14:21:55.750+0000] {logging_mixin.py:188} INFO - [2024-04-27T14:21:55.749+0000] {dag.py:3954} INFO - Setting next_dagrun for tutorial to 2024-04-26 00:00:00+00:00, run_after=2024-04-27 00:00:00+00:00
[2024-04-27T14:21:55.813+0000] {processor.py:183} INFO - Processing /opt/airflow/dags/my_dag.py took 0.515 seconds
[2024-04-27T14:22:26.788+0000] {processor.py:161} INFO - Started process (PID=48) to work on /opt/airflow/dags/my_dag.py
[2024-04-27T14:22:26.790+0000] {processor.py:830} INFO - Processing file /opt/airflow/dags/my_dag.py for tasks to queue
[2024-04-27T14:22:26.794+0000] {logging_mixin.py:188} INFO - [2024-04-27T14:22:26.793+0000] {dagbag.py:540} INFO - Filling up the DagBag from /opt/airflow/dags/my_dag.py
[2024-04-27T14:22:26.847+0000] {processor.py:840} INFO - DAG(s) 'tutorial' retrieved from /opt/airflow/dags/my_dag.py
[2024-04-27T14:22:26.928+0000] {logging_mixin.py:188} INFO - [2024-04-27T14:22:26.927+0000] {dag.py:3096} INFO - Sync 1 DAGs
[2024-04-27T14:22:27.000+0000] {logging_mixin.py:188} INFO - [2024-04-27T14:22:27.000+0000] {dag.py:3954} INFO - Setting next_dagrun for tutorial to 2024-04-26 00:00:00+00:00, run_after=2024-04-27 00:00:00+00:00
[2024-04-27T14:22:27.054+0000] {processor.py:183} INFO - Processing /opt/airflow/dags/my_dag.py took 0.292 seconds
[2024-04-27T14:22:57.345+0000] {processor.py:161} INFO - Started process (PID=50) to work on /opt/airflow/dags/my_dag.py
[2024-04-27T14:22:57.355+0000] {processor.py:830} INFO - Processing file /opt/airflow/dags/my_dag.py for tasks to queue
[2024-04-27T14:22:57.359+0000] {logging_mixin.py:188} INFO - [2024-04-27T14:22:57.358+0000] {dagbag.py:540} INFO - Filling up the DagBag from /opt/airflow/dags/my_dag.py
[2024-04-27T14:22:57.517+0000] {processor.py:840} INFO - DAG(s) 'tutorial' retrieved from /opt/airflow/dags/my_dag.py
[2024-04-27T14:22:57.905+0000] {logging_mixin.py:188} INFO - [2024-04-27T14:22:57.904+0000] {dag.py:3096} INFO - Sync 1 DAGs
[2024-04-27T14:22:58.028+0000] {logging_mixin.py:188} INFO - [2024-04-27T14:22:58.027+0000] {dag.py:3954} INFO - Setting next_dagrun for tutorial to 2024-04-26 00:00:00+00:00, run_after=2024-04-27 00:00:00+00:00
[2024-04-27T14:22:58.080+0000] {processor.py:183} INFO - Processing /opt/airflow/dags/my_dag.py took 0.777 seconds
[2024-04-27T14:23:28.895+0000] {processor.py:161} INFO - Started process (PID=52) to work on /opt/airflow/dags/my_dag.py
[2024-04-27T14:23:28.897+0000] {processor.py:830} INFO - Processing file /opt/airflow/dags/my_dag.py for tasks to queue
[2024-04-27T14:23:28.900+0000] {logging_mixin.py:188} INFO - [2024-04-27T14:23:28.899+0000] {dagbag.py:540} INFO - Filling up the DagBag from /opt/airflow/dags/my_dag.py
[2024-04-27T14:23:28.974+0000] {processor.py:840} INFO - DAG(s) 'tutorial' retrieved from /opt/airflow/dags/my_dag.py
[2024-04-27T14:23:29.160+0000] {logging_mixin.py:188} INFO - [2024-04-27T14:23:29.160+0000] {dag.py:3096} INFO - Sync 1 DAGs
[2024-04-27T14:23:29.203+0000] {logging_mixin.py:188} INFO - [2024-04-27T14:23:29.202+0000] {dag.py:3954} INFO - Setting next_dagrun for tutorial to 2024-04-26 00:00:00+00:00, run_after=2024-04-27 00:00:00+00:00
[2024-04-27T14:23:29.243+0000] {processor.py:183} INFO - Processing /opt/airflow/dags/my_dag.py took 0.358 seconds
[2024-04-27T14:23:59.626+0000] {processor.py:161} INFO - Started process (PID=54) to work on /opt/airflow/dags/my_dag.py
[2024-04-27T14:23:59.628+0000] {processor.py:830} INFO - Processing file /opt/airflow/dags/my_dag.py for tasks to queue
[2024-04-27T14:23:59.630+0000] {logging_mixin.py:188} INFO - [2024-04-27T14:23:59.630+0000] {dagbag.py:540} INFO - Filling up the DagBag from /opt/airflow/dags/my_dag.py
[2024-04-27T14:23:59.656+0000] {processor.py:840} INFO - DAG(s) 'tutorial' retrieved from /opt/airflow/dags/my_dag.py
[2024-04-27T14:23:59.691+0000] {logging_mixin.py:188} INFO - [2024-04-27T14:23:59.691+0000] {dag.py:3096} INFO - Sync 1 DAGs
[2024-04-27T14:23:59.721+0000] {logging_mixin.py:188} INFO - [2024-04-27T14:23:59.721+0000] {dag.py:3954} INFO - Setting next_dagrun for tutorial to 2024-04-26 00:00:00+00:00, run_after=2024-04-27 00:00:00+00:00
[2024-04-27T14:23:59.752+0000] {processor.py:183} INFO - Processing /opt/airflow/dags/my_dag.py took 0.135 seconds
[2024-04-27T14:24:30.119+0000] {processor.py:161} INFO - Started process (PID=56) to work on /opt/airflow/dags/my_dag.py
[2024-04-27T14:24:30.121+0000] {processor.py:830} INFO - Processing file /opt/airflow/dags/my_dag.py for tasks to queue
[2024-04-27T14:24:30.125+0000] {logging_mixin.py:188} INFO - [2024-04-27T14:24:30.124+0000] {dagbag.py:540} INFO - Filling up the DagBag from /opt/airflow/dags/my_dag.py
[2024-04-27T14:24:30.156+0000] {processor.py:840} INFO - DAG(s) 'tutorial' retrieved from /opt/airflow/dags/my_dag.py
[2024-04-27T14:24:30.191+0000] {logging_mixin.py:188} INFO - [2024-04-27T14:24:30.190+0000] {dag.py:3096} INFO - Sync 1 DAGs
[2024-04-27T14:24:30.221+0000] {logging_mixin.py:188} INFO - [2024-04-27T14:24:30.221+0000] {dag.py:3954} INFO - Setting next_dagrun for tutorial to 2024-04-26 00:00:00+00:00, run_after=2024-04-27 00:00:00+00:00
[2024-04-27T14:24:30.249+0000] {processor.py:183} INFO - Processing /opt/airflow/dags/my_dag.py took 0.138 seconds
[2024-04-27T14:25:00.538+0000] {processor.py:161} INFO - Started process (PID=58) to work on /opt/airflow/dags/my_dag.py
[2024-04-27T14:25:00.540+0000] {processor.py:830} INFO - Processing file /opt/airflow/dags/my_dag.py for tasks to queue
[2024-04-27T14:25:00.542+0000] {logging_mixin.py:188} INFO - [2024-04-27T14:25:00.542+0000] {dagbag.py:540} INFO - Filling up the DagBag from /opt/airflow/dags/my_dag.py
[2024-04-27T14:25:00.564+0000] {processor.py:840} INFO - DAG(s) 'tutorial' retrieved from /opt/airflow/dags/my_dag.py
[2024-04-27T14:25:00.598+0000] {logging_mixin.py:188} INFO - [2024-04-27T14:25:00.597+0000] {dag.py:3096} INFO - Sync 1 DAGs
[2024-04-27T14:25:00.627+0000] {logging_mixin.py:188} INFO - [2024-04-27T14:25:00.626+0000] {dag.py:3954} INFO - Setting next_dagrun for tutorial to 2024-04-26 00:00:00+00:00, run_after=2024-04-27 00:00:00+00:00
[2024-04-27T14:25:00.655+0000] {processor.py:183} INFO - Processing /opt/airflow/dags/my_dag.py took 0.135 seconds
[2024-04-27T14:25:30.890+0000] {processor.py:161} INFO - Started process (PID=60) to work on /opt/airflow/dags/my_dag.py
[2024-04-27T14:25:30.891+0000] {processor.py:830} INFO - Processing file /opt/airflow/dags/my_dag.py for tasks to queue
[2024-04-27T14:25:30.894+0000] {logging_mixin.py:188} INFO - [2024-04-27T14:25:30.893+0000] {dagbag.py:540} INFO - Filling up the DagBag from /opt/airflow/dags/my_dag.py
[2024-04-27T14:25:30.923+0000] {processor.py:840} INFO - DAG(s) 'tutorial' retrieved from /opt/airflow/dags/my_dag.py
[2024-04-27T14:25:30.956+0000] {logging_mixin.py:188} INFO - [2024-04-27T14:25:30.955+0000] {dag.py:3096} INFO - Sync 1 DAGs
[2024-04-27T14:25:30.984+0000] {logging_mixin.py:188} INFO - [2024-04-27T14:25:30.984+0000] {dag.py:3954} INFO - Setting next_dagrun for tutorial to 2024-04-26 00:00:00+00:00, run_after=2024-04-27 00:00:00+00:00
[2024-04-27T14:25:31.013+0000] {processor.py:183} INFO - Processing /opt/airflow/dags/my_dag.py took 0.131 seconds
[2024-04-27T14:26:01.352+0000] {processor.py:161} INFO - Started process (PID=62) to work on /opt/airflow/dags/my_dag.py
[2024-04-27T14:26:01.353+0000] {processor.py:830} INFO - Processing file /opt/airflow/dags/my_dag.py for tasks to queue
[2024-04-27T14:26:01.356+0000] {logging_mixin.py:188} INFO - [2024-04-27T14:26:01.355+0000] {dagbag.py:540} INFO - Filling up the DagBag from /opt/airflow/dags/my_dag.py
[2024-04-27T14:26:01.379+0000] {processor.py:840} INFO - DAG(s) 'tutorial' retrieved from /opt/airflow/dags/my_dag.py
[2024-04-27T14:26:01.413+0000] {logging_mixin.py:188} INFO - [2024-04-27T14:26:01.412+0000] {dag.py:3096} INFO - Sync 1 DAGs
[2024-04-27T14:26:01.441+0000] {logging_mixin.py:188} INFO - [2024-04-27T14:26:01.440+0000] {dag.py:3954} INFO - Setting next_dagrun for tutorial to 2024-04-26 00:00:00+00:00, run_after=2024-04-27 00:00:00+00:00
[2024-04-27T14:26:01.471+0000] {processor.py:183} INFO - Processing /opt/airflow/dags/my_dag.py took 0.127 seconds
[2024-04-27T14:26:31.786+0000] {processor.py:161} INFO - Started process (PID=64) to work on /opt/airflow/dags/my_dag.py
[2024-04-27T14:26:31.787+0000] {processor.py:830} INFO - Processing file /opt/airflow/dags/my_dag.py for tasks to queue
[2024-04-27T14:26:31.790+0000] {logging_mixin.py:188} INFO - [2024-04-27T14:26:31.789+0000] {dagbag.py:540} INFO - Filling up the DagBag from /opt/airflow/dags/my_dag.py
[2024-04-27T14:26:31.816+0000] {processor.py:840} INFO - DAG(s) 'tutorial' retrieved from /opt/airflow/dags/my_dag.py
[2024-04-27T14:26:31.849+0000] {logging_mixin.py:188} INFO - [2024-04-27T14:26:31.849+0000] {dag.py:3096} INFO - Sync 1 DAGs
[2024-04-27T14:26:31.878+0000] {logging_mixin.py:188} INFO - [2024-04-27T14:26:31.877+0000] {dag.py:3954} INFO - Setting next_dagrun for tutorial to 2024-04-26 00:00:00+00:00, run_after=2024-04-27 00:00:00+00:00
[2024-04-27T14:26:31.904+0000] {processor.py:183} INFO - Processing /opt/airflow/dags/my_dag.py took 0.126 seconds
[2024-04-27T14:27:02.226+0000] {processor.py:161} INFO - Started process (PID=66) to work on /opt/airflow/dags/my_dag.py
[2024-04-27T14:27:02.228+0000] {processor.py:830} INFO - Processing file /opt/airflow/dags/my_dag.py for tasks to queue
[2024-04-27T14:27:02.233+0000] {logging_mixin.py:188} INFO - [2024-04-27T14:27:02.233+0000] {dagbag.py:540} INFO - Filling up the DagBag from /opt/airflow/dags/my_dag.py
[2024-04-27T14:27:02.273+0000] {processor.py:840} INFO - DAG(s) 'tutorial' retrieved from /opt/airflow/dags/my_dag.py
[2024-04-27T14:27:02.339+0000] {logging_mixin.py:188} INFO - [2024-04-27T14:27:02.338+0000] {dag.py:3096} INFO - Sync 1 DAGs
[2024-04-27T14:27:02.382+0000] {logging_mixin.py:188} INFO - [2024-04-27T14:27:02.382+0000] {dag.py:3954} INFO - Setting next_dagrun for tutorial to 2024-04-26 00:00:00+00:00, run_after=2024-04-27 00:00:00+00:00
[2024-04-27T14:27:02.410+0000] {processor.py:183} INFO - Processing /opt/airflow/dags/my_dag.py took 0.194 seconds
[2024-04-27T14:27:32.764+0000] {processor.py:161} INFO - Started process (PID=68) to work on /opt/airflow/dags/my_dag.py
[2024-04-27T14:27:32.765+0000] {processor.py:830} INFO - Processing file /opt/airflow/dags/my_dag.py for tasks to queue
[2024-04-27T14:27:32.768+0000] {logging_mixin.py:188} INFO - [2024-04-27T14:27:32.768+0000] {dagbag.py:540} INFO - Filling up the DagBag from /opt/airflow/dags/my_dag.py
[2024-04-27T14:27:32.791+0000] {processor.py:840} INFO - DAG(s) 'tutorial' retrieved from /opt/airflow/dags/my_dag.py
[2024-04-27T14:27:32.826+0000] {logging_mixin.py:188} INFO - [2024-04-27T14:27:32.826+0000] {dag.py:3096} INFO - Sync 1 DAGs
[2024-04-27T14:27:32.855+0000] {logging_mixin.py:188} INFO - [2024-04-27T14:27:32.855+0000] {dag.py:3954} INFO - Setting next_dagrun for tutorial to 2024-04-26 00:00:00+00:00, run_after=2024-04-27 00:00:00+00:00
[2024-04-27T14:27:32.886+0000] {processor.py:183} INFO - Processing /opt/airflow/dags/my_dag.py took 0.129 seconds
[2024-04-27T14:28:03.112+0000] {processor.py:161} INFO - Started process (PID=70) to work on /opt/airflow/dags/my_dag.py
[2024-04-27T14:28:03.113+0000] {processor.py:830} INFO - Processing file /opt/airflow/dags/my_dag.py for tasks to queue
[2024-04-27T14:28:03.117+0000] {logging_mixin.py:188} INFO - [2024-04-27T14:28:03.116+0000] {dagbag.py:540} INFO - Filling up the DagBag from /opt/airflow/dags/my_dag.py
[2024-04-27T14:28:03.142+0000] {processor.py:840} INFO - DAG(s) 'tutorial' retrieved from /opt/airflow/dags/my_dag.py
[2024-04-27T14:28:03.180+0000] {logging_mixin.py:188} INFO - [2024-04-27T14:28:03.180+0000] {dag.py:3096} INFO - Sync 1 DAGs
[2024-04-27T14:28:03.209+0000] {logging_mixin.py:188} INFO - [2024-04-27T14:28:03.209+0000] {dag.py:3954} INFO - Setting next_dagrun for tutorial to 2024-04-26 00:00:00+00:00, run_after=2024-04-27 00:00:00+00:00
[2024-04-27T14:28:03.235+0000] {processor.py:183} INFO - Processing /opt/airflow/dags/my_dag.py took 0.131 seconds
[2024-04-27T14:28:33.612+0000] {processor.py:161} INFO - Started process (PID=72) to work on /opt/airflow/dags/my_dag.py
[2024-04-27T14:28:33.613+0000] {processor.py:830} INFO - Processing file /opt/airflow/dags/my_dag.py for tasks to queue
[2024-04-27T14:28:33.621+0000] {logging_mixin.py:188} INFO - [2024-04-27T14:28:33.620+0000] {dagbag.py:540} INFO - Filling up the DagBag from /opt/airflow/dags/my_dag.py
[2024-04-27T14:28:33.651+0000] {processor.py:840} INFO - DAG(s) 'tutorial' retrieved from /opt/airflow/dags/my_dag.py
[2024-04-27T14:28:33.695+0000] {logging_mixin.py:188} INFO - [2024-04-27T14:28:33.695+0000] {dag.py:3096} INFO - Sync 1 DAGs
[2024-04-27T14:28:33.732+0000] {logging_mixin.py:188} INFO - [2024-04-27T14:28:33.732+0000] {dag.py:3954} INFO - Setting next_dagrun for tutorial to 2024-04-26 00:00:00+00:00, run_after=2024-04-27 00:00:00+00:00
[2024-04-27T14:28:33.765+0000] {processor.py:183} INFO - Processing /opt/airflow/dags/my_dag.py took 0.161 seconds
[2024-04-27T14:29:03.943+0000] {processor.py:161} INFO - Started process (PID=74) to work on /opt/airflow/dags/my_dag.py
[2024-04-27T14:29:03.944+0000] {processor.py:830} INFO - Processing file /opt/airflow/dags/my_dag.py for tasks to queue
[2024-04-27T14:29:03.949+0000] {logging_mixin.py:188} INFO - [2024-04-27T14:29:03.948+0000] {dagbag.py:540} INFO - Filling up the DagBag from /opt/airflow/dags/my_dag.py
[2024-04-27T14:29:03.974+0000] {processor.py:840} INFO - DAG(s) 'tutorial' retrieved from /opt/airflow/dags/my_dag.py
[2024-04-27T14:29:04.020+0000] {logging_mixin.py:188} INFO - [2024-04-27T14:29:04.019+0000] {dag.py:3096} INFO - Sync 1 DAGs
[2024-04-27T14:29:04.059+0000] {logging_mixin.py:188} INFO - [2024-04-27T14:29:04.059+0000] {dag.py:3954} INFO - Setting next_dagrun for tutorial to 2024-04-26 00:00:00+00:00, run_after=2024-04-27 00:00:00+00:00
[2024-04-27T14:29:04.091+0000] {processor.py:183} INFO - Processing /opt/airflow/dags/my_dag.py took 0.158 seconds
[2024-04-27T14:29:34.238+0000] {processor.py:161} INFO - Started process (PID=76) to work on /opt/airflow/dags/my_dag.py
[2024-04-27T14:29:34.240+0000] {processor.py:830} INFO - Processing file /opt/airflow/dags/my_dag.py for tasks to queue
[2024-04-27T14:29:34.244+0000] {logging_mixin.py:188} INFO - [2024-04-27T14:29:34.243+0000] {dagbag.py:540} INFO - Filling up the DagBag from /opt/airflow/dags/my_dag.py
[2024-04-27T14:29:34.280+0000] {processor.py:840} INFO - DAG(s) 'tutorial' retrieved from /opt/airflow/dags/my_dag.py
[2024-04-27T14:29:34.326+0000] {logging_mixin.py:188} INFO - [2024-04-27T14:29:34.325+0000] {dag.py:3096} INFO - Sync 1 DAGs
[2024-04-27T14:29:34.367+0000] {logging_mixin.py:188} INFO - [2024-04-27T14:29:34.366+0000] {dag.py:3954} INFO - Setting next_dagrun for tutorial to 2024-04-26 00:00:00+00:00, run_after=2024-04-27 00:00:00+00:00
[2024-04-27T14:29:34.401+0000] {processor.py:183} INFO - Processing /opt/airflow/dags/my_dag.py took 0.172 seconds
[2024-04-27T14:30:04.547+0000] {processor.py:161} INFO - Started process (PID=78) to work on /opt/airflow/dags/my_dag.py
[2024-04-27T14:30:04.549+0000] {processor.py:830} INFO - Processing file /opt/airflow/dags/my_dag.py for tasks to queue
[2024-04-27T14:30:04.552+0000] {logging_mixin.py:188} INFO - [2024-04-27T14:30:04.551+0000] {dagbag.py:540} INFO - Filling up the DagBag from /opt/airflow/dags/my_dag.py
[2024-04-27T14:30:04.583+0000] {processor.py:840} INFO - DAG(s) 'tutorial' retrieved from /opt/airflow/dags/my_dag.py
[2024-04-27T14:30:04.623+0000] {logging_mixin.py:188} INFO - [2024-04-27T14:30:04.623+0000] {dag.py:3096} INFO - Sync 1 DAGs
[2024-04-27T14:30:04.659+0000] {logging_mixin.py:188} INFO - [2024-04-27T14:30:04.659+0000] {dag.py:3954} INFO - Setting next_dagrun for tutorial to 2024-04-26 00:00:00+00:00, run_after=2024-04-27 00:00:00+00:00
[2024-04-27T14:30:04.690+0000] {processor.py:183} INFO - Processing /opt/airflow/dags/my_dag.py took 0.153 seconds
[2024-04-27T14:30:34.882+0000] {processor.py:161} INFO - Started process (PID=80) to work on /opt/airflow/dags/my_dag.py
[2024-04-27T14:30:34.884+0000] {processor.py:830} INFO - Processing file /opt/airflow/dags/my_dag.py for tasks to queue
[2024-04-27T14:30:34.888+0000] {logging_mixin.py:188} INFO - [2024-04-27T14:30:34.887+0000] {dagbag.py:540} INFO - Filling up the DagBag from /opt/airflow/dags/my_dag.py
[2024-04-27T14:30:34.921+0000] {processor.py:840} INFO - DAG(s) 'tutorial' retrieved from /opt/airflow/dags/my_dag.py
[2024-04-27T14:30:34.966+0000] {logging_mixin.py:188} INFO - [2024-04-27T14:30:34.965+0000] {dag.py:3096} INFO - Sync 1 DAGs
[2024-04-27T14:30:35.005+0000] {logging_mixin.py:188} INFO - [2024-04-27T14:30:35.004+0000] {dag.py:3954} INFO - Setting next_dagrun for tutorial to 2024-04-26 00:00:00+00:00, run_after=2024-04-27 00:00:00+00:00
[2024-04-27T14:30:35.043+0000] {processor.py:183} INFO - Processing /opt/airflow/dags/my_dag.py took 0.174 seconds
[2024-04-27T14:31:05.214+0000] {processor.py:161} INFO - Started process (PID=82) to work on /opt/airflow/dags/my_dag.py
[2024-04-27T14:31:05.216+0000] {processor.py:830} INFO - Processing file /opt/airflow/dags/my_dag.py for tasks to queue
[2024-04-27T14:31:05.219+0000] {logging_mixin.py:188} INFO - [2024-04-27T14:31:05.219+0000] {dagbag.py:540} INFO - Filling up the DagBag from /opt/airflow/dags/my_dag.py
[2024-04-27T14:31:05.255+0000] {processor.py:840} INFO - DAG(s) 'tutorial' retrieved from /opt/airflow/dags/my_dag.py
[2024-04-27T14:31:05.300+0000] {logging_mixin.py:188} INFO - [2024-04-27T14:31:05.299+0000] {dag.py:3096} INFO - Sync 1 DAGs
[2024-04-27T14:31:05.341+0000] {logging_mixin.py:188} INFO - [2024-04-27T14:31:05.341+0000] {dag.py:3954} INFO - Setting next_dagrun for tutorial to 2024-04-26 00:00:00+00:00, run_after=2024-04-27 00:00:00+00:00
[2024-04-27T14:31:05.383+0000] {processor.py:183} INFO - Processing /opt/airflow/dags/my_dag.py took 0.177 seconds
[2024-04-27T14:31:35.545+0000] {processor.py:161} INFO - Started process (PID=84) to work on /opt/airflow/dags/my_dag.py
[2024-04-27T14:31:35.547+0000] {processor.py:830} INFO - Processing file /opt/airflow/dags/my_dag.py for tasks to queue
[2024-04-27T14:31:35.550+0000] {logging_mixin.py:188} INFO - [2024-04-27T14:31:35.549+0000] {dagbag.py:540} INFO - Filling up the DagBag from /opt/airflow/dags/my_dag.py
[2024-04-27T14:31:35.582+0000] {processor.py:840} INFO - DAG(s) 'tutorial' retrieved from /opt/airflow/dags/my_dag.py
[2024-04-27T14:31:35.625+0000] {logging_mixin.py:188} INFO - [2024-04-27T14:31:35.624+0000] {dag.py:3096} INFO - Sync 1 DAGs
[2024-04-27T14:31:35.664+0000] {logging_mixin.py:188} INFO - [2024-04-27T14:31:35.663+0000] {dag.py:3954} INFO - Setting next_dagrun for tutorial to 2024-04-26 00:00:00+00:00, run_after=2024-04-27 00:00:00+00:00
[2024-04-27T14:31:35.699+0000] {processor.py:183} INFO - Processing /opt/airflow/dags/my_dag.py took 0.163 seconds
[2024-04-27T14:32:05.892+0000] {processor.py:161} INFO - Started process (PID=86) to work on /opt/airflow/dags/my_dag.py
[2024-04-27T14:32:05.893+0000] {processor.py:830} INFO - Processing file /opt/airflow/dags/my_dag.py for tasks to queue
[2024-04-27T14:32:05.896+0000] {logging_mixin.py:188} INFO - [2024-04-27T14:32:05.896+0000] {dagbag.py:540} INFO - Filling up the DagBag from /opt/airflow/dags/my_dag.py
[2024-04-27T14:32:05.929+0000] {processor.py:840} INFO - DAG(s) 'tutorial' retrieved from /opt/airflow/dags/my_dag.py
[2024-04-27T14:32:05.975+0000] {logging_mixin.py:188} INFO - [2024-04-27T14:32:05.975+0000] {dag.py:3096} INFO - Sync 1 DAGs
[2024-04-27T14:32:06.014+0000] {logging_mixin.py:188} INFO - [2024-04-27T14:32:06.013+0000] {dag.py:3954} INFO - Setting next_dagrun for tutorial to 2024-04-26 00:00:00+00:00, run_after=2024-04-27 00:00:00+00:00
[2024-04-27T14:32:06.046+0000] {processor.py:183} INFO - Processing /opt/airflow/dags/my_dag.py took 0.165 seconds
[2024-04-27T14:32:36.623+0000] {processor.py:161} INFO - Started process (PID=88) to work on /opt/airflow/dags/my_dag.py
[2024-04-27T14:32:36.624+0000] {processor.py:830} INFO - Processing file /opt/airflow/dags/my_dag.py for tasks to queue
[2024-04-27T14:32:36.629+0000] {logging_mixin.py:188} INFO - [2024-04-27T14:32:36.628+0000] {dagbag.py:540} INFO - Filling up the DagBag from /opt/airflow/dags/my_dag.py
[2024-04-27T14:32:36.663+0000] {processor.py:840} INFO - DAG(s) 'tutorial' retrieved from /opt/airflow/dags/my_dag.py
[2024-04-27T14:32:36.710+0000] {logging_mixin.py:188} INFO - [2024-04-27T14:32:36.710+0000] {dag.py:3096} INFO - Sync 1 DAGs
[2024-04-27T14:32:36.778+0000] {logging_mixin.py:188} INFO - [2024-04-27T14:32:36.774+0000] {dag.py:3954} INFO - Setting next_dagrun for tutorial to 2024-04-26 00:00:00+00:00, run_after=2024-04-27 00:00:00+00:00
[2024-04-27T14:32:36.820+0000] {processor.py:183} INFO - Processing /opt/airflow/dags/my_dag.py took 0.206 seconds
[2024-04-27T14:33:06.916+0000] {processor.py:161} INFO - Started process (PID=90) to work on /opt/airflow/dags/my_dag.py
[2024-04-27T14:33:06.917+0000] {processor.py:830} INFO - Processing file /opt/airflow/dags/my_dag.py for tasks to queue
[2024-04-27T14:33:06.922+0000] {logging_mixin.py:188} INFO - [2024-04-27T14:33:06.921+0000] {dagbag.py:540} INFO - Filling up the DagBag from /opt/airflow/dags/my_dag.py
[2024-04-27T14:33:06.951+0000] {processor.py:840} INFO - DAG(s) 'tutorial' retrieved from /opt/airflow/dags/my_dag.py
[2024-04-27T14:33:06.994+0000] {logging_mixin.py:188} INFO - [2024-04-27T14:33:06.994+0000] {dag.py:3096} INFO - Sync 1 DAGs
[2024-04-27T14:33:07.047+0000] {logging_mixin.py:188} INFO - [2024-04-27T14:33:07.046+0000] {dag.py:3954} INFO - Setting next_dagrun for tutorial to 2024-04-26 00:00:00+00:00, run_after=2024-04-27 00:00:00+00:00
[2024-04-27T14:33:07.108+0000] {processor.py:183} INFO - Processing /opt/airflow/dags/my_dag.py took 0.202 seconds
[2024-04-27T14:33:37.239+0000] {processor.py:161} INFO - Started process (PID=92) to work on /opt/airflow/dags/my_dag.py
[2024-04-27T14:33:37.240+0000] {processor.py:830} INFO - Processing file /opt/airflow/dags/my_dag.py for tasks to queue
[2024-04-27T14:33:37.244+0000] {logging_mixin.py:188} INFO - [2024-04-27T14:33:37.243+0000] {dagbag.py:540} INFO - Filling up the DagBag from /opt/airflow/dags/my_dag.py
[2024-04-27T14:33:37.271+0000] {processor.py:840} INFO - DAG(s) 'tutorial' retrieved from /opt/airflow/dags/my_dag.py
[2024-04-27T14:33:37.321+0000] {logging_mixin.py:188} INFO - [2024-04-27T14:33:37.320+0000] {dag.py:3096} INFO - Sync 1 DAGs
[2024-04-27T14:33:37.388+0000] {logging_mixin.py:188} INFO - [2024-04-27T14:33:37.387+0000] {dag.py:3954} INFO - Setting next_dagrun for tutorial to 2024-04-26 00:00:00+00:00, run_after=2024-04-27 00:00:00+00:00
[2024-04-27T14:33:37.443+0000] {processor.py:183} INFO - Processing /opt/airflow/dags/my_dag.py took 0.215 seconds
[2024-04-27T14:34:07.772+0000] {processor.py:161} INFO - Started process (PID=94) to work on /opt/airflow/dags/my_dag.py
[2024-04-27T14:34:07.775+0000] {processor.py:830} INFO - Processing file /opt/airflow/dags/my_dag.py for tasks to queue
[2024-04-27T14:34:07.784+0000] {logging_mixin.py:188} INFO - [2024-04-27T14:34:07.781+0000] {dagbag.py:540} INFO - Filling up the DagBag from /opt/airflow/dags/my_dag.py
[2024-04-27T14:34:07.840+0000] {processor.py:840} INFO - DAG(s) 'tutorial' retrieved from /opt/airflow/dags/my_dag.py
[2024-04-27T14:34:07.887+0000] {logging_mixin.py:188} INFO - [2024-04-27T14:34:07.887+0000] {dag.py:3096} INFO - Sync 1 DAGs
[2024-04-27T14:34:07.944+0000] {logging_mixin.py:188} INFO - [2024-04-27T14:34:07.944+0000] {dag.py:3954} INFO - Setting next_dagrun for tutorial to 2024-04-26 00:00:00+00:00, run_after=2024-04-27 00:00:00+00:00
[2024-04-27T14:34:08.016+0000] {processor.py:183} INFO - Processing /opt/airflow/dags/my_dag.py took 0.264 seconds
[2024-04-27T14:34:38.210+0000] {processor.py:161} INFO - Started process (PID=96) to work on /opt/airflow/dags/my_dag.py
[2024-04-27T14:34:38.214+0000] {processor.py:830} INFO - Processing file /opt/airflow/dags/my_dag.py for tasks to queue
[2024-04-27T14:34:38.235+0000] {logging_mixin.py:188} INFO - [2024-04-27T14:34:38.234+0000] {dagbag.py:540} INFO - Filling up the DagBag from /opt/airflow/dags/my_dag.py
[2024-04-27T14:34:38.328+0000] {processor.py:840} INFO - DAG(s) 'tutorial' retrieved from /opt/airflow/dags/my_dag.py
[2024-04-27T14:34:38.446+0000] {logging_mixin.py:188} INFO - [2024-04-27T14:34:38.445+0000] {dag.py:3096} INFO - Sync 1 DAGs
[2024-04-27T14:34:38.517+0000] {logging_mixin.py:188} INFO - [2024-04-27T14:34:38.516+0000] {dag.py:3954} INFO - Setting next_dagrun for tutorial to 2024-04-26 00:00:00+00:00, run_after=2024-04-27 00:00:00+00:00
[2024-04-27T14:34:38.551+0000] {processor.py:183} INFO - Processing /opt/airflow/dags/my_dag.py took 0.369 seconds
[2024-04-27T14:35:09.465+0000] {processor.py:161} INFO - Started process (PID=98) to work on /opt/airflow/dags/my_dag.py
[2024-04-27T14:35:09.467+0000] {processor.py:830} INFO - Processing file /opt/airflow/dags/my_dag.py for tasks to queue
[2024-04-27T14:35:09.473+0000] {logging_mixin.py:188} INFO - [2024-04-27T14:35:09.472+0000] {dagbag.py:540} INFO - Filling up the DagBag from /opt/airflow/dags/my_dag.py
[2024-04-27T14:35:09.509+0000] {processor.py:840} INFO - DAG(s) 'tutorial' retrieved from /opt/airflow/dags/my_dag.py
[2024-04-27T14:35:09.563+0000] {logging_mixin.py:188} INFO - [2024-04-27T14:35:09.563+0000] {dag.py:3096} INFO - Sync 1 DAGs
[2024-04-27T14:35:09.608+0000] {logging_mixin.py:188} INFO - [2024-04-27T14:35:09.608+0000] {dag.py:3954} INFO - Setting next_dagrun for tutorial to 2024-04-26 00:00:00+00:00, run_after=2024-04-27 00:00:00+00:00
[2024-04-27T14:35:09.662+0000] {processor.py:183} INFO - Processing /opt/airflow/dags/my_dag.py took 0.210 seconds
[2024-04-27T14:35:39.856+0000] {processor.py:161} INFO - Started process (PID=100) to work on /opt/airflow/dags/my_dag.py
[2024-04-27T14:35:39.859+0000] {processor.py:830} INFO - Processing file /opt/airflow/dags/my_dag.py for tasks to queue
[2024-04-27T14:35:39.876+0000] {logging_mixin.py:188} INFO - [2024-04-27T14:35:39.875+0000] {dagbag.py:540} INFO - Filling up the DagBag from /opt/airflow/dags/my_dag.py
[2024-04-27T14:35:39.928+0000] {processor.py:840} INFO - DAG(s) 'tutorial' retrieved from /opt/airflow/dags/my_dag.py
[2024-04-27T14:35:39.994+0000] {logging_mixin.py:188} INFO - [2024-04-27T14:35:39.993+0000] {dag.py:3096} INFO - Sync 1 DAGs
[2024-04-27T14:35:40.053+0000] {logging_mixin.py:188} INFO - [2024-04-27T14:35:40.053+0000] {dag.py:3954} INFO - Setting next_dagrun for tutorial to 2024-04-26 00:00:00+00:00, run_after=2024-04-27 00:00:00+00:00
[2024-04-27T14:35:40.091+0000] {processor.py:183} INFO - Processing /opt/airflow/dags/my_dag.py took 0.258 seconds
[2024-04-27T14:36:10.244+0000] {processor.py:161} INFO - Started process (PID=102) to work on /opt/airflow/dags/my_dag.py
[2024-04-27T14:36:10.245+0000] {processor.py:830} INFO - Processing file /opt/airflow/dags/my_dag.py for tasks to queue
[2024-04-27T14:36:10.249+0000] {logging_mixin.py:188} INFO - [2024-04-27T14:36:10.248+0000] {dagbag.py:540} INFO - Filling up the DagBag from /opt/airflow/dags/my_dag.py
[2024-04-27T14:36:10.279+0000] {processor.py:840} INFO - DAG(s) 'tutorial' retrieved from /opt/airflow/dags/my_dag.py
[2024-04-27T14:36:10.326+0000] {logging_mixin.py:188} INFO - [2024-04-27T14:36:10.325+0000] {dag.py:3096} INFO - Sync 1 DAGs
[2024-04-27T14:36:10.407+0000] {logging_mixin.py:188} INFO - [2024-04-27T14:36:10.406+0000] {dag.py:3954} INFO - Setting next_dagrun for tutorial to 2024-04-26 00:00:00+00:00, run_after=2024-04-27 00:00:00+00:00
[2024-04-27T14:36:10.456+0000] {processor.py:183} INFO - Processing /opt/airflow/dags/my_dag.py took 0.222 seconds
[2024-04-27T14:36:40.516+0000] {processor.py:161} INFO - Started process (PID=104) to work on /opt/airflow/dags/my_dag.py
[2024-04-27T14:36:40.518+0000] {processor.py:830} INFO - Processing file /opt/airflow/dags/my_dag.py for tasks to queue
[2024-04-27T14:36:40.522+0000] {logging_mixin.py:188} INFO - [2024-04-27T14:36:40.521+0000] {dagbag.py:540} INFO - Filling up the DagBag from /opt/airflow/dags/my_dag.py
[2024-04-27T14:36:40.550+0000] {processor.py:840} INFO - DAG(s) 'tutorial' retrieved from /opt/airflow/dags/my_dag.py
[2024-04-27T14:36:40.593+0000] {logging_mixin.py:188} INFO - [2024-04-27T14:36:40.593+0000] {dag.py:3096} INFO - Sync 1 DAGs
[2024-04-27T14:36:40.633+0000] {logging_mixin.py:188} INFO - [2024-04-27T14:36:40.632+0000] {dag.py:3954} INFO - Setting next_dagrun for tutorial to 2024-04-26 00:00:00+00:00, run_after=2024-04-27 00:00:00+00:00
[2024-04-27T14:36:40.666+0000] {processor.py:183} INFO - Processing /opt/airflow/dags/my_dag.py took 0.160 seconds
[2024-04-27T14:37:10.894+0000] {processor.py:161} INFO - Started process (PID=106) to work on /opt/airflow/dags/my_dag.py
[2024-04-27T14:37:10.895+0000] {processor.py:830} INFO - Processing file /opt/airflow/dags/my_dag.py for tasks to queue
[2024-04-27T14:37:10.898+0000] {logging_mixin.py:188} INFO - [2024-04-27T14:37:10.898+0000] {dagbag.py:540} INFO - Filling up the DagBag from /opt/airflow/dags/my_dag.py
[2024-04-27T14:37:10.930+0000] {processor.py:840} INFO - DAG(s) 'tutorial' retrieved from /opt/airflow/dags/my_dag.py
[2024-04-27T14:37:11.010+0000] {logging_mixin.py:188} INFO - [2024-04-27T14:37:11.009+0000] {dag.py:3096} INFO - Sync 1 DAGs
[2024-04-27T14:37:11.071+0000] {logging_mixin.py:188} INFO - [2024-04-27T14:37:11.071+0000] {dag.py:3954} INFO - Setting next_dagrun for tutorial to 2024-04-26 00:00:00+00:00, run_after=2024-04-27 00:00:00+00:00
[2024-04-27T14:37:11.127+0000] {processor.py:183} INFO - Processing /opt/airflow/dags/my_dag.py took 0.244 seconds
[2024-04-27T14:37:41.263+0000] {processor.py:161} INFO - Started process (PID=108) to work on /opt/airflow/dags/my_dag.py
[2024-04-27T14:37:41.264+0000] {processor.py:830} INFO - Processing file /opt/airflow/dags/my_dag.py for tasks to queue
[2024-04-27T14:37:41.272+0000] {logging_mixin.py:188} INFO - [2024-04-27T14:37:41.271+0000] {dagbag.py:540} INFO - Filling up the DagBag from /opt/airflow/dags/my_dag.py
[2024-04-27T14:37:41.314+0000] {processor.py:840} INFO - DAG(s) 'tutorial' retrieved from /opt/airflow/dags/my_dag.py
[2024-04-27T14:37:41.364+0000] {logging_mixin.py:188} INFO - [2024-04-27T14:37:41.363+0000] {dag.py:3096} INFO - Sync 1 DAGs
[2024-04-27T14:37:41.401+0000] {logging_mixin.py:188} INFO - [2024-04-27T14:37:41.400+0000] {dag.py:3954} INFO - Setting next_dagrun for tutorial to 2024-04-26 00:00:00+00:00, run_after=2024-04-27 00:00:00+00:00
[2024-04-27T14:37:41.434+0000] {processor.py:183} INFO - Processing /opt/airflow/dags/my_dag.py took 0.183 seconds
[2024-04-27T14:38:11.531+0000] {processor.py:161} INFO - Started process (PID=110) to work on /opt/airflow/dags/my_dag.py
[2024-04-27T14:38:11.533+0000] {processor.py:830} INFO - Processing file /opt/airflow/dags/my_dag.py for tasks to queue
[2024-04-27T14:38:11.536+0000] {logging_mixin.py:188} INFO - [2024-04-27T14:38:11.535+0000] {dagbag.py:540} INFO - Filling up the DagBag from /opt/airflow/dags/my_dag.py
[2024-04-27T14:38:11.563+0000] {processor.py:840} INFO - DAG(s) 'tutorial' retrieved from /opt/airflow/dags/my_dag.py
[2024-04-27T14:38:11.609+0000] {logging_mixin.py:188} INFO - [2024-04-27T14:38:11.609+0000] {dag.py:3096} INFO - Sync 1 DAGs
[2024-04-27T14:38:11.650+0000] {logging_mixin.py:188} INFO - [2024-04-27T14:38:11.650+0000] {dag.py:3954} INFO - Setting next_dagrun for tutorial to 2024-04-26 00:00:00+00:00, run_after=2024-04-27 00:00:00+00:00
[2024-04-27T14:38:11.681+0000] {processor.py:183} INFO - Processing /opt/airflow/dags/my_dag.py took 0.159 seconds
[2024-04-27T14:38:42.002+0000] {processor.py:161} INFO - Started process (PID=112) to work on /opt/airflow/dags/my_dag.py
[2024-04-27T14:38:42.004+0000] {processor.py:830} INFO - Processing file /opt/airflow/dags/my_dag.py for tasks to queue
[2024-04-27T14:38:42.007+0000] {logging_mixin.py:188} INFO - [2024-04-27T14:38:42.007+0000] {dagbag.py:540} INFO - Filling up the DagBag from /opt/airflow/dags/my_dag.py
[2024-04-27T14:38:42.037+0000] {processor.py:840} INFO - DAG(s) 'tutorial' retrieved from /opt/airflow/dags/my_dag.py
[2024-04-27T14:38:42.078+0000] {logging_mixin.py:188} INFO - [2024-04-27T14:38:42.078+0000] {dag.py:3096} INFO - Sync 1 DAGs
[2024-04-27T14:38:42.118+0000] {logging_mixin.py:188} INFO - [2024-04-27T14:38:42.117+0000] {dag.py:3954} INFO - Setting next_dagrun for tutorial to 2024-04-26 00:00:00+00:00, run_after=2024-04-27 00:00:00+00:00
[2024-04-27T14:38:42.150+0000] {processor.py:183} INFO - Processing /opt/airflow/dags/my_dag.py took 0.156 seconds
[2024-04-27T14:39:12.315+0000] {processor.py:161} INFO - Started process (PID=114) to work on /opt/airflow/dags/my_dag.py
[2024-04-27T14:39:12.317+0000] {processor.py:830} INFO - Processing file /opt/airflow/dags/my_dag.py for tasks to queue
[2024-04-27T14:39:12.320+0000] {logging_mixin.py:188} INFO - [2024-04-27T14:39:12.320+0000] {dagbag.py:540} INFO - Filling up the DagBag from /opt/airflow/dags/my_dag.py
[2024-04-27T14:39:12.352+0000] {processor.py:840} INFO - DAG(s) 'tutorial' retrieved from /opt/airflow/dags/my_dag.py
[2024-04-27T14:39:12.392+0000] {logging_mixin.py:188} INFO - [2024-04-27T14:39:12.392+0000] {dag.py:3096} INFO - Sync 1 DAGs
[2024-04-27T14:39:12.428+0000] {logging_mixin.py:188} INFO - [2024-04-27T14:39:12.427+0000] {dag.py:3954} INFO - Setting next_dagrun for tutorial to 2024-04-26 00:00:00+00:00, run_after=2024-04-27 00:00:00+00:00
[2024-04-27T14:39:12.463+0000] {processor.py:183} INFO - Processing /opt/airflow/dags/my_dag.py took 0.159 seconds
[2024-04-27T14:39:42.619+0000] {processor.py:161} INFO - Started process (PID=116) to work on /opt/airflow/dags/my_dag.py
[2024-04-27T14:39:42.621+0000] {processor.py:830} INFO - Processing file /opt/airflow/dags/my_dag.py for tasks to queue
[2024-04-27T14:39:42.625+0000] {logging_mixin.py:188} INFO - [2024-04-27T14:39:42.624+0000] {dagbag.py:540} INFO - Filling up the DagBag from /opt/airflow/dags/my_dag.py
[2024-04-27T14:39:42.658+0000] {processor.py:840} INFO - DAG(s) 'tutorial' retrieved from /opt/airflow/dags/my_dag.py
[2024-04-27T14:39:42.706+0000] {logging_mixin.py:188} INFO - [2024-04-27T14:39:42.705+0000] {dag.py:3096} INFO - Sync 1 DAGs
[2024-04-27T14:39:42.744+0000] {logging_mixin.py:188} INFO - [2024-04-27T14:39:42.744+0000] {dag.py:3954} INFO - Setting next_dagrun for tutorial to 2024-04-26 00:00:00+00:00, run_after=2024-04-27 00:00:00+00:00
[2024-04-27T14:39:42.779+0000] {processor.py:183} INFO - Processing /opt/airflow/dags/my_dag.py took 0.170 seconds
[2024-04-27T14:40:12.887+0000] {processor.py:161} INFO - Started process (PID=118) to work on /opt/airflow/dags/my_dag.py
[2024-04-27T14:40:12.888+0000] {processor.py:830} INFO - Processing file /opt/airflow/dags/my_dag.py for tasks to queue
[2024-04-27T14:40:12.891+0000] {logging_mixin.py:188} INFO - [2024-04-27T14:40:12.890+0000] {dagbag.py:540} INFO - Filling up the DagBag from /opt/airflow/dags/my_dag.py
[2024-04-27T14:40:12.920+0000] {processor.py:840} INFO - DAG(s) 'tutorial' retrieved from /opt/airflow/dags/my_dag.py
[2024-04-27T14:40:12.965+0000] {logging_mixin.py:188} INFO - [2024-04-27T14:40:12.965+0000] {dag.py:3096} INFO - Sync 1 DAGs
[2024-04-27T14:40:13.002+0000] {logging_mixin.py:188} INFO - [2024-04-27T14:40:13.001+0000] {dag.py:3954} INFO - Setting next_dagrun for tutorial to 2024-04-26 00:00:00+00:00, run_after=2024-04-27 00:00:00+00:00
[2024-04-27T14:40:13.032+0000] {processor.py:183} INFO - Processing /opt/airflow/dags/my_dag.py took 0.156 seconds
[2024-04-27T14:40:43.230+0000] {processor.py:161} INFO - Started process (PID=120) to work on /opt/airflow/dags/my_dag.py
[2024-04-27T14:40:43.231+0000] {processor.py:830} INFO - Processing file /opt/airflow/dags/my_dag.py for tasks to queue
[2024-04-27T14:40:43.235+0000] {logging_mixin.py:188} INFO - [2024-04-27T14:40:43.234+0000] {dagbag.py:540} INFO - Filling up the DagBag from /opt/airflow/dags/my_dag.py
[2024-04-27T14:40:43.266+0000] {processor.py:840} INFO - DAG(s) 'tutorial' retrieved from /opt/airflow/dags/my_dag.py
[2024-04-27T14:40:43.308+0000] {logging_mixin.py:188} INFO - [2024-04-27T14:40:43.307+0000] {dag.py:3096} INFO - Sync 1 DAGs
[2024-04-27T14:40:43.341+0000] {logging_mixin.py:188} INFO - [2024-04-27T14:40:43.341+0000] {dag.py:3954} INFO - Setting next_dagrun for tutorial to 2024-04-26 00:00:00+00:00, run_after=2024-04-27 00:00:00+00:00
[2024-04-27T14:40:43.373+0000] {processor.py:183} INFO - Processing /opt/airflow/dags/my_dag.py took 0.153 seconds
[2024-04-27T14:41:13.518+0000] {processor.py:161} INFO - Started process (PID=122) to work on /opt/airflow/dags/my_dag.py
[2024-04-27T14:41:13.520+0000] {processor.py:830} INFO - Processing file /opt/airflow/dags/my_dag.py for tasks to queue
[2024-04-27T14:41:13.523+0000] {logging_mixin.py:188} INFO - [2024-04-27T14:41:13.522+0000] {dagbag.py:540} INFO - Filling up the DagBag from /opt/airflow/dags/my_dag.py
[2024-04-27T14:41:13.553+0000] {processor.py:840} INFO - DAG(s) 'tutorial' retrieved from /opt/airflow/dags/my_dag.py
[2024-04-27T14:41:13.593+0000] {logging_mixin.py:188} INFO - [2024-04-27T14:41:13.593+0000] {dag.py:3096} INFO - Sync 1 DAGs
[2024-04-27T14:41:13.633+0000] {logging_mixin.py:188} INFO - [2024-04-27T14:41:13.633+0000] {dag.py:3954} INFO - Setting next_dagrun for tutorial to 2024-04-26 00:00:00+00:00, run_after=2024-04-27 00:00:00+00:00
[2024-04-27T14:41:13.666+0000] {processor.py:183} INFO - Processing /opt/airflow/dags/my_dag.py took 0.157 seconds
[2024-04-27T14:41:43.818+0000] {processor.py:161} INFO - Started process (PID=124) to work on /opt/airflow/dags/my_dag.py
[2024-04-27T14:41:43.820+0000] {processor.py:830} INFO - Processing file /opt/airflow/dags/my_dag.py for tasks to queue
[2024-04-27T14:41:43.823+0000] {logging_mixin.py:188} INFO - [2024-04-27T14:41:43.822+0000] {dagbag.py:540} INFO - Filling up the DagBag from /opt/airflow/dags/my_dag.py
[2024-04-27T14:41:43.855+0000] {processor.py:840} INFO - DAG(s) 'tutorial' retrieved from /opt/airflow/dags/my_dag.py
[2024-04-27T14:41:43.895+0000] {logging_mixin.py:188} INFO - [2024-04-27T14:41:43.895+0000] {dag.py:3096} INFO - Sync 1 DAGs
[2024-04-27T14:41:43.933+0000] {logging_mixin.py:188} INFO - [2024-04-27T14:41:43.933+0000] {dag.py:3954} INFO - Setting next_dagrun for tutorial to 2024-04-26 00:00:00+00:00, run_after=2024-04-27 00:00:00+00:00
[2024-04-27T14:41:43.962+0000] {processor.py:183} INFO - Processing /opt/airflow/dags/my_dag.py took 0.153 seconds
[2024-04-27T14:42:14.197+0000] {processor.py:161} INFO - Started process (PID=126) to work on /opt/airflow/dags/my_dag.py
[2024-04-27T14:42:14.198+0000] {processor.py:830} INFO - Processing file /opt/airflow/dags/my_dag.py for tasks to queue
[2024-04-27T14:42:14.201+0000] {logging_mixin.py:188} INFO - [2024-04-27T14:42:14.200+0000] {dagbag.py:540} INFO - Filling up the DagBag from /opt/airflow/dags/my_dag.py
[2024-04-27T14:42:14.230+0000] {processor.py:840} INFO - DAG(s) 'tutorial' retrieved from /opt/airflow/dags/my_dag.py
[2024-04-27T14:42:14.270+0000] {logging_mixin.py:188} INFO - [2024-04-27T14:42:14.270+0000] {dag.py:3096} INFO - Sync 1 DAGs
[2024-04-27T14:42:14.309+0000] {logging_mixin.py:188} INFO - [2024-04-27T14:42:14.309+0000] {dag.py:3954} INFO - Setting next_dagrun for tutorial to 2024-04-26 00:00:00+00:00, run_after=2024-04-27 00:00:00+00:00
[2024-04-27T14:42:14.339+0000] {processor.py:183} INFO - Processing /opt/airflow/dags/my_dag.py took 0.152 seconds
[2024-04-27T14:42:44.460+0000] {processor.py:161} INFO - Started process (PID=128) to work on /opt/airflow/dags/my_dag.py
[2024-04-27T14:42:44.462+0000] {processor.py:830} INFO - Processing file /opt/airflow/dags/my_dag.py for tasks to queue
[2024-04-27T14:42:44.465+0000] {logging_mixin.py:188} INFO - [2024-04-27T14:42:44.464+0000] {dagbag.py:540} INFO - Filling up the DagBag from /opt/airflow/dags/my_dag.py
[2024-04-27T14:42:44.495+0000] {processor.py:840} INFO - DAG(s) 'tutorial' retrieved from /opt/airflow/dags/my_dag.py
[2024-04-27T14:42:44.534+0000] {logging_mixin.py:188} INFO - [2024-04-27T14:42:44.534+0000] {dag.py:3096} INFO - Sync 1 DAGs
[2024-04-27T14:42:44.575+0000] {logging_mixin.py:188} INFO - [2024-04-27T14:42:44.575+0000] {dag.py:3954} INFO - Setting next_dagrun for tutorial to 2024-04-26 00:00:00+00:00, run_after=2024-04-27 00:00:00+00:00
[2024-04-27T14:42:44.607+0000] {processor.py:183} INFO - Processing /opt/airflow/dags/my_dag.py took 0.158 seconds
[2024-04-27T14:43:14.787+0000] {processor.py:161} INFO - Started process (PID=130) to work on /opt/airflow/dags/my_dag.py
[2024-04-27T14:43:14.788+0000] {processor.py:830} INFO - Processing file /opt/airflow/dags/my_dag.py for tasks to queue
[2024-04-27T14:43:14.792+0000] {logging_mixin.py:188} INFO - [2024-04-27T14:43:14.791+0000] {dagbag.py:540} INFO - Filling up the DagBag from /opt/airflow/dags/my_dag.py
[2024-04-27T14:43:14.822+0000] {processor.py:840} INFO - DAG(s) 'tutorial' retrieved from /opt/airflow/dags/my_dag.py
[2024-04-27T14:43:14.862+0000] {logging_mixin.py:188} INFO - [2024-04-27T14:43:14.862+0000] {dag.py:3096} INFO - Sync 1 DAGs
[2024-04-27T14:43:14.900+0000] {logging_mixin.py:188} INFO - [2024-04-27T14:43:14.900+0000] {dag.py:3954} INFO - Setting next_dagrun for tutorial to 2024-04-26 00:00:00+00:00, run_after=2024-04-27 00:00:00+00:00
[2024-04-27T14:43:14.931+0000] {processor.py:183} INFO - Processing /opt/airflow/dags/my_dag.py took 0.154 seconds
[2024-04-27T14:43:45.074+0000] {processor.py:161} INFO - Started process (PID=132) to work on /opt/airflow/dags/my_dag.py
[2024-04-27T14:43:45.076+0000] {processor.py:830} INFO - Processing file /opt/airflow/dags/my_dag.py for tasks to queue
[2024-04-27T14:43:45.079+0000] {logging_mixin.py:188} INFO - [2024-04-27T14:43:45.078+0000] {dagbag.py:540} INFO - Filling up the DagBag from /opt/airflow/dags/my_dag.py
[2024-04-27T14:43:45.108+0000] {processor.py:840} INFO - DAG(s) 'tutorial' retrieved from /opt/airflow/dags/my_dag.py
[2024-04-27T14:43:45.158+0000] {logging_mixin.py:188} INFO - [2024-04-27T14:43:45.158+0000] {dag.py:3096} INFO - Sync 1 DAGs
[2024-04-27T14:43:45.195+0000] {logging_mixin.py:188} INFO - [2024-04-27T14:43:45.195+0000] {dag.py:3954} INFO - Setting next_dagrun for tutorial to 2024-04-26 00:00:00+00:00, run_after=2024-04-27 00:00:00+00:00
[2024-04-27T14:43:45.225+0000] {processor.py:183} INFO - Processing /opt/airflow/dags/my_dag.py took 0.161 seconds
[2024-04-27T14:44:15.406+0000] {processor.py:161} INFO - Started process (PID=134) to work on /opt/airflow/dags/my_dag.py
[2024-04-27T14:44:15.409+0000] {processor.py:830} INFO - Processing file /opt/airflow/dags/my_dag.py for tasks to queue
[2024-04-27T14:44:15.413+0000] {logging_mixin.py:188} INFO - [2024-04-27T14:44:15.412+0000] {dagbag.py:540} INFO - Filling up the DagBag from /opt/airflow/dags/my_dag.py
[2024-04-27T14:44:15.467+0000] {processor.py:840} INFO - DAG(s) 'tutorial' retrieved from /opt/airflow/dags/my_dag.py
[2024-04-27T14:44:15.511+0000] {logging_mixin.py:188} INFO - [2024-04-27T14:44:15.511+0000] {dag.py:3096} INFO - Sync 1 DAGs
[2024-04-27T14:44:15.549+0000] {logging_mixin.py:188} INFO - [2024-04-27T14:44:15.549+0000] {dag.py:3954} INFO - Setting next_dagrun for tutorial to 2024-04-26 00:00:00+00:00, run_after=2024-04-27 00:00:00+00:00
[2024-04-27T14:44:15.579+0000] {processor.py:183} INFO - Processing /opt/airflow/dags/my_dag.py took 0.192 seconds
[2024-04-27T14:44:45.754+0000] {processor.py:161} INFO - Started process (PID=136) to work on /opt/airflow/dags/my_dag.py
[2024-04-27T14:44:45.755+0000] {processor.py:830} INFO - Processing file /opt/airflow/dags/my_dag.py for tasks to queue
[2024-04-27T14:44:45.758+0000] {logging_mixin.py:188} INFO - [2024-04-27T14:44:45.758+0000] {dagbag.py:540} INFO - Filling up the DagBag from /opt/airflow/dags/my_dag.py
[2024-04-27T14:44:45.792+0000] {processor.py:840} INFO - DAG(s) 'tutorial' retrieved from /opt/airflow/dags/my_dag.py
[2024-04-27T14:44:45.844+0000] {logging_mixin.py:188} INFO - [2024-04-27T14:44:45.844+0000] {dag.py:3096} INFO - Sync 1 DAGs
[2024-04-27T14:44:45.880+0000] {logging_mixin.py:188} INFO - [2024-04-27T14:44:45.880+0000] {dag.py:3954} INFO - Setting next_dagrun for tutorial to 2024-04-26 00:00:00+00:00, run_after=2024-04-27 00:00:00+00:00
[2024-04-27T14:44:45.908+0000] {processor.py:183} INFO - Processing /opt/airflow/dags/my_dag.py took 0.164 seconds
[2024-04-27T14:45:16.115+0000] {processor.py:161} INFO - Started process (PID=138) to work on /opt/airflow/dags/my_dag.py
[2024-04-27T14:45:16.117+0000] {processor.py:830} INFO - Processing file /opt/airflow/dags/my_dag.py for tasks to queue
[2024-04-27T14:45:16.121+0000] {logging_mixin.py:188} INFO - [2024-04-27T14:45:16.120+0000] {dagbag.py:540} INFO - Filling up the DagBag from /opt/airflow/dags/my_dag.py
[2024-04-27T14:45:16.154+0000] {processor.py:840} INFO - DAG(s) 'tutorial' retrieved from /opt/airflow/dags/my_dag.py
[2024-04-27T14:45:16.198+0000] {logging_mixin.py:188} INFO - [2024-04-27T14:45:16.198+0000] {dag.py:3096} INFO - Sync 1 DAGs
[2024-04-27T14:45:16.235+0000] {logging_mixin.py:188} INFO - [2024-04-27T14:45:16.234+0000] {dag.py:3954} INFO - Setting next_dagrun for tutorial to 2024-04-26 00:00:00+00:00, run_after=2024-04-27 00:00:00+00:00
[2024-04-27T14:45:16.264+0000] {processor.py:183} INFO - Processing /opt/airflow/dags/my_dag.py took 0.161 seconds
[2024-04-27T14:45:46.388+0000] {processor.py:161} INFO - Started process (PID=140) to work on /opt/airflow/dags/my_dag.py
[2024-04-27T14:45:46.390+0000] {processor.py:830} INFO - Processing file /opt/airflow/dags/my_dag.py for tasks to queue
[2024-04-27T14:45:46.393+0000] {logging_mixin.py:188} INFO - [2024-04-27T14:45:46.392+0000] {dagbag.py:540} INFO - Filling up the DagBag from /opt/airflow/dags/my_dag.py
[2024-04-27T14:45:46.421+0000] {processor.py:840} INFO - DAG(s) 'tutorial' retrieved from /opt/airflow/dags/my_dag.py
[2024-04-27T14:45:46.464+0000] {logging_mixin.py:188} INFO - [2024-04-27T14:45:46.464+0000] {dag.py:3096} INFO - Sync 1 DAGs
[2024-04-27T14:45:46.508+0000] {logging_mixin.py:188} INFO - [2024-04-27T14:45:46.508+0000] {dag.py:3954} INFO - Setting next_dagrun for tutorial to 2024-04-26 00:00:00+00:00, run_after=2024-04-27 00:00:00+00:00
[2024-04-27T14:45:46.542+0000] {processor.py:183} INFO - Processing /opt/airflow/dags/my_dag.py took 0.164 seconds
[2024-04-27T14:46:16.722+0000] {processor.py:161} INFO - Started process (PID=142) to work on /opt/airflow/dags/my_dag.py
[2024-04-27T14:46:16.723+0000] {processor.py:830} INFO - Processing file /opt/airflow/dags/my_dag.py for tasks to queue
[2024-04-27T14:46:16.727+0000] {logging_mixin.py:188} INFO - [2024-04-27T14:46:16.726+0000] {dagbag.py:540} INFO - Filling up the DagBag from /opt/airflow/dags/my_dag.py
[2024-04-27T14:46:16.758+0000] {processor.py:840} INFO - DAG(s) 'tutorial' retrieved from /opt/airflow/dags/my_dag.py
[2024-04-27T14:46:16.801+0000] {logging_mixin.py:188} INFO - [2024-04-27T14:46:16.801+0000] {dag.py:3096} INFO - Sync 1 DAGs
[2024-04-27T14:46:16.836+0000] {logging_mixin.py:188} INFO - [2024-04-27T14:46:16.836+0000] {dag.py:3954} INFO - Setting next_dagrun for tutorial to 2024-04-26 00:00:00+00:00, run_after=2024-04-27 00:00:00+00:00
[2024-04-27T14:46:16.873+0000] {processor.py:183} INFO - Processing /opt/airflow/dags/my_dag.py took 0.161 seconds
[2024-04-27T14:46:47.026+0000] {processor.py:161} INFO - Started process (PID=144) to work on /opt/airflow/dags/my_dag.py
[2024-04-27T14:46:47.028+0000] {processor.py:830} INFO - Processing file /opt/airflow/dags/my_dag.py for tasks to queue
[2024-04-27T14:46:47.031+0000] {logging_mixin.py:188} INFO - [2024-04-27T14:46:47.030+0000] {dagbag.py:540} INFO - Filling up the DagBag from /opt/airflow/dags/my_dag.py
[2024-04-27T14:46:47.061+0000] {processor.py:840} INFO - DAG(s) 'tutorial' retrieved from /opt/airflow/dags/my_dag.py
[2024-04-27T14:46:47.107+0000] {logging_mixin.py:188} INFO - [2024-04-27T14:46:47.107+0000] {dag.py:3096} INFO - Sync 1 DAGs
[2024-04-27T14:46:47.150+0000] {logging_mixin.py:188} INFO - [2024-04-27T14:46:47.150+0000] {dag.py:3954} INFO - Setting next_dagrun for tutorial to 2024-04-26 00:00:00+00:00, run_after=2024-04-27 00:00:00+00:00
[2024-04-27T14:46:47.181+0000] {processor.py:183} INFO - Processing /opt/airflow/dags/my_dag.py took 0.164 seconds
[2024-04-27T14:47:17.477+0000] {processor.py:161} INFO - Started process (PID=146) to work on /opt/airflow/dags/my_dag.py
[2024-04-27T14:47:17.478+0000] {processor.py:830} INFO - Processing file /opt/airflow/dags/my_dag.py for tasks to queue
[2024-04-27T14:47:17.481+0000] {logging_mixin.py:188} INFO - [2024-04-27T14:47:17.480+0000] {dagbag.py:540} INFO - Filling up the DagBag from /opt/airflow/dags/my_dag.py
[2024-04-27T14:47:17.515+0000] {processor.py:840} INFO - DAG(s) 'tutorial' retrieved from /opt/airflow/dags/my_dag.py
[2024-04-27T14:47:17.561+0000] {logging_mixin.py:188} INFO - [2024-04-27T14:47:17.560+0000] {dag.py:3096} INFO - Sync 1 DAGs
[2024-04-27T14:47:17.633+0000] {logging_mixin.py:188} INFO - [2024-04-27T14:47:17.632+0000] {dag.py:3954} INFO - Setting next_dagrun for tutorial to 2024-04-26 00:00:00+00:00, run_after=2024-04-27 00:00:00+00:00
[2024-04-27T14:47:17.677+0000] {processor.py:183} INFO - Processing /opt/airflow/dags/my_dag.py took 0.210 seconds
[2024-04-27T14:47:47.754+0000] {processor.py:161} INFO - Started process (PID=148) to work on /opt/airflow/dags/my_dag.py
[2024-04-27T14:47:47.755+0000] {processor.py:830} INFO - Processing file /opt/airflow/dags/my_dag.py for tasks to queue
[2024-04-27T14:47:47.758+0000] {logging_mixin.py:188} INFO - [2024-04-27T14:47:47.757+0000] {dagbag.py:540} INFO - Filling up the DagBag from /opt/airflow/dags/my_dag.py
[2024-04-27T14:47:47.783+0000] {processor.py:840} INFO - DAG(s) 'tutorial' retrieved from /opt/airflow/dags/my_dag.py
[2024-04-27T14:47:47.865+0000] {logging_mixin.py:188} INFO - [2024-04-27T14:47:47.864+0000] {dag.py:3096} INFO - Sync 1 DAGs
[2024-04-27T14:47:47.919+0000] {logging_mixin.py:188} INFO - [2024-04-27T14:47:47.918+0000] {dag.py:3954} INFO - Setting next_dagrun for tutorial to 2024-04-26 00:00:00+00:00, run_after=2024-04-27 00:00:00+00:00
[2024-04-27T14:47:47.953+0000] {processor.py:183} INFO - Processing /opt/airflow/dags/my_dag.py took 0.210 seconds
[2024-04-27T14:48:18.265+0000] {processor.py:161} INFO - Started process (PID=150) to work on /opt/airflow/dags/my_dag.py
[2024-04-27T14:48:18.266+0000] {processor.py:830} INFO - Processing file /opt/airflow/dags/my_dag.py for tasks to queue
[2024-04-27T14:48:18.270+0000] {logging_mixin.py:188} INFO - [2024-04-27T14:48:18.269+0000] {dagbag.py:540} INFO - Filling up the DagBag from /opt/airflow/dags/my_dag.py
[2024-04-27T14:48:18.303+0000] {processor.py:840} INFO - DAG(s) 'tutorial' retrieved from /opt/airflow/dags/my_dag.py
[2024-04-27T14:48:18.344+0000] {logging_mixin.py:188} INFO - [2024-04-27T14:48:18.344+0000] {dag.py:3096} INFO - Sync 1 DAGs
[2024-04-27T14:48:18.385+0000] {logging_mixin.py:188} INFO - [2024-04-27T14:48:18.385+0000] {dag.py:3954} INFO - Setting next_dagrun for tutorial to 2024-04-26 00:00:00+00:00, run_after=2024-04-27 00:00:00+00:00
[2024-04-27T14:48:18.417+0000] {processor.py:183} INFO - Processing /opt/airflow/dags/my_dag.py took 0.162 seconds
[2024-04-27T14:48:48.689+0000] {processor.py:161} INFO - Started process (PID=152) to work on /opt/airflow/dags/my_dag.py
[2024-04-27T14:48:48.691+0000] {processor.py:830} INFO - Processing file /opt/airflow/dags/my_dag.py for tasks to queue
[2024-04-27T14:48:48.695+0000] {logging_mixin.py:188} INFO - [2024-04-27T14:48:48.694+0000] {dagbag.py:540} INFO - Filling up the DagBag from /opt/airflow/dags/my_dag.py
[2024-04-27T14:48:48.754+0000] {processor.py:840} INFO - DAG(s) 'tutorial' retrieved from /opt/airflow/dags/my_dag.py
[2024-04-27T14:48:48.826+0000] {logging_mixin.py:188} INFO - [2024-04-27T14:48:48.825+0000] {dag.py:3096} INFO - Sync 1 DAGs
[2024-04-27T14:48:48.914+0000] {logging_mixin.py:188} INFO - [2024-04-27T14:48:48.914+0000] {dag.py:3954} INFO - Setting next_dagrun for tutorial to 2024-04-26 00:00:00+00:00, run_after=2024-04-27 00:00:00+00:00
[2024-04-27T14:48:49.009+0000] {processor.py:183} INFO - Processing /opt/airflow/dags/my_dag.py took 0.331 seconds
[2024-04-27T14:49:19.085+0000] {processor.py:161} INFO - Started process (PID=154) to work on /opt/airflow/dags/my_dag.py
[2024-04-27T14:49:19.087+0000] {processor.py:830} INFO - Processing file /opt/airflow/dags/my_dag.py for tasks to queue
[2024-04-27T14:49:19.093+0000] {logging_mixin.py:188} INFO - [2024-04-27T14:49:19.092+0000] {dagbag.py:540} INFO - Filling up the DagBag from /opt/airflow/dags/my_dag.py
[2024-04-27T14:49:19.119+0000] {processor.py:840} INFO - DAG(s) 'tutorial' retrieved from /opt/airflow/dags/my_dag.py
[2024-04-27T14:49:19.153+0000] {logging_mixin.py:188} INFO - [2024-04-27T14:49:19.153+0000] {dag.py:3096} INFO - Sync 1 DAGs
[2024-04-27T14:49:19.184+0000] {logging_mixin.py:188} INFO - [2024-04-27T14:49:19.184+0000] {dag.py:3954} INFO - Setting next_dagrun for tutorial to 2024-04-26 00:00:00+00:00, run_after=2024-04-27 00:00:00+00:00
[2024-04-27T14:49:19.208+0000] {processor.py:183} INFO - Processing /opt/airflow/dags/my_dag.py took 0.135 seconds
[2024-04-27T14:49:49.523+0000] {processor.py:161} INFO - Started process (PID=156) to work on /opt/airflow/dags/my_dag.py
[2024-04-27T14:49:49.524+0000] {processor.py:830} INFO - Processing file /opt/airflow/dags/my_dag.py for tasks to queue
[2024-04-27T14:49:49.527+0000] {logging_mixin.py:188} INFO - [2024-04-27T14:49:49.527+0000] {dagbag.py:540} INFO - Filling up the DagBag from /opt/airflow/dags/my_dag.py
[2024-04-27T14:49:49.555+0000] {processor.py:840} INFO - DAG(s) 'tutorial' retrieved from /opt/airflow/dags/my_dag.py
[2024-04-27T14:49:49.590+0000] {logging_mixin.py:188} INFO - [2024-04-27T14:49:49.589+0000] {dag.py:3096} INFO - Sync 1 DAGs
[2024-04-27T14:49:49.617+0000] {logging_mixin.py:188} INFO - [2024-04-27T14:49:49.617+0000] {dag.py:3954} INFO - Setting next_dagrun for tutorial to 2024-04-26 00:00:00+00:00, run_after=2024-04-27 00:00:00+00:00
[2024-04-27T14:49:49.646+0000] {processor.py:183} INFO - Processing /opt/airflow/dags/my_dag.py took 0.133 seconds
[2024-04-27T14:50:19.930+0000] {processor.py:161} INFO - Started process (PID=158) to work on /opt/airflow/dags/my_dag.py
[2024-04-27T14:50:19.932+0000] {processor.py:830} INFO - Processing file /opt/airflow/dags/my_dag.py for tasks to queue
[2024-04-27T14:50:19.935+0000] {logging_mixin.py:188} INFO - [2024-04-27T14:50:19.934+0000] {dagbag.py:540} INFO - Filling up the DagBag from /opt/airflow/dags/my_dag.py
[2024-04-27T14:50:19.967+0000] {processor.py:840} INFO - DAG(s) 'tutorial' retrieved from /opt/airflow/dags/my_dag.py
[2024-04-27T14:50:20.009+0000] {logging_mixin.py:188} INFO - [2024-04-27T14:50:20.008+0000] {dag.py:3096} INFO - Sync 1 DAGs
[2024-04-27T14:50:20.048+0000] {logging_mixin.py:188} INFO - [2024-04-27T14:50:20.047+0000] {dag.py:3954} INFO - Setting next_dagrun for tutorial to 2024-04-26 00:00:00+00:00, run_after=2024-04-27 00:00:00+00:00
[2024-04-27T14:50:20.087+0000] {processor.py:183} INFO - Processing /opt/airflow/dags/my_dag.py took 0.167 seconds
[2024-04-27T14:50:50.370+0000] {processor.py:161} INFO - Started process (PID=160) to work on /opt/airflow/dags/my_dag.py
[2024-04-27T14:50:50.373+0000] {processor.py:830} INFO - Processing file /opt/airflow/dags/my_dag.py for tasks to queue
[2024-04-27T14:50:50.377+0000] {logging_mixin.py:188} INFO - [2024-04-27T14:50:50.377+0000] {dagbag.py:540} INFO - Filling up the DagBag from /opt/airflow/dags/my_dag.py
[2024-04-27T14:50:50.414+0000] {processor.py:840} INFO - DAG(s) 'tutorial' retrieved from /opt/airflow/dags/my_dag.py
[2024-04-27T14:50:50.461+0000] {logging_mixin.py:188} INFO - [2024-04-27T14:50:50.460+0000] {dag.py:3096} INFO - Sync 1 DAGs
[2024-04-27T14:50:50.494+0000] {logging_mixin.py:188} INFO - [2024-04-27T14:50:50.494+0000] {dag.py:3954} INFO - Setting next_dagrun for tutorial to 2024-04-26 00:00:00+00:00, run_after=2024-04-27 00:00:00+00:00
[2024-04-27T14:50:50.523+0000] {processor.py:183} INFO - Processing /opt/airflow/dags/my_dag.py took 0.170 seconds
[2024-04-27T14:51:20.870+0000] {processor.py:161} INFO - Started process (PID=162) to work on /opt/airflow/dags/my_dag.py
[2024-04-27T14:51:20.871+0000] {processor.py:830} INFO - Processing file /opt/airflow/dags/my_dag.py for tasks to queue
[2024-04-27T14:51:20.875+0000] {logging_mixin.py:188} INFO - [2024-04-27T14:51:20.874+0000] {dagbag.py:540} INFO - Filling up the DagBag from /opt/airflow/dags/my_dag.py
[2024-04-27T14:51:20.900+0000] {processor.py:840} INFO - DAG(s) 'tutorial' retrieved from /opt/airflow/dags/my_dag.py
[2024-04-27T14:51:20.932+0000] {logging_mixin.py:188} INFO - [2024-04-27T14:51:20.932+0000] {dag.py:3096} INFO - Sync 1 DAGs
[2024-04-27T14:51:20.962+0000] {logging_mixin.py:188} INFO - [2024-04-27T14:51:20.961+0000] {dag.py:3954} INFO - Setting next_dagrun for tutorial to 2024-04-26 00:00:00+00:00, run_after=2024-04-27 00:00:00+00:00
[2024-04-27T14:51:20.985+0000] {processor.py:183} INFO - Processing /opt/airflow/dags/my_dag.py took 0.125 seconds
[2024-04-27T14:51:51.253+0000] {processor.py:161} INFO - Started process (PID=164) to work on /opt/airflow/dags/my_dag.py
[2024-04-27T14:51:51.254+0000] {processor.py:830} INFO - Processing file /opt/airflow/dags/my_dag.py for tasks to queue
[2024-04-27T14:51:51.257+0000] {logging_mixin.py:188} INFO - [2024-04-27T14:51:51.256+0000] {dagbag.py:540} INFO - Filling up the DagBag from /opt/airflow/dags/my_dag.py
[2024-04-27T14:51:51.283+0000] {processor.py:840} INFO - DAG(s) 'tutorial' retrieved from /opt/airflow/dags/my_dag.py
[2024-04-27T14:51:51.316+0000] {logging_mixin.py:188} INFO - [2024-04-27T14:51:51.316+0000] {dag.py:3096} INFO - Sync 1 DAGs
[2024-04-27T14:51:51.346+0000] {logging_mixin.py:188} INFO - [2024-04-27T14:51:51.346+0000] {dag.py:3954} INFO - Setting next_dagrun for tutorial to 2024-04-26 00:00:00+00:00, run_after=2024-04-27 00:00:00+00:00
[2024-04-27T14:51:51.373+0000] {processor.py:183} INFO - Processing /opt/airflow/dags/my_dag.py took 0.132 seconds
[2024-04-27T14:52:21.739+0000] {processor.py:161} INFO - Started process (PID=166) to work on /opt/airflow/dags/my_dag.py
[2024-04-27T14:52:21.741+0000] {processor.py:830} INFO - Processing file /opt/airflow/dags/my_dag.py for tasks to queue
[2024-04-27T14:52:21.745+0000] {logging_mixin.py:188} INFO - [2024-04-27T14:52:21.744+0000] {dagbag.py:540} INFO - Filling up the DagBag from /opt/airflow/dags/my_dag.py
[2024-04-27T14:52:21.779+0000] {processor.py:840} INFO - DAG(s) 'tutorial' retrieved from /opt/airflow/dags/my_dag.py
[2024-04-27T14:52:21.822+0000] {logging_mixin.py:188} INFO - [2024-04-27T14:52:21.822+0000] {dag.py:3096} INFO - Sync 1 DAGs
[2024-04-27T14:52:21.863+0000] {logging_mixin.py:188} INFO - [2024-04-27T14:52:21.863+0000] {dag.py:3954} INFO - Setting next_dagrun for tutorial to 2024-04-26 00:00:00+00:00, run_after=2024-04-27 00:00:00+00:00
[2024-04-27T14:52:21.924+0000] {processor.py:183} INFO - Processing /opt/airflow/dags/my_dag.py took 0.194 seconds
[2024-04-27T14:52:52.125+0000] {processor.py:161} INFO - Started process (PID=168) to work on /opt/airflow/dags/my_dag.py
[2024-04-27T14:52:52.126+0000] {processor.py:830} INFO - Processing file /opt/airflow/dags/my_dag.py for tasks to queue
[2024-04-27T14:52:52.129+0000] {logging_mixin.py:188} INFO - [2024-04-27T14:52:52.128+0000] {dagbag.py:540} INFO - Filling up the DagBag from /opt/airflow/dags/my_dag.py
[2024-04-27T14:52:52.203+0000] {processor.py:840} INFO - DAG(s) 'tutorial' retrieved from /opt/airflow/dags/my_dag.py
[2024-04-27T14:52:52.236+0000] {logging_mixin.py:188} INFO - [2024-04-27T14:52:52.236+0000] {dag.py:3096} INFO - Sync 1 DAGs
[2024-04-27T14:52:52.268+0000] {logging_mixin.py:188} INFO - [2024-04-27T14:52:52.268+0000] {dag.py:3954} INFO - Setting next_dagrun for tutorial to 2024-04-26 00:00:00+00:00, run_after=2024-04-27 00:00:00+00:00
[2024-04-27T14:52:52.294+0000] {processor.py:183} INFO - Processing /opt/airflow/dags/my_dag.py took 0.177 seconds
[2024-04-27T14:53:22.525+0000] {processor.py:161} INFO - Started process (PID=170) to work on /opt/airflow/dags/my_dag.py
[2024-04-27T14:53:22.526+0000] {processor.py:830} INFO - Processing file /opt/airflow/dags/my_dag.py for tasks to queue
[2024-04-27T14:53:22.529+0000] {logging_mixin.py:188} INFO - [2024-04-27T14:53:22.529+0000] {dagbag.py:540} INFO - Filling up the DagBag from /opt/airflow/dags/my_dag.py
[2024-04-27T14:53:22.582+0000] {processor.py:840} INFO - DAG(s) 'tutorial' retrieved from /opt/airflow/dags/my_dag.py
[2024-04-27T14:53:22.638+0000] {logging_mixin.py:188} INFO - [2024-04-27T14:53:22.637+0000] {dag.py:3096} INFO - Sync 1 DAGs
[2024-04-27T14:53:22.666+0000] {logging_mixin.py:188} INFO - [2024-04-27T14:53:22.666+0000] {dag.py:3954} INFO - Setting next_dagrun for tutorial to 2024-04-26 00:00:00+00:00, run_after=2024-04-27 00:00:00+00:00
[2024-04-27T14:53:22.696+0000] {processor.py:183} INFO - Processing /opt/airflow/dags/my_dag.py took 0.178 seconds
[2024-04-27T14:53:52.924+0000] {processor.py:161} INFO - Started process (PID=172) to work on /opt/airflow/dags/my_dag.py
[2024-04-27T14:53:52.926+0000] {processor.py:830} INFO - Processing file /opt/airflow/dags/my_dag.py for tasks to queue
[2024-04-27T14:53:52.929+0000] {logging_mixin.py:188} INFO - [2024-04-27T14:53:52.928+0000] {dagbag.py:540} INFO - Filling up the DagBag from /opt/airflow/dags/my_dag.py
[2024-04-27T14:53:52.954+0000] {processor.py:840} INFO - DAG(s) 'tutorial' retrieved from /opt/airflow/dags/my_dag.py
[2024-04-27T14:53:52.991+0000] {logging_mixin.py:188} INFO - [2024-04-27T14:53:52.990+0000] {dag.py:3096} INFO - Sync 1 DAGs
[2024-04-27T14:53:53.020+0000] {logging_mixin.py:188} INFO - [2024-04-27T14:53:53.020+0000] {dag.py:3954} INFO - Setting next_dagrun for tutorial to 2024-04-26 00:00:00+00:00, run_after=2024-04-27 00:00:00+00:00
[2024-04-27T14:53:53.055+0000] {processor.py:183} INFO - Processing /opt/airflow/dags/my_dag.py took 0.137 seconds
[2024-04-27T14:54:23.339+0000] {processor.py:161} INFO - Started process (PID=174) to work on /opt/airflow/dags/my_dag.py
[2024-04-27T14:54:23.340+0000] {processor.py:830} INFO - Processing file /opt/airflow/dags/my_dag.py for tasks to queue
[2024-04-27T14:54:23.344+0000] {logging_mixin.py:188} INFO - [2024-04-27T14:54:23.344+0000] {dagbag.py:540} INFO - Filling up the DagBag from /opt/airflow/dags/my_dag.py
[2024-04-27T14:54:23.368+0000] {processor.py:840} INFO - DAG(s) 'tutorial' retrieved from /opt/airflow/dags/my_dag.py
[2024-04-27T14:54:23.402+0000] {logging_mixin.py:188} INFO - [2024-04-27T14:54:23.401+0000] {dag.py:3096} INFO - Sync 1 DAGs
[2024-04-27T14:54:23.433+0000] {logging_mixin.py:188} INFO - [2024-04-27T14:54:23.433+0000] {dag.py:3954} INFO - Setting next_dagrun for tutorial to 2024-04-26 00:00:00+00:00, run_after=2024-04-27 00:00:00+00:00
[2024-04-27T14:54:23.462+0000] {processor.py:183} INFO - Processing /opt/airflow/dags/my_dag.py took 0.131 seconds
[2024-04-27T14:54:53.884+0000] {processor.py:161} INFO - Started process (PID=176) to work on /opt/airflow/dags/my_dag.py
[2024-04-27T14:54:53.886+0000] {processor.py:830} INFO - Processing file /opt/airflow/dags/my_dag.py for tasks to queue
[2024-04-27T14:54:53.889+0000] {logging_mixin.py:188} INFO - [2024-04-27T14:54:53.889+0000] {dagbag.py:540} INFO - Filling up the DagBag from /opt/airflow/dags/my_dag.py
[2024-04-27T14:54:53.914+0000] {processor.py:840} INFO - DAG(s) 'tutorial' retrieved from /opt/airflow/dags/my_dag.py
[2024-04-27T14:54:53.949+0000] {logging_mixin.py:188} INFO - [2024-04-27T14:54:53.948+0000] {dag.py:3096} INFO - Sync 1 DAGs
[2024-04-27T14:54:53.979+0000] {logging_mixin.py:188} INFO - [2024-04-27T14:54:53.979+0000] {dag.py:3954} INFO - Setting next_dagrun for tutorial to 2024-04-26 00:00:00+00:00, run_after=2024-04-27 00:00:00+00:00
[2024-04-27T14:54:54.010+0000] {processor.py:183} INFO - Processing /opt/airflow/dags/my_dag.py took 0.133 seconds
[2024-04-27T14:55:24.738+0000] {processor.py:161} INFO - Started process (PID=178) to work on /opt/airflow/dags/my_dag.py
[2024-04-27T14:55:24.744+0000] {processor.py:830} INFO - Processing file /opt/airflow/dags/my_dag.py for tasks to queue
[2024-04-27T14:55:24.756+0000] {logging_mixin.py:188} INFO - [2024-04-27T14:55:24.750+0000] {dagbag.py:540} INFO - Filling up the DagBag from /opt/airflow/dags/my_dag.py
[2024-04-27T14:55:24.813+0000] {processor.py:840} INFO - DAG(s) 'tutorial' retrieved from /opt/airflow/dags/my_dag.py
[2024-04-27T14:55:24.927+0000] {logging_mixin.py:188} INFO - [2024-04-27T14:55:24.927+0000] {dag.py:3096} INFO - Sync 1 DAGs
[2024-04-27T14:55:25.042+0000] {logging_mixin.py:188} INFO - [2024-04-27T14:55:25.042+0000] {dag.py:3954} INFO - Setting next_dagrun for tutorial to 2024-04-26 00:00:00+00:00, run_after=2024-04-27 00:00:00+00:00
[2024-04-27T14:55:25.134+0000] {processor.py:183} INFO - Processing /opt/airflow/dags/my_dag.py took 0.418 seconds
[2024-04-27T14:55:55.769+0000] {processor.py:161} INFO - Started process (PID=181) to work on /opt/airflow/dags/my_dag.py
[2024-04-27T14:55:55.774+0000] {processor.py:830} INFO - Processing file /opt/airflow/dags/my_dag.py for tasks to queue
[2024-04-27T14:55:55.779+0000] {logging_mixin.py:188} INFO - [2024-04-27T14:55:55.778+0000] {dagbag.py:540} INFO - Filling up the DagBag from /opt/airflow/dags/my_dag.py
[2024-04-27T14:55:55.843+0000] {processor.py:840} INFO - DAG(s) 'tutorial' retrieved from /opt/airflow/dags/my_dag.py
[2024-04-27T14:55:55.883+0000] {logging_mixin.py:188} INFO - [2024-04-27T14:55:55.883+0000] {dag.py:3096} INFO - Sync 1 DAGs
[2024-04-27T14:55:55.918+0000] {logging_mixin.py:188} INFO - [2024-04-27T14:55:55.917+0000] {dag.py:3954} INFO - Setting next_dagrun for tutorial to 2024-04-26 00:00:00+00:00, run_after=2024-04-27 00:00:00+00:00
[2024-04-27T14:55:55.947+0000] {processor.py:183} INFO - Processing /opt/airflow/dags/my_dag.py took 0.190 seconds
[2024-04-27T14:56:26.283+0000] {processor.py:161} INFO - Started process (PID=183) to work on /opt/airflow/dags/my_dag.py
[2024-04-27T14:56:26.292+0000] {processor.py:830} INFO - Processing file /opt/airflow/dags/my_dag.py for tasks to queue
[2024-04-27T14:56:26.308+0000] {logging_mixin.py:188} INFO - [2024-04-27T14:56:26.307+0000] {dagbag.py:540} INFO - Filling up the DagBag from /opt/airflow/dags/my_dag.py
[2024-04-27T14:56:26.376+0000] {processor.py:840} INFO - DAG(s) 'tutorial' retrieved from /opt/airflow/dags/my_dag.py
[2024-04-27T14:56:26.479+0000] {logging_mixin.py:188} INFO - [2024-04-27T14:56:26.478+0000] {dag.py:3096} INFO - Sync 1 DAGs
[2024-04-27T14:56:26.605+0000] {logging_mixin.py:188} INFO - [2024-04-27T14:56:26.604+0000] {dag.py:3954} INFO - Setting next_dagrun for tutorial to 2024-04-26 00:00:00+00:00, run_after=2024-04-27 00:00:00+00:00
[2024-04-27T14:56:26.642+0000] {processor.py:183} INFO - Processing /opt/airflow/dags/my_dag.py took 0.382 seconds
[2024-04-27T14:56:57.144+0000] {processor.py:161} INFO - Started process (PID=185) to work on /opt/airflow/dags/my_dag.py
[2024-04-27T14:56:57.146+0000] {processor.py:830} INFO - Processing file /opt/airflow/dags/my_dag.py for tasks to queue
[2024-04-27T14:56:57.151+0000] {logging_mixin.py:188} INFO - [2024-04-27T14:56:57.150+0000] {dagbag.py:540} INFO - Filling up the DagBag from /opt/airflow/dags/my_dag.py
[2024-04-27T14:56:57.184+0000] {processor.py:840} INFO - DAG(s) 'tutorial' retrieved from /opt/airflow/dags/my_dag.py
[2024-04-27T14:56:57.231+0000] {logging_mixin.py:188} INFO - [2024-04-27T14:56:57.231+0000] {dag.py:3096} INFO - Sync 1 DAGs
[2024-04-27T14:56:57.270+0000] {logging_mixin.py:188} INFO - [2024-04-27T14:56:57.269+0000] {dag.py:3954} INFO - Setting next_dagrun for tutorial to 2024-04-26 00:00:00+00:00, run_after=2024-04-27 00:00:00+00:00
[2024-04-27T14:56:57.330+0000] {processor.py:183} INFO - Processing /opt/airflow/dags/my_dag.py took 0.200 seconds
[2024-04-27T14:57:27.684+0000] {processor.py:161} INFO - Started process (PID=187) to work on /opt/airflow/dags/my_dag.py
[2024-04-27T14:57:27.686+0000] {processor.py:830} INFO - Processing file /opt/airflow/dags/my_dag.py for tasks to queue
[2024-04-27T14:57:27.690+0000] {logging_mixin.py:188} INFO - [2024-04-27T14:57:27.689+0000] {dagbag.py:540} INFO - Filling up the DagBag from /opt/airflow/dags/my_dag.py
[2024-04-27T14:57:27.721+0000] {processor.py:840} INFO - DAG(s) 'tutorial' retrieved from /opt/airflow/dags/my_dag.py
[2024-04-27T14:57:27.757+0000] {logging_mixin.py:188} INFO - [2024-04-27T14:57:27.757+0000] {dag.py:3096} INFO - Sync 1 DAGs
[2024-04-27T14:57:27.788+0000] {logging_mixin.py:188} INFO - [2024-04-27T14:57:27.788+0000] {dag.py:3954} INFO - Setting next_dagrun for tutorial to 2024-04-26 00:00:00+00:00, run_after=2024-04-27 00:00:00+00:00
[2024-04-27T14:57:27.815+0000] {processor.py:183} INFO - Processing /opt/airflow/dags/my_dag.py took 0.150 seconds
[2024-04-27T14:57:58.153+0000] {processor.py:161} INFO - Started process (PID=189) to work on /opt/airflow/dags/my_dag.py
[2024-04-27T14:57:58.155+0000] {processor.py:830} INFO - Processing file /opt/airflow/dags/my_dag.py for tasks to queue
[2024-04-27T14:57:58.158+0000] {logging_mixin.py:188} INFO - [2024-04-27T14:57:58.157+0000] {dagbag.py:540} INFO - Filling up the DagBag from /opt/airflow/dags/my_dag.py
[2024-04-27T14:57:58.190+0000] {processor.py:840} INFO - DAG(s) 'tutorial' retrieved from /opt/airflow/dags/my_dag.py
[2024-04-27T14:57:58.227+0000] {logging_mixin.py:188} INFO - [2024-04-27T14:57:58.226+0000] {dag.py:3096} INFO - Sync 1 DAGs
[2024-04-27T14:57:58.256+0000] {logging_mixin.py:188} INFO - [2024-04-27T14:57:58.256+0000] {dag.py:3954} INFO - Setting next_dagrun for tutorial to 2024-04-26 00:00:00+00:00, run_after=2024-04-27 00:00:00+00:00
[2024-04-27T14:57:58.292+0000] {processor.py:183} INFO - Processing /opt/airflow/dags/my_dag.py took 0.147 seconds
[2024-04-27T14:58:28.743+0000] {processor.py:161} INFO - Started process (PID=191) to work on /opt/airflow/dags/my_dag.py
[2024-04-27T14:58:28.744+0000] {processor.py:830} INFO - Processing file /opt/airflow/dags/my_dag.py for tasks to queue
[2024-04-27T14:58:28.748+0000] {logging_mixin.py:188} INFO - [2024-04-27T14:58:28.748+0000] {dagbag.py:540} INFO - Filling up the DagBag from /opt/airflow/dags/my_dag.py
[2024-04-27T14:58:28.782+0000] {processor.py:840} INFO - DAG(s) 'tutorial' retrieved from /opt/airflow/dags/my_dag.py
[2024-04-27T14:58:28.826+0000] {logging_mixin.py:188} INFO - [2024-04-27T14:58:28.826+0000] {dag.py:3096} INFO - Sync 1 DAGs
[2024-04-27T14:58:28.860+0000] {logging_mixin.py:188} INFO - [2024-04-27T14:58:28.860+0000] {dag.py:3954} INFO - Setting next_dagrun for tutorial to 2024-04-26 00:00:00+00:00, run_after=2024-04-27 00:00:00+00:00
[2024-04-27T14:58:28.886+0000] {processor.py:183} INFO - Processing /opt/airflow/dags/my_dag.py took 0.155 seconds
[2024-04-27T14:58:59.142+0000] {processor.py:161} INFO - Started process (PID=193) to work on /opt/airflow/dags/my_dag.py
[2024-04-27T14:58:59.144+0000] {processor.py:830} INFO - Processing file /opt/airflow/dags/my_dag.py for tasks to queue
[2024-04-27T14:58:59.150+0000] {logging_mixin.py:188} INFO - [2024-04-27T14:58:59.149+0000] {dagbag.py:540} INFO - Filling up the DagBag from /opt/airflow/dags/my_dag.py
[2024-04-27T14:58:59.186+0000] {processor.py:840} INFO - DAG(s) 'tutorial' retrieved from /opt/airflow/dags/my_dag.py
[2024-04-27T14:58:59.233+0000] {logging_mixin.py:188} INFO - [2024-04-27T14:58:59.233+0000] {dag.py:3096} INFO - Sync 1 DAGs
[2024-04-27T14:58:59.267+0000] {logging_mixin.py:188} INFO - [2024-04-27T14:58:59.267+0000] {dag.py:3954} INFO - Setting next_dagrun for tutorial to 2024-04-26 00:00:00+00:00, run_after=2024-04-27 00:00:00+00:00
[2024-04-27T14:58:59.297+0000] {processor.py:183} INFO - Processing /opt/airflow/dags/my_dag.py took 0.167 seconds
[2024-04-27T14:59:29.430+0000] {processor.py:161} INFO - Started process (PID=195) to work on /opt/airflow/dags/my_dag.py
[2024-04-27T14:59:29.432+0000] {processor.py:830} INFO - Processing file /opt/airflow/dags/my_dag.py for tasks to queue
[2024-04-27T14:59:29.434+0000] {logging_mixin.py:188} INFO - [2024-04-27T14:59:29.434+0000] {dagbag.py:540} INFO - Filling up the DagBag from /opt/airflow/dags/my_dag.py
[2024-04-27T14:59:29.459+0000] {processor.py:840} INFO - DAG(s) 'tutorial' retrieved from /opt/airflow/dags/my_dag.py
[2024-04-27T14:59:29.492+0000] {logging_mixin.py:188} INFO - [2024-04-27T14:59:29.492+0000] {dag.py:3096} INFO - Sync 1 DAGs
[2024-04-27T14:59:29.519+0000] {logging_mixin.py:188} INFO - [2024-04-27T14:59:29.519+0000] {dag.py:3954} INFO - Setting next_dagrun for tutorial to 2024-04-26 00:00:00+00:00, run_after=2024-04-27 00:00:00+00:00
[2024-04-27T14:59:29.545+0000] {processor.py:183} INFO - Processing /opt/airflow/dags/my_dag.py took 0.123 seconds
